2023-06-08 09:43:51.259 [info] Уровень ведения журнала: Info
2023-06-08 09:43:51.259 [info] Проверка найденного Git в: "git"
2023-06-08 09:43:51.259 [info] Используется Git "2.34.1" из "git"
2023-06-08 09:43:51.259 [info] > git rev-parse --show-toplevel [2475ms]
2023-06-08 09:43:51.272 [info] > git rev-parse --git-dir --git-common-dir [14ms]
2023-06-08 09:43:51.293 [info] Open repository: /workspaces/124855513
2023-06-08 09:43:51.351 [info] > git config --get commit.template [25ms]
2023-06-08 09:43:51.351 [info] > git rev-parse --show-toplevel [41ms]
2023-06-08 09:43:51.389 [info] > git rev-parse --show-toplevel [23ms]
2023-06-08 09:43:51.417 [info] > git rev-parse --show-toplevel [13ms]
2023-06-08 09:43:51.504 [info] > git for-each-ref --format=%(refname)%00%(upstream:short)%00%(objectname)%00%(upstream:track)%00%(upstream:remotename)%00%(upstream:remoteref) refs/heads/main refs/remotes/main [118ms]
2023-06-08 09:43:51.566 [info] > git rev-parse --show-toplevel [131ms]
2023-06-08 09:43:51.646 [info] > git status -z -uall [86ms]
2023-06-08 09:43:51.725 [info] > git config --get commit.template [50ms]
2023-06-08 09:43:51.729 [info] > git for-each-ref --format=%(refname)%00%(upstream:short)%00%(objectname)%00%(upstream:track)%00%(upstream:remotename)%00%(upstream:remoteref) refs/heads/main refs/remotes/main [10ms]
2023-06-08 09:43:51.755 [info] > git status -z -uall [10ms]
2023-06-08 09:43:53.876 [info] > git check-ignore -v -z --stdin [35ms]
2023-06-08 09:43:57.186 [info] > git check-ignore -v -z --stdin [81ms]
2023-06-08 09:44:02.981 [info] > git fetch [1990ms]
2023-06-08 09:44:03.012 [info] > git config --get commit.template [15ms]
2023-06-08 09:44:03.013 [info] > git for-each-ref --format=%(refname)%00%(upstream:short)%00%(objectname)%00%(upstream:track)%00%(upstream:remotename)%00%(upstream:remoteref) refs/heads/main refs/remotes/main [3ms]
2023-06-08 09:44:03.029 [info] > git status -z -uall [2ms]
2023-06-08 09:44:05.377 [info] > git config --local branch.main.github-pr-owner-number [66ms]
2023-06-08 09:44:05.393 [info] > git config --get commit.template [2ms]
2023-06-08 09:44:05.415 [info] > git for-each-ref --format=%(refname)%00%(upstream:short)%00%(objectname)%00%(upstream:track)%00%(upstream:remotename)%00%(upstream:remoteref) refs/heads/main refs/remotes/main [9ms]
2023-06-08 09:44:05.430 [info] > git status -z -uall [3ms]
2023-06-08 09:44:05.973 [info] > git config --get commit.template [11ms]
2023-06-08 09:44:05.973 [info] > git for-each-ref --format=%(refname)%00%(upstream:short)%00%(objectname)%00%(upstream:track)%00%(upstream:remotename)%00%(upstream:remoteref) refs/heads/main refs/remotes/main [1ms]
2023-06-08 09:44:05.997 [info] > git status -z -uall [14ms]
2023-06-08 09:47:04.000 [info] > git fetch [951ms]
2023-06-08 09:47:04.032 [info] > git config --get commit.template [13ms]
2023-06-08 09:47:04.033 [info] > git for-each-ref --format=%(refname)%00%(upstream:short)%00%(objectname)%00%(upstream:track)%00%(upstream:remotename)%00%(upstream:remoteref) refs/heads/main refs/remotes/main [2ms]
2023-06-08 09:47:04.046 [info] > git status -z -uall [2ms]
2023-06-08 09:49:01.766 [info] > git config --local branch.main.github-pr-owner-number [2ms]
2023-06-08 09:49:01.791 [info] > git config --get commit.template [12ms]
2023-06-08 09:49:01.792 [info] > git for-each-ref --format=%(refname)%00%(upstream:short)%00%(objectname)%00%(upstream:track)%00%(upstream:remotename)%00%(upstream:remoteref) refs/heads/main refs/remotes/main [2ms]
2023-06-08 09:49:01.805 [info] > git status -z -uall [2ms]
2023-06-08 09:50:04.646 [info] > git fetch [581ms]
2023-06-08 09:50:04.674 [info] > git config --get commit.template [14ms]
2023-06-08 09:50:04.675 [info] > git for-each-ref --format=%(refname)%00%(upstream:short)%00%(objectname)%00%(upstream:track)%00%(upstream:remotename)%00%(upstream:remoteref) refs/heads/main refs/remotes/main [2ms]
2023-06-08 09:50:04.687 [info] > git status -z -uall [2ms]
2023-06-08 09:53:05.613 [info] > git fetch [910ms]
2023-06-08 09:53:05.644 [info] > git config --get commit.template [12ms]
2023-06-08 09:53:05.645 [info] > git for-each-ref --format=%(refname)%00%(upstream:short)%00%(objectname)%00%(upstream:track)%00%(upstream:remotename)%00%(upstream:remoteref) refs/heads/main refs/remotes/main [2ms]
2023-06-08 09:53:05.657 [info] > git status -z -uall [2ms]
2023-06-08 09:54:01.822 [info] > git config --local branch.main.github-pr-owner-number [2ms]
2023-06-08 09:54:01.844 [info] > git config --get commit.template [11ms]
2023-06-08 09:54:01.845 [info] > git for-each-ref --format=%(refname)%00%(upstream:short)%00%(objectname)%00%(upstream:track)%00%(upstream:remotename)%00%(upstream:remoteref) refs/heads/main refs/remotes/main [2ms]
2023-06-08 09:54:01.856 [info] > git status -z -uall [1ms]
2023-06-08 09:56:06.254 [info] > git fetch [580ms]
2023-06-08 09:56:06.279 [info] > git config --get commit.template [11ms]
2023-06-08 09:56:06.280 [info] > git for-each-ref --format=%(refname)%00%(upstream:short)%00%(objectname)%00%(upstream:track)%00%(upstream:remotename)%00%(upstream:remoteref) refs/heads/main refs/remotes/main [1ms]
2023-06-08 09:56:06.291 [info] > git status -z -uall [1ms]
2023-06-08 09:59:01.875 [info] > git config --local branch.main.github-pr-owner-number [1ms]
2023-06-08 09:59:01.899 [info] > git for-each-ref --format=%(refname)%00%(upstream:short)%00%(objectname)%00%(upstream:track)%00%(upstream:remotename)%00%(upstream:remoteref) refs/heads/main refs/remotes/main [2ms]
2023-06-08 09:59:01.899 [info] > git config --get commit.template [13ms]
2023-06-08 09:59:01.912 [info] > git status -z -uall [2ms]
2023-06-08 09:59:06.851 [info] > git fetch [542ms]
2023-06-08 09:59:06.889 [info] > git for-each-ref --format=%(refname)%00%(upstream:short)%00%(objectname)%00%(upstream:track)%00%(upstream:remotename)%00%(upstream:remoteref) refs/heads/main refs/remotes/main [1ms]
2023-06-08 09:59:06.890 [info] > git config --get commit.template [26ms]
2023-06-08 09:59:06.908 [info] > git status -z -uall [5ms]
2023-06-08 10:02:07.675 [info] > git fetch [747ms]
2023-06-08 10:02:07.703 [info] > git for-each-ref --format=%(refname)%00%(upstream:short)%00%(objectname)%00%(upstream:track)%00%(upstream:remotename)%00%(upstream:remoteref) refs/heads/main refs/remotes/main [3ms]
2023-06-08 10:02:07.703 [info] > git config --get commit.template [14ms]
2023-06-08 10:02:07.716 [info] > git status -z -uall [2ms]
2023-06-08 10:04:01.930 [info] > git config --local branch.main.github-pr-owner-number [1ms]
2023-06-08 10:04:01.963 [info] > git config --get commit.template [16ms]
2023-06-08 10:04:01.963 [info] > git for-each-ref --format=%(refname)%00%(upstream:short)%00%(objectname)%00%(upstream:track)%00%(upstream:remotename)%00%(upstream:remoteref) refs/heads/main refs/remotes/main [2ms]
2023-06-08 10:04:01.979 [info] > git status -z -uall [6ms]
2023-06-08 10:05:08.286 [info] > git fetch [555ms]
2023-06-08 10:05:08.312 [info] > git config --get commit.template [12ms]
2023-06-08 10:05:08.313 [info] > git for-each-ref --format=%(refname)%00%(upstream:short)%00%(objectname)%00%(upstream:track)%00%(upstream:remotename)%00%(upstream:remoteref) refs/heads/main refs/remotes/main [2ms]
2023-06-08 10:05:08.326 [info] > git status -z -uall [1ms]
2023-06-08 10:08:08.907 [info] > git fetch [565ms]
2023-06-08 10:08:09.010 [info] > git config --get commit.template [42ms]
2023-06-08 10:08:09.014 [info] > git for-each-ref --format=%(refname)%00%(upstream:short)%00%(objectname)%00%(upstream:track)%00%(upstream:remotename)%00%(upstream:remoteref) refs/heads/main refs/remotes/main [5ms]
2023-06-08 10:08:09.089 [info] > git status -z -uall [15ms]
2023-06-08 10:09:01.997 [info] > git config --local branch.main.github-pr-owner-number [1ms]
2023-06-08 10:09:02.023 [info] > git config --get commit.template [13ms]
2023-06-08 10:09:02.024 [info] > git for-each-ref --format=%(refname)%00%(upstream:short)%00%(objectname)%00%(upstream:track)%00%(upstream:remotename)%00%(upstream:remoteref) refs/heads/main refs/remotes/main [2ms]
2023-06-08 10:09:02.041 [info] > git status -z -uall [2ms]
2023-06-08 10:11:09.702 [info] > git fetch [596ms]
2023-06-08 10:11:09.728 [info] > git config --get commit.template [12ms]
2023-06-08 10:11:09.729 [info] > git for-each-ref --format=%(refname)%00%(upstream:short)%00%(objectname)%00%(upstream:track)%00%(upstream:remotename)%00%(upstream:remoteref) refs/heads/main refs/remotes/main [2ms]
2023-06-08 10:11:09.740 [info] > git status -z -uall [2ms]
2023-06-08 10:14:02.059 [info] > git config --local branch.main.github-pr-owner-number [1ms]
2023-06-08 10:14:02.084 [info] > git config --get commit.template [12ms]
2023-06-08 10:14:02.085 [info] > git for-each-ref --format=%(refname)%00%(upstream:short)%00%(objectname)%00%(upstream:track)%00%(upstream:remotename)%00%(upstream:remoteref) refs/heads/main refs/remotes/main [3ms]
2023-06-08 10:14:02.097 [info] > git status -z -uall [2ms]
2023-06-08 10:14:10.323 [info] > git fetch [565ms]
2023-06-08 10:14:10.356 [info] > git config --get commit.template [18ms]
2023-06-08 10:14:10.359 [info] > git for-each-ref --format=%(refname)%00%(upstream:short)%00%(objectname)%00%(upstream:track)%00%(upstream:remotename)%00%(upstream:remoteref) refs/heads/main refs/remotes/main [4ms]
2023-06-08 10:14:10.372 [info] > git status -z -uall [2ms]
2023-06-08 10:17:10.944 [info] > git fetch [556ms]
2023-06-08 10:17:10.974 [info] > git config --get commit.template [15ms]
2023-06-08 10:17:10.975 [info] > git for-each-ref --format=%(refname)%00%(upstream:short)%00%(objectname)%00%(upstream:track)%00%(upstream:remotename)%00%(upstream:remoteref) refs/heads/main refs/remotes/main [2ms]
2023-06-08 10:17:10.990 [info] > git status -z -uall [1ms]
2023-06-08 10:19:02.114 [info] > git config --local branch.main.github-pr-owner-number [1ms]
2023-06-08 10:19:02.138 [info] > git config --get commit.template [11ms]
2023-06-08 10:19:02.139 [info] > git for-each-ref --format=%(refname)%00%(upstream:short)%00%(objectname)%00%(upstream:track)%00%(upstream:remotename)%00%(upstream:remoteref) refs/heads/main refs/remotes/main [2ms]
2023-06-08 10:19:02.150 [info] > git status -z -uall [2ms]
2023-06-08 10:20:11.597 [info] > git fetch [589ms]
2023-06-08 10:20:11.621 [info] > git config --get commit.template [11ms]
2023-06-08 10:20:11.622 [info] > git for-each-ref --format=%(refname)%00%(upstream:short)%00%(objectname)%00%(upstream:track)%00%(upstream:remotename)%00%(upstream:remoteref) refs/heads/main refs/remotes/main [1ms]
2023-06-08 10:20:11.635 [info] > git status -z -uall [2ms]
2023-06-08 10:23:12.383 [info] > git fetch [674ms]
2023-06-08 10:23:12.410 [info] > git config --get commit.template [14ms]
2023-06-08 10:23:12.411 [info] > git for-each-ref --format=%(refname)%00%(upstream:short)%00%(objectname)%00%(upstream:track)%00%(upstream:remotename)%00%(upstream:remoteref) refs/heads/main refs/remotes/main [2ms]
2023-06-08 10:23:12.423 [info] > git status -z -uall [2ms]
2023-06-08 10:24:02.174 [info] > git config --local branch.main.github-pr-owner-number [2ms]
2023-06-08 10:24:02.205 [info] > git config --get commit.template [15ms]
2023-06-08 10:24:02.207 [info] > git for-each-ref --format=%(refname)%00%(upstream:short)%00%(objectname)%00%(upstream:track)%00%(upstream:remotename)%00%(upstream:remoteref) refs/heads/main refs/remotes/main [3ms]
2023-06-08 10:24:02.221 [info] > git status -z -uall [2ms]
2023-06-08 10:26:13.004 [info] > git fetch [562ms]
2023-06-08 10:26:13.030 [info] > git config --get commit.template [12ms]
2023-06-08 10:26:13.031 [info] > git for-each-ref --format=%(refname)%00%(upstream:short)%00%(objectname)%00%(upstream:track)%00%(upstream:remotename)%00%(upstream:remoteref) refs/heads/main refs/remotes/main [2ms]
2023-06-08 10:26:13.044 [info] > git status -z -uall [2ms]
