2023-04-22 23:24:35.811 [info] Reading sessions from keychain...
2023-04-22 23:24:35.811 [info] Getting sessions for all scopes...
2023-04-22 23:24:35.811 [info] Getting sessions for user:email...
2023-04-22 23:24:35.811 [info] Getting sessions for all scopes...
2023-04-22 23:24:35.811 [info] Got stored sessions!
2023-04-22 23:24:35.811 [info] Got 6 verified sessions.
2023-04-22 23:24:35.811 [info] Got 6 sessions for ...
2023-04-22 23:24:35.811 [info] Got 1 sessions for user:email...
2023-04-22 23:24:35.811 [info] Got 6 sessions for ...
2023-04-22 23:24:35.811 [info] Getting sessions for codespace,read:user,repo,user:email...
2023-04-22 23:24:35.811 [info] Got 1 sessions for codespace,read:user,repo,user:email...
2023-04-22 23:24:35.811 [info] Getting sessions for all scopes...
2023-04-22 23:24:35.811 [info] Getting sessions for all scopes...
2023-04-22 23:24:35.811 [info] Getting sessions for all scopes...
2023-04-22 23:24:35.811 [info] Getting sessions for all scopes...
2023-04-22 23:24:35.811 [info] Getting sessions for all scopes...
2023-04-22 23:24:35.811 [info] Getting sessions for all scopes...
2023-04-22 23:24:35.811 [info] Got 6 sessions for ...
2023-04-22 23:24:35.811 [info] Got 6 sessions for ...
2023-04-22 23:24:35.811 [info] Got 6 sessions for ...
2023-04-22 23:24:35.811 [info] Got 6 sessions for ...
2023-04-22 23:24:35.811 [info] Got 6 sessions for ...
2023-04-22 23:24:35.811 [info] Got 6 sessions for ...
2023-04-22 23:24:35.811 [info] Getting user info...
2023-04-22 23:24:36.045 [info] Got account info!
2023-04-22 23:24:36.134 [info] Getting sessions for read:user,repo,user:email,workflow...
2023-04-22 23:24:36.135 [info] Got 1 sessions for read:user,repo,user:email,workflow...
2023-04-22 23:24:36.889 [info] Getting sessions for all scopes...
2023-04-22 23:24:36.889 [info] Got 6 sessions for ...
