2023-06-10 13:41:36.535 [info] Уровень ведения журнала: Info
2023-06-10 13:41:36.535 [info] Проверка найденного Git в: "git"
2023-06-10 13:41:36.535 [info] Используется Git "2.34.1" из "git"
2023-06-10 13:41:36.535 [info] > git rev-parse --show-toplevel [2733ms]
2023-06-10 13:41:36.537 [info] > git rev-parse --git-dir --git-common-dir [3ms]
2023-06-10 13:41:36.563 [info] Open repository: /workspaces/124855513
2023-06-10 13:41:36.625 [info] > git config --get commit.template [12ms]
2023-06-10 13:41:36.625 [info] > git rev-parse --show-toplevel [39ms]
2023-06-10 13:41:36.757 [info] > git rev-parse --show-toplevel [118ms]
2023-06-10 13:41:36.804 [info] > git for-each-ref --format=%(refname)%00%(upstream:short)%00%(objectname)%00%(upstream:track)%00%(upstream:remotename)%00%(upstream:remoteref) refs/heads/main refs/remotes/main [59ms]
2023-06-10 13:41:36.828 [info] > git rev-parse --show-toplevel [52ms]
2023-06-10 13:41:36.847 [info] > git status -z -uall --find-renames=50% [21ms]
2023-06-10 13:41:36.903 [info] > git rev-parse --show-toplevel [60ms]
2023-06-10 13:41:36.918 [info] > git config --get commit.template [17ms]
2023-06-10 13:41:37.262 [info] > git for-each-ref --format=%(refname)%00%(upstream:short)%00%(objectname)%00%(upstream:track)%00%(upstream:remotename)%00%(upstream:remoteref) refs/heads/main refs/remotes/main [327ms]
2023-06-10 13:41:37.312 [info] > git status -z -uall --find-renames=50% [27ms]
2023-06-10 13:41:37.327 [info] > git check-ignore -v -z --stdin [17ms]
2023-06-10 13:41:40.460 [info] > git fetch [3898ms]
2023-06-10 13:41:40.499 [info] > git config --get commit.template [3ms]
2023-06-10 13:41:40.522 [info] > git for-each-ref --format=%(refname)%00%(upstream:short)%00%(objectname)%00%(upstream:track)%00%(upstream:remotename)%00%(upstream:remoteref) refs/heads/main refs/remotes/main [9ms]
2023-06-10 13:41:40.535 [info] > git status -z -uall --find-renames=50% [3ms]
2023-06-10 13:41:40.926 [info] > git config --local branch.main.github-pr-owner-number [79ms]
2023-06-10 13:41:40.946 [info] > git config --get commit.template [3ms]
2023-06-10 13:41:40.970 [info] > git for-each-ref --format=%(refname)%00%(upstream:short)%00%(objectname)%00%(upstream:track)%00%(upstream:remotename)%00%(upstream:remoteref) refs/heads/main refs/remotes/main [14ms]
2023-06-10 13:41:41.313 [info] > git status -z -uall --find-renames=50% [333ms]
2023-06-10 13:42:33.905 [info] > git show --textconv :shirt/shirt.py [49ms]
2023-06-10 13:42:33.910 [info] > git ls-files --stage -- /workspaces/124855513/shirt/shirt.py [37ms]
2023-06-10 13:42:33.949 [info] > git cat-file -s b8436e48bc4653de86c0d6b25e6b6c715701f99d [9ms]
2023-06-10 13:44:41.909 [info] > git fetch [1360ms]
2023-06-10 13:44:41.953 [info] > git config --get commit.template [21ms]
2023-06-10 13:44:41.956 [info] > git for-each-ref --format=%(refname)%00%(upstream:short)%00%(objectname)%00%(upstream:track)%00%(upstream:remotename)%00%(upstream:remoteref) refs/heads/main refs/remotes/main [5ms]
2023-06-10 13:44:41.986 [info] > git status -z -uall --find-renames=50% [3ms]
2023-06-10 13:44:42.254 [info] > git ls-files --stage -- /workspaces/124855513/shirt/shirt.py [1ms]
2023-06-10 13:44:42.265 [info] > git cat-file -s b8436e48bc4653de86c0d6b25e6b6c715701f99d [1ms]
2023-06-10 13:44:42.510 [info] > git show --textconv :shirt/shirt.py [3ms]
2023-06-10 13:44:43.157 [info] > git config --get commit.template [11ms]
2023-06-10 13:44:43.157 [info] > git for-each-ref --format=%(refname)%00%(upstream:short)%00%(objectname)%00%(upstream:track)%00%(upstream:remotename)%00%(upstream:remoteref) refs/heads/main refs/remotes/main [3ms]
2023-06-10 13:44:43.168 [info] > git status -z -uall --find-renames=50% [2ms]
2023-06-10 13:44:43.449 [info] > git ls-files --stage -- /workspaces/124855513/shirt/shirt.py [1ms]
2023-06-10 13:44:43.460 [info] > git cat-file -s b8436e48bc4653de86c0d6b25e6b6c715701f99d [2ms]
2023-06-10 13:44:43.677 [info] > git show --textconv :shirt/shirt.py [3ms]
2023-06-10 13:44:48.240 [info] > git config --get commit.template [24ms]
2023-06-10 13:44:48.243 [info] > git for-each-ref --format=%(refname)%00%(upstream:short)%00%(objectname)%00%(upstream:track)%00%(upstream:remotename)%00%(upstream:remoteref) refs/heads/main refs/remotes/main [6ms]
2023-06-10 13:44:48.281 [info] > git status -z -uall --find-renames=50% [7ms]
2023-06-10 13:44:53.308 [info] > git config --get commit.template [11ms]
2023-06-10 13:44:53.309 [info] > git for-each-ref --format=%(refname)%00%(upstream:short)%00%(objectname)%00%(upstream:track)%00%(upstream:remotename)%00%(upstream:remoteref) refs/heads/main refs/remotes/main [2ms]
2023-06-10 13:44:53.319 [info] > git status -z -uall --find-renames=50% [2ms]
2023-06-10 13:44:58.345 [info] > git config --get commit.template [11ms]
2023-06-10 13:44:58.345 [info] > git for-each-ref --format=%(refname)%00%(upstream:short)%00%(objectname)%00%(upstream:track)%00%(upstream:remotename)%00%(upstream:remoteref) refs/heads/main refs/remotes/main [2ms]
2023-06-10 13:44:58.356 [info] > git status -z -uall --find-renames=50% [2ms]
2023-06-10 13:45:03.375 [info] > git config --get commit.template [2ms]
2023-06-10 13:45:03.386 [info] > git for-each-ref --format=%(refname)%00%(upstream:short)%00%(objectname)%00%(upstream:track)%00%(upstream:remotename)%00%(upstream:remoteref) refs/heads/main refs/remotes/main [2ms]
2023-06-10 13:45:03.397 [info] > git status -z -uall --find-renames=50% [2ms]
2023-06-10 13:45:08.416 [info] > git config --get commit.template [4ms]
2023-06-10 13:45:08.427 [info] > git for-each-ref --format=%(refname)%00%(upstream:short)%00%(objectname)%00%(upstream:track)%00%(upstream:remotename)%00%(upstream:remoteref) refs/heads/main refs/remotes/main [2ms]
2023-06-10 13:45:08.438 [info] > git status -z -uall --find-renames=50% [2ms]
2023-06-10 13:45:38.459 [info] > git add -A -- /workspaces/124855513/shirt/shirt.py [4ms]
2023-06-10 13:45:38.483 [info] > git config --get commit.template [11ms]
2023-06-10 13:45:38.483 [info] > git for-each-ref --format=%(refname)%00%(upstream:short)%00%(objectname)%00%(upstream:track)%00%(upstream:remotename)%00%(upstream:remoteref) refs/heads/main refs/remotes/main [2ms]
2023-06-10 13:45:38.497 [info] > git status -z -uall --find-renames=50% [6ms]
2023-06-10 13:45:38.537 [info] > git -c user.useConfigOnly=true commit --quiet --allow-empty-message --file - --allow-empty-message [21ms]
2023-06-10 13:45:38.550 [info] > git config --get commit.template [1ms]
2023-06-10 13:45:38.571 [info] > git config --get commit.template [10ms]
2023-06-10 13:45:38.577 [info] > git for-each-ref --format=%(refname)%00%(upstream:short)%00%(objectname)%00%(upstream:track)%00%(upstream:remotename)%00%(upstream:remoteref) refs/heads/main refs/remotes/main [7ms]
2023-06-10 13:45:38.588 [info] > git status -z -uall --find-renames=50% [1ms]
2023-06-10 13:45:39.025 [info] > git config --local branch.main.github-pr-owner-number [51ms]
2023-06-10 13:45:39.038 [info] > git config --get commit.template [14ms]
2023-06-10 13:45:39.040 [info] > git config --get commit.template [3ms]
2023-06-10 13:45:39.066 [info] > git for-each-ref --format=%(refname)%00%(upstream:short)%00%(objectname)%00%(upstream:track)%00%(upstream:remotename)%00%(upstream:remoteref) refs/heads/main refs/remotes/main [7ms]
2023-06-10 13:45:39.076 [info] > git for-each-ref --format=%(refname)%00%(upstream:short)%00%(objectname)%00%(upstream:track)%00%(upstream:remotename)%00%(upstream:remoteref) refs/heads/main refs/remotes/main [27ms]
2023-06-10 13:45:39.090 [info] > git status -z -uall --find-renames=50% [15ms]
2023-06-10 13:45:40.015 [info] > git push --force origin main [927ms]
2023-06-10 13:45:40.015 [info] To https://github.com/code50/124855513
   7f99a1a..b2f9d15  main -> main
2023-06-10 13:45:40.038 [info] > git config --get commit.template [11ms]
2023-06-10 13:45:40.039 [info] > git for-each-ref --format=%(refname)%00%(upstream:short)%00%(objectname)%00%(upstream:track)%00%(upstream:remotename)%00%(upstream:remoteref) refs/heads/main refs/remotes/main [2ms]
2023-06-10 13:45:40.050 [info] > git status -z -uall --find-renames=50% [1ms]
2023-06-10 13:45:40.568 [info] > git config --local branch.main.github-pr-owner-number [35ms]
2023-06-10 13:45:40.584 [info] > git config --get commit.template [1ms]
2023-06-10 13:45:40.601 [info] > git for-each-ref --format=%(refname)%00%(upstream:short)%00%(objectname)%00%(upstream:track)%00%(upstream:remotename)%00%(upstream:remoteref) refs/heads/main refs/remotes/main [7ms]
2023-06-10 13:45:40.617 [info] > git status -z -uall --find-renames=50% [7ms]
2023-06-10 13:45:53.672 [info] > git config --get commit.template [12ms]
2023-06-10 13:45:53.673 [info] > git for-each-ref --format=%(refname)%00%(upstream:short)%00%(objectname)%00%(upstream:track)%00%(upstream:remotename)%00%(upstream:remoteref) refs/heads/main refs/remotes/main [2ms]
2023-06-10 13:45:53.684 [info] > git status -z -uall --find-renames=50% [2ms]
2023-06-10 13:45:53.917 [info] > git ls-files --stage -- /workspaces/124855513/shirt/shirt.py [2ms]
2023-06-10 13:45:53.929 [info] > git cat-file -s d5993fba3bef7fe90ddb664f593403794b7cad96 [1ms]
2023-06-10 13:45:54.169 [info] > git show --textconv :shirt/shirt.py [2ms]
2023-06-10 13:46:38.720 [info] > git config --local branch.main.github-pr-owner-number [2ms]
2023-06-10 13:46:38.739 [info] > git config --get commit.template [10ms]
2023-06-10 13:46:38.740 [info] > git for-each-ref --format=%(refname)%00%(upstream:short)%00%(objectname)%00%(upstream:track)%00%(upstream:remotename)%00%(upstream:remoteref) refs/heads/main refs/remotes/main [2ms]
2023-06-10 13:46:38.750 [info] > git status -z -uall --find-renames=50% [2ms]
2023-06-10 13:46:49.578 [info] > git config --get commit.template [10ms]
2023-06-10 13:46:49.578 [info] > git for-each-ref --format=%(refname)%00%(upstream:short)%00%(objectname)%00%(upstream:track)%00%(upstream:remotename)%00%(upstream:remoteref) refs/heads/main refs/remotes/main [1ms]
2023-06-10 13:46:49.589 [info] > git status -z -uall --find-renames=50% [2ms]
2023-06-10 13:46:50.711 [info] > git check-ignore -v -z --stdin [1ms]
2023-06-10 13:47:15.997 [info] > git config --get commit.template [13ms]
2023-06-10 13:47:15.998 [info] > git for-each-ref --format=%(refname)%00%(upstream:short)%00%(objectname)%00%(upstream:track)%00%(upstream:remotename)%00%(upstream:remoteref) refs/heads/main refs/remotes/main [2ms]
2023-06-10 13:47:16.009 [info] > git status -z -uall --find-renames=50% [2ms]
2023-06-10 13:47:42.625 [info] > git fetch [617ms]
2023-06-10 13:47:42.660 [info] > git config --get commit.template [16ms]
2023-06-10 13:47:42.663 [info] > git for-each-ref --format=%(refname)%00%(upstream:short)%00%(objectname)%00%(upstream:track)%00%(upstream:remotename)%00%(upstream:remoteref) refs/heads/main refs/remotes/main [3ms]
2023-06-10 13:47:42.696 [info] > git status -z -uall --find-renames=50% [4ms]
2023-06-10 13:47:43.929 [info] > git config --get commit.template [14ms]
2023-06-10 13:47:43.929 [info] > git for-each-ref --format=%(refname)%00%(upstream:short)%00%(objectname)%00%(upstream:track)%00%(upstream:remotename)%00%(upstream:remoteref) refs/heads/main refs/remotes/main [1ms]
2023-06-10 13:47:43.947 [info] > git status -z -uall --find-renames=50% [4ms]
2023-06-10 13:47:44.372 [info] > git ls-files --stage -- /workspaces/124855513/shirt/shirt.py [2ms]
2023-06-10 13:47:44.383 [info] > git cat-file -s d5993fba3bef7fe90ddb664f593403794b7cad96 [1ms]
2023-06-10 13:47:44.703 [info] > git show --textconv :shirt/shirt.py [2ms]
2023-06-10 13:47:48.974 [info] > git config --get commit.template [11ms]
2023-06-10 13:47:48.975 [info] > git for-each-ref --format=%(refname)%00%(upstream:short)%00%(objectname)%00%(upstream:track)%00%(upstream:remotename)%00%(upstream:remoteref) refs/heads/main refs/remotes/main [1ms]
2023-06-10 13:47:48.986 [info] > git status -z -uall --find-renames=50% [3ms]
