2023-06-08 09:43:38.239 [info] Extension host with pid 232 started
2023-06-08 09:43:38.253 [error] Error: EEXIST: file already exists, open '/home/ubuntu/.vscode-remote/data/User/workspaceStorage/2c67615d/vscode.lock'
2023-06-08 09:43:38.260 [info] Lock '/home/ubuntu/.vscode-remote/data/User/workspaceStorage/2c67615d/vscode.lock': Could not acquire lock, checking if the file is stale.
2023-06-08 09:43:38.265 [info] Lock '/home/ubuntu/.vscode-remote/data/User/workspaceStorage/2c67615d/vscode.lock': The pid 309 appears to be gone.
2023-06-08 09:43:38.265 [info] Lock '/home/ubuntu/.vscode-remote/data/User/workspaceStorage/2c67615d/vscode.lock': Deleting a stale lock.
2023-06-08 09:43:38.298 [info] Lock '/home/ubuntu/.vscode-remote/data/User/workspaceStorage/2c67615d/vscode.lock': Lock acquired.
2023-06-08 09:43:38.386 [info] ExtensionService#_doActivateExtension GitHub.codespaces, startup: false, activationEvent: 'onCommand:github.codespaces.activate'
2023-06-08 09:43:38.387 [info] ExtensionService#_doActivateExtension vscode.git-base, startup: false, activationEvent: '*', root cause: vscode.git
2023-06-08 09:43:38.388 [info] ExtensionService#_doActivateExtension vsls-contrib.gitdoc, startup: false, activationEvent: '*'
2023-06-08 09:43:38.388 [info] ExtensionService#_doActivateExtension vscode.emmet, startup: false, activationEvent: 'onLanguage'
2023-06-08 09:43:38.389 [info] ExtensionService#_doActivateExtension vscode.github-authentication, startup: false, activationEvent: 'onAuthenticationRequest:github'
2023-06-08 09:43:38.680 [warning] Using default string since no string found in i18n bundle that has the key: Keep Defaults
2023-06-08 09:43:38.680 [warning] Using default string since no string found in i18n bundle that has the key: Configure Options
2023-06-08 09:43:38.680 [warning] Using default string since no string found in i18n bundle that has the key: Finish
2023-06-08 09:43:38.681 [warning] Using default string since no string found in i18n bundle that has the key: Learn More
2023-06-08 09:43:38.681 [warning] Using default string since no string found in i18n bundle that has the key: Documentation on predefined container definitions
2023-06-08 09:43:44.467 [info] ExtensionService#_doActivateExtension vscode.git, startup: false, activationEvent: '*'
2023-06-08 09:43:44.468 [info] ExtensionService#_doActivateExtension vscode.github, startup: false, activationEvent: '*'
2023-06-08 09:43:44.683 [info] ExtensionService#_doActivateExtension vscode.microsoft-authentication, startup: false, activationEvent: 'onAuthenticationRequest:microsoft'
2023-06-08 09:43:48.766 [info] Eager extensions activated
2023-06-08 09:43:48.766 [info] ExtensionService#_doActivateExtension vscode.debug-auto-launch, startup: false, activationEvent: 'onStartupFinished'
2023-06-08 09:43:48.767 [info] ExtensionService#_doActivateExtension vscode.merge-conflict, startup: false, activationEvent: 'onStartupFinished'
2023-06-08 09:43:48.768 [info] ExtensionService#_doActivateExtension CS50.cs50, startup: false, activationEvent: 'onStartupFinished'
2023-06-08 09:43:48.773 [info] ExtensionService#_doActivateExtension CS50.extension-uninstaller, startup: false, activationEvent: 'onStartupFinished'
2023-06-08 09:43:48.774 [info] ExtensionService#_doActivateExtension CS50.lab50, startup: false, activationEvent: 'onStartupFinished'
2023-06-08 09:43:48.774 [info] ExtensionService#_doActivateExtension CS50.markdown50, startup: false, activationEvent: 'onStartupFinished'
2023-06-08 09:43:48.775 [info] ExtensionService#_doActivateExtension CS50.phpliteadmin, startup: false, activationEvent: 'onStartupFinished'
2023-06-08 09:43:48.775 [info] ExtensionService#_doActivateExtension CS50.vscode-presentation-mode, startup: false, activationEvent: 'onStartupFinished'
2023-06-08 09:43:48.775 [info] ExtensionService#_doActivateExtension GitHub.vscode-pull-request-github, startup: false, activationEvent: 'onStartupFinished'
2023-06-08 09:43:52.744 [info] ExtensionService#_doActivateExtension ms-toolsai.jupyter, startup: false, activationEvent: 'api', root cause: GitHub.codespaces
2023-06-08 09:43:55.746 [warning] Using default string since no string found in i18n bundle that has the key: Python is not installed. 
Please download and install Python in order to execute cells in this notebook. 
Once installed please reload VS Code.
2023-06-08 09:43:55.746 [warning] Using default string since no string found in i18n bundle that has the key: Please check the 'Jupyter' [output](command:jupyter.viewOutput) panel for further details./Do not translate the text "command:jupyter.viewOutput", that is a command Id that will be used by VS Code to open the output panel
2023-06-08 09:43:55.747 [warning] Using default string since no string found in i18n bundle that has the key: Jupyter Server Console
2023-06-08 09:43:55.747 [warning] Using default string since no string found in i18n bundle that has the key: Operation not supported in web version of Jupyter Extension.
2023-06-08 09:43:55.747 [warning] Using default string since no string found in i18n bundle that has the key: type to filter
2023-06-08 09:43:55.747 [warning] Using default string since no string found in i18n bundle that has the key: Failed to install the Python Extension.
2023-06-08 09:43:56.900 [info] ExtensionService#_doActivateExtension ms-python.python, startup: false, activationEvent: 'api', root cause: ms-toolsai.jupyter
2023-06-08 09:43:56.999 [info] ExtensionService#_doActivateExtension ms-toolsai.jupyter-renderers, startup: false, activationEvent: 'api', root cause: ms-toolsai.jupyter
2023-06-08 09:43:59.116 [warning] Using default string since no string found in i18n bundle that has the key: You need to select a Python interpreter before you start debugging.

Tip: click on "Select Interpreter" in the status bar.
2023-06-08 09:43:59.116 [warning] Using default string since no string found in i18n bundle that has the key: The Python extension now includes Pylance to improve completions, code navigation, overall performance and much more! You can learn more about the update and learn how to change your language server [here](https://aka.ms/new-python-bundle).

Read Pylance's license [here](https://marketplace.visualstudio.com/items/ms-python.vscode-pylance/license).
2023-06-08 09:43:59.117 [warning] Using default string since no string found in i18n bundle that has the key: The Microsoft Python Language Server has reached end of life. Your language server has been set to the default for Python in VS Code, Pylance.

If you'd like to change your language server, you can learn about how to do so [here](https://devblogs.microsoft.com/python/python-in-visual-studio-code-may-2021-release/#configuring-your-language-server).

Read Pylance's license [here](https://marketplace.visualstudio.com/items/ms-python.vscode-pylance/license).
2023-06-08 09:44:01.078 [info] ExtensionService#_doActivateExtension ms-python.vscode-pylance, startup: false, activationEvent: 'api', root cause: ms-python.python
