2023-04-20 10:01:53.709 [info] Reading sessions from keychain...
2023-04-20 10:01:53.709 [info] Getting sessions for all scopes...
2023-04-20 10:01:53.709 [info] Getting sessions for user:email...
2023-04-20 10:01:53.709 [info] Getting sessions for all scopes...
2023-04-20 10:01:53.709 [info] Getting sessions for codespace,read:user,repo,user:email...
2023-04-20 10:01:53.709 [info] Got stored sessions!
2023-04-20 10:01:53.709 [info] Got 6 verified sessions.
2023-04-20 10:01:53.709 [info] Got 6 sessions for ...
2023-04-20 10:01:53.709 [info] Got 1 sessions for user:email...
2023-04-20 10:01:53.709 [info] Got 6 sessions for ...
2023-04-20 10:01:53.710 [info] Got 1 sessions for codespace,read:user,repo,user:email...
2023-04-20 10:01:53.710 [info] Getting sessions for all scopes...
2023-04-20 10:01:53.710 [info] Getting sessions for all scopes...
2023-04-20 10:01:53.710 [info] Getting sessions for all scopes...
2023-04-20 10:01:53.710 [info] Getting sessions for all scopes...
2023-04-20 10:01:53.710 [info] Getting sessions for all scopes...
2023-04-20 10:01:53.710 [info] Getting sessions for all scopes...
2023-04-20 10:01:53.710 [info] Got 6 sessions for ...
2023-04-20 10:01:53.710 [info] Got 6 sessions for ...
2023-04-20 10:01:53.710 [info] Got 6 sessions for ...
2023-04-20 10:01:53.710 [info] Got 6 sessions for ...
2023-04-20 10:01:53.710 [info] Got 6 sessions for ...
2023-04-20 10:01:53.710 [info] Got 6 sessions for ...
2023-04-20 10:01:53.710 [info] Getting user info...
2023-04-20 10:01:53.710 [info] Got account info!
2023-04-20 10:01:54.601 [info] Getting sessions for read:user,repo,user:email,workflow...
2023-04-20 10:01:54.602 [info] Got 1 sessions for read:user,repo,user:email,workflow...
2023-04-20 10:01:54.616 [info] Getting sessions for all scopes...
2023-04-20 10:01:54.616 [info] Got 6 sessions for ...
