2023-04-22 23:24:35.811 [info] Уровень ведения журнала: Info
2023-04-22 23:24:35.812 [info] Проверка найденного Git в: "git"
2023-04-22 23:24:35.812 [info] Используется Git "2.34.1" из "git"
2023-04-22 23:24:35.816 [info] > git rev-parse --show-toplevel [9ms]
2023-04-22 23:24:35.837 [info] > git rev-parse --git-dir --git-common-dir [7ms]
2023-04-22 23:24:35.863 [info] Open repository: /workspaces/124855513
2023-04-22 23:24:35.933 [info] > git rev-parse --show-toplevel [45ms]
2023-04-22 23:24:35.971 [info] > git rev-parse --show-toplevel [2ms]
2023-04-22 23:24:35.989 [info] > git config --get commit.template [63ms]
2023-04-22 23:24:36.014 [info] > git rev-parse --show-toplevel [25ms]
2023-04-22 23:24:36.020 [info] > git for-each-ref --format=%(refname)%00%(upstream:short)%00%(objectname)%00%(upstream:track)%00%(upstream:remotename)%00%(upstream:remoteref) refs/heads/main refs/remotes/main [14ms]
2023-04-22 23:24:36.195 [info] > git status -z -uall [153ms]
2023-04-22 23:24:36.233 [info] > git config --get commit.template [12ms]
2023-04-22 23:24:36.254 [info] > git for-each-ref --format=%(refname)%00%(upstream:short)%00%(objectname)%00%(upstream:track)%00%(upstream:remotename)%00%(upstream:remoteref) refs/heads/main refs/remotes/main [4ms]
2023-04-22 23:24:36.269 [info] > git status -z -uall [2ms]
2023-04-22 23:24:36.571 [info] > git fetch [708ms]
2023-04-22 23:24:36.588 [info] > git config --get commit.template [2ms]
2023-04-22 23:24:36.608 [info] > git for-each-ref --format=%(refname)%00%(upstream:short)%00%(objectname)%00%(upstream:track)%00%(upstream:remotename)%00%(upstream:remoteref) refs/heads/main refs/remotes/main [4ms]
2023-04-22 23:24:36.623 [info] > git status -z -uall [2ms]
2023-04-22 23:24:36.652 [info] > git check-ignore -v -z --stdin [2ms]
2023-04-22 23:24:37.121 [info] > git config --local branch.main.github-pr-owner-number [109ms]
2023-04-22 23:24:37.148 [info] > git config --get commit.template [5ms]
2023-04-22 23:24:37.179 [info] > git for-each-ref --format=%(refname)%00%(upstream:short)%00%(objectname)%00%(upstream:track)%00%(upstream:remotename)%00%(upstream:remoteref) refs/heads/main refs/remotes/main [14ms]
2023-04-22 23:24:37.199 [info] > git status -z -uall [4ms]
2023-04-22 23:24:37.907 [info] > git config --get commit.template [1ms]
2023-04-22 23:24:37.929 [info] > git for-each-ref --format=%(refname)%00%(upstream:short)%00%(objectname)%00%(upstream:track)%00%(upstream:remotename)%00%(upstream:remoteref) refs/heads/main refs/remotes/main [3ms]
2023-04-22 23:24:37.947 [info] > git status -z -uall [0ms]
2023-04-22 23:25:02.647 [info] > git config --get commit.template [31ms]
2023-04-22 23:25:02.657 [info] > git for-each-ref --format=%(refname)%00%(upstream:short)%00%(objectname)%00%(upstream:track)%00%(upstream:remotename)%00%(upstream:remoteref) refs/heads/main refs/remotes/main [12ms]
2023-04-22 23:25:02.679 [info] > git status -z -uall [4ms]
2023-04-22 23:25:02.927 [info] > git check-ignore -v -z --stdin [2ms]
2023-04-22 23:25:49.875 [info] > git check-ignore -v -z --stdin [1ms]
2023-04-22 23:25:52.966 [info] > git show --textconv :bitcoin/bitcoin.py [552ms]
2023-04-22 23:25:52.968 [info] > git config --get commit.template [76ms]
2023-04-22 23:25:52.968 [info] > git ls-files --stage -- /workspaces/124855513/bitcoin/bitcoin.py [533ms]
2023-04-22 23:25:52.998 [info] > git for-each-ref --format=%(refname)%00%(upstream:short)%00%(objectname)%00%(upstream:track)%00%(upstream:remotename)%00%(upstream:remoteref) refs/heads/main refs/remotes/main [5ms]
2023-04-22 23:25:53.024 [info] > git status -z -uall [7ms]
2023-04-22 23:26:23.054 [info] > git add -A -- /workspaces/124855513/bitcoin/bitcoin.py [4ms]
2023-04-22 23:26:23.090 [info] > git config --get commit.template [18ms]
2023-04-22 23:26:23.090 [info] > git for-each-ref --format=%(refname)%00%(upstream:short)%00%(objectname)%00%(upstream:track)%00%(upstream:remotename)%00%(upstream:remoteref) refs/heads/main refs/remotes/main [2ms]
2023-04-22 23:26:23.109 [info] > git status -z -uall [2ms]
2023-04-22 23:26:23.198 [info] > git -c user.useConfigOnly=true commit --quiet --allow-empty-message --file - --allow-empty-message [34ms]
2023-04-22 23:26:23.218 [info] > git config --get commit.template [2ms]
2023-04-22 23:26:23.239 [info] > git config --get commit.template [1ms]
2023-04-22 23:26:23.255 [info] > git for-each-ref --format=%(refname)%00%(upstream:short)%00%(objectname)%00%(upstream:track)%00%(upstream:remotename)%00%(upstream:remoteref) refs/heads/main refs/remotes/main [2ms]
2023-04-22 23:26:23.271 [info] > git status -z -uall [2ms]
2023-04-22 23:26:38.127 [info] > git config --get commit.template [7ms]
2023-04-22 23:26:38.127 [info] > git config --local branch.main.github-pr-owner-number [69ms]
2023-04-22 23:26:38.166 [info] > git config --get commit.template [21ms]
2023-04-22 23:26:38.169 [info] > git for-each-ref --format=%(refname)%00%(upstream:short)%00%(objectname)%00%(upstream:track)%00%(upstream:remotename)%00%(upstream:remoteref) refs/heads/main refs/remotes/main [7ms]
2023-04-22 23:26:38.224 [info] > git for-each-ref --format=%(refname)%00%(upstream:short)%00%(objectname)%00%(upstream:track)%00%(upstream:remotename)%00%(upstream:remoteref) refs/heads/main refs/remotes/main [12ms]
2023-04-22 23:26:38.247 [info] > git status -z -uall [5ms]
2023-04-22 23:26:39.812 [info] > git push --force origin main [1623ms]
2023-04-22 23:26:39.812 [info] remote: Resolving deltas:   0% (0/3)        remote: Resolving deltas:  33% (1/3)        remote: Resolving deltas:  66% (2/3)        remote: Resolving deltas: 100% (3/3)        remote: Resolving deltas: 100% (3/3), completed with 1 local object.        
To https://github.com/code50/124855513
   c7e8fec..2226c7e  main -> main
2023-04-22 23:26:39.872 [info] > git ls-files --stage -- /workspaces/124855513/bitcoin/bitcoin.py [82ms]
2023-04-22 23:26:39.937 [info] > git config --get commit.template [86ms]
2023-04-22 23:26:39.992 [info] > git cat-file -s e69de29bb2d1d6434b8b29ae775ad8c2e48c5391 [61ms]
2023-04-22 23:26:40.001 [info] > git for-each-ref --format=%(refname)%00%(upstream:short)%00%(objectname)%00%(upstream:track)%00%(upstream:remotename)%00%(upstream:remoteref) refs/heads/main refs/remotes/main [16ms]
2023-04-22 23:26:40.156 [info] > git status -z -uall [102ms]
2023-04-22 23:26:40.182 [info] > git show --textconv :bitcoin/bitcoin.py [27ms]
2023-04-22 23:26:40.543 [info] > git config --local branch.main.github-pr-owner-number [64ms]
2023-04-22 23:26:40.572 [info] > git config --get commit.template [8ms]
2023-04-22 23:26:40.605 [info] > git for-each-ref --format=%(refname)%00%(upstream:short)%00%(objectname)%00%(upstream:track)%00%(upstream:remotename)%00%(upstream:remoteref) refs/heads/main refs/remotes/main [12ms]
2023-04-22 23:26:40.628 [info] > git status -z -uall [2ms]
2023-04-22 23:26:41.254 [info] > git ls-files --stage -- /workspaces/124855513/bitcoin/bitcoin.py [14ms]
2023-04-22 23:26:41.385 [info] > git cat-file -s e69de29bb2d1d6434b8b29ae775ad8c2e48c5391 [15ms]
2023-04-22 23:26:41.616 [info] > git show --textconv :bitcoin/bitcoin.py [8ms]
2023-04-22 23:27:10.666 [info] > git add -A -- /workspaces/124855513/bitcoin/bitcoin.py [13ms]
2023-04-22 23:27:10.703 [info] > git config --get commit.template [20ms]
2023-04-22 23:27:10.705 [info] > git for-each-ref --format=%(refname)%00%(upstream:short)%00%(objectname)%00%(upstream:track)%00%(upstream:remotename)%00%(upstream:remoteref) refs/heads/main refs/remotes/main [4ms]
2023-04-22 23:27:10.731 [info] > git status -z -uall [8ms]
2023-04-22 23:27:10.785 [info] > git -c user.useConfigOnly=true commit --quiet --allow-empty-message --file - --allow-empty-message [17ms]
2023-04-22 23:27:10.804 [info] > git config --get commit.template [2ms]
2023-04-22 23:27:10.843 [info] > git for-each-ref --format=%(refname)%00%(upstream:short)%00%(objectname)%00%(upstream:track)%00%(upstream:remotename)%00%(upstream:remoteref) refs/heads/main refs/remotes/main [1ms]
2023-04-22 23:27:10.844 [info] > git config --get commit.template [22ms]
2023-04-22 23:27:10.860 [info] > git status -z -uall [1ms]
2023-04-22 23:27:11.371 [info] > git config --local branch.main.github-pr-owner-number [91ms]
2023-04-22 23:27:11.393 [info] > git config --get commit.template [21ms]
2023-04-22 23:27:11.393 [info] > git config --get commit.template [2ms]
2023-04-22 23:27:11.440 [info] > git for-each-ref --format=%(refname)%00%(upstream:short)%00%(objectname)%00%(upstream:track)%00%(upstream:remotename)%00%(upstream:remoteref) refs/heads/main refs/remotes/main [9ms]
2023-04-22 23:27:11.458 [info] > git for-each-ref --format=%(refname)%00%(upstream:short)%00%(objectname)%00%(upstream:track)%00%(upstream:remotename)%00%(upstream:remoteref) refs/heads/main refs/remotes/main [47ms]
2023-04-22 23:27:11.481 [info] > git status -z -uall [24ms]
2023-04-22 23:27:12.424 [info] > git ls-files --stage -- /workspaces/124855513/bitcoin/bitcoin.py [2ms]
2023-04-22 23:27:12.443 [info] > git cat-file -s 9a6fb0c9163166251b318f1c146d481a8802f156 [2ms]
2023-04-22 23:27:12.515 [info] > git push --force origin main [1036ms]
2023-04-22 23:27:12.515 [info] remote: Resolving deltas:   0% (0/1)        remote: Resolving deltas: 100% (1/1)        remote: Resolving deltas: 100% (1/1), completed with 1 local object.        
To https://github.com/code50/124855513
   2226c7e..1cc3bc2  main -> main
2023-04-22 23:27:12.535 [info] > git config --get commit.template [1ms]
2023-04-22 23:27:12.573 [info] > git show --textconv :bitcoin/bitcoin.py [2ms]
2023-04-22 23:27:12.574 [info] > git for-each-ref --format=%(refname)%00%(upstream:short)%00%(objectname)%00%(upstream:track)%00%(upstream:remotename)%00%(upstream:remoteref) refs/heads/main refs/remotes/main [22ms]
2023-04-22 23:27:12.595 [info] > git status -z -uall [2ms]
2023-04-22 23:27:12.931 [info] > git config --local branch.main.github-pr-owner-number [58ms]
2023-04-22 23:27:13.028 [info] > git config --get commit.template [68ms]
2023-04-22 23:27:13.029 [info] > git for-each-ref --format=%(refname)%00%(upstream:short)%00%(objectname)%00%(upstream:track)%00%(upstream:remotename)%00%(upstream:remoteref) refs/heads/main refs/remotes/main [21ms]
2023-04-22 23:27:13.050 [info] > git status -z -uall [3ms]
2023-04-22 23:27:13.791 [info] > git config --get commit.template [27ms]
2023-04-22 23:27:13.794 [info] > git for-each-ref --format=%(refname)%00%(upstream:short)%00%(objectname)%00%(upstream:track)%00%(upstream:remotename)%00%(upstream:remoteref) refs/heads/main refs/remotes/main [5ms]
2023-04-22 23:27:13.813 [info] > git status -z -uall [1ms]
2023-04-22 23:27:14.148 [info] > git ls-files --stage -- /workspaces/124855513/bitcoin/bitcoin.py [2ms]
2023-04-22 23:27:14.162 [info] > git cat-file -s 9a6fb0c9163166251b318f1c146d481a8802f156 [3ms]
2023-04-22 23:27:14.333 [info] > git show --textconv :bitcoin/bitcoin.py [1ms]
2023-04-22 23:27:41.879 [info] > git fetch [565ms]
2023-04-22 23:27:41.914 [info] > git config --get commit.template [17ms]
2023-04-22 23:27:41.914 [info] > git for-each-ref --format=%(refname)%00%(upstream:short)%00%(objectname)%00%(upstream:track)%00%(upstream:remotename)%00%(upstream:remoteref) refs/heads/main refs/remotes/main [2ms]
2023-04-22 23:27:41.935 [info] > git status -z -uall [3ms]
2023-04-22 23:27:43.271 [info] > git config --get commit.template [28ms]
2023-04-22 23:27:43.277 [info] > git for-each-ref --format=%(refname)%00%(upstream:short)%00%(objectname)%00%(upstream:track)%00%(upstream:remotename)%00%(upstream:remoteref) refs/heads/main refs/remotes/main [7ms]
2023-04-22 23:27:43.324 [info] > git status -z -uall [19ms]
2023-04-22 23:27:43.599 [info] > git ls-files --stage -- /workspaces/124855513/bitcoin/bitcoin.py [3ms]
2023-04-22 23:27:43.626 [info] > git cat-file -s 9a6fb0c9163166251b318f1c146d481a8802f156 [3ms]
2023-04-22 23:27:43.833 [info] > git show --textconv :bitcoin/bitcoin.py [2ms]
2023-04-22 23:29:36.405 [info] > git config --local branch.main.github-pr-owner-number [0ms]
2023-04-22 23:29:36.424 [info] > git config --get commit.template [1ms]
2023-04-22 23:29:36.440 [info] > git for-each-ref --format=%(refname)%00%(upstream:short)%00%(objectname)%00%(upstream:track)%00%(upstream:remotename)%00%(upstream:remoteref) refs/heads/main refs/remotes/main [2ms]
2023-04-22 23:29:36.456 [info] > git status -z -uall [2ms]
2023-04-22 23:30:42.647 [info] > git fetch [520ms]
2023-04-22 23:30:42.683 [info] > git config --get commit.template [18ms]
2023-04-22 23:30:42.684 [info] > git for-each-ref --format=%(refname)%00%(upstream:short)%00%(objectname)%00%(upstream:track)%00%(upstream:remotename)%00%(upstream:remoteref) refs/heads/main refs/remotes/main [2ms]
2023-04-22 23:30:42.704 [info] > git status -z -uall [2ms]
2023-04-22 23:30:44.191 [info] > git config --get commit.template [3ms]
2023-04-22 23:30:44.209 [info] > git for-each-ref --format=%(refname)%00%(upstream:short)%00%(objectname)%00%(upstream:track)%00%(upstream:remotename)%00%(upstream:remoteref) refs/heads/main refs/remotes/main [3ms]
2023-04-22 23:30:44.229 [info] > git status -z -uall [3ms]
2023-04-22 23:30:44.483 [info] > git ls-files --stage -- /workspaces/124855513/bitcoin/bitcoin.py [1ms]
2023-04-22 23:30:44.499 [info] > git cat-file -s 9a6fb0c9163166251b318f1c146d481a8802f156 [1ms]
2023-04-22 23:30:44.709 [info] > git show --textconv :bitcoin/bitcoin.py [4ms]
2023-04-22 23:31:22.462 [info] > git config --get commit.template [2ms]
2023-04-22 23:31:22.483 [info] > git for-each-ref --format=%(refname)%00%(upstream:short)%00%(objectname)%00%(upstream:track)%00%(upstream:remotename)%00%(upstream:remoteref) refs/heads/main refs/remotes/main [1ms]
2023-04-22 23:31:22.499 [info] > git status -z -uall [1ms]
2023-04-22 23:31:23.315 [info] > git check-ignore -v -z --stdin [3ms]
2023-04-22 23:31:38.162 [info] > git show --textconv :lines/lines.py [20ms]
2023-04-22 23:31:38.162 [info] > git check-ignore -v -z --stdin [39ms]
2023-04-22 23:31:38.166 [info] > git ls-files --stage -- /workspaces/124855513/lines/lines.py [5ms]
2023-04-22 23:31:38.295 [info] > git config --get commit.template [3ms]
2023-04-22 23:31:38.318 [info] > git for-each-ref --format=%(refname)%00%(upstream:short)%00%(objectname)%00%(upstream:track)%00%(upstream:remotename)%00%(upstream:remoteref) refs/heads/main refs/remotes/main [5ms]
2023-04-22 23:31:38.337 [info] > git status -z -uall [3ms]
2023-04-22 23:31:51.278 [info] > git config --get commit.template [30ms]
2023-04-22 23:31:51.281 [info] > git for-each-ref --format=%(refname)%00%(upstream:short)%00%(objectname)%00%(upstream:track)%00%(upstream:remotename)%00%(upstream:remoteref) refs/heads/main refs/remotes/main [4ms]
2023-04-22 23:31:51.323 [info] > git status -z -uall [5ms]
2023-04-22 23:32:21.348 [info] > git add -A -- /workspaces/124855513/lines/lines.py [2ms]
2023-04-22 23:32:21.382 [info] > git config --get commit.template [16ms]
2023-04-22 23:32:21.385 [info] > git for-each-ref --format=%(refname)%00%(upstream:short)%00%(objectname)%00%(upstream:track)%00%(upstream:remotename)%00%(upstream:remoteref) refs/heads/main refs/remotes/main [3ms]
2023-04-22 23:32:21.403 [info] > git status -z -uall [2ms]
2023-04-22 23:32:21.437 [info] > git -c user.useConfigOnly=true commit --quiet --allow-empty-message --file - --allow-empty-message [7ms]
2023-04-22 23:32:21.455 [info] > git config --get commit.template [1ms]
2023-04-22 23:32:21.479 [info] > git config --get commit.template [1ms]
2023-04-22 23:32:21.496 [info] > git for-each-ref --format=%(refname)%00%(upstream:short)%00%(objectname)%00%(upstream:track)%00%(upstream:remotename)%00%(upstream:remoteref) refs/heads/main refs/remotes/main [2ms]
2023-04-22 23:32:21.513 [info] > git status -z -uall [2ms]
2023-04-22 23:32:21.856 [info] > git config --local branch.main.github-pr-owner-number [6ms]
2023-04-22 23:32:21.901 [info] > git config --get commit.template [27ms]
2023-04-22 23:32:21.904 [info] > git config --get commit.template [4ms]
2023-04-22 23:32:21.954 [info] > git for-each-ref --format=%(refname)%00%(upstream:short)%00%(objectname)%00%(upstream:track)%00%(upstream:remotename)%00%(upstream:remoteref) refs/heads/main refs/remotes/main [13ms]
2023-04-22 23:32:21.974 [info] > git for-each-ref --format=%(refname)%00%(upstream:short)%00%(objectname)%00%(upstream:track)%00%(upstream:remotename)%00%(upstream:remoteref) refs/heads/main refs/remotes/main [52ms]
2023-04-22 23:32:21.986 [info] > git status -z -uall [13ms]
2023-04-22 23:32:22.932 [info] > git push --force origin main [924ms]
2023-04-22 23:32:22.932 [info] remote: Resolving deltas:   0% (0/1)        remote: Resolving deltas: 100% (1/1)        remote: Resolving deltas: 100% (1/1), completed with 1 local object.        
To https://github.com/code50/124855513
   1cc3bc2..2d16253  main -> main
2023-04-22 23:32:22.966 [info] > git config --get commit.template [17ms]
2023-04-22 23:32:22.967 [info] > git for-each-ref --format=%(refname)%00%(upstream:short)%00%(objectname)%00%(upstream:track)%00%(upstream:remotename)%00%(upstream:remoteref) refs/heads/main refs/remotes/main [3ms]
2023-04-22 23:32:22.989 [info] > git status -z -uall [4ms]
2023-04-22 23:32:23.507 [info] > git config --local branch.main.github-pr-owner-number [42ms]
2023-04-22 23:32:23.564 [info] > git config --get commit.template [39ms]
2023-04-22 23:32:23.565 [info] > git for-each-ref --format=%(refname)%00%(upstream:short)%00%(objectname)%00%(upstream:track)%00%(upstream:remotename)%00%(upstream:remoteref) refs/heads/main refs/remotes/main [21ms]
2023-04-22 23:32:23.589 [info] > git status -z -uall [3ms]
2023-04-22 23:32:26.327 [info] > git config --get commit.template [18ms]
2023-04-22 23:32:26.328 [info] > git for-each-ref --format=%(refname)%00%(upstream:short)%00%(objectname)%00%(upstream:track)%00%(upstream:remotename)%00%(upstream:remoteref) refs/heads/main refs/remotes/main [2ms]
2023-04-22 23:32:26.346 [info] > git status -z -uall [3ms]
2023-04-22 23:32:26.909 [info] > git ls-files --stage -- /workspaces/124855513/lines/lines.py [3ms]
2023-04-22 23:32:26.944 [info] > git cat-file -s ef48fe8389b7f2a6d282760adf3549adca152767 [0ms]
2023-04-22 23:32:27.106 [info] > git show --textconv :lines/lines.py [3ms]
2023-04-22 23:33:09.893 [info] > git config --get commit.template [17ms]
2023-04-22 23:33:09.893 [info] > git for-each-ref --format=%(refname)%00%(upstream:short)%00%(objectname)%00%(upstream:track)%00%(upstream:remotename)%00%(upstream:remoteref) refs/heads/main refs/remotes/main [3ms]
2023-04-22 23:33:09.910 [info] > git status -z -uall [2ms]
2023-04-22 23:33:10.953 [info] > git check-ignore -v -z --stdin [3ms]
2023-04-22 23:33:27.487 [info] > git check-ignore -v -z --stdin [12ms]
2023-04-22 23:33:27.632 [info] > git show --textconv :lines/hello.py [76ms]
2023-04-22 23:33:27.634 [info] > git ls-files --stage -- /workspaces/124855513/lines/hello.py [37ms]
2023-04-22 23:33:27.664 [info] > git config --get commit.template [33ms]
2023-04-22 23:33:27.667 [info] > git for-each-ref --format=%(refname)%00%(upstream:short)%00%(objectname)%00%(upstream:track)%00%(upstream:remotename)%00%(upstream:remoteref) refs/heads/main refs/remotes/main [4ms]
2023-04-22 23:33:27.719 [info] > git status -z -uall [27ms]
2023-04-22 23:33:43.285 [info] > git fetch [559ms]
2023-04-22 23:33:43.321 [info] > git config --get commit.template [17ms]
2023-04-22 23:33:43.322 [info] > git for-each-ref --format=%(refname)%00%(upstream:short)%00%(objectname)%00%(upstream:track)%00%(upstream:remotename)%00%(upstream:remoteref) refs/heads/main refs/remotes/main [3ms]
2023-04-22 23:33:43.349 [info] > git status -z -uall [12ms]
2023-04-22 23:33:44.557 [info] > git config --get commit.template [17ms]
2023-04-22 23:33:44.558 [info] > git for-each-ref --format=%(refname)%00%(upstream:short)%00%(objectname)%00%(upstream:track)%00%(upstream:remotename)%00%(upstream:remoteref) refs/heads/main refs/remotes/main [2ms]
2023-04-22 23:33:44.575 [info] > git status -z -uall [1ms]
2023-04-22 23:33:45.170 [info] > git ls-files --stage -- /workspaces/124855513/lines/hello.py [1ms]
2023-04-22 23:33:45.171 [info] > git ls-files --stage -- /workspaces/124855513/lines/lines.py [17ms]
2023-04-22 23:33:45.186 [info] > git cat-file -s ef48fe8389b7f2a6d282760adf3549adca152767 [2ms]
2023-04-22 23:33:45.349 [info] > git show --textconv :lines/hello.py [18ms]
2023-04-22 23:33:45.349 [info] > git show --textconv :lines/lines.py [2ms]
2023-04-22 23:34:14.602 [info] > git add -A -- /workspaces/124855513/lines/hello.py [3ms]
2023-04-22 23:34:14.622 [info] > git config --get commit.template [1ms]
2023-04-22 23:34:14.638 [info] > git for-each-ref --format=%(refname)%00%(upstream:short)%00%(objectname)%00%(upstream:track)%00%(upstream:remotename)%00%(upstream:remoteref) refs/heads/main refs/remotes/main [2ms]
2023-04-22 23:34:14.655 [info] > git status -z -uall [1ms]
2023-04-22 23:34:14.717 [info] > git -c user.useConfigOnly=true commit --quiet --allow-empty-message --file - --allow-empty-message [34ms]
2023-04-22 23:34:14.740 [info] > git config --get commit.template [3ms]
2023-04-22 23:34:14.773 [info] > git config --get commit.template [15ms]
2023-04-22 23:34:14.773 [info] > git for-each-ref --format=%(refname)%00%(upstream:short)%00%(objectname)%00%(upstream:track)%00%(upstream:remotename)%00%(upstream:remoteref) refs/heads/main refs/remotes/main [2ms]
2023-04-22 23:34:14.791 [info] > git status -z -uall [4ms]
2023-04-22 23:34:15.384 [info] > git config --local branch.main.github-pr-owner-number [57ms]
2023-04-22 23:34:15.403 [info] > git config --get commit.template [18ms]
2023-04-22 23:34:15.403 [info] > git config --get commit.template [2ms]
2023-04-22 23:34:15.446 [info] > git for-each-ref --format=%(refname)%00%(upstream:short)%00%(objectname)%00%(upstream:track)%00%(upstream:remotename)%00%(upstream:remoteref) refs/heads/main refs/remotes/main [13ms]
2023-04-22 23:34:15.463 [info] > git for-each-ref --format=%(refname)%00%(upstream:short)%00%(objectname)%00%(upstream:track)%00%(upstream:remotename)%00%(upstream:remoteref) refs/heads/main refs/remotes/main [45ms]
2023-04-22 23:34:15.487 [info] > git status -z -uall [25ms]
2023-04-22 23:34:16.448 [info] > git push --force origin main [963ms]
2023-04-22 23:34:16.448 [info] remote: Resolving deltas:   0% (0/1)        remote: Resolving deltas: 100% (1/1)        remote: Resolving deltas: 100% (1/1), completed with 1 local object.        
To https://github.com/code50/124855513
   2d16253..3e44216  main -> main
2023-04-22 23:34:16.485 [info] > git config --get commit.template [17ms]
2023-04-22 23:34:16.487 [info] > git for-each-ref --format=%(refname)%00%(upstream:short)%00%(objectname)%00%(upstream:track)%00%(upstream:remotename)%00%(upstream:remoteref) refs/heads/main refs/remotes/main [3ms]
2023-04-22 23:34:16.504 [info] > git status -z -uall [2ms]
2023-04-22 23:34:17.006 [info] > git config --local branch.main.github-pr-owner-number [42ms]
2023-04-22 23:34:17.027 [info] > git config --get commit.template [2ms]
2023-04-22 23:34:17.057 [info] > git for-each-ref --format=%(refname)%00%(upstream:short)%00%(objectname)%00%(upstream:track)%00%(upstream:remotename)%00%(upstream:remoteref) refs/heads/main refs/remotes/main [12ms]
2023-04-22 23:34:17.079 [info] > git status -z -uall [3ms]
2023-04-22 23:34:22.156 [info] > git config --get commit.template [1ms]
2023-04-22 23:34:22.176 [info] > git for-each-ref --format=%(refname)%00%(upstream:short)%00%(objectname)%00%(upstream:track)%00%(upstream:remotename)%00%(upstream:remoteref) refs/heads/main refs/remotes/main [1ms]
2023-04-22 23:34:22.195 [info] > git status -z -uall [3ms]
2023-04-22 23:34:22.511 [info] > git ls-files --stage -- /workspaces/124855513/lines/lines.py [17ms]
2023-04-22 23:34:22.529 [info] > git ls-files --stage -- /workspaces/124855513/lines/hello.py [18ms]
2023-04-22 23:34:22.544 [info] > git cat-file -s ef48fe8389b7f2a6d282760adf3549adca152767 [15ms]
2023-04-22 23:34:22.545 [info] > git cat-file -s 87287e48efa967f63715d802e0575d692be846d3 [2ms]
2023-04-22 23:34:22.727 [info] > git show --textconv :lines/lines.py [21ms]
2023-04-22 23:34:22.727 [info] > git show --textconv :lines/hello.py [1ms]
2023-04-22 23:34:36.478 [info] > git config --local branch.main.github-pr-owner-number [1ms]
2023-04-22 23:34:36.495 [info] > git config --get commit.template [1ms]
2023-04-22 23:34:36.511 [info] > git for-each-ref --format=%(refname)%00%(upstream:short)%00%(objectname)%00%(upstream:track)%00%(upstream:remotename)%00%(upstream:remoteref) refs/heads/main refs/remotes/main [1ms]
2023-04-22 23:34:36.528 [info] > git status -z -uall [2ms]
2023-04-22 23:35:23.766 [info] > git config --get commit.template [2ms]
2023-04-22 23:35:23.793 [info] > git for-each-ref --format=%(refname)%00%(upstream:short)%00%(objectname)%00%(upstream:track)%00%(upstream:remotename)%00%(upstream:remoteref) refs/heads/main refs/remotes/main [3ms]
2023-04-22 23:35:23.813 [info] > git status -z -uall [2ms]
2023-04-22 23:36:43.910 [info] > git fetch [536ms]
2023-04-22 23:36:43.949 [info] > git config --get commit.template [15ms]
2023-04-22 23:36:43.951 [info] > git for-each-ref --format=%(refname)%00%(upstream:short)%00%(objectname)%00%(upstream:track)%00%(upstream:remotename)%00%(upstream:remoteref) refs/heads/main refs/remotes/main [2ms]
2023-04-22 23:36:43.965 [info] > git status -z -uall [2ms]
2023-04-22 23:36:56.631 [info] > git config --get commit.template [18ms]
2023-04-22 23:36:56.632 [info] > git for-each-ref --format=%(refname)%00%(upstream:short)%00%(objectname)%00%(upstream:track)%00%(upstream:remotename)%00%(upstream:remoteref) refs/heads/main refs/remotes/main [2ms]
2023-04-22 23:36:56.650 [info] > git status -z -uall [2ms]
2023-04-22 23:36:56.837 [info] > git ls-files --stage -- /workspaces/124855513/lines/lines.py [20ms]
2023-04-22 23:36:56.853 [info] > git ls-files --stage -- /workspaces/124855513/lines/hello.py [18ms]
2023-04-22 23:36:56.867 [info] > git cat-file -s ef48fe8389b7f2a6d282760adf3549adca152767 [16ms]
2023-04-22 23:36:56.868 [info] > git cat-file -s 87287e48efa967f63715d802e0575d692be846d3 [2ms]
2023-04-22 23:36:57.047 [info] > git show --textconv :lines/lines.py [20ms]
2023-04-22 23:36:57.048 [info] > git show --textconv :lines/hello.py [2ms]
2023-04-22 23:39:36.549 [info] > git config --local branch.main.github-pr-owner-number [1ms]
2023-04-22 23:39:36.586 [info] > git config --get commit.template [18ms]
2023-04-22 23:39:36.588 [info] > git for-each-ref --format=%(refname)%00%(upstream:short)%00%(objectname)%00%(upstream:track)%00%(upstream:remotename)%00%(upstream:remoteref) refs/heads/main refs/remotes/main [3ms]
2023-04-22 23:39:36.607 [info] > git status -z -uall [2ms]
2023-04-22 23:39:44.559 [info] > git fetch [571ms]
2023-04-22 23:39:44.596 [info] > git config --get commit.template [18ms]
2023-04-22 23:39:44.597 [info] > git for-each-ref --format=%(refname)%00%(upstream:short)%00%(objectname)%00%(upstream:track)%00%(upstream:remotename)%00%(upstream:remoteref) refs/heads/main refs/remotes/main [2ms]
2023-04-22 23:39:44.618 [info] > git status -z -uall [3ms]
2023-04-22 23:42:45.226 [info] > git fetch [586ms]
2023-04-22 23:42:45.245 [info] > git config --get commit.template [1ms]
2023-04-22 23:42:45.263 [info] > git for-each-ref --format=%(refname)%00%(upstream:short)%00%(objectname)%00%(upstream:track)%00%(upstream:remotename)%00%(upstream:remoteref) refs/heads/main refs/remotes/main [2ms]
2023-04-22 23:42:45.279 [info] > git status -z -uall [1ms]
2023-04-22 23:44:36.644 [info] > git config --local branch.main.github-pr-owner-number [3ms]
2023-04-22 23:44:36.675 [info] > git config --get commit.template [15ms]
2023-04-22 23:44:36.676 [info] > git for-each-ref --format=%(refname)%00%(upstream:short)%00%(objectname)%00%(upstream:track)%00%(upstream:remotename)%00%(upstream:remoteref) refs/heads/main refs/remotes/main [2ms]
2023-04-22 23:44:36.694 [info] > git status -z -uall [4ms]
2023-04-22 23:45:45.843 [info] > git fetch [543ms]
2023-04-22 23:45:45.877 [info] > git config --get commit.template [16ms]
2023-04-22 23:45:45.879 [info] > git for-each-ref --format=%(refname)%00%(upstream:short)%00%(objectname)%00%(upstream:track)%00%(upstream:remotename)%00%(upstream:remoteref) refs/heads/main refs/remotes/main [3ms]
2023-04-22 23:45:45.897 [info] > git status -z -uall [2ms]
2023-04-22 23:48:46.495 [info] > git fetch [574ms]
2023-04-22 23:48:46.531 [info] > git config --get commit.template [18ms]
2023-04-22 23:48:46.535 [info] > git for-each-ref --format=%(refname)%00%(upstream:short)%00%(objectname)%00%(upstream:track)%00%(upstream:remotename)%00%(upstream:remoteref) refs/heads/main refs/remotes/main [4ms]
2023-04-22 23:48:46.552 [info] > git status -z -uall [2ms]
2023-04-22 23:49:36.718 [info] > git config --local branch.main.github-pr-owner-number [1ms]
2023-04-22 23:49:36.739 [info] > git config --get commit.template [1ms]
2023-04-22 23:49:36.754 [info] > git for-each-ref --format=%(refname)%00%(upstream:short)%00%(objectname)%00%(upstream:track)%00%(upstream:remotename)%00%(upstream:remoteref) refs/heads/main refs/remotes/main [2ms]
2023-04-22 23:49:36.769 [info] > git status -z -uall [2ms]
2023-04-22 23:51:47.137 [info] > git fetch [565ms]
2023-04-22 23:51:47.172 [info] > git config --get commit.template [17ms]
2023-04-22 23:51:47.187 [info] > git for-each-ref --format=%(refname)%00%(upstream:short)%00%(objectname)%00%(upstream:track)%00%(upstream:remotename)%00%(upstream:remoteref) refs/heads/main refs/remotes/main [16ms]
2023-04-22 23:51:47.219 [info] > git status -z -uall [4ms]
2023-04-22 23:54:36.790 [info] > git config --local branch.main.github-pr-owner-number [2ms]
2023-04-22 23:54:36.817 [info] > git config --get commit.template [13ms]
2023-04-22 23:54:36.817 [info] > git for-each-ref --format=%(refname)%00%(upstream:short)%00%(objectname)%00%(upstream:track)%00%(upstream:remotename)%00%(upstream:remoteref) refs/heads/main refs/remotes/main [1ms]
2023-04-22 23:54:36.832 [info] > git status -z -uall [2ms]
2023-04-22 23:54:47.770 [info] > git fetch [530ms]
2023-04-22 23:54:47.791 [info] > git config --get commit.template [3ms]
2023-04-22 23:54:47.810 [info] > git for-each-ref --format=%(refname)%00%(upstream:short)%00%(objectname)%00%(upstream:track)%00%(upstream:remotename)%00%(upstream:remoteref) refs/heads/main refs/remotes/main [2ms]
2023-04-22 23:54:47.826 [info] > git status -z -uall [3ms]
2023-04-22 23:57:48.411 [info] > git fetch [563ms]
2023-04-22 23:57:48.450 [info] > git config --get commit.template [20ms]
2023-04-22 23:57:48.450 [info] > git for-each-ref --format=%(refname)%00%(upstream:short)%00%(objectname)%00%(upstream:track)%00%(upstream:remotename)%00%(upstream:remoteref) refs/heads/main refs/remotes/main [1ms]
2023-04-22 23:57:48.466 [info] > git status -z -uall [0ms]
2023-04-22 23:59:36.855 [info] > git config --local branch.main.github-pr-owner-number [1ms]
2023-04-22 23:59:36.879 [info] > git config --get commit.template [4ms]
2023-04-22 23:59:36.901 [info] > git for-each-ref --format=%(refname)%00%(upstream:short)%00%(objectname)%00%(upstream:track)%00%(upstream:remotename)%00%(upstream:remoteref) refs/heads/main refs/remotes/main [5ms]
2023-04-22 23:59:36.922 [info] > git status -z -uall [2ms]
2023-04-23 00:00:49.041 [info] > git fetch [553ms]
2023-04-23 00:00:49.063 [info] > git config --get commit.template [4ms]
2023-04-23 00:00:49.082 [info] > git for-each-ref --format=%(refname)%00%(upstream:short)%00%(objectname)%00%(upstream:track)%00%(upstream:remotename)%00%(upstream:remoteref) refs/heads/main refs/remotes/main [2ms]
2023-04-23 00:00:49.100 [info] > git status -z -uall [2ms]
2023-04-23 00:03:49.685 [info] > git fetch [560ms]
2023-04-23 00:03:49.724 [info] > git for-each-ref --format=%(refname)%00%(upstream:short)%00%(objectname)%00%(upstream:track)%00%(upstream:remotename)%00%(upstream:remoteref) refs/heads/main refs/remotes/main [3ms]
2023-04-23 00:03:49.724 [info] > git config --get commit.template [22ms]
2023-04-23 00:03:49.741 [info] > git status -z -uall [1ms]
2023-04-23 00:04:36.946 [info] > git config --local branch.main.github-pr-owner-number [1ms]
2023-04-23 00:04:36.980 [info] > git config --get commit.template [17ms]
2023-04-23 00:04:36.980 [info] > git for-each-ref --format=%(refname)%00%(upstream:short)%00%(objectname)%00%(upstream:track)%00%(upstream:remotename)%00%(upstream:remoteref) refs/heads/main refs/remotes/main [1ms]
2023-04-23 00:04:36.999 [info] > git status -z -uall [4ms]
2023-04-23 00:06:50.564 [info] > git fetch [800ms]
2023-04-23 00:06:50.601 [info] > git config --get commit.template [17ms]
2023-04-23 00:06:50.601 [info] > git for-each-ref --format=%(refname)%00%(upstream:short)%00%(objectname)%00%(upstream:track)%00%(upstream:remotename)%00%(upstream:remoteref) refs/heads/main refs/remotes/main [1ms]
2023-04-23 00:06:50.618 [info] > git status -z -uall [2ms]
