2023-04-22 23:24:35.811 [warning] /home/ubuntu/.ssh/config: ENOENT: no such file or directory, open '/home/ubuntu/.ssh/config'
2023-04-22 23:24:36.361 [info] Looking for git repository
2023-04-22 23:24:36.361 [info] Found 0 repositories during activation
2023-04-22 23:24:36.361 [info] Git repository found, initializing review manager and pr tree view.
2023-04-22 23:24:36.385 [info] Registering git provider
2023-04-22 23:24:36.385 [info] Review> Validate state in progress
2023-04-22 23:24:36.385 [info] Review> Validating state...
2023-04-22 23:24:36.625 [info] Repo state for file:///workspaces/124855513 changed.
2023-04-22 23:24:36.625 [info] Repo file:///workspaces/124855513 has already been setup.
2023-04-22 23:24:36.696 [info] Found GitHub remote for folder /workspaces/124855513
2023-04-22 23:24:37.206 [info] Review> no matching pull request metadata found for current branch main
2023-04-22 23:24:37.485 [info] Review> No matching pull request metadata found on GitHub for current branch main
2023-04-22 23:26:23.277 [info] Review> Validate state in progress
2023-04-22 23:26:23.277 [info] Review> Validating state...
2023-04-22 23:26:38.030 [info] Found GitHub remote for folder /workspaces/124855513
2023-04-22 23:26:38.251 [info] Review> no matching pull request metadata found for current branch main
2023-04-22 23:26:38.556 [info] Review> No matching pull request metadata found on GitHub for current branch main
2023-04-22 23:26:40.166 [info] Review> Validate state in progress
2023-04-22 23:26:40.166 [info] Review> Validating state...
2023-04-22 23:26:40.447 [info] Found GitHub remote for folder /workspaces/124855513
2023-04-22 23:26:40.632 [info] Review> no matching pull request metadata found for current branch main
2023-04-22 23:26:40.922 [info] Review> No matching pull request metadata found on GitHub for current branch main
2023-04-22 23:27:10.865 [info] Review> Validate state in progress
2023-04-22 23:27:10.865 [info] Review> Validating state...
2023-04-22 23:27:11.256 [info] Found GitHub remote for folder /workspaces/124855513
2023-04-22 23:27:11.483 [info] Review> no matching pull request metadata found for current branch main
2023-04-22 23:27:11.802 [info] Review> No matching pull request metadata found on GitHub for current branch main
2023-04-22 23:27:12.598 [info] Review> Validate state in progress
2023-04-22 23:27:12.598 [info] Review> Validating state...
2023-04-22 23:27:12.843 [info] Found GitHub remote for folder /workspaces/124855513
2023-04-22 23:27:13.052 [info] Review> no matching pull request metadata found for current branch main
2023-04-22 23:27:13.359 [info] Review> No matching pull request metadata found on GitHub for current branch main
2023-04-22 23:32:21.519 [info] Review> Validate state in progress
2023-04-22 23:32:21.519 [info] Review> Validating state...
2023-04-22 23:32:21.830 [info] Found GitHub remote for folder /workspaces/124855513
2023-04-22 23:32:21.975 [info] Review> no matching pull request metadata found for current branch main
2023-04-22 23:32:22.301 [info] Review> No matching pull request metadata found on GitHub for current branch main
2023-04-22 23:32:23.000 [info] Review> Queuing additional validate state
2023-04-22 23:32:23.294 [info] Review> Validating state...
2023-04-22 23:32:23.442 [info] Found GitHub remote for folder /workspaces/124855513
2023-04-22 23:32:23.591 [info] Review> no matching pull request metadata found for current branch main
2023-04-22 23:32:23.888 [info] Review> No matching pull request metadata found on GitHub for current branch main
2023-04-22 23:34:14.795 [info] Review> Validate state in progress
2023-04-22 23:34:14.795 [info] Review> Validating state...
2023-04-22 23:34:15.300 [info] Found GitHub remote for folder /workspaces/124855513
2023-04-22 23:34:15.490 [info] Review> no matching pull request metadata found for current branch main
2023-04-22 23:34:15.791 [info] Review> No matching pull request metadata found on GitHub for current branch main
2023-04-22 23:34:16.508 [info] Review> Validate state in progress
2023-04-22 23:34:16.508 [info] Review> Validating state...
2023-04-22 23:34:16.941 [info] Found GitHub remote for folder /workspaces/124855513
2023-04-22 23:34:17.081 [info] Review> no matching pull request metadata found for current branch main
2023-04-22 23:34:17.415 [info] Review> No matching pull request metadata found on GitHub for current branch main
