2023-06-08 10:40:59.232 [info] Уровень ведения журнала: Info
2023-06-08 10:40:59.232 [info] Проверка найденного Git в: "git"
2023-06-08 10:40:59.232 [info] Используется Git "2.34.1" из "git"
2023-06-08 10:40:59.232 [info] > git rev-parse --show-toplevel [1969ms]
2023-06-08 10:40:59.375 [info] > git rev-parse --git-dir --git-common-dir [145ms]
2023-06-08 10:40:59.452 [info] Open repository: /workspaces/124855513
2023-06-08 10:40:59.723 [info] > git rev-parse --show-toplevel [256ms]
2023-06-08 10:40:59.759 [info] > git rev-parse --show-toplevel [23ms]
2023-06-08 10:40:59.773 [info] > git config --get commit.template [293ms]
2023-06-08 10:40:59.775 [info] > git rev-parse --show-toplevel [4ms]
2023-06-08 10:40:59.806 [info] > git for-each-ref --format=%(refname)%00%(upstream:short)%00%(objectname)%00%(upstream:track)%00%(upstream:remotename)%00%(upstream:remoteref) refs/heads/main refs/remotes/main [9ms]
2023-06-08 10:40:59.820 [info] > git rev-parse --show-toplevel [34ms]
2023-06-08 10:40:59.827 [info] > git status -z -uall [8ms]
2023-06-08 10:40:59.848 [info] > git config --get commit.template [1ms]
2023-06-08 10:40:59.861 [info] > git for-each-ref --format=%(refname)%00%(upstream:short)%00%(objectname)%00%(upstream:track)%00%(upstream:remotename)%00%(upstream:remoteref) refs/heads/main refs/remotes/main [2ms]
2023-06-08 10:40:59.873 [info] > git status -z -uall [3ms]
2023-06-08 10:41:00.314 [info] > git check-ignore -v -z --stdin [40ms]
2023-06-08 10:41:01.506 [info] > git fetch [2055ms]
2023-06-08 10:41:01.534 [info] > git config --get commit.template [13ms]
2023-06-08 10:41:01.535 [info] > git for-each-ref --format=%(refname)%00%(upstream:short)%00%(objectname)%00%(upstream:track)%00%(upstream:remotename)%00%(upstream:remoteref) refs/heads/main refs/remotes/main [2ms]
2023-06-08 10:41:01.548 [info] > git status -z -uall [2ms]
2023-06-08 10:41:02.823 [info] > git config --local branch.main.github-pr-owner-number [75ms]
2023-06-08 10:41:02.845 [info] > git config --get commit.template [6ms]
2023-06-08 10:41:02.881 [info] > git for-each-ref --format=%(refname)%00%(upstream:short)%00%(objectname)%00%(upstream:track)%00%(upstream:remotename)%00%(upstream:remoteref) refs/heads/main refs/remotes/main [15ms]
2023-06-08 10:41:02.902 [info] > git status -z -uall [7ms]
2023-06-08 10:41:02.999 [info] > git config --get commit.template [6ms]
2023-06-08 10:41:03.266 [info] > git for-each-ref --format=%(refname)%00%(upstream:short)%00%(objectname)%00%(upstream:track)%00%(upstream:remotename)%00%(upstream:remoteref) refs/heads/main refs/remotes/main [220ms]
2023-06-08 10:41:03.293 [info] > git status -z -uall [12ms]
2023-06-08 10:44:02.201 [info] > git fetch [628ms]
2023-06-08 10:44:02.299 [info] > git config --get commit.template [52ms]
2023-06-08 10:44:02.306 [info] > git for-each-ref --format=%(refname)%00%(upstream:short)%00%(objectname)%00%(upstream:track)%00%(upstream:remotename)%00%(upstream:remoteref) refs/heads/main refs/remotes/main [11ms]
2023-06-08 10:44:02.385 [info] > git status -z -uall [7ms]
2023-06-08 10:46:01.994 [info] > git config --local branch.main.github-pr-owner-number [1ms]
2023-06-08 10:46:02.017 [info] > git config --get commit.template [12ms]
2023-06-08 10:46:02.018 [info] > git for-each-ref --format=%(refname)%00%(upstream:short)%00%(objectname)%00%(upstream:track)%00%(upstream:remotename)%00%(upstream:remoteref) refs/heads/main refs/remotes/main [2ms]
2023-06-08 10:46:02.031 [info] > git status -z -uall [2ms]
2023-06-08 10:47:02.988 [info] > git fetch [582ms]
2023-06-08 10:47:03.026 [info] > git config --get commit.template [14ms]
2023-06-08 10:47:03.027 [info] > git for-each-ref --format=%(refname)%00%(upstream:short)%00%(objectname)%00%(upstream:track)%00%(upstream:remotename)%00%(upstream:remoteref) refs/heads/main refs/remotes/main [2ms]
2023-06-08 10:47:03.040 [info] > git status -z -uall [2ms]
2023-06-08 10:50:03.614 [info] > git fetch [554ms]
2023-06-08 10:50:03.640 [info] > git config --get commit.template [12ms]
2023-06-08 10:50:03.641 [info] > git for-each-ref --format=%(refname)%00%(upstream:short)%00%(objectname)%00%(upstream:track)%00%(upstream:remotename)%00%(upstream:remoteref) refs/heads/main refs/remotes/main [2ms]
2023-06-08 10:50:03.654 [info] > git status -z -uall [3ms]
2023-06-08 10:51:02.052 [info] > git config --local branch.main.github-pr-owner-number [1ms]
2023-06-08 10:51:02.085 [info] > git config --get commit.template [14ms]
2023-06-08 10:51:02.086 [info] > git for-each-ref --format=%(refname)%00%(upstream:short)%00%(objectname)%00%(upstream:track)%00%(upstream:remotename)%00%(upstream:remoteref) refs/heads/main refs/remotes/main [3ms]
2023-06-08 10:51:02.102 [info] > git status -z -uall [2ms]
2023-06-08 10:53:04.225 [info] > git fetch [552ms]
2023-06-08 10:53:04.250 [info] > git config --get commit.template [12ms]
2023-06-08 10:53:04.251 [info] > git for-each-ref --format=%(refname)%00%(upstream:short)%00%(objectname)%00%(upstream:track)%00%(upstream:remotename)%00%(upstream:remoteref) refs/heads/main refs/remotes/main [2ms]
2023-06-08 10:53:04.263 [info] > git status -z -uall [2ms]
2023-06-08 10:56:02.130 [info] > git config --local branch.main.github-pr-owner-number [6ms]
2023-06-08 10:56:02.164 [info] > git config --get commit.template [17ms]
2023-06-08 10:56:02.166 [info] > git for-each-ref --format=%(refname)%00%(upstream:short)%00%(objectname)%00%(upstream:track)%00%(upstream:remotename)%00%(upstream:remoteref) refs/heads/main refs/remotes/main [2ms]
2023-06-08 10:56:02.177 [info] > git status -z -uall [2ms]
2023-06-08 10:56:04.990 [info] > git fetch [674ms]
2023-06-08 10:56:05.017 [info] > git config --get commit.template [13ms]
2023-06-08 10:56:05.018 [info] > git for-each-ref --format=%(refname)%00%(upstream:short)%00%(objectname)%00%(upstream:track)%00%(upstream:remotename)%00%(upstream:remoteref) refs/heads/main refs/remotes/main [1ms]
2023-06-08 10:56:05.031 [info] > git status -z -uall [2ms]
