2023-04-20 10:17:37.687 [warning] /home/ubuntu/.ssh/config: ENOENT: no such file or directory, open '/home/ubuntu/.ssh/config'
2023-04-20 10:17:37.687 [info] Looking for git repository
2023-04-20 10:17:37.687 [info] Found 0 repositories during activation
2023-04-20 10:17:37.687 [info] Git repository found, initializing review manager and pr tree view.
2023-04-20 10:17:37.687 [info] Registering git provider
2023-04-20 10:17:37.687 [info] Review> Validate state in progress
2023-04-20 10:17:37.687 [info] Review> Validating state...
2023-04-20 10:17:37.997 [info] Found GitHub remote for folder /workspaces/124855513
2023-04-20 10:17:39.120 [info] Repo state for file:///workspaces/124855513 changed.
2023-04-20 10:17:39.120 [info] Repo file:///workspaces/124855513 has already been setup.
2023-04-20 10:17:39.127 [info] Review> no matching pull request metadata found for current branch main
2023-04-20 10:17:39.808 [info] Review> No matching pull request metadata found on GitHub for current branch main
2023-04-20 10:20:20.504 [info] Review> Validate state in progress
2023-04-20 10:20:20.504 [info] Review> Validating state...
2023-04-20 10:20:20.805 [info] Found GitHub remote for folder /workspaces/124855513
2023-04-20 10:20:20.980 [info] Review> no matching pull request metadata found for current branch main
2023-04-20 10:20:21.282 [info] Review> No matching pull request metadata found on GitHub for current branch main
2023-04-20 10:20:21.947 [info] Review> Validate state in progress
2023-04-20 10:20:21.947 [info] Review> Validating state...
2023-04-20 10:20:22.161 [info] Found GitHub remote for folder /workspaces/124855513
2023-04-20 10:20:22.314 [info] Review> no matching pull request metadata found for current branch main
2023-04-20 10:20:22.619 [info] Review> No matching pull request metadata found on GitHub for current branch main
2023-04-20 10:24:15.963 [info] Review> Validate state in progress
2023-04-20 10:24:15.963 [info] Review> Validating state...
2023-04-20 10:24:16.312 [info] Found GitHub remote for folder /workspaces/124855513
2023-04-20 10:24:16.496 [info] Review> no matching pull request metadata found for current branch main
2023-04-20 10:24:16.841 [info] Review> No matching pull request metadata found on GitHub for current branch main
2023-04-20 10:24:17.458 [info] Review> Queuing additional validate state
2023-04-20 10:24:18.139 [info] Review> Validating state...
2023-04-20 10:24:18.289 [info] Found GitHub remote for folder /workspaces/124855513
2023-04-20 10:24:18.421 [info] Review> no matching pull request metadata found for current branch main
2023-04-20 10:24:18.747 [info] Review> No matching pull request metadata found on GitHub for current branch main
2023-04-20 10:26:16.805 [info] Review> Validate state in progress
2023-04-20 10:26:16.805 [info] Review> Validating state...
2023-04-20 10:26:17.111 [info] Found GitHub remote for folder /workspaces/124855513
2023-04-20 10:26:17.290 [info] Review> no matching pull request metadata found for current branch main
2023-04-20 10:26:17.598 [info] Review> No matching pull request metadata found on GitHub for current branch main
2023-04-20 10:26:18.400 [info] Review> Validate state in progress
2023-04-20 10:26:18.400 [info] Review> Validating state...
2023-04-20 10:26:18.524 [info] Found GitHub remote for folder /workspaces/124855513
2023-04-20 10:26:18.674 [info] Review> no matching pull request metadata found for current branch main
2023-04-20 10:26:18.996 [info] Review> No matching pull request metadata found on GitHub for current branch main
2023-04-20 10:34:31.365 [info] Review> Validate state in progress
2023-04-20 10:34:31.365 [info] Review> Validating state...
2023-04-20 10:34:31.665 [info] Found GitHub remote for folder /workspaces/124855513
2023-04-20 10:34:31.850 [info] Review> no matching pull request metadata found for current branch main
2023-04-20 10:34:32.162 [info] Review> No matching pull request metadata found on GitHub for current branch main
2023-04-20 10:34:32.815 [info] Review> Validate state in progress
2023-04-20 10:34:32.815 [info] Review> Validating state...
2023-04-20 10:34:33.075 [info] Found GitHub remote for folder /workspaces/124855513
2023-04-20 10:34:33.248 [info] Review> no matching pull request metadata found for current branch main
2023-04-20 10:34:33.593 [info] Review> No matching pull request metadata found on GitHub for current branch main
2023-04-20 10:35:47.209 [info] Review> Validate state in progress
2023-04-20 10:35:47.209 [info] Review> Validating state...
2023-04-20 10:35:47.484 [info] Found GitHub remote for folder /workspaces/124855513
2023-04-20 10:35:47.660 [info] Review> no matching pull request metadata found for current branch main
2023-04-20 10:35:47.959 [info] Review> No matching pull request metadata found on GitHub for current branch main
2023-04-20 10:35:48.565 [info] Review> Validate state in progress
2023-04-20 10:35:48.565 [info] Review> Validating state...
2023-04-20 10:35:48.830 [info] Found GitHub remote for folder /workspaces/124855513
2023-04-20 10:35:48.985 [info] Review> no matching pull request metadata found for current branch main
2023-04-20 10:35:49.258 [info] Review> No matching pull request metadata found on GitHub for current branch main
