2023-04-22 23:22:34.844 [info] Reading sessions from keychain...
2023-04-22 23:22:34.844 [info] Getting sessions for all scopes...
2023-04-22 23:22:34.844 [info] Getting sessions for user:email...
2023-04-22 23:22:34.844 [info] Got stored sessions!
2023-04-22 23:22:34.844 [info] Got 6 verified sessions.
2023-04-22 23:22:34.844 [info] Got 6 sessions for ...
2023-04-22 23:22:34.844 [info] Got 1 sessions for user:email...
2023-04-22 23:22:34.844 [info] Getting sessions for all scopes...
2023-04-22 23:22:34.844 [info] Got 6 sessions for ...
2023-04-22 23:22:34.844 [info] Getting sessions for codespace,read:user,repo,user:email...
2023-04-22 23:22:34.844 [info] Got 1 sessions for codespace,read:user,repo,user:email...
2023-04-22 23:22:34.844 [info] Getting sessions for all scopes...
2023-04-22 23:22:34.844 [info] Getting sessions for all scopes...
2023-04-22 23:22:34.844 [info] Getting sessions for all scopes...
2023-04-22 23:22:34.844 [info] Getting sessions for all scopes...
2023-04-22 23:22:34.844 [info] Getting sessions for all scopes...
2023-04-22 23:22:34.844 [info] Getting sessions for all scopes...
2023-04-22 23:22:34.844 [info] Got 6 sessions for ...
2023-04-22 23:22:34.844 [info] Got 6 sessions for ...
2023-04-22 23:22:34.844 [info] Got 6 sessions for ...
2023-04-22 23:22:34.844 [info] Got 6 sessions for ...
2023-04-22 23:22:34.844 [info] Got 6 sessions for ...
2023-04-22 23:22:34.844 [info] Got 6 sessions for ...
2023-04-22 23:22:35.243 [info] Getting user info...
2023-04-22 23:22:35.450 [info] Got account info!
