2023-06-08 10:43:26.216 [info] Уровень ведения журнала: Info
2023-06-08 10:43:26.216 [info] Проверка найденного Git в: "git"
2023-06-08 10:43:26.216 [info] Используется Git "2.34.1" из "git"
2023-06-08 10:43:26.216 [info] > git rev-parse --show-toplevel [255ms]
2023-06-08 10:43:26.216 [info] > git rev-parse --git-dir --git-common-dir [1ms]
2023-06-08 10:43:26.216 [info] Open repository: /home/ubuntu
2023-06-08 10:43:26.216 [info] > git config --get commit.template [17ms]
2023-06-08 10:43:26.216 [info] > git rev-parse --show-toplevel [31ms]
2023-06-08 10:43:26.216 [info] > git rev-parse --show-toplevel [96ms]
2023-06-08 10:43:26.216 [info] > git for-each-ref --format=%(refname)%00%(upstream:short)%00%(objectname)%00%(upstream:track)%00%(upstream:remotename)%00%(upstream:remoteref) refs/heads/main refs/remotes/main [155ms]
2023-06-08 10:43:26.216 [info] > git rev-parse --show-toplevel [281ms]
2023-06-08 10:43:26.218 [info] > git rev-parse --show-toplevel [52ms]
2023-06-08 10:43:26.250 [info] > git rev-parse --show-toplevel [12ms]
2023-06-08 10:43:26.294 [info] > git status -z -uall [301ms]
2023-06-08 10:43:26.294 [info] > git rev-parse --show-toplevel [20ms]
2023-06-08 10:43:26.396 [info] > git check-ignore -v -z --stdin [106ms]
2023-06-08 10:43:26.397 [info] > git rev-parse --show-toplevel [87ms]
2023-06-08 10:43:26.442 [info] > git rev-parse --show-toplevel [30ms]
2023-06-08 10:43:26.446 [info] > git config --get commit.template [116ms]
2023-06-08 10:43:26.479 [info] > git for-each-ref --format=%(refname)%00%(upstream:short)%00%(objectname)%00%(upstream:track)%00%(upstream:remotename)%00%(upstream:remoteref) refs/heads/main refs/remotes/main [18ms]
2023-06-08 10:43:26.755 [info] > git status -z -uall [253ms]
2023-06-08 10:43:27.852 [info] > git fetch [2164ms]
2023-06-08 10:43:27.887 [info] > git config --get commit.template [3ms]
2023-06-08 10:43:27.921 [info] > git for-each-ref --format=%(refname)%00%(upstream:short)%00%(objectname)%00%(upstream:track)%00%(upstream:remotename)%00%(upstream:remoteref) refs/heads/main refs/remotes/main [9ms]
2023-06-08 10:43:28.421 [info] > git status -z -uall [484ms]
2023-06-08 10:43:29.690 [info] > git config --local branch.main.github-pr-owner-number [79ms]
2023-06-08 10:43:29.710 [info] > git config --get commit.template [3ms]
2023-06-08 10:43:29.735 [info] > git for-each-ref --format=%(refname)%00%(upstream:short)%00%(objectname)%00%(upstream:track)%00%(upstream:remotename)%00%(upstream:remoteref) refs/heads/main refs/remotes/main [10ms]
2023-06-08 10:43:30.045 [info] > git status -z -uall [296ms]
2023-06-08 10:43:31.436 [info] > git config --get commit.template [45ms]
2023-06-08 10:43:31.495 [info] > git for-each-ref --format=%(refname)%00%(upstream:short)%00%(objectname)%00%(upstream:track)%00%(upstream:remotename)%00%(upstream:remoteref) refs/heads/main refs/remotes/main [28ms]
2023-06-08 10:43:31.797 [info] > git status -z -uall [278ms]
2023-06-08 10:43:36.863 [info] > git config --get commit.template [36ms]
2023-06-08 10:43:36.866 [info] > git for-each-ref --format=%(refname)%00%(upstream:short)%00%(objectname)%00%(upstream:track)%00%(upstream:remotename)%00%(upstream:remoteref) refs/heads/main refs/remotes/main [4ms]
2023-06-08 10:43:37.123 [info] > git status -z -uall [233ms]
2023-06-08 10:43:55.813 [info] > git check-ignore -v -z --stdin [7ms]
2023-06-08 10:46:29.788 [info] > git fetch [1342ms]
2023-06-08 10:46:29.821 [info] > git config --get commit.template [15ms]
2023-06-08 10:46:29.822 [info] > git for-each-ref --format=%(refname)%00%(upstream:short)%00%(objectname)%00%(upstream:track)%00%(upstream:remotename)%00%(upstream:remoteref) refs/heads/main refs/remotes/main [3ms]
2023-06-08 10:46:30.008 [info] > git status -z -uall [173ms]
2023-06-08 10:46:30.045 [info] > git config --get commit.template [16ms]
2023-06-08 10:46:30.046 [info] > git for-each-ref --format=%(refname)%00%(upstream:short)%00%(objectname)%00%(upstream:track)%00%(upstream:remotename)%00%(upstream:remoteref) refs/heads/main refs/remotes/main [2ms]
2023-06-08 10:46:30.239 [info] > git status -z -uall [179ms]
2023-06-08 10:47:54.075 [info] > git show --textconv :.bashrc [26ms]
2023-06-08 10:47:54.077 [info] > git ls-files --stage -- /home/ubuntu/.bashrc [13ms]
2023-06-08 10:47:54.116 [info] > git cat-file -s c7fc832cc3624f14f4a152bb27828f5989751b2b [23ms]
2023-06-08 10:47:54.122 [info] > git check-ignore -v -z --stdin [8ms]
2023-06-08 10:48:02.515 [info] > git config --get commit.template [3ms]
2023-06-08 10:48:02.533 [info] > git for-each-ref --format=%(refname)%00%(upstream:short)%00%(objectname)%00%(upstream:track)%00%(upstream:remotename)%00%(upstream:remoteref) refs/heads/main refs/remotes/main [2ms]
2023-06-08 10:48:02.718 [info] > git status -z -uall [164ms]
2023-06-08 10:48:28.398 [info] > git config --local branch.main.github-pr-owner-number [2ms]
2023-06-08 10:48:28.426 [info] > git config --get commit.template [14ms]
2023-06-08 10:48:28.426 [info] > git for-each-ref --format=%(refname)%00%(upstream:short)%00%(objectname)%00%(upstream:track)%00%(upstream:remotename)%00%(upstream:remoteref) refs/heads/main refs/remotes/main [2ms]
2023-06-08 10:48:28.603 [info] > git status -z -uall [164ms]
2023-06-08 10:50:03.299 [info] > git config --get commit.template [15ms]
2023-06-08 10:50:03.299 [info] > git for-each-ref --format=%(refname)%00%(upstream:short)%00%(objectname)%00%(upstream:track)%00%(upstream:remotename)%00%(upstream:remoteref) refs/heads/main refs/remotes/main [2ms]
2023-06-08 10:50:03.491 [info] > git status -z -uall [178ms]
2023-06-08 10:50:04.510 [info] > git fetch [1251ms]
2023-06-08 10:50:04.529 [info] > git config --get commit.template [2ms]
2023-06-08 10:50:04.545 [info] > git for-each-ref --format=%(refname)%00%(upstream:short)%00%(objectname)%00%(upstream:track)%00%(upstream:remotename)%00%(upstream:remoteref) refs/heads/main refs/remotes/main [2ms]
2023-06-08 10:50:04.725 [info] > git status -z -uall [166ms]
2023-06-08 10:50:05.819 [info] > git ls-files --stage -- /home/ubuntu/.bashrc [10ms]
2023-06-08 10:50:05.836 [info] > git cat-file -s c7fc832cc3624f14f4a152bb27828f5989751b2b [2ms]
2023-06-08 10:50:05.965 [info] > git show --textconv :.bashrc [6ms]
2023-06-08 10:50:08.531 [info] > git config --get commit.template [15ms]
2023-06-08 10:50:08.532 [info] > git for-each-ref --format=%(refname)%00%(upstream:short)%00%(objectname)%00%(upstream:track)%00%(upstream:remotename)%00%(upstream:remoteref) refs/heads/main refs/remotes/main [2ms]
2023-06-08 10:50:08.711 [info] > git status -z -uall [167ms]
2023-06-08 10:50:13.734 [info] > git config --get commit.template [2ms]
2023-06-08 10:50:13.750 [info] > git for-each-ref --format=%(refname)%00%(upstream:short)%00%(objectname)%00%(upstream:track)%00%(upstream:remotename)%00%(upstream:remoteref) refs/heads/main refs/remotes/main [2ms]
2023-06-08 10:50:13.938 [info] > git status -z -uall [176ms]
2023-06-08 10:50:53.644 [info] > git config --get commit.template [3ms]
2023-06-08 10:50:53.661 [info] > git for-each-ref --format=%(refname)%00%(upstream:short)%00%(objectname)%00%(upstream:track)%00%(upstream:remotename)%00%(upstream:remoteref) refs/heads/main refs/remotes/main [2ms]
2023-06-08 10:50:53.847 [info] > git status -z -uall [171ms]
2023-06-08 10:50:59.545 [info] > git config --get commit.template [16ms]
2023-06-08 10:50:59.546 [info] > git for-each-ref --format=%(refname)%00%(upstream:short)%00%(objectname)%00%(upstream:track)%00%(upstream:remotename)%00%(upstream:remoteref) refs/heads/main refs/remotes/main [2ms]
2023-06-08 10:50:59.743 [info] > git status -z -uall [184ms]
2023-06-08 10:51:08.658 [info] > git config --get commit.template [15ms]
2023-06-08 10:51:08.659 [info] > git for-each-ref --format=%(refname)%00%(upstream:short)%00%(objectname)%00%(upstream:track)%00%(upstream:remotename)%00%(upstream:remoteref) refs/heads/main refs/remotes/main [2ms]
2023-06-08 10:51:08.842 [info] > git status -z -uall [168ms]
2023-06-08 10:51:14.792 [info] > git config --get commit.template [18ms]
2023-06-08 10:51:14.793 [info] > git for-each-ref --format=%(refname)%00%(upstream:short)%00%(objectname)%00%(upstream:track)%00%(upstream:remotename)%00%(upstream:remoteref) refs/heads/main refs/remotes/main [2ms]
2023-06-08 10:51:14.973 [info] > git status -z -uall [167ms]
2023-06-08 10:51:20.013 [info] > git config --get commit.template [20ms]
2023-06-08 10:51:20.014 [info] > git for-each-ref --format=%(refname)%00%(upstream:short)%00%(objectname)%00%(upstream:track)%00%(upstream:remotename)%00%(upstream:remoteref) refs/heads/main refs/remotes/main [2ms]
2023-06-08 10:51:20.196 [info] > git status -z -uall [167ms]
2023-06-08 10:51:28.981 [info] > git config --get commit.template [13ms]
2023-06-08 10:51:28.982 [info] > git for-each-ref --format=%(refname)%00%(upstream:short)%00%(objectname)%00%(upstream:track)%00%(upstream:remotename)%00%(upstream:remoteref) refs/heads/main refs/remotes/main [2ms]
2023-06-08 10:51:29.163 [info] > git status -z -uall [169ms]
2023-06-08 10:51:34.186 [info] > git config --get commit.template [2ms]
2023-06-08 10:51:34.203 [info] > git for-each-ref --format=%(refname)%00%(upstream:short)%00%(objectname)%00%(upstream:track)%00%(upstream:remotename)%00%(upstream:remoteref) refs/heads/main refs/remotes/main [1ms]
2023-06-08 10:51:34.384 [info] > git status -z -uall [166ms]
2023-06-08 10:51:42.699 [info] > git config --get commit.template [21ms]
2023-06-08 10:51:42.699 [info] > git for-each-ref --format=%(refname)%00%(upstream:short)%00%(objectname)%00%(upstream:track)%00%(upstream:remotename)%00%(upstream:remoteref) refs/heads/main refs/remotes/main [1ms]
2023-06-08 10:51:42.882 [info] > git status -z -uall [170ms]
2023-06-08 10:51:47.908 [info] > git config --get commit.template [2ms]
2023-06-08 10:51:47.925 [info] > git for-each-ref --format=%(refname)%00%(upstream:short)%00%(objectname)%00%(upstream:track)%00%(upstream:remotename)%00%(upstream:remoteref) refs/heads/main refs/remotes/main [2ms]
2023-06-08 10:51:48.109 [info] > git status -z -uall [169ms]
2023-06-08 10:51:53.145 [info] > git config --get commit.template [16ms]
2023-06-08 10:51:53.145 [info] > git for-each-ref --format=%(refname)%00%(upstream:short)%00%(objectname)%00%(upstream:track)%00%(upstream:remotename)%00%(upstream:remoteref) refs/heads/main refs/remotes/main [2ms]
2023-06-08 10:51:53.327 [info] > git status -z -uall [168ms]
2023-06-08 10:52:14.067 [info] > git config --get commit.template [15ms]
2023-06-08 10:52:14.067 [info] > git for-each-ref --format=%(refname)%00%(upstream:short)%00%(objectname)%00%(upstream:track)%00%(upstream:remotename)%00%(upstream:remoteref) refs/heads/main refs/remotes/main [2ms]
2023-06-08 10:52:14.247 [info] > git status -z -uall [167ms]
2023-06-08 10:52:19.285 [info] > git config --get commit.template [17ms]
2023-06-08 10:52:19.285 [info] > git for-each-ref --format=%(refname)%00%(upstream:short)%00%(objectname)%00%(upstream:track)%00%(upstream:remotename)%00%(upstream:remoteref) refs/heads/main refs/remotes/main [2ms]
2023-06-08 10:52:19.467 [info] > git status -z -uall [166ms]
