2023-04-20 10:17:36.932 [info] Уровень ведения журнала: Info
2023-04-20 10:17:36.932 [info] Проверка найденного Git в: "git"
2023-04-20 10:17:36.932 [info] Используется Git "2.34.1" из "git"
2023-04-20 10:17:36.932 [info] > git rev-parse --show-toplevel [5ms]
2023-04-20 10:17:36.932 [info] > git rev-parse --git-dir --git-common-dir [2ms]
2023-04-20 10:17:36.932 [info] Open repository: /workspaces/124855513
2023-04-20 10:17:36.932 [info] > git rev-parse --show-toplevel [17ms]
2023-04-20 10:17:36.932 [info] > git config --get commit.template [14ms]
2023-04-20 10:17:36.932 [info] > git for-each-ref --format=%(refname)%00%(upstream:short)%00%(objectname)%00%(upstream:track)%00%(upstream:remotename)%00%(upstream:remoteref) refs/heads/main refs/remotes/main [2ms]
2023-04-20 10:17:36.932 [info] > git rev-parse --show-toplevel [28ms]
2023-04-20 10:17:36.932 [info] > git status -z -uall [17ms]
2023-04-20 10:17:36.932 [info] > git rev-parse --show-toplevel [26ms]
2023-04-20 10:17:36.932 [info] > git config --get commit.template [4ms]
2023-04-20 10:17:36.932 [info] > git for-each-ref --format=%(refname)%00%(upstream:short)%00%(objectname)%00%(upstream:track)%00%(upstream:remotename)%00%(upstream:remoteref) refs/heads/main refs/remotes/main [2ms]
2023-04-20 10:17:36.932 [info] > git status -z -uall [1ms]
2023-04-20 10:17:36.932 [info] > git fetch [851ms]
2023-04-20 10:17:36.932 [info] > git config --get commit.template [14ms]
2023-04-20 10:17:36.932 [info] > git for-each-ref --format=%(refname)%00%(upstream:short)%00%(objectname)%00%(upstream:track)%00%(upstream:remotename)%00%(upstream:remoteref) refs/heads/main refs/remotes/main [2ms]
2023-04-20 10:17:36.932 [info] > git status -z -uall [11ms]
2023-04-20 10:17:36.932 [info] > git check-ignore -v -z --stdin [7ms]
2023-04-20 10:17:36.932 [info] > git check-ignore -v -z --stdin [2ms]
2023-04-20 10:17:37.385 [info] > git config --get commit.template [2ms]
2023-04-20 10:17:37.405 [info] > git for-each-ref --format=%(refname)%00%(upstream:short)%00%(objectname)%00%(upstream:track)%00%(upstream:remotename)%00%(upstream:remoteref) refs/heads/main refs/remotes/main [2ms]
2023-04-20 10:17:37.426 [info] > git status -z -uall [5ms]
2023-04-20 10:17:38.729 [info] > git config --local branch.main.github-pr-owner-number [226ms]
2023-04-20 10:17:38.928 [info] > git config --get commit.template [114ms]
2023-04-20 10:17:38.979 [info] > git for-each-ref --format=%(refname)%00%(upstream:short)%00%(objectname)%00%(upstream:track)%00%(upstream:remotename)%00%(upstream:remoteref) refs/heads/main refs/remotes/main [9ms]
2023-04-20 10:17:39.117 [info] > git status -z -uall [88ms]
2023-04-20 10:18:17.260 [info] > git config --get commit.template [16ms]
2023-04-20 10:18:17.261 [info] > git for-each-ref --format=%(refname)%00%(upstream:short)%00%(objectname)%00%(upstream:track)%00%(upstream:remotename)%00%(upstream:remoteref) refs/heads/main refs/remotes/main [2ms]
2023-04-20 10:18:17.277 [info] > git status -z -uall [2ms]
2023-04-20 10:18:17.724 [info] > git check-ignore -v -z --stdin [2ms]
2023-04-20 10:19:01.238 [info] > git show --textconv :emojize/emojize.py [62ms]
2023-04-20 10:19:01.241 [info] > git ls-files --stage -- /workspaces/124855513/emojize/emojize.py [32ms]
2023-04-20 10:19:01.275 [info] > git check-ignore -v -z --stdin [39ms]
2023-04-20 10:19:01.309 [info] > git config --get commit.template [34ms]
2023-04-20 10:19:01.334 [info] > git for-each-ref --format=%(refname)%00%(upstream:short)%00%(objectname)%00%(upstream:track)%00%(upstream:remotename)%00%(upstream:remoteref) refs/heads/main refs/remotes/main [29ms]
2023-04-20 10:19:01.370 [info] > git status -z -uall [15ms]
2023-04-20 10:19:09.402 [info] > git config --get commit.template [46ms]
2023-04-20 10:19:09.406 [info] > git for-each-ref --format=%(refname)%00%(upstream:short)%00%(objectname)%00%(upstream:track)%00%(upstream:remotename)%00%(upstream:remoteref) refs/heads/main refs/remotes/main [6ms]
2023-04-20 10:19:09.434 [info] > git status -z -uall [5ms]
2023-04-20 10:19:14.457 [info] > git config --get commit.template [1ms]
2023-04-20 10:19:14.475 [info] > git for-each-ref --format=%(refname)%00%(upstream:short)%00%(objectname)%00%(upstream:track)%00%(upstream:remotename)%00%(upstream:remoteref) refs/heads/main refs/remotes/main [2ms]
2023-04-20 10:19:14.492 [info] > git status -z -uall [1ms]
2023-04-20 10:19:19.514 [info] > git config --get commit.template [1ms]
2023-04-20 10:19:19.530 [info] > git for-each-ref --format=%(refname)%00%(upstream:short)%00%(objectname)%00%(upstream:track)%00%(upstream:remotename)%00%(upstream:remoteref) refs/heads/main refs/remotes/main [2ms]
2023-04-20 10:19:19.545 [info] > git status -z -uall [1ms]
2023-04-20 10:19:28.427 [info] > git config --get commit.template [18ms]
2023-04-20 10:19:28.428 [info] > git for-each-ref --format=%(refname)%00%(upstream:short)%00%(objectname)%00%(upstream:track)%00%(upstream:remotename)%00%(upstream:remoteref) refs/heads/main refs/remotes/main [2ms]
2023-04-20 10:19:28.445 [info] > git status -z -uall [2ms]
2023-04-20 10:19:34.692 [info] > git fetch [1231ms]
2023-04-20 10:19:34.727 [info] > git config --get commit.template [17ms]
2023-04-20 10:19:34.730 [info] > git for-each-ref --format=%(refname)%00%(upstream:short)%00%(objectname)%00%(upstream:track)%00%(upstream:remotename)%00%(upstream:remoteref) refs/heads/main refs/remotes/main [5ms]
2023-04-20 10:19:34.754 [info] > git status -z -uall [3ms]
2023-04-20 10:19:34.790 [info] > git config --get commit.template [15ms]
2023-04-20 10:19:34.792 [info] > git for-each-ref --format=%(refname)%00%(upstream:short)%00%(objectname)%00%(upstream:track)%00%(upstream:remotename)%00%(upstream:remoteref) refs/heads/main refs/remotes/main [3ms]
2023-04-20 10:19:34.809 [info] > git status -z -uall [2ms]
2023-04-20 10:19:34.888 [info] > git ls-files --stage -- /workspaces/124855513/emojize/emojize.py [2ms]
2023-04-20 10:19:35.062 [info] > git show --textconv :emojize/emojize.py [3ms]
2023-04-20 10:19:36.210 [info] > git ls-files --stage -- /workspaces/124855513/emojize/emojize.py [1ms]
2023-04-20 10:19:36.366 [info] > git show --textconv :emojize/emojize.py [1ms]
2023-04-20 10:19:39.847 [info] > git config --get commit.template [17ms]
2023-04-20 10:19:39.850 [info] > git for-each-ref --format=%(refname)%00%(upstream:short)%00%(objectname)%00%(upstream:track)%00%(upstream:remotename)%00%(upstream:remoteref) refs/heads/main refs/remotes/main [3ms]
2023-04-20 10:19:39.867 [info] > git status -z -uall [1ms]
2023-04-20 10:19:44.893 [info] > git config --get commit.template [1ms]
2023-04-20 10:19:44.916 [info] > git for-each-ref --format=%(refname)%00%(upstream:short)%00%(objectname)%00%(upstream:track)%00%(upstream:remotename)%00%(upstream:remoteref) refs/heads/main refs/remotes/main [4ms]
2023-04-20 10:19:44.936 [info] > git status -z -uall [3ms]
2023-04-20 10:19:49.962 [info] > git config --get commit.template [3ms]
2023-04-20 10:19:49.981 [info] > git for-each-ref --format=%(refname)%00%(upstream:short)%00%(objectname)%00%(upstream:track)%00%(upstream:remotename)%00%(upstream:remoteref) refs/heads/main refs/remotes/main [1ms]
2023-04-20 10:19:49.998 [info] > git status -z -uall [2ms]
2023-04-20 10:20:20.083 [info] > git add -A -- /workspaces/124855513/emojize/emojize.py [14ms]
2023-04-20 10:20:20.161 [info] > git config --get commit.template [23ms]
2023-04-20 10:20:20.168 [info] > git for-each-ref --format=%(refname)%00%(upstream:short)%00%(objectname)%00%(upstream:track)%00%(upstream:remotename)%00%(upstream:remoteref) refs/heads/main refs/remotes/main [8ms]
2023-04-20 10:20:20.242 [info] > git status -z -uall [6ms]
2023-04-20 10:20:20.354 [info] > git -c user.useConfigOnly=true commit --quiet --allow-empty-message --file - --allow-empty-message [48ms]
2023-04-20 10:20:20.393 [info] > git config --get commit.template [18ms]
2023-04-20 10:20:20.452 [info] > git config --get commit.template [2ms]
2023-04-20 10:20:20.475 [info] > git for-each-ref --format=%(refname)%00%(upstream:short)%00%(objectname)%00%(upstream:track)%00%(upstream:remotename)%00%(upstream:remoteref) refs/heads/main refs/remotes/main [4ms]
2023-04-20 10:20:20.498 [info] > git status -z -uall [5ms]
2023-04-20 10:20:20.850 [info] > git config --local branch.main.github-pr-owner-number [24ms]
2023-04-20 10:20:20.874 [info] > git config --get commit.template [25ms]
2023-04-20 10:20:20.876 [info] > git config --get commit.template [7ms]
2023-04-20 10:20:20.934 [info] > git for-each-ref --format=%(refname)%00%(upstream:short)%00%(objectname)%00%(upstream:track)%00%(upstream:remotename)%00%(upstream:remoteref) refs/heads/main refs/remotes/main [20ms]
2023-04-20 10:20:20.952 [info] > git for-each-ref --format=%(refname)%00%(upstream:short)%00%(objectname)%00%(upstream:track)%00%(upstream:remotename)%00%(upstream:remoteref) refs/heads/main refs/remotes/main [57ms]
2023-04-20 10:20:20.975 [info] > git status -z -uall [23ms]
2023-04-20 10:20:21.855 [info] > git push --force origin main [882ms]
2023-04-20 10:20:21.855 [info] remote: Resolving deltas:   0% (0/1)        remote: Resolving deltas: 100% (1/1)        remote: Resolving deltas: 100% (1/1), completed with 1 local object.        
To https://github.com/code50/124855513
   b4827a8..1d91923  main -> main
2023-04-20 10:20:21.894 [info] > git config --get commit.template [20ms]
2023-04-20 10:20:21.895 [info] > git for-each-ref --format=%(refname)%00%(upstream:short)%00%(objectname)%00%(upstream:track)%00%(upstream:remotename)%00%(upstream:remoteref) refs/heads/main refs/remotes/main [2ms]
2023-04-20 10:20:21.941 [info] > git status -z -uall [27ms]
2023-04-20 10:20:21.951 [info] > git ls-files --stage -- /workspaces/124855513/emojize/emojize.py [10ms]
2023-04-20 10:20:21.970 [info] > git cat-file -s 56f84a14582bde8b273bb2dd971789183c2733ab [2ms]
2023-04-20 10:20:22.246 [info] > git config --local branch.main.github-pr-owner-number [59ms]
2023-04-20 10:20:22.266 [info] > git show --textconv :emojize/emojize.py [21ms]
2023-04-20 10:20:22.268 [info] > git config --get commit.template [3ms]
2023-04-20 10:20:22.294 [info] > git for-each-ref --format=%(refname)%00%(upstream:short)%00%(objectname)%00%(upstream:track)%00%(upstream:remotename)%00%(upstream:remoteref) refs/heads/main refs/remotes/main [8ms]
2023-04-20 10:20:22.312 [info] > git status -z -uall [2ms]
2023-04-20 10:20:23.153 [info] > git config --get commit.template [17ms]
2023-04-20 10:20:23.154 [info] > git for-each-ref --format=%(refname)%00%(upstream:short)%00%(objectname)%00%(upstream:track)%00%(upstream:remotename)%00%(upstream:remoteref) refs/heads/main refs/remotes/main [2ms]
2023-04-20 10:20:23.171 [info] > git status -z -uall [2ms]
2023-04-20 10:20:23.449 [info] > git ls-files --stage -- /workspaces/124855513/emojize/emojize.py [2ms]
2023-04-20 10:20:23.469 [info] > git cat-file -s 56f84a14582bde8b273bb2dd971789183c2733ab [3ms]
2023-04-20 10:20:23.589 [info] > git show --textconv :emojize/emojize.py [1ms]
2023-04-20 10:20:34.234 [info] > git config --get commit.template [17ms]
2023-04-20 10:20:34.235 [info] > git for-each-ref --format=%(refname)%00%(upstream:short)%00%(objectname)%00%(upstream:track)%00%(upstream:remotename)%00%(upstream:remoteref) refs/heads/main refs/remotes/main [2ms]
2023-04-20 10:20:34.252 [info] > git status -z -uall [2ms]
2023-04-20 10:20:55.925 [info] > git config --get commit.template [1ms]
2023-04-20 10:20:55.943 [info] > git for-each-ref --format=%(refname)%00%(upstream:short)%00%(objectname)%00%(upstream:track)%00%(upstream:remotename)%00%(upstream:remoteref) refs/heads/main refs/remotes/main [2ms]
2023-04-20 10:20:55.959 [info] > git status -z -uall [2ms]
2023-04-20 10:21:00.998 [info] > git config --get commit.template [17ms]
2023-04-20 10:21:01.000 [info] > git for-each-ref --format=%(refname)%00%(upstream:short)%00%(objectname)%00%(upstream:track)%00%(upstream:remotename)%00%(upstream:remoteref) refs/heads/main refs/remotes/main [3ms]
2023-04-20 10:21:01.043 [info] > git status -z -uall [19ms]
2023-04-20 10:21:06.069 [info] > git config --get commit.template [2ms]
2023-04-20 10:21:06.086 [info] > git for-each-ref --format=%(refname)%00%(upstream:short)%00%(objectname)%00%(upstream:track)%00%(upstream:remotename)%00%(upstream:remoteref) refs/heads/main refs/remotes/main [1ms]
2023-04-20 10:21:06.101 [info] > git status -z -uall [1ms]
2023-04-20 10:21:11.140 [info] > git config --get commit.template [17ms]
2023-04-20 10:21:11.142 [info] > git for-each-ref --format=%(refname)%00%(upstream:short)%00%(objectname)%00%(upstream:track)%00%(upstream:remotename)%00%(upstream:remoteref) refs/heads/main refs/remotes/main [2ms]
2023-04-20 10:21:11.158 [info] > git status -z -uall [3ms]
2023-04-20 10:21:16.198 [info] > git config --get commit.template [17ms]
2023-04-20 10:21:16.198 [info] > git for-each-ref --format=%(refname)%00%(upstream:short)%00%(objectname)%00%(upstream:track)%00%(upstream:remotename)%00%(upstream:remoteref) refs/heads/main refs/remotes/main [1ms]
2023-04-20 10:21:16.215 [info] > git status -z -uall [2ms]
2023-04-20 10:21:21.257 [info] > git config --get commit.template [19ms]
2023-04-20 10:21:21.257 [info] > git for-each-ref --format=%(refname)%00%(upstream:short)%00%(objectname)%00%(upstream:track)%00%(upstream:remotename)%00%(upstream:remoteref) refs/heads/main refs/remotes/main [1ms]
2023-04-20 10:21:21.275 [info] > git status -z -uall [2ms]
2023-04-20 10:21:31.957 [info] > git config --get commit.template [16ms]
2023-04-20 10:21:31.959 [info] > git for-each-ref --format=%(refname)%00%(upstream:short)%00%(objectname)%00%(upstream:track)%00%(upstream:remotename)%00%(upstream:remoteref) refs/heads/main refs/remotes/main [2ms]
2023-04-20 10:21:31.974 [info] > git status -z -uall [1ms]
2023-04-20 10:21:37.140 [info] > git config --get commit.template [1ms]
2023-04-20 10:21:37.156 [info] > git for-each-ref --format=%(refname)%00%(upstream:short)%00%(objectname)%00%(upstream:track)%00%(upstream:remotename)%00%(upstream:remoteref) refs/heads/main refs/remotes/main [0ms]
2023-04-20 10:21:37.171 [info] > git status -z -uall [1ms]
2023-04-20 10:21:42.209 [info] > git config --get commit.template [18ms]
2023-04-20 10:21:42.209 [info] > git for-each-ref --format=%(refname)%00%(upstream:short)%00%(objectname)%00%(upstream:track)%00%(upstream:remotename)%00%(upstream:remoteref) refs/heads/main refs/remotes/main [2ms]
2023-04-20 10:21:42.226 [info] > git status -z -uall [2ms]
2023-04-20 10:21:47.265 [info] > git config --get commit.template [18ms]
2023-04-20 10:21:47.267 [info] > git for-each-ref --format=%(refname)%00%(upstream:short)%00%(objectname)%00%(upstream:track)%00%(upstream:remotename)%00%(upstream:remoteref) refs/heads/main refs/remotes/main [3ms]
2023-04-20 10:21:47.283 [info] > git status -z -uall [2ms]
2023-04-20 10:21:52.322 [info] > git config --get commit.template [15ms]
2023-04-20 10:21:52.322 [info] > git for-each-ref --format=%(refname)%00%(upstream:short)%00%(objectname)%00%(upstream:track)%00%(upstream:remotename)%00%(upstream:remoteref) refs/heads/main refs/remotes/main [2ms]
2023-04-20 10:21:52.339 [info] > git status -z -uall [2ms]
2023-04-20 10:21:57.378 [info] > git config --get commit.template [17ms]
2023-04-20 10:21:57.379 [info] > git for-each-ref --format=%(refname)%00%(upstream:short)%00%(objectname)%00%(upstream:track)%00%(upstream:remotename)%00%(upstream:remoteref) refs/heads/main refs/remotes/main [3ms]
2023-04-20 10:21:57.395 [info] > git status -z -uall [2ms]
2023-04-20 10:22:08.655 [info] > git config --get commit.template [1ms]
2023-04-20 10:22:08.672 [info] > git for-each-ref --format=%(refname)%00%(upstream:short)%00%(objectname)%00%(upstream:track)%00%(upstream:remotename)%00%(upstream:remoteref) refs/heads/main refs/remotes/main [2ms]
2023-04-20 10:22:08.688 [info] > git status -z -uall [2ms]
2023-04-20 10:22:13.713 [info] > git config --get commit.template [3ms]
2023-04-20 10:22:13.731 [info] > git for-each-ref --format=%(refname)%00%(upstream:short)%00%(objectname)%00%(upstream:track)%00%(upstream:remotename)%00%(upstream:remoteref) refs/heads/main refs/remotes/main [2ms]
2023-04-20 10:22:13.748 [info] > git status -z -uall [1ms]
2023-04-20 10:22:18.786 [info] > git config --get commit.template [16ms]
2023-04-20 10:22:18.786 [info] > git for-each-ref --format=%(refname)%00%(upstream:short)%00%(objectname)%00%(upstream:track)%00%(upstream:remotename)%00%(upstream:remoteref) refs/heads/main refs/remotes/main [1ms]
2023-04-20 10:22:18.802 [info] > git status -z -uall [2ms]
2023-04-20 10:22:23.842 [info] > git for-each-ref --format=%(refname)%00%(upstream:short)%00%(objectname)%00%(upstream:track)%00%(upstream:remotename)%00%(upstream:remoteref) refs/heads/main refs/remotes/main [2ms]
2023-04-20 10:22:23.842 [info] > git config --get commit.template [20ms]
2023-04-20 10:22:23.859 [info] > git status -z -uall [1ms]
2023-04-20 10:22:29.751 [info] > git config --get commit.template [16ms]
2023-04-20 10:22:29.754 [info] > git for-each-ref --format=%(refname)%00%(upstream:short)%00%(objectname)%00%(upstream:track)%00%(upstream:remotename)%00%(upstream:remoteref) refs/heads/main refs/remotes/main [2ms]
2023-04-20 10:22:29.769 [info] > git status -z -uall [2ms]
2023-04-20 10:22:35.359 [info] > git fetch [574ms]
2023-04-20 10:22:35.393 [info] > git config --get commit.template [16ms]
2023-04-20 10:22:35.393 [info] > git for-each-ref --format=%(refname)%00%(upstream:short)%00%(objectname)%00%(upstream:track)%00%(upstream:remotename)%00%(upstream:remoteref) refs/heads/main refs/remotes/main [1ms]
2023-04-20 10:22:35.408 [info] > git status -z -uall [2ms]
2023-04-20 10:22:35.431 [info] > git config --get commit.template [3ms]
2023-04-20 10:22:35.470 [info] > git for-each-ref --format=%(refname)%00%(upstream:short)%00%(objectname)%00%(upstream:track)%00%(upstream:remotename)%00%(upstream:remoteref) refs/heads/main refs/remotes/main [9ms]
2023-04-20 10:22:35.500 [info] > git status -z -uall [13ms]
2023-04-20 10:22:36.843 [info] > git ls-files --stage -- /workspaces/124855513/emojize/emojize.py [1ms]
2023-04-20 10:22:36.860 [info] > git cat-file -s 56f84a14582bde8b273bb2dd971789183c2733ab [1ms]
2023-04-20 10:22:36.976 [info] > git show --textconv :emojize/emojize.py [2ms]
2023-04-20 10:22:37.673 [info] > git config --local branch.main.github-pr-owner-number [2ms]
2023-04-20 10:22:37.704 [info] > git for-each-ref --format=%(refname)%00%(upstream:short)%00%(objectname)%00%(upstream:track)%00%(upstream:remotename)%00%(upstream:remoteref) refs/heads/main refs/remotes/main [3ms]
2023-04-20 10:22:37.705 [info] > git config --get commit.template [17ms]
2023-04-20 10:22:37.723 [info] > git status -z -uall [3ms]
2023-04-20 10:22:40.543 [info] > git config --get commit.template [17ms]
2023-04-20 10:22:40.543 [info] > git for-each-ref --format=%(refname)%00%(upstream:short)%00%(objectname)%00%(upstream:track)%00%(upstream:remotename)%00%(upstream:remoteref) refs/heads/main refs/remotes/main [2ms]
2023-04-20 10:22:40.558 [info] > git status -z -uall [2ms]
2023-04-20 10:22:45.595 [info] > git config --get commit.template [16ms]
2023-04-20 10:22:45.596 [info] > git for-each-ref --format=%(refname)%00%(upstream:short)%00%(objectname)%00%(upstream:track)%00%(upstream:remotename)%00%(upstream:remoteref) refs/heads/main refs/remotes/main [2ms]
2023-04-20 10:22:45.613 [info] > git status -z -uall [1ms]
2023-04-20 10:22:50.634 [info] > git config --get commit.template [1ms]
2023-04-20 10:22:50.649 [info] > git for-each-ref --format=%(refname)%00%(upstream:short)%00%(objectname)%00%(upstream:track)%00%(upstream:remotename)%00%(upstream:remoteref) refs/heads/main refs/remotes/main [1ms]
2023-04-20 10:22:50.667 [info] > git status -z -uall [3ms]
2023-04-20 10:22:55.705 [info] > git config --get commit.template [18ms]
2023-04-20 10:22:55.706 [info] > git for-each-ref --format=%(refname)%00%(upstream:short)%00%(objectname)%00%(upstream:track)%00%(upstream:remotename)%00%(upstream:remoteref) refs/heads/main refs/remotes/main [2ms]
2023-04-20 10:22:55.723 [info] > git status -z -uall [3ms]
2023-04-20 10:23:00.761 [info] > git config --get commit.template [18ms]
2023-04-20 10:23:00.761 [info] > git for-each-ref --format=%(refname)%00%(upstream:short)%00%(objectname)%00%(upstream:track)%00%(upstream:remotename)%00%(upstream:remoteref) refs/heads/main refs/remotes/main [1ms]
2023-04-20 10:23:00.778 [info] > git status -z -uall [2ms]
2023-04-20 10:23:05.801 [info] > git config --get commit.template [2ms]
2023-04-20 10:23:05.830 [info] > git for-each-ref --format=%(refname)%00%(upstream:short)%00%(objectname)%00%(upstream:track)%00%(upstream:remotename)%00%(upstream:remoteref) refs/heads/main refs/remotes/main [13ms]
2023-04-20 10:23:05.865 [info] > git status -z -uall [3ms]
2023-04-20 10:23:10.890 [info] > git config --get commit.template [1ms]
2023-04-20 10:23:10.905 [info] > git for-each-ref --format=%(refname)%00%(upstream:short)%00%(objectname)%00%(upstream:track)%00%(upstream:remotename)%00%(upstream:remoteref) refs/heads/main refs/remotes/main [1ms]
2023-04-20 10:23:10.923 [info] > git status -z -uall [1ms]
2023-04-20 10:23:21.078 [info] > git config --get commit.template [19ms]
2023-04-20 10:23:21.079 [info] > git for-each-ref --format=%(refname)%00%(upstream:short)%00%(objectname)%00%(upstream:track)%00%(upstream:remotename)%00%(upstream:remoteref) refs/heads/main refs/remotes/main [2ms]
2023-04-20 10:23:21.096 [info] > git status -z -uall [1ms]
2023-04-20 10:23:40.693 [info] > git config --get commit.template [1ms]
2023-04-20 10:23:40.711 [info] > git for-each-ref --format=%(refname)%00%(upstream:short)%00%(objectname)%00%(upstream:track)%00%(upstream:remotename)%00%(upstream:remoteref) refs/heads/main refs/remotes/main [2ms]
2023-04-20 10:23:40.728 [info] > git status -z -uall [2ms]
2023-04-20 10:23:45.753 [info] > git config --get commit.template [3ms]
2023-04-20 10:23:45.769 [info] > git for-each-ref --format=%(refname)%00%(upstream:short)%00%(objectname)%00%(upstream:track)%00%(upstream:remotename)%00%(upstream:remoteref) refs/heads/main refs/remotes/main [1ms]
2023-04-20 10:23:45.786 [info] > git status -z -uall [2ms]
2023-04-20 10:24:15.810 [info] > git add -A -- /workspaces/124855513/emojize/emojize.py [1ms]
2023-04-20 10:24:15.828 [info] > git config --get commit.template [0ms]
2023-04-20 10:24:15.845 [info] > git for-each-ref --format=%(refname)%00%(upstream:short)%00%(objectname)%00%(upstream:track)%00%(upstream:remotename)%00%(upstream:remoteref) refs/heads/main refs/remotes/main [1ms]
2023-04-20 10:24:15.863 [info] > git status -z -uall [3ms]
2023-04-20 10:24:15.895 [info] > git -c user.useConfigOnly=true commit --quiet --allow-empty-message --file - --allow-empty-message [7ms]
2023-04-20 10:24:15.913 [info] > git config --get commit.template [2ms]
2023-04-20 10:24:15.942 [info] > git config --get commit.template [14ms]
2023-04-20 10:24:15.943 [info] > git for-each-ref --format=%(refname)%00%(upstream:short)%00%(objectname)%00%(upstream:track)%00%(upstream:remotename)%00%(upstream:remoteref) refs/heads/main refs/remotes/main [2ms]
2023-04-20 10:24:15.958 [info] > git status -z -uall [2ms]
2023-04-20 10:24:16.383 [info] > git config --local branch.main.github-pr-owner-number [48ms]
2023-04-20 10:24:16.404 [info] > git config --get commit.template [22ms]
2023-04-20 10:24:16.406 [info] > git config --get commit.template [4ms]
2023-04-20 10:24:16.447 [info] > git for-each-ref --format=%(refname)%00%(upstream:short)%00%(objectname)%00%(upstream:track)%00%(upstream:remotename)%00%(upstream:remoteref) refs/heads/main refs/remotes/main [7ms]
2023-04-20 10:24:16.463 [info] > git for-each-ref --format=%(refname)%00%(upstream:short)%00%(objectname)%00%(upstream:track)%00%(upstream:remotename)%00%(upstream:remoteref) refs/heads/main refs/remotes/main [38ms]
2023-04-20 10:24:16.492 [info] > git status -z -uall [30ms]
2023-04-20 10:24:17.402 [info] > git push --force origin main [919ms]
2023-04-20 10:24:17.402 [info] remote: Resolving deltas:   0% (0/1)        remote: Resolving deltas: 100% (1/1)        remote: Resolving deltas: 100% (1/1), completed with 1 local object.        
To https://github.com/code50/124855513
   1d91923..c814090  main -> main
2023-04-20 10:24:17.437 [info] > git config --get commit.template [15ms]
2023-04-20 10:24:17.438 [info] > git for-each-ref --format=%(refname)%00%(upstream:short)%00%(objectname)%00%(upstream:track)%00%(upstream:remotename)%00%(upstream:remoteref) refs/heads/main refs/remotes/main [2ms]
2023-04-20 10:24:17.455 [info] > git status -z -uall [2ms]
2023-04-20 10:24:18.051 [info] > git ls-files --stage -- /workspaces/124855513/emojize/emojize.py [2ms]
2023-04-20 10:24:18.069 [info] > git cat-file -s 9f289477c7f0d7d99cdcaa977343cb825149bf8e [1ms]
2023-04-20 10:24:18.209 [info] > git show --textconv :emojize/emojize.py [2ms]
2023-04-20 10:24:18.358 [info] > git config --local branch.main.github-pr-owner-number [44ms]
2023-04-20 10:24:18.378 [info] > git config --get commit.template [2ms]
2023-04-20 10:24:18.402 [info] > git for-each-ref --format=%(refname)%00%(upstream:short)%00%(objectname)%00%(upstream:track)%00%(upstream:remotename)%00%(upstream:remoteref) refs/heads/main refs/remotes/main [9ms]
2023-04-20 10:24:18.420 [info] > git status -z -uall [1ms]
2023-04-20 10:24:19.055 [info] > git config --get commit.template [3ms]
2023-04-20 10:24:19.075 [info] > git for-each-ref --format=%(refname)%00%(upstream:short)%00%(objectname)%00%(upstream:track)%00%(upstream:remotename)%00%(upstream:remoteref) refs/heads/main refs/remotes/main [3ms]
2023-04-20 10:24:19.093 [info] > git status -z -uall [2ms]
2023-04-20 10:24:19.369 [info] > git ls-files --stage -- /workspaces/124855513/emojize/emojize.py [2ms]
2023-04-20 10:24:19.386 [info] > git cat-file -s 9f289477c7f0d7d99cdcaa977343cb825149bf8e [1ms]
2023-04-20 10:24:19.507 [info] > git show --textconv :emojize/emojize.py [3ms]
2023-04-20 10:25:35.982 [info] > git fetch [553ms]
2023-04-20 10:25:36.004 [info] > git config --get commit.template [3ms]
2023-04-20 10:25:36.021 [info] > git for-each-ref --format=%(refname)%00%(upstream:short)%00%(objectname)%00%(upstream:track)%00%(upstream:remotename)%00%(upstream:remoteref) refs/heads/main refs/remotes/main [1ms]
2023-04-20 10:25:36.037 [info] > git status -z -uall [2ms]
2023-04-20 10:25:37.278 [info] > git config --get commit.template [1ms]
2023-04-20 10:25:37.295 [info] > git for-each-ref --format=%(refname)%00%(upstream:short)%00%(objectname)%00%(upstream:track)%00%(upstream:remotename)%00%(upstream:remoteref) refs/heads/main refs/remotes/main [2ms]
2023-04-20 10:25:37.310 [info] > git status -z -uall [1ms]
2023-04-20 10:25:37.482 [info] > git ls-files --stage -- /workspaces/124855513/emojize/emojize.py [2ms]
2023-04-20 10:25:37.499 [info] > git cat-file -s 9f289477c7f0d7d99cdcaa977343cb825149bf8e [1ms]
2023-04-20 10:25:37.742 [info] > git show --textconv :emojize/emojize.py [3ms]
2023-04-20 10:25:46.606 [info] > git config --get commit.template [17ms]
2023-04-20 10:25:46.607 [info] > git for-each-ref --format=%(refname)%00%(upstream:short)%00%(objectname)%00%(upstream:track)%00%(upstream:remotename)%00%(upstream:remoteref) refs/heads/main refs/remotes/main [2ms]
2023-04-20 10:25:46.623 [info] > git status -z -uall [2ms]
2023-04-20 10:26:16.655 [info] > git add -A -- /workspaces/124855513/emojize/emojize.py [3ms]
2023-04-20 10:26:16.690 [info] > git config --get commit.template [16ms]
2023-04-20 10:26:16.690 [info] > git for-each-ref --format=%(refname)%00%(upstream:short)%00%(objectname)%00%(upstream:track)%00%(upstream:remotename)%00%(upstream:remoteref) refs/heads/main refs/remotes/main [2ms]
2023-04-20 10:26:16.706 [info] > git status -z -uall [3ms]
2023-04-20 10:26:16.737 [info] > git -c user.useConfigOnly=true commit --quiet --allow-empty-message --file - --allow-empty-message [6ms]
2023-04-20 10:26:16.752 [info] > git config --get commit.template [1ms]
2023-04-20 10:26:16.781 [info] > git config --get commit.template [13ms]
2023-04-20 10:26:16.782 [info] > git for-each-ref --format=%(refname)%00%(upstream:short)%00%(objectname)%00%(upstream:track)%00%(upstream:remotename)%00%(upstream:remoteref) refs/heads/main refs/remotes/main [2ms]
2023-04-20 10:26:16.799 [info] > git status -z -uall [2ms]
2023-04-20 10:26:17.149 [info] > git config --local branch.main.github-pr-owner-number [11ms]
2023-04-20 10:26:17.189 [info] > git config --get commit.template [18ms]
2023-04-20 10:26:17.238 [info] > git config --get commit.template [52ms]
2023-04-20 10:26:17.239 [info] > git for-each-ref --format=%(refname)%00%(upstream:short)%00%(objectname)%00%(upstream:track)%00%(upstream:remotename)%00%(upstream:remoteref) refs/heads/main refs/remotes/main [17ms]
2023-04-20 10:26:17.265 [info] > git for-each-ref --format=%(refname)%00%(upstream:short)%00%(objectname)%00%(upstream:track)%00%(upstream:remotename)%00%(upstream:remoteref) refs/heads/main refs/remotes/main [27ms]
2023-04-20 10:26:17.283 [info] > git status -z -uall [2ms]
2023-04-20 10:26:18.317 [info] > git push --force origin main [1058ms]
2023-04-20 10:26:18.317 [info] remote: Resolving deltas:   0% (0/2)        remote: Resolving deltas:  50% (1/2)        remote: Resolving deltas: 100% (2/2)        remote: Resolving deltas: 100% (2/2), completed with 2 local objects.        
To https://github.com/code50/124855513
   c814090..143e13e  main -> main
2023-04-20 10:26:18.365 [info] > git config --get commit.template [31ms]
2023-04-20 10:26:18.366 [info] > git for-each-ref --format=%(refname)%00%(upstream:short)%00%(objectname)%00%(upstream:track)%00%(upstream:remotename)%00%(upstream:remoteref) refs/heads/main refs/remotes/main [16ms]
2023-04-20 10:26:18.380 [info] > git ls-files --stage -- /workspaces/124855513/emojize/emojize.py [16ms]
2023-04-20 10:26:18.397 [info] > git status -z -uall [18ms]
2023-04-20 10:26:18.403 [info] > git cat-file -s e8053d4534aa63fe6208a8c0f0c826248fe81fbe [9ms]
2023-04-20 10:26:18.588 [info] > git config --local branch.main.github-pr-owner-number [38ms]
2023-04-20 10:26:18.609 [info] > git config --get commit.template [2ms]
2023-04-20 10:26:18.653 [info] > git show --textconv :emojize/emojize.py [3ms]
2023-04-20 10:26:18.653 [info] > git for-each-ref --format=%(refname)%00%(upstream:short)%00%(objectname)%00%(upstream:track)%00%(upstream:remotename)%00%(upstream:remoteref) refs/heads/main refs/remotes/main [27ms]
2023-04-20 10:26:18.672 [info] > git status -z -uall [3ms]
2023-04-20 10:26:19.531 [info] > git config --get commit.template [19ms]
2023-04-20 10:26:19.532 [info] > git for-each-ref --format=%(refname)%00%(upstream:short)%00%(objectname)%00%(upstream:track)%00%(upstream:remotename)%00%(upstream:remoteref) refs/heads/main refs/remotes/main [2ms]
2023-04-20 10:26:19.551 [info] > git status -z -uall [0ms]
2023-04-20 10:26:19.993 [info] > git ls-files --stage -- /workspaces/124855513/emojize/emojize.py [4ms]
2023-04-20 10:26:20.011 [info] > git cat-file -s e8053d4534aa63fe6208a8c0f0c826248fe81fbe [3ms]
2023-04-20 10:26:20.140 [info] > git show --textconv :emojize/emojize.py [2ms]
2023-04-20 10:27:37.744 [info] > git config --local branch.main.github-pr-owner-number [1ms]
2023-04-20 10:27:37.761 [info] > git config --get commit.template [1ms]
2023-04-20 10:27:37.779 [info] > git for-each-ref --format=%(refname)%00%(upstream:short)%00%(objectname)%00%(upstream:track)%00%(upstream:remotename)%00%(upstream:remoteref) refs/heads/main refs/remotes/main [3ms]
2023-04-20 10:27:37.795 [info] > git status -z -uall [2ms]
2023-04-20 10:28:49.043 [info] > git fetch [606ms]
2023-04-20 10:28:49.093 [info] > git config --get commit.template [26ms]
2023-04-20 10:28:49.094 [info] > git for-each-ref --format=%(refname)%00%(upstream:short)%00%(objectname)%00%(upstream:track)%00%(upstream:remotename)%00%(upstream:remoteref) refs/heads/main refs/remotes/main [3ms]
2023-04-20 10:28:49.128 [info] > git status -z -uall [3ms]
2023-04-20 10:28:50.349 [info] > git config --get commit.template [2ms]
2023-04-20 10:28:50.368 [info] > git for-each-ref --format=%(refname)%00%(upstream:short)%00%(objectname)%00%(upstream:track)%00%(upstream:remotename)%00%(upstream:remoteref) refs/heads/main refs/remotes/main [2ms]
2023-04-20 10:28:50.403 [info] > git status -z -uall [4ms]
2023-04-20 10:28:50.649 [info] > git ls-files --stage -- /workspaces/124855513/emojize/emojize.py [2ms]
2023-04-20 10:28:50.668 [info] > git cat-file -s e8053d4534aa63fe6208a8c0f0c826248fe81fbe [1ms]
2023-04-20 10:28:50.970 [info] > git show --textconv :emojize/emojize.py [2ms]
2023-04-20 10:29:37.332 [info] > git config --get commit.template [1ms]
2023-04-20 10:29:37.352 [info] > git for-each-ref --format=%(refname)%00%(upstream:short)%00%(objectname)%00%(upstream:track)%00%(upstream:remotename)%00%(upstream:remoteref) refs/heads/main refs/remotes/main [1ms]
2023-04-20 10:29:37.369 [info] > git status -z -uall [1ms]
2023-04-20 10:29:42.395 [info] > git config --get commit.template [2ms]
2023-04-20 10:29:42.414 [info] > git for-each-ref --format=%(refname)%00%(upstream:short)%00%(objectname)%00%(upstream:track)%00%(upstream:remotename)%00%(upstream:remoteref) refs/heads/main refs/remotes/main [1ms]
2023-04-20 10:29:42.432 [info] > git status -z -uall [2ms]
2023-04-20 10:30:12.119 [info] > git config --get commit.template [3ms]
2023-04-20 10:30:12.137 [info] > git for-each-ref --format=%(refname)%00%(upstream:short)%00%(objectname)%00%(upstream:track)%00%(upstream:remotename)%00%(upstream:remoteref) refs/heads/main refs/remotes/main [2ms]
2023-04-20 10:30:12.154 [info] > git status -z -uall [2ms]
2023-04-20 10:30:17.177 [info] > git config --get commit.template [1ms]
2023-04-20 10:30:17.198 [info] > git for-each-ref --format=%(refname)%00%(upstream:short)%00%(objectname)%00%(upstream:track)%00%(upstream:remotename)%00%(upstream:remoteref) refs/heads/main refs/remotes/main [2ms]
2023-04-20 10:30:17.217 [info] > git status -z -uall [2ms]
2023-04-20 10:31:49.708 [info] > git fetch [552ms]
2023-04-20 10:31:49.728 [info] > git config --get commit.template [1ms]
2023-04-20 10:31:49.748 [info] > git for-each-ref --format=%(refname)%00%(upstream:short)%00%(objectname)%00%(upstream:track)%00%(upstream:remotename)%00%(upstream:remoteref) refs/heads/main refs/remotes/main [3ms]
2023-04-20 10:31:49.767 [info] > git status -z -uall [3ms]
2023-04-20 10:31:50.918 [info] > git config --get commit.template [1ms]
2023-04-20 10:31:50.938 [info] > git for-each-ref --format=%(refname)%00%(upstream:short)%00%(objectname)%00%(upstream:track)%00%(upstream:remotename)%00%(upstream:remoteref) refs/heads/main refs/remotes/main [3ms]
2023-04-20 10:31:50.965 [info] > git status -z -uall [1ms]
2023-04-20 10:31:51.262 [info] > git ls-files --stage -- /workspaces/124855513/emojize/emojize.py [2ms]
2023-04-20 10:31:51.281 [info] > git cat-file -s e8053d4534aa63fe6208a8c0f0c826248fe81fbe [2ms]
2023-04-20 10:31:51.399 [info] > git show --textconv :emojize/emojize.py [2ms]
2023-04-20 10:32:37.842 [info] > git config --local branch.main.github-pr-owner-number [17ms]
2023-04-20 10:32:37.891 [info] > git config --get commit.template [1ms]
2023-04-20 10:32:37.931 [info] > git for-each-ref --format=%(refname)%00%(upstream:short)%00%(objectname)%00%(upstream:track)%00%(upstream:remotename)%00%(upstream:remoteref) refs/heads/main refs/remotes/main [8ms]
2023-04-20 10:32:38.043 [info] > git status -z -uall [37ms]
2023-04-20 10:33:42.158 [info] > git for-each-ref --format=%(refname)%00%(upstream:short)%00%(objectname)%00%(upstream:track)%00%(upstream:remotename)%00%(upstream:remoteref) refs/heads/main refs/remotes/main [1ms]
2023-04-20 10:33:42.158 [info] > git config --get commit.template [21ms]
2023-04-20 10:33:42.179 [info] > git status -z -uall [2ms]
2023-04-20 10:33:45.806 [info] > git show --textconv :emojize/emojize.py [21ms]
2023-04-20 10:33:45.808 [info] > git ls-files --stage -- /workspaces/124855513/emojize/emojize.py [2ms]
2023-04-20 10:33:45.826 [info] > git cat-file -s e8053d4534aa63fe6208a8c0f0c826248fe81fbe [2ms]
2023-04-20 10:33:50.996 [info] > git config --get commit.template [2ms]
2023-04-20 10:33:51.017 [info] > git for-each-ref --format=%(refname)%00%(upstream:short)%00%(objectname)%00%(upstream:track)%00%(upstream:remotename)%00%(upstream:remoteref) refs/heads/main refs/remotes/main [2ms]
2023-04-20 10:33:51.035 [info] > git status -z -uall [2ms]
2023-04-20 10:33:56.079 [info] > git for-each-ref --format=%(refname)%00%(upstream:short)%00%(objectname)%00%(upstream:track)%00%(upstream:remotename)%00%(upstream:remoteref) refs/heads/main refs/remotes/main [1ms]
2023-04-20 10:33:56.079 [info] > git config --get commit.template [20ms]
2023-04-20 10:33:56.097 [info] > git status -z -uall [1ms]
2023-04-20 10:34:01.139 [info] > git config --get commit.template [17ms]
2023-04-20 10:34:01.140 [info] > git for-each-ref --format=%(refname)%00%(upstream:short)%00%(objectname)%00%(upstream:track)%00%(upstream:remotename)%00%(upstream:remoteref) refs/heads/main refs/remotes/main [2ms]
2023-04-20 10:34:01.159 [info] > git status -z -uall [2ms]
2023-04-20 10:34:31.186 [info] > git add -A -- /workspaces/124855513/emojize/emojize.py [4ms]
2023-04-20 10:34:31.225 [info] > git config --get commit.template [20ms]
2023-04-20 10:34:31.227 [info] > git for-each-ref --format=%(refname)%00%(upstream:short)%00%(objectname)%00%(upstream:track)%00%(upstream:remotename)%00%(upstream:remoteref) refs/heads/main refs/remotes/main [3ms]
2023-04-20 10:34:31.248 [info] > git status -z -uall [3ms]
2023-04-20 10:34:31.283 [info] > git -c user.useConfigOnly=true commit --quiet --allow-empty-message --file - --allow-empty-message [6ms]
2023-04-20 10:34:31.308 [info] > git config --get commit.template [2ms]
2023-04-20 10:34:31.342 [info] > git config --get commit.template [15ms]
2023-04-20 10:34:31.344 [info] > git for-each-ref --format=%(refname)%00%(upstream:short)%00%(objectname)%00%(upstream:track)%00%(upstream:remotename)%00%(upstream:remoteref) refs/heads/main refs/remotes/main [2ms]
2023-04-20 10:34:31.361 [info] > git status -z -uall [2ms]
2023-04-20 10:34:31.730 [info] > git config --local branch.main.github-pr-owner-number [43ms]
2023-04-20 10:34:31.751 [info] > git config --get commit.template [22ms]
2023-04-20 10:34:31.755 [info] > git config --get commit.template [7ms]
2023-04-20 10:34:31.807 [info] > git for-each-ref --format=%(refname)%00%(upstream:short)%00%(objectname)%00%(upstream:track)%00%(upstream:remotename)%00%(upstream:remoteref) refs/heads/main refs/remotes/main [16ms]
2023-04-20 10:34:31.824 [info] > git for-each-ref --format=%(refname)%00%(upstream:short)%00%(objectname)%00%(upstream:track)%00%(upstream:remotename)%00%(upstream:remoteref) refs/heads/main refs/remotes/main [51ms]
2023-04-20 10:34:31.847 [info] > git status -z -uall [23ms]
2023-04-20 10:34:32.754 [info] > git push --force origin main [908ms]
2023-04-20 10:34:32.754 [info] remote: Resolving deltas:   0% (0/1)        remote: Resolving deltas: 100% (1/1)        remote: Resolving deltas: 100% (1/1), completed with 1 local object.        
To https://github.com/code50/124855513
   143e13e..1c35c8b  main -> main
2023-04-20 10:34:32.792 [info] > git config --get commit.template [19ms]
2023-04-20 10:34:32.793 [info] > git for-each-ref --format=%(refname)%00%(upstream:short)%00%(objectname)%00%(upstream:track)%00%(upstream:remotename)%00%(upstream:remoteref) refs/heads/main refs/remotes/main [2ms]
2023-04-20 10:34:32.813 [info] > git status -z -uall [4ms]
2023-04-20 10:34:32.884 [info] > git ls-files --stage -- /workspaces/124855513/emojize/emojize.py [17ms]
2023-04-20 10:34:32.919 [info] > git cat-file -s df2aa74e877b22286d93fb0e1183ea49c8a24b39 [7ms]
2023-04-20 10:34:33.165 [info] > git config --local branch.main.github-pr-owner-number [60ms]
2023-04-20 10:34:33.193 [info] > git show --textconv :emojize/emojize.py [30ms]
2023-04-20 10:34:33.196 [info] > git config --get commit.template [4ms]
2023-04-20 10:34:33.222 [info] > git for-each-ref --format=%(refname)%00%(upstream:short)%00%(objectname)%00%(upstream:track)%00%(upstream:remotename)%00%(upstream:remoteref) refs/heads/main refs/remotes/main [9ms]
2023-04-20 10:34:33.246 [info] > git status -z -uall [1ms]
2023-04-20 10:34:34.469 [info] > git ls-files --stage -- /workspaces/124855513/emojize/emojize.py [1ms]
2023-04-20 10:34:34.487 [info] > git cat-file -s df2aa74e877b22286d93fb0e1183ea49c8a24b39 [2ms]
2023-04-20 10:34:34.607 [info] > git show --textconv :emojize/emojize.py [2ms]
2023-04-20 10:34:50.341 [info] > git fetch [552ms]
2023-04-20 10:34:50.360 [info] > git config --get commit.template [1ms]
2023-04-20 10:34:50.379 [info] > git for-each-ref --format=%(refname)%00%(upstream:short)%00%(objectname)%00%(upstream:track)%00%(upstream:remotename)%00%(upstream:remoteref) refs/heads/main refs/remotes/main [1ms]
2023-04-20 10:34:50.396 [info] > git status -z -uall [1ms]
2023-04-20 10:34:51.563 [info] > git config --get commit.template [1ms]
2023-04-20 10:34:51.582 [info] > git for-each-ref --format=%(refname)%00%(upstream:short)%00%(objectname)%00%(upstream:track)%00%(upstream:remotename)%00%(upstream:remoteref) refs/heads/main refs/remotes/main [1ms]
2023-04-20 10:34:51.599 [info] > git status -z -uall [0ms]
2023-04-20 10:34:51.888 [info] > git ls-files --stage -- /workspaces/124855513/emojize/emojize.py [3ms]
2023-04-20 10:34:51.910 [info] > git cat-file -s df2aa74e877b22286d93fb0e1183ea49c8a24b39 [2ms]
2023-04-20 10:34:52.059 [info] > git show --textconv :emojize/emojize.py [2ms]
2023-04-20 10:35:01.788 [info] > git config --get commit.template [2ms]
2023-04-20 10:35:01.808 [info] > git for-each-ref --format=%(refname)%00%(upstream:short)%00%(objectname)%00%(upstream:track)%00%(upstream:remotename)%00%(upstream:remoteref) refs/heads/main refs/remotes/main [3ms]
2023-04-20 10:35:01.828 [info] > git status -z -uall [2ms]
2023-04-20 10:35:06.873 [info] > git config --get commit.template [20ms]
2023-04-20 10:35:06.873 [info] > git for-each-ref --format=%(refname)%00%(upstream:short)%00%(objectname)%00%(upstream:track)%00%(upstream:remotename)%00%(upstream:remoteref) refs/heads/main refs/remotes/main [1ms]
2023-04-20 10:35:06.893 [info] > git status -z -uall [1ms]
2023-04-20 10:35:11.917 [info] > git config --get commit.template [1ms]
2023-04-20 10:35:11.937 [info] > git for-each-ref --format=%(refname)%00%(upstream:short)%00%(objectname)%00%(upstream:track)%00%(upstream:remotename)%00%(upstream:remoteref) refs/heads/main refs/remotes/main [1ms]
2023-04-20 10:35:11.954 [info] > git status -z -uall [2ms]
2023-04-20 10:35:16.980 [info] > git config --get commit.template [1ms]
2023-04-20 10:35:16.998 [info] > git for-each-ref --format=%(refname)%00%(upstream:short)%00%(objectname)%00%(upstream:track)%00%(upstream:remotename)%00%(upstream:remoteref) refs/heads/main refs/remotes/main [2ms]
2023-04-20 10:35:17.016 [info] > git status -z -uall [1ms]
2023-04-20 10:35:47.042 [info] > git add -A -- /workspaces/124855513/emojize/emojize.py [1ms]
2023-04-20 10:35:47.081 [info] > git config --get commit.template [19ms]
2023-04-20 10:35:47.081 [info] > git for-each-ref --format=%(refname)%00%(upstream:short)%00%(objectname)%00%(upstream:track)%00%(upstream:remotename)%00%(upstream:remoteref) refs/heads/main refs/remotes/main [1ms]
2023-04-20 10:35:47.100 [info] > git status -z -uall [3ms]
2023-04-20 10:35:47.129 [info] > git -c user.useConfigOnly=true commit --quiet --allow-empty-message --file - --allow-empty-message [6ms]
2023-04-20 10:35:47.148 [info] > git config --get commit.template [1ms]
2023-04-20 10:35:47.183 [info] > git config --get commit.template [17ms]
2023-04-20 10:35:47.187 [info] > git for-each-ref --format=%(refname)%00%(upstream:short)%00%(objectname)%00%(upstream:track)%00%(upstream:remotename)%00%(upstream:remoteref) refs/heads/main refs/remotes/main [5ms]
2023-04-20 10:35:47.205 [info] > git status -z -uall [3ms]
2023-04-20 10:35:47.511 [info] > git config --local branch.main.github-pr-owner-number [5ms]
2023-04-20 10:35:47.551 [info] > git config --get commit.template [22ms]
2023-04-20 10:35:47.551 [info] > git config --get commit.template [5ms]
2023-04-20 10:35:47.589 [info] > git for-each-ref --format=%(refname)%00%(upstream:short)%00%(objectname)%00%(upstream:track)%00%(upstream:remotename)%00%(upstream:remoteref) refs/heads/main refs/remotes/main [22ms]
2023-04-20 10:35:47.611 [info] > git for-each-ref --format=%(refname)%00%(upstream:short)%00%(objectname)%00%(upstream:track)%00%(upstream:remotename)%00%(upstream:remoteref) refs/heads/main refs/remotes/main [28ms]
2023-04-20 10:35:47.657 [info] > git status -z -uall [23ms]
2023-04-20 10:35:48.505 [info] > git push --force origin main [895ms]
2023-04-20 10:35:48.505 [info] remote: Resolving deltas:   0% (0/1)        remote: Resolving deltas: 100% (1/1)        remote: Resolving deltas: 100% (1/1), completed with 1 local object.        
To https://github.com/code50/124855513
   1c35c8b..c7e8fec  main -> main
2023-04-20 10:35:48.540 [info] > git config --get commit.template [16ms]
2023-04-20 10:35:48.543 [info] > git for-each-ref --format=%(refname)%00%(upstream:short)%00%(objectname)%00%(upstream:track)%00%(upstream:remotename)%00%(upstream:remoteref) refs/heads/main refs/remotes/main [4ms]
2023-04-20 10:35:48.562 [info] > git status -z -uall [1ms]
2023-04-20 10:35:48.714 [info] > git ls-files --stage -- /workspaces/124855513/emojize/emojize.py [2ms]
2023-04-20 10:35:48.733 [info] > git cat-file -s e8053d4534aa63fe6208a8c0f0c826248fe81fbe [1ms]
2023-04-20 10:35:48.916 [info] > git config --local branch.main.github-pr-owner-number [57ms]
2023-04-20 10:35:48.934 [info] > git show --textconv :emojize/emojize.py [20ms]
2023-04-20 10:35:48.935 [info] > git config --get commit.template [3ms]
2023-04-20 10:35:48.961 [info] > git for-each-ref --format=%(refname)%00%(upstream:short)%00%(objectname)%00%(upstream:track)%00%(upstream:remotename)%00%(upstream:remoteref) refs/heads/main refs/remotes/main [9ms]
2023-04-20 10:35:48.984 [info] > git status -z -uall [5ms]
2023-04-20 10:35:50.121 [info] > git ls-files --stage -- /workspaces/124855513/emojize/emojize.py [2ms]
2023-04-20 10:35:50.139 [info] > git cat-file -s e8053d4534aa63fe6208a8c0f0c826248fe81fbe [2ms]
2023-04-20 10:35:50.261 [info] > git show --textconv :emojize/emojize.py [2ms]
2023-04-20 10:37:38.094 [info] > git config --local branch.main.github-pr-owner-number [3ms]
2023-04-20 10:37:38.131 [info] > git config --get commit.template [16ms]
2023-04-20 10:37:38.132 [info] > git for-each-ref --format=%(refname)%00%(upstream:short)%00%(objectname)%00%(upstream:track)%00%(upstream:remotename)%00%(upstream:remoteref) refs/heads/main refs/remotes/main [2ms]
2023-04-20 10:37:38.149 [info] > git status -z -uall [2ms]
2023-04-20 10:37:50.973 [info] > git fetch [555ms]
2023-04-20 10:37:51.014 [info] > git config --get commit.template [18ms]
2023-04-20 10:37:51.016 [info] > git for-each-ref --format=%(refname)%00%(upstream:short)%00%(objectname)%00%(upstream:track)%00%(upstream:remotename)%00%(upstream:remoteref) refs/heads/main refs/remotes/main [2ms]
2023-04-20 10:37:51.033 [info] > git status -z -uall [3ms]
2023-04-20 10:40:51.610 [info] > git fetch [554ms]
2023-04-20 10:40:51.631 [info] > git config --get commit.template [0ms]
2023-04-20 10:40:51.649 [info] > git for-each-ref --format=%(refname)%00%(upstream:short)%00%(objectname)%00%(upstream:track)%00%(upstream:remotename)%00%(upstream:remoteref) refs/heads/main refs/remotes/main [1ms]
2023-04-20 10:40:51.668 [info] > git status -z -uall [1ms]
2023-04-20 10:42:38.175 [info] > git config --local branch.main.github-pr-owner-number [1ms]
2023-04-20 10:42:38.192 [info] > git config --get commit.template [0ms]
2023-04-20 10:42:38.207 [info] > git for-each-ref --format=%(refname)%00%(upstream:short)%00%(objectname)%00%(upstream:track)%00%(upstream:remotename)%00%(upstream:remoteref) refs/heads/main refs/remotes/main [2ms]
2023-04-20 10:42:38.221 [info] > git status -z -uall [1ms]
2023-04-20 10:43:52.248 [info] > git fetch [559ms]
2023-04-20 10:43:52.286 [info] > git config --get commit.template [18ms]
2023-04-20 10:43:52.287 [info] > git for-each-ref --format=%(refname)%00%(upstream:short)%00%(objectname)%00%(upstream:track)%00%(upstream:remotename)%00%(upstream:remoteref) refs/heads/main refs/remotes/main [2ms]
2023-04-20 10:43:52.307 [info] > git status -z -uall [2ms]
2023-04-20 10:46:52.900 [info] > git fetch [569ms]
2023-04-20 10:46:52.938 [info] > git config --get commit.template [19ms]
2023-04-20 10:46:52.938 [info] > git for-each-ref --format=%(refname)%00%(upstream:short)%00%(objectname)%00%(upstream:track)%00%(upstream:remotename)%00%(upstream:remoteref) refs/heads/main refs/remotes/main [1ms]
2023-04-20 10:46:52.955 [info] > git status -z -uall [1ms]
2023-04-20 10:47:38.244 [info] > git config --local branch.main.github-pr-owner-number [0ms]
2023-04-20 10:47:38.279 [info] > git config --get commit.template [18ms]
2023-04-20 10:47:38.281 [info] > git for-each-ref --format=%(refname)%00%(upstream:short)%00%(objectname)%00%(upstream:track)%00%(upstream:remotename)%00%(upstream:remoteref) refs/heads/main refs/remotes/main [2ms]
2023-04-20 10:47:38.300 [info] > git status -z -uall [4ms]
