0 verbose cli /usr/local/bin/node /usr/local/lib/node_modules/npm/bin/npm-cli.js
1 info using npm@9.2.0
2 info using node@v19.3.0
3 timing npm:load:whichnode Completed in 0ms
4 timing config:load:defaults Completed in 2ms
5 timing config:load:file:/usr/local/lib/node_modules/npm/npmrc Completed in 1ms
6 timing config:load:builtin Completed in 1ms
7 timing config:load:cli Completed in 1ms
8 timing config:load:env Completed in 0ms
9 timing config:load:file:/workspaces/124855513/shirt/.npmrc Completed in 1ms
10 timing config:load:project Completed in 7ms
11 timing config:load:file:/home/ubuntu/.npmrc Completed in 0ms
12 timing config:load:user Completed in 1ms
13 timing config:load:file:/usr/local/etc/npmrc Completed in 0ms
14 timing config:load:global Completed in 0ms
15 timing config:load:setEnvs Completed in 1ms
16 timing config:load Completed in 14ms
17 timing npm:load:configload Completed in 14ms
18 timing npm:load:mkdirpcache Completed in 1ms
19 timing npm:load:mkdirplogs Completed in 6ms
20 verbose title npm exec cs204 2023/shirt local
21 verbose argv "exec" "--" "cs204" "2023/shirt" "local"
22 timing npm:load:setTitle Completed in 2ms
23 timing config:load:flatten Completed in 2ms
24 timing npm:load:display Completed in 3ms
25 verbose logfile logs-max:10 dir:/home/ubuntu/.npm/_logs/2023-06-10T06_47_12_358Z-
26 verbose logfile /home/ubuntu/.npm/_logs/2023-06-10T06_47_12_358Z-debug-0.log
27 timing npm:load:logFile Completed in 8ms
28 timing npm:load:timers Completed in 0ms
29 timing npm:load:configScope Completed in 0ms
30 timing npm:load Completed in 35ms
31 silly logfile start cleaning logs, removing 1 files
32 silly logfile done cleaning log files
33 timing arborist:ctor Completed in 1ms
34 http fetch GET 200 https://registry.npmjs.org/npm 156ms (cache updated)
35 http fetch GET 200 https://registry.npmjs.org/cs204 750ms (cache revalidated)
36 timing arborist:ctor Completed in 0ms
37 timing arborist:ctor Completed in 0ms
38 verbose shrinkwrap failed to load node_modules/.package-lock.json out of date, updated: node_modules
39 timing command:exec Completed in 1900ms
40 notice
40 notice New [33mminor[39m version of npm available! [31m9.2.0[39m -> [32m9.7.1[39m
40 notice Changelog: [36mhttps://github.com/npm/cli/releases/tag/v9.7.1[39m
40 notice Run [32mnpm install -g npm@9.7.1[39m to update!
40 notice
41 verbose exit 0
42 timing npm Completed in 1998ms
43 info ok
