2023-04-20 10:01:53.709 [info] Уровень ведения журнала: Info
2023-04-20 10:01:53.709 [info] Проверка найденного Git в: "git"
2023-04-20 10:01:53.709 [info] Используется Git "" из "git"
2023-04-20 10:01:53.709 [info] > git rev-parse --show-toplevel [33ms]
2023-04-20 10:01:53.709 [info] > git rev-parse --git-dir --git-common-dir [2ms]
2023-04-20 10:01:53.709 [info] Open repository: /workspaces/124855513
2023-04-20 10:01:53.709 [info] > git config --get commit.template [1ms]
2023-04-20 10:01:53.709 [info] > git rev-parse --show-toplevel [22ms]
2023-04-20 10:01:53.709 [info] > git rev-parse --show-toplevel [19ms]
2023-04-20 10:01:53.709 [info] > git rev-parse --show-toplevel [4ms]
2023-04-20 10:01:53.709 [info] > git rev-parse --show-toplevel [20ms]
2023-04-20 10:01:53.709 [info] > git for-each-ref --format=%(refname)%00%(upstream:short)%00%(objectname)%00%(upstream:track)%00%(upstream:remotename)%00%(upstream:remoteref) refs/heads/main refs/remotes/main [206ms]
2023-04-20 10:01:53.709 [info] > git status -z -uall [43ms]
2023-04-20 10:01:53.709 [info] > git config --get commit.template [25ms]
2023-04-20 10:01:53.709 [info] > git for-each-ref --format=%(refname)%00%(upstream:short)%00%(objectname)%00%(upstream:track)%00%(upstream:remotename)%00%(upstream:remoteref) refs/heads/main refs/remotes/main [5ms]
2023-04-20 10:01:53.709 [info] > git status -z -uall [19ms]
2023-04-20 10:01:53.709 [info] > git fetch [3065ms]
2023-04-20 10:01:53.709 [info] > git config --get commit.template [17ms]
2023-04-20 10:01:53.709 [info] > git for-each-ref --format=%(refname)%00%(upstream:short)%00%(objectname)%00%(upstream:track)%00%(upstream:remotename)%00%(upstream:remoteref) refs/heads/main refs/remotes/main [3ms]
2023-04-20 10:01:53.709 [info] > git status -z -uall [1ms]
2023-04-20 10:01:53.709 [info] > git add -A -- /workspaces/124855513/breakfast/breakfast.py [5ms]
2023-04-20 10:01:53.709 [info] > git config --get commit.template [15ms]
2023-04-20 10:01:53.709 [info] > git for-each-ref --format=%(refname)%00%(upstream:short)%00%(objectname)%00%(upstream:track)%00%(upstream:remotename)%00%(upstream:remoteref) refs/heads/main refs/remotes/main [4ms]
2023-04-20 10:01:53.709 [info] > git status -z -uall [2ms]
2023-04-20 10:01:53.709 [info] > git -c user.useConfigOnly=true commit --quiet --allow-empty-message --file - --allow-empty-message [14ms]
2023-04-20 10:01:53.709 [info] > git config --get commit.template [1ms]
2023-04-20 10:01:53.709 [info] > git config --get commit.template [1ms]
2023-04-20 10:01:53.709 [info] > git for-each-ref --format=%(refname)%00%(upstream:short)%00%(objectname)%00%(upstream:track)%00%(upstream:remotename)%00%(upstream:remoteref) refs/heads/main refs/remotes/main [4ms]
2023-04-20 10:01:53.709 [info] > git status -z -uall [1ms]
2023-04-20 10:01:53.804 [info] > git config --get commit.template [48ms]
2023-04-20 10:01:54.100 [info] > git show --textconv :breakfast/breakfast.py [152ms]
2023-04-20 10:01:54.101 [info] > git check-ignore -v -z --stdin [6ms]
2023-04-20 10:01:54.102 [info] > git ls-files --stage -- /workspaces/124855513/breakfast/breakfast.py [89ms]
2023-04-20 10:01:54.117 [info] > git for-each-ref --format=%(refname)%00%(upstream:short)%00%(objectname)%00%(upstream:track)%00%(upstream:remotename)%00%(upstream:remoteref) refs/heads/main refs/remotes/main [213ms]
2023-04-20 10:01:54.134 [info] > git status -z -uall [3ms]
2023-04-20 10:01:54.159 [info] > git cat-file -s 2ebcf257f952f6741bd31d9a453c6f880128a193 [44ms]
2023-04-20 10:01:54.961 [info] > git ls-files --stage -- /workspaces/124855513/breakfast/breakfast.py [118ms]
2023-04-20 10:01:55.010 [info] > git cat-file -s 2ebcf257f952f6741bd31d9a453c6f880128a193 [6ms]
2023-04-20 10:01:55.114 [info] > git push --force origin main [956ms]
2023-04-20 10:01:55.114 [info] remote: Resolving deltas:   0% (0/2)        remote: Resolving deltas:  50% (1/2)        remote: Resolving deltas: 100% (2/2)        remote: Resolving deltas: 100% (2/2), completed with 1 local object.        
To https://github.com/code50/124855513
   d77c8c9..a14b07d  main -> main
2023-04-20 10:01:55.383 [info] > git show --textconv :breakfast/breakfast.py [36ms]
2023-04-20 10:01:55.384 [info] > git for-each-ref --format=%(refname)%00%(upstream:short)%00%(objectname)%00%(upstream:track)%00%(upstream:remotename)%00%(upstream:remoteref) refs/heads/main refs/remotes/main [169ms]
2023-04-20 10:01:55.384 [info] > git config --get commit.template [222ms]
2023-04-20 10:01:55.456 [info] > git status -z -uall [50ms]
2023-04-20 10:01:55.919 [info] > git config --local branch.main.github-pr-owner-number [110ms]
2023-04-20 10:01:56.010 [info] > git config --get commit.template [52ms]
2023-04-20 10:01:56.010 [info] > git for-each-ref --format=%(refname)%00%(upstream:short)%00%(objectname)%00%(upstream:track)%00%(upstream:remotename)%00%(upstream:remoteref) refs/heads/main refs/remotes/main [17ms]
2023-04-20 10:01:56.031 [info] > git status -z -uall [3ms]
2023-04-20 10:01:57.052 [info] > git ls-files --stage -- /workspaces/124855513/breakfast/breakfast.py [16ms]
2023-04-20 10:01:57.203 [info] > git cat-file -s 2ebcf257f952f6741bd31d9a453c6f880128a193 [13ms]
2023-04-20 10:01:57.836 [info] > git show --textconv :breakfast/breakfast.py [379ms]
2023-04-20 10:01:58.443 [info] > git config --local branch.main.github-pr-owner-number [111ms]
2023-04-20 10:01:58.647 [info] > git config --get commit.template [83ms]
2023-04-20 10:01:58.748 [info] > git for-each-ref --format=%(refname)%00%(upstream:short)%00%(objectname)%00%(upstream:track)%00%(upstream:remotename)%00%(upstream:remoteref) refs/heads/main refs/remotes/main [60ms]
2023-04-20 10:01:58.975 [info] > git status -z -uall [183ms]
2023-04-20 10:02:29.050 [info] > git add -A -- /workspaces/124855513/breakfast/breakfast.py [3ms]
2023-04-20 10:02:29.072 [info] > git config --get commit.template [7ms]
2023-04-20 10:02:29.097 [info] > git for-each-ref --format=%(refname)%00%(upstream:short)%00%(objectname)%00%(upstream:track)%00%(upstream:remotename)%00%(upstream:remoteref) refs/heads/main refs/remotes/main [3ms]
2023-04-20 10:02:29.123 [info] > git status -z -uall [3ms]
2023-04-20 10:02:29.156 [info] > git -c user.useConfigOnly=true commit --quiet --allow-empty-message --file - --allow-empty-message [8ms]
2023-04-20 10:02:29.172 [info] > git config --get commit.template [2ms]
2023-04-20 10:02:29.200 [info] > git config --get commit.template [14ms]
2023-04-20 10:02:29.201 [info] > git for-each-ref --format=%(refname)%00%(upstream:short)%00%(objectname)%00%(upstream:track)%00%(upstream:remotename)%00%(upstream:remoteref) refs/heads/main refs/remotes/main [2ms]
2023-04-20 10:02:29.216 [info] > git status -z -uall [2ms]
2023-04-20 10:02:29.576 [info] > git config --local branch.main.github-pr-owner-number [29ms]
2023-04-20 10:02:29.594 [info] > git config --get commit.template [20ms]
2023-04-20 10:02:29.614 [info] > git config --get commit.template [20ms]
2023-04-20 10:02:29.649 [info] > git for-each-ref --format=%(refname)%00%(upstream:short)%00%(objectname)%00%(upstream:track)%00%(upstream:remotename)%00%(upstream:remoteref) refs/heads/main refs/remotes/main [3ms]
2023-04-20 10:02:29.664 [info] > git for-each-ref --format=%(refname)%00%(upstream:short)%00%(objectname)%00%(upstream:track)%00%(upstream:remotename)%00%(upstream:remoteref) refs/heads/main refs/remotes/main [34ms]
2023-04-20 10:02:29.687 [info] > git status -z -uall [24ms]
2023-04-20 10:02:30.814 [info] > git ls-files --stage -- /workspaces/124855513/breakfast/breakfast.py [5ms]
2023-04-20 10:02:30.842 [info] > git push --force origin main [1161ms]
2023-04-20 10:02:30.842 [info] remote: Resolving deltas:   0% (0/2)        remote: Resolving deltas:  50% (1/2)        remote: Resolving deltas: 100% (2/2)        remote: Resolving deltas: 100% (2/2), completed with 2 local objects.        
To https://github.com/code50/124855513
   a14b07d..e7f518d  main -> main
2023-04-20 10:02:30.858 [info] > git cat-file -s 92c1cfb999193b679d94614dfc68bc73f510f24c [22ms]
2023-04-20 10:02:30.875 [info] > git config --get commit.template [17ms]
2023-04-20 10:02:30.876 [info] > git for-each-ref --format=%(refname)%00%(upstream:short)%00%(objectname)%00%(upstream:track)%00%(upstream:remotename)%00%(upstream:remoteref) refs/heads/main refs/remotes/main [2ms]
2023-04-20 10:02:30.892 [info] > git status -z -uall [1ms]
2023-04-20 10:02:31.070 [info] > git show --textconv :breakfast/breakfast.py [3ms]
2023-04-20 10:02:31.217 [info] > git config --local branch.main.github-pr-owner-number [45ms]
2023-04-20 10:02:31.238 [info] > git config --get commit.template [3ms]
2023-04-20 10:02:31.262 [info] > git for-each-ref --format=%(refname)%00%(upstream:short)%00%(objectname)%00%(upstream:track)%00%(upstream:remotename)%00%(upstream:remoteref) refs/heads/main refs/remotes/main [9ms]
2023-04-20 10:02:31.286 [info] > git status -z -uall [7ms]
2023-04-20 10:02:32.141 [info] > git config --get commit.template [1ms]
2023-04-20 10:02:32.156 [info] > git for-each-ref --format=%(refname)%00%(upstream:short)%00%(objectname)%00%(upstream:track)%00%(upstream:remotename)%00%(upstream:remoteref) refs/heads/main refs/remotes/main [1ms]
2023-04-20 10:02:32.172 [info] > git status -z -uall [1ms]
2023-04-20 10:02:32.470 [info] > git ls-files --stage -- /workspaces/124855513/breakfast/breakfast.py [4ms]
2023-04-20 10:02:32.488 [info] > git cat-file -s 92c1cfb999193b679d94614dfc68bc73f510f24c [2ms]
2023-04-20 10:02:32.603 [info] > git show --textconv :breakfast/breakfast.py [3ms]
2023-04-20 10:02:37.197 [info] > git config --get commit.template [1ms]
2023-04-20 10:02:37.214 [info] > git for-each-ref --format=%(refname)%00%(upstream:short)%00%(objectname)%00%(upstream:track)%00%(upstream:remotename)%00%(upstream:remoteref) refs/heads/main refs/remotes/main [3ms]
2023-04-20 10:02:37.230 [info] > git status -z -uall [2ms]
2023-04-20 10:02:42.271 [info] > git config --get commit.template [17ms]
2023-04-20 10:02:42.272 [info] > git for-each-ref --format=%(refname)%00%(upstream:short)%00%(objectname)%00%(upstream:track)%00%(upstream:remotename)%00%(upstream:remoteref) refs/heads/main refs/remotes/main [2ms]
2023-04-20 10:02:42.291 [info] > git status -z -uall [3ms]
2023-04-20 10:02:47.334 [info] > git config --get commit.template [20ms]
2023-04-20 10:02:47.334 [info] > git for-each-ref --format=%(refname)%00%(upstream:short)%00%(objectname)%00%(upstream:track)%00%(upstream:remotename)%00%(upstream:remoteref) refs/heads/main refs/remotes/main [4ms]
2023-04-20 10:02:47.380 [info] > git status -z -uall [9ms]
2023-04-20 10:02:52.405 [info] > git config --get commit.template [1ms]
2023-04-20 10:02:52.421 [info] > git for-each-ref --format=%(refname)%00%(upstream:short)%00%(objectname)%00%(upstream:track)%00%(upstream:remotename)%00%(upstream:remoteref) refs/heads/main refs/remotes/main [1ms]
2023-04-20 10:02:52.437 [info] > git status -z -uall [2ms]
2023-04-20 10:03:00.381 [info] > git config --get commit.template [2ms]
2023-04-20 10:03:00.399 [info] > git for-each-ref --format=%(refname)%00%(upstream:short)%00%(objectname)%00%(upstream:track)%00%(upstream:remotename)%00%(upstream:remoteref) refs/heads/main refs/remotes/main [1ms]
2023-04-20 10:03:00.417 [info] > git status -z -uall [2ms]
2023-04-20 10:03:05.439 [info] > git config --get commit.template [1ms]
2023-04-20 10:03:05.456 [info] > git for-each-ref --format=%(refname)%00%(upstream:short)%00%(objectname)%00%(upstream:track)%00%(upstream:remotename)%00%(upstream:remoteref) refs/heads/main refs/remotes/main [1ms]
2023-04-20 10:03:05.473 [info] > git status -z -uall [1ms]
2023-04-20 10:03:10.496 [info] > git config --get commit.template [1ms]
2023-04-20 10:03:10.512 [info] > git for-each-ref --format=%(refname)%00%(upstream:short)%00%(objectname)%00%(upstream:track)%00%(upstream:remotename)%00%(upstream:remoteref) refs/heads/main refs/remotes/main [2ms]
2023-04-20 10:03:10.528 [info] > git status -z -uall [2ms]
2023-04-20 10:03:18.161 [info] > git config --get commit.template [1ms]
2023-04-20 10:03:18.177 [info] > git for-each-ref --format=%(refname)%00%(upstream:short)%00%(objectname)%00%(upstream:track)%00%(upstream:remotename)%00%(upstream:remoteref) refs/heads/main refs/remotes/main [1ms]
2023-04-20 10:03:18.208 [info] > git status -z -uall [15ms]
2023-04-20 10:03:27.647 [info] > git config --get commit.template [18ms]
2023-04-20 10:03:27.697 [info] > git for-each-ref --format=%(refname)%00%(upstream:short)%00%(objectname)%00%(upstream:track)%00%(upstream:remotename)%00%(upstream:remoteref) refs/heads/main refs/remotes/main [11ms]
2023-04-20 10:03:27.724 [info] > git status -z -uall [7ms]
2023-04-20 10:03:34.188 [info] > git config --get commit.template [20ms]
2023-04-20 10:03:34.190 [info] > git for-each-ref --format=%(refname)%00%(upstream:short)%00%(objectname)%00%(upstream:track)%00%(upstream:remotename)%00%(upstream:remoteref) refs/heads/main refs/remotes/main [4ms]
2023-04-20 10:03:34.222 [info] > git status -z -uall [16ms]
2023-04-20 10:03:39.246 [info] > git config --get commit.template [1ms]
2023-04-20 10:03:39.263 [info] > git for-each-ref --format=%(refname)%00%(upstream:short)%00%(objectname)%00%(upstream:track)%00%(upstream:remotename)%00%(upstream:remoteref) refs/heads/main refs/remotes/main [1ms]
2023-04-20 10:03:39.281 [info] > git status -z -uall [2ms]
2023-04-20 10:03:44.379 [info] > git for-each-ref --format=%(refname)%00%(upstream:short)%00%(objectname)%00%(upstream:track)%00%(upstream:remotename)%00%(upstream:remoteref) refs/heads/main refs/remotes/main [7ms]
2023-04-20 10:03:44.379 [info] > git config --get commit.template [35ms]
2023-04-20 10:03:44.416 [info] > git status -z -uall [14ms]
2023-04-20 10:03:49.440 [info] > git config --get commit.template [2ms]
2023-04-20 10:03:49.456 [info] > git for-each-ref --format=%(refname)%00%(upstream:short)%00%(objectname)%00%(upstream:track)%00%(upstream:remotename)%00%(upstream:remoteref) refs/heads/main refs/remotes/main [1ms]
2023-04-20 10:03:49.473 [info] > git status -z -uall [2ms]
2023-04-20 10:03:54.496 [info] > git config --get commit.template [0ms]
2023-04-20 10:03:54.512 [info] > git for-each-ref --format=%(refname)%00%(upstream:short)%00%(objectname)%00%(upstream:track)%00%(upstream:remotename)%00%(upstream:remoteref) refs/heads/main refs/remotes/main [1ms]
2023-04-20 10:03:54.529 [info] > git status -z -uall [1ms]
2023-04-20 10:03:58.901 [info] > git fetch [556ms]
2023-04-20 10:03:58.935 [info] > git config --get commit.template [16ms]
2023-04-20 10:03:58.937 [info] > git for-each-ref --format=%(refname)%00%(upstream:short)%00%(objectname)%00%(upstream:track)%00%(upstream:remotename)%00%(upstream:remoteref) refs/heads/main refs/remotes/main [3ms]
2023-04-20 10:03:58.952 [info] > git status -z -uall [1ms]
2023-04-20 10:03:59.551 [info] > git config --get commit.template [1ms]
2023-04-20 10:03:59.568 [info] > git for-each-ref --format=%(refname)%00%(upstream:short)%00%(objectname)%00%(upstream:track)%00%(upstream:remotename)%00%(upstream:remoteref) refs/heads/main refs/remotes/main [2ms]
2023-04-20 10:03:59.587 [info] > git status -z -uall [3ms]
2023-04-20 10:04:00.149 [info] > git ls-files --stage -- /workspaces/124855513/breakfast/breakfast.py [2ms]
2023-04-20 10:04:00.166 [info] > git cat-file -s 92c1cfb999193b679d94614dfc68bc73f510f24c [2ms]
2023-04-20 10:04:00.385 [info] > git show --textconv :breakfast/breakfast.py [2ms]
2023-04-20 10:04:01.276 [info] > git ls-files --stage -- /workspaces/124855513/breakfast/breakfast.py [7ms]
2023-04-20 10:04:01.296 [info] > git cat-file -s 92c1cfb999193b679d94614dfc68bc73f510f24c [2ms]
2023-04-20 10:04:01.439 [info] > git show --textconv :breakfast/breakfast.py [0ms]
2023-04-20 10:04:04.609 [info] > git config --get commit.template [1ms]
2023-04-20 10:04:04.626 [info] > git for-each-ref --format=%(refname)%00%(upstream:short)%00%(objectname)%00%(upstream:track)%00%(upstream:remotename)%00%(upstream:remoteref) refs/heads/main refs/remotes/main [2ms]
2023-04-20 10:04:04.641 [info] > git status -z -uall [2ms]
2023-04-20 10:04:09.664 [info] > git config --get commit.template [2ms]
2023-04-20 10:04:09.680 [info] > git for-each-ref --format=%(refname)%00%(upstream:short)%00%(objectname)%00%(upstream:track)%00%(upstream:remotename)%00%(upstream:remoteref) refs/heads/main refs/remotes/main [1ms]
2023-04-20 10:04:09.697 [info] > git status -z -uall [3ms]
2023-04-20 10:04:16.169 [info] > git config --get commit.template [17ms]
2023-04-20 10:04:16.170 [info] > git for-each-ref --format=%(refname)%00%(upstream:short)%00%(objectname)%00%(upstream:track)%00%(upstream:remotename)%00%(upstream:remoteref) refs/heads/main refs/remotes/main [2ms]
2023-04-20 10:04:16.187 [info] > git status -z -uall [3ms]
2023-04-20 10:04:21.224 [info] > git config --get commit.template [17ms]
2023-04-20 10:04:21.225 [info] > git for-each-ref --format=%(refname)%00%(upstream:short)%00%(objectname)%00%(upstream:track)%00%(upstream:remotename)%00%(upstream:remoteref) refs/heads/main refs/remotes/main [2ms]
2023-04-20 10:04:21.244 [info] > git status -z -uall [0ms]
2023-04-20 10:04:26.267 [info] > git config --get commit.template [1ms]
2023-04-20 10:04:26.285 [info] > git for-each-ref --format=%(refname)%00%(upstream:short)%00%(objectname)%00%(upstream:track)%00%(upstream:remotename)%00%(upstream:remoteref) refs/heads/main refs/remotes/main [3ms]
2023-04-20 10:04:26.321 [info] > git status -z -uall [21ms]
2023-04-20 10:04:31.421 [info] > git config --get commit.template [2ms]
2023-04-20 10:04:31.437 [info] > git for-each-ref --format=%(refname)%00%(upstream:short)%00%(objectname)%00%(upstream:track)%00%(upstream:remotename)%00%(upstream:remoteref) refs/heads/main refs/remotes/main [1ms]
2023-04-20 10:04:31.452 [info] > git status -z -uall [1ms]
2023-04-20 10:04:36.475 [info] > git config --get commit.template [2ms]
2023-04-20 10:04:36.496 [info] > git for-each-ref --format=%(refname)%00%(upstream:short)%00%(objectname)%00%(upstream:track)%00%(upstream:remotename)%00%(upstream:remoteref) refs/heads/main refs/remotes/main [3ms]
2023-04-20 10:04:36.513 [info] > git status -z -uall [2ms]
2023-04-20 10:04:41.536 [info] > git config --get commit.template [1ms]
2023-04-20 10:04:41.551 [info] > git for-each-ref --format=%(refname)%00%(upstream:short)%00%(objectname)%00%(upstream:track)%00%(upstream:remotename)%00%(upstream:remoteref) refs/heads/main refs/remotes/main [2ms]
2023-04-20 10:04:41.566 [info] > git status -z -uall [1ms]
2023-04-20 10:04:51.448 [info] > git config --get commit.template [1ms]
2023-04-20 10:04:51.467 [info] > git for-each-ref --format=%(refname)%00%(upstream:short)%00%(objectname)%00%(upstream:track)%00%(upstream:remotename)%00%(upstream:remoteref) refs/heads/main refs/remotes/main [1ms]
2023-04-20 10:04:51.484 [info] > git status -z -uall [2ms]
2023-04-20 10:04:56.523 [info] > git config --get commit.template [18ms]
2023-04-20 10:04:56.525 [info] > git for-each-ref --format=%(refname)%00%(upstream:short)%00%(objectname)%00%(upstream:track)%00%(upstream:remotename)%00%(upstream:remoteref) refs/heads/main refs/remotes/main [3ms]
2023-04-20 10:04:56.546 [info] > git status -z -uall [3ms]
2023-04-20 10:05:26.586 [info] > git add -A -- /workspaces/124855513/breakfast/breakfast.py [6ms]
2023-04-20 10:05:26.604 [info] > git config --get commit.template [1ms]
2023-04-20 10:05:26.619 [info] > git for-each-ref --format=%(refname)%00%(upstream:short)%00%(objectname)%00%(upstream:track)%00%(upstream:remotename)%00%(upstream:remoteref) refs/heads/main refs/remotes/main [3ms]
2023-04-20 10:05:26.635 [info] > git status -z -uall [3ms]
2023-04-20 10:05:26.666 [info] > git -c user.useConfigOnly=true commit --quiet --allow-empty-message --file - --allow-empty-message [7ms]
2023-04-20 10:05:26.683 [info] > git config --get commit.template [2ms]
2023-04-20 10:05:26.718 [info] > git for-each-ref --format=%(refname)%00%(upstream:short)%00%(objectname)%00%(upstream:track)%00%(upstream:remotename)%00%(upstream:remoteref) refs/heads/main refs/remotes/main [4ms]
2023-04-20 10:05:26.718 [info] > git config --get commit.template [18ms]
2023-04-20 10:05:26.744 [info] > git status -z -uall [13ms]
2023-04-20 10:05:27.287 [info] > git config --local branch.main.github-pr-owner-number [63ms]
2023-04-20 10:05:27.306 [info] > git config --get commit.template [20ms]
2023-04-20 10:05:27.306 [info] > git config --get commit.template [2ms]
2023-04-20 10:05:27.344 [info] > git for-each-ref --format=%(refname)%00%(upstream:short)%00%(objectname)%00%(upstream:track)%00%(upstream:remotename)%00%(upstream:remoteref) refs/heads/main refs/remotes/main [9ms]
2023-04-20 10:05:27.362 [info] > git for-each-ref --format=%(refname)%00%(upstream:short)%00%(objectname)%00%(upstream:track)%00%(upstream:remotename)%00%(upstream:remoteref) refs/heads/main refs/remotes/main [41ms]
2023-04-20 10:05:27.389 [info] > git status -z -uall [28ms]
2023-04-20 10:05:28.116 [info] > git ls-files --stage -- /workspaces/124855513/breakfast/breakfast.py [2ms]
2023-04-20 10:05:28.134 [info] > git cat-file -s 0b85f32564556400079a69e1564d3f37dc702507 [1ms]
2023-04-20 10:05:28.249 [info] > git show --textconv :breakfast/breakfast.py [2ms]
2023-04-20 10:05:28.290 [info] > git push --force origin main [905ms]
2023-04-20 10:05:28.290 [info] remote: Resolving deltas:   0% (0/2)        remote: Resolving deltas:  50% (1/2)        remote: Resolving deltas: 100% (2/2)        remote: Resolving deltas: 100% (2/2), completed with 2 local objects.        
To https://github.com/code50/124855513
   e7f518d..0365826  main -> main
2023-04-20 10:05:28.311 [info] > git config --get commit.template [1ms]
2023-04-20 10:05:28.327 [info] > git for-each-ref --format=%(refname)%00%(upstream:short)%00%(objectname)%00%(upstream:track)%00%(upstream:remotename)%00%(upstream:remoteref) refs/heads/main refs/remotes/main [2ms]
2023-04-20 10:05:28.343 [info] > git status -z -uall [1ms]
2023-04-20 10:05:28.554 [info] > git config --local branch.main.github-pr-owner-number [41ms]
2023-04-20 10:05:28.575 [info] > git config --get commit.template [2ms]
2023-04-20 10:05:28.599 [info] > git for-each-ref --format=%(refname)%00%(upstream:short)%00%(objectname)%00%(upstream:track)%00%(upstream:remotename)%00%(upstream:remoteref) refs/heads/main refs/remotes/main [9ms]
2023-04-20 10:05:28.617 [info] > git status -z -uall [2ms]
2023-04-20 10:05:29.708 [info] > git config --get commit.template [32ms]
2023-04-20 10:05:29.710 [info] > git for-each-ref --format=%(refname)%00%(upstream:short)%00%(objectname)%00%(upstream:track)%00%(upstream:remotename)%00%(upstream:remoteref) refs/heads/main refs/remotes/main [3ms]
2023-04-20 10:05:29.735 [info] > git status -z -uall [3ms]
2023-04-20 10:05:31.757 [info] > git ls-files --stage -- /workspaces/124855513/breakfast/breakfast.py [1ms]
2023-04-20 10:05:31.774 [info] > git cat-file -s 0b85f32564556400079a69e1564d3f37dc702507 [1ms]
2023-04-20 10:05:32.021 [info] > git show --textconv :breakfast/breakfast.py [3ms]
2023-04-20 10:06:29.537 [info] > git config --get commit.template [3ms]
2023-04-20 10:06:29.553 [info] > git for-each-ref --format=%(refname)%00%(upstream:short)%00%(objectname)%00%(upstream:track)%00%(upstream:remotename)%00%(upstream:remoteref) refs/heads/main refs/remotes/main [2ms]
2023-04-20 10:06:29.568 [info] > git status -z -uall [2ms]
2023-04-20 10:06:54.941 [info] > git config --local branch.main.github-pr-owner-number [1ms]
2023-04-20 10:06:54.970 [info] > git config --get commit.template [14ms]
2023-04-20 10:06:54.971 [info] > git for-each-ref --format=%(refname)%00%(upstream:short)%00%(objectname)%00%(upstream:track)%00%(upstream:remotename)%00%(upstream:remoteref) refs/heads/main refs/remotes/main [2ms]
2023-04-20 10:06:54.990 [info] > git status -z -uall [3ms]
2023-04-20 10:07:00.237 [info] > git fetch [600ms]
2023-04-20 10:07:00.275 [info] > git for-each-ref --format=%(refname)%00%(upstream:short)%00%(objectname)%00%(upstream:track)%00%(upstream:remotename)%00%(upstream:remoteref) refs/heads/main refs/remotes/main [1ms]
2023-04-20 10:07:00.275 [info] > git config --get commit.template [20ms]
2023-04-20 10:07:00.294 [info] > git status -z -uall [3ms]
2023-04-20 10:07:01.460 [info] > git config --get commit.template [18ms]
2023-04-20 10:07:01.462 [info] > git for-each-ref --format=%(refname)%00%(upstream:short)%00%(objectname)%00%(upstream:track)%00%(upstream:remotename)%00%(upstream:remoteref) refs/heads/main refs/remotes/main [5ms]
2023-04-20 10:07:01.479 [info] > git status -z -uall [2ms]
2023-04-20 10:07:13.136 [info] > git config --get commit.template [1ms]
2023-04-20 10:07:13.153 [info] > git for-each-ref --format=%(refname)%00%(upstream:short)%00%(objectname)%00%(upstream:track)%00%(upstream:remotename)%00%(upstream:remoteref) refs/heads/main refs/remotes/main [1ms]
2023-04-20 10:07:13.170 [info] > git status -z -uall [2ms]
2023-04-20 10:07:43.095 [info] > git check-ignore -v -z --stdin [42ms]
2023-04-20 10:07:43.096 [info] > git show --textconv :breakfast/breakfast.pe [23ms]
2023-04-20 10:07:43.096 [info] > git ls-files --stage -- /workspaces/124855513/breakfast/breakfast.pe [3ms]
2023-04-20 10:07:43.192 [info] > git add -A -- /workspaces/124855513/breakfast/breakfast.py [3ms]
2023-04-20 10:07:43.228 [info] > git config --get commit.template [18ms]
2023-04-20 10:07:43.228 [info] > git for-each-ref --format=%(refname)%00%(upstream:short)%00%(objectname)%00%(upstream:track)%00%(upstream:remotename)%00%(upstream:remoteref) refs/heads/main refs/remotes/main [1ms]
2023-04-20 10:07:43.246 [info] > git status -z -uall [2ms]
2023-04-20 10:07:43.285 [info] > git -c user.useConfigOnly=true commit --quiet --allow-empty-message --file - --allow-empty-message [13ms]
2023-04-20 10:07:43.304 [info] > git config --get commit.template [2ms]
2023-04-20 10:07:43.343 [info] > git config --get commit.template [20ms]
2023-04-20 10:07:43.344 [info] > git for-each-ref --format=%(refname)%00%(upstream:short)%00%(objectname)%00%(upstream:track)%00%(upstream:remotename)%00%(upstream:remoteref) refs/heads/main refs/remotes/main [2ms]
2023-04-20 10:07:43.363 [info] > git status -z -uall [3ms]
2023-04-20 10:07:43.458 [info] > git config --get commit.template [20ms]
2023-04-20 10:07:43.458 [info] > git for-each-ref --format=%(refname)%00%(upstream:short)%00%(objectname)%00%(upstream:track)%00%(upstream:remotename)%00%(upstream:remoteref) refs/heads/main refs/remotes/main [2ms]
2023-04-20 10:07:43.484 [info] > git status -z -uall [9ms]
2023-04-20 10:07:43.838 [info] > git config --local branch.main.github-pr-owner-number [56ms]
2023-04-20 10:07:43.863 [info] > git config --get commit.template [27ms]
2023-04-20 10:07:43.864 [info] > git config --get commit.template [3ms]
2023-04-20 10:07:43.925 [info] > git for-each-ref --format=%(refname)%00%(upstream:short)%00%(objectname)%00%(upstream:track)%00%(upstream:remotename)%00%(upstream:remoteref) refs/heads/main refs/remotes/main [11ms]
2023-04-20 10:07:43.944 [info] > git for-each-ref --format=%(refname)%00%(upstream:short)%00%(objectname)%00%(upstream:track)%00%(upstream:remotename)%00%(upstream:remoteref) refs/heads/main refs/remotes/main [61ms]
2023-04-20 10:07:43.966 [info] > git status -z -uall [22ms]
2023-04-20 10:07:44.822 [info] > git ls-files --stage -- /workspaces/124855513/breakfast/breakfast.pe [1ms]
2023-04-20 10:07:44.963 [info] > git push --force origin main [999ms]
2023-04-20 10:07:44.963 [info] remote: Resolving deltas:   0% (0/1)        remote: Resolving deltas: 100% (1/1)        remote: Resolving deltas: 100% (1/1), completed with 1 local object.        
To https://github.com/code50/124855513
   0365826..fe51f97  main -> main
2023-04-20 10:07:45.000 [info] > git show --textconv :breakfast/breakfast.pe [3ms]
2023-04-20 10:07:45.001 [info] > git config --get commit.template [20ms]
2023-04-20 10:07:45.021 [info] > git for-each-ref --format=%(refname)%00%(upstream:short)%00%(objectname)%00%(upstream:track)%00%(upstream:remotename)%00%(upstream:remoteref) refs/heads/main refs/remotes/main [2ms]
2023-04-20 10:07:45.039 [info] > git status -z -uall [1ms]
2023-04-20 10:07:45.364 [info] > git config --local branch.main.github-pr-owner-number [41ms]
2023-04-20 10:07:45.383 [info] > git config --get commit.template [2ms]
2023-04-20 10:07:45.407 [info] > git for-each-ref --format=%(refname)%00%(upstream:short)%00%(objectname)%00%(upstream:track)%00%(upstream:remotename)%00%(upstream:remoteref) refs/heads/main refs/remotes/main [9ms]
2023-04-20 10:07:45.427 [info] > git status -z -uall [1ms]
2023-04-20 10:07:46.705 [info] > git ls-files --stage -- /workspaces/124855513/breakfast/breakfast.pe [1ms]
2023-04-20 10:07:46.865 [info] > git show --textconv :breakfast/breakfast.pe [2ms]
2023-04-20 10:07:48.523 [info] > git config --get commit.template [16ms]
2023-04-20 10:07:48.526 [info] > git for-each-ref --format=%(refname)%00%(upstream:short)%00%(objectname)%00%(upstream:track)%00%(upstream:remotename)%00%(upstream:remoteref) refs/heads/main refs/remotes/main [3ms]
2023-04-20 10:07:48.541 [info] > git status -z -uall [2ms]
2023-04-20 10:07:55.586 [info] > git show --textconv :breakfast/breakfast.py [18ms]
2023-04-20 10:07:55.588 [info] > git ls-files --stage -- /workspaces/124855513/breakfast/breakfast.py [3ms]
2023-04-20 10:07:55.794 [info] > git config --get commit.template [4ms]
2023-04-20 10:07:55.812 [info] > git for-each-ref --format=%(refname)%00%(upstream:short)%00%(objectname)%00%(upstream:track)%00%(upstream:remotename)%00%(upstream:remoteref) refs/heads/main refs/remotes/main [2ms]
2023-04-20 10:07:55.833 [info] > git status -z -uall [1ms]
2023-04-20 10:08:00.856 [info] > git config --get commit.template [1ms]
2023-04-20 10:08:00.890 [info] > git for-each-ref --format=%(refname)%00%(upstream:short)%00%(objectname)%00%(upstream:track)%00%(upstream:remotename)%00%(upstream:remoteref) refs/heads/main refs/remotes/main [15ms]
2023-04-20 10:08:00.908 [info] > git status -z -uall [2ms]
2023-04-20 10:08:30.934 [info] > git add -A -- /workspaces/124855513/breakfast/breakfast.py [3ms]
2023-04-20 10:08:30.956 [info] > git config --get commit.template [2ms]
2023-04-20 10:08:30.974 [info] > git for-each-ref --format=%(refname)%00%(upstream:short)%00%(objectname)%00%(upstream:track)%00%(upstream:remotename)%00%(upstream:remoteref) refs/heads/main refs/remotes/main [1ms]
2023-04-20 10:08:30.991 [info] > git status -z -uall [2ms]
2023-04-20 10:08:31.018 [info] > git -c user.useConfigOnly=true commit --quiet --allow-empty-message --file - --allow-empty-message [7ms]
2023-04-20 10:08:31.037 [info] > git config --get commit.template [1ms]
2023-04-20 10:08:31.057 [info] > git config --get commit.template [2ms]
2023-04-20 10:08:31.075 [info] > git for-each-ref --format=%(refname)%00%(upstream:short)%00%(objectname)%00%(upstream:track)%00%(upstream:remotename)%00%(upstream:remoteref) refs/heads/main refs/remotes/main [0ms]
2023-04-20 10:08:31.093 [info] > git status -z -uall [1ms]
2023-04-20 10:08:31.488 [info] > git config --local branch.main.github-pr-owner-number [56ms]
2023-04-20 10:08:31.507 [info] > git config --get commit.template [22ms]
2023-04-20 10:08:31.511 [info] > git config --get commit.template [4ms]
2023-04-20 10:08:31.567 [info] > git for-each-ref --format=%(refname)%00%(upstream:short)%00%(objectname)%00%(upstream:track)%00%(upstream:remotename)%00%(upstream:remoteref) refs/heads/main refs/remotes/main [40ms]
2023-04-20 10:08:31.601 [info] > git for-each-ref --format=%(refname)%00%(upstream:short)%00%(objectname)%00%(upstream:track)%00%(upstream:remotename)%00%(upstream:remoteref) refs/heads/main refs/remotes/main [40ms]
2023-04-20 10:08:31.641 [info] > git status -z -uall [6ms]
2023-04-20 10:08:32.511 [info] > git push --force origin main [916ms]
2023-04-20 10:08:32.511 [info] To https://github.com/code50/124855513
   fe51f97..2284474  main -> main
2023-04-20 10:08:32.531 [info] > git config --get commit.template [1ms]
2023-04-20 10:08:32.551 [info] > git for-each-ref --format=%(refname)%00%(upstream:short)%00%(objectname)%00%(upstream:track)%00%(upstream:remotename)%00%(upstream:remoteref) refs/heads/main refs/remotes/main [2ms]
2023-04-20 10:08:32.571 [info] > git status -z -uall [2ms]
2023-04-20 10:08:32.854 [info] > git config --local branch.main.github-pr-owner-number [44ms]
2023-04-20 10:08:32.874 [info] > git config --get commit.template [2ms]
2023-04-20 10:08:32.900 [info] > git for-each-ref --format=%(refname)%00%(upstream:short)%00%(objectname)%00%(upstream:track)%00%(upstream:remotename)%00%(upstream:remoteref) refs/heads/main refs/remotes/main [9ms]
2023-04-20 10:08:32.920 [info] > git status -z -uall [3ms]
2023-04-20 10:08:34.315 [info] > git ls-files --stage -- /workspaces/124855513/breakfast/breakfast.py [2ms]
2023-04-20 10:08:34.333 [info] > git cat-file -s 0b85f32564556400079a69e1564d3f37dc702507 [2ms]
2023-04-20 10:08:34.576 [info] > git show --textconv :breakfast/breakfast.py [3ms]
2023-04-20 10:09:42.579 [info] > git config --get commit.template [19ms]
2023-04-20 10:09:42.580 [info] > git for-each-ref --format=%(refname)%00%(upstream:short)%00%(objectname)%00%(upstream:track)%00%(upstream:remotename)%00%(upstream:remoteref) refs/heads/main refs/remotes/main [2ms]
2023-04-20 10:09:42.596 [info] > git status -z -uall [2ms]
2023-04-20 10:10:00.894 [info] > git fetch [580ms]
2023-04-20 10:10:00.936 [info] > git config --get commit.template [25ms]
2023-04-20 10:10:00.972 [info] > git for-each-ref --format=%(refname)%00%(upstream:short)%00%(objectname)%00%(upstream:track)%00%(upstream:remotename)%00%(upstream:remoteref) refs/heads/main refs/remotes/main [14ms]
2023-04-20 10:10:01.008 [info] > git status -z -uall [12ms]
2023-04-20 10:10:02.100 [info] > git config --get commit.template [1ms]
2023-04-20 10:10:02.118 [info] > git for-each-ref --format=%(refname)%00%(upstream:short)%00%(objectname)%00%(upstream:track)%00%(upstream:remotename)%00%(upstream:remoteref) refs/heads/main refs/remotes/main [1ms]
2023-04-20 10:10:02.135 [info] > git status -z -uall [2ms]
2023-04-20 10:10:28.013 [info] > git config --get commit.template [1ms]
2023-04-20 10:10:28.030 [info] > git for-each-ref --format=%(refname)%00%(upstream:short)%00%(objectname)%00%(upstream:track)%00%(upstream:remotename)%00%(upstream:remoteref) refs/heads/main refs/remotes/main [1ms]
2023-04-20 10:10:28.045 [info] > git status -z -uall [1ms]
2023-04-20 10:10:53.286 [info] > git show --textconv :breakfast/breakfast.py [18ms]
2023-04-20 10:10:53.287 [info] > git ls-files --stage -- /workspaces/124855513/breakfast/breakfast.py [3ms]
2023-04-20 10:10:53.318 [info] > git cat-file -s 0b85f32564556400079a69e1564d3f37dc702507 [16ms]
2023-04-20 10:10:53.319 [info] > git config --get commit.template [2ms]
2023-04-20 10:10:53.334 [info] > git for-each-ref --format=%(refname)%00%(upstream:short)%00%(objectname)%00%(upstream:track)%00%(upstream:remotename)%00%(upstream:remoteref) refs/heads/main refs/remotes/main [2ms]
2023-04-20 10:10:53.348 [info] > git status -z -uall [2ms]
2023-04-20 10:10:59.288 [info] > git config --get commit.template [17ms]
2023-04-20 10:10:59.289 [info] > git for-each-ref --format=%(refname)%00%(upstream:short)%00%(objectname)%00%(upstream:track)%00%(upstream:remotename)%00%(upstream:remoteref) refs/heads/main refs/remotes/main [2ms]
2023-04-20 10:10:59.306 [info] > git status -z -uall [2ms]
2023-04-20 10:11:33.050 [info] > git config --get commit.template [17ms]
2023-04-20 10:11:33.050 [info] > git for-each-ref --format=%(refname)%00%(upstream:short)%00%(objectname)%00%(upstream:track)%00%(upstream:remotename)%00%(upstream:remoteref) refs/heads/main refs/remotes/main [2ms]
2023-04-20 10:11:33.067 [info] > git status -z -uall [1ms]
2023-04-20 10:11:55.012 [info] > git config --local branch.main.github-pr-owner-number [1ms]
2023-04-20 10:11:55.029 [info] > git config --get commit.template [0ms]
2023-04-20 10:11:55.048 [info] > git for-each-ref --format=%(refname)%00%(upstream:short)%00%(objectname)%00%(upstream:track)%00%(upstream:remotename)%00%(upstream:remoteref) refs/heads/main refs/remotes/main [1ms]
2023-04-20 10:11:55.081 [info] > git status -z -uall [3ms]
2023-04-20 10:12:25.108 [info] > git add -A -- /workspaces/124855513/breakfast/breakfast.py [4ms]
2023-04-20 10:12:25.143 [info] > git config --get commit.template [18ms]
2023-04-20 10:12:25.144 [info] > git for-each-ref --format=%(refname)%00%(upstream:short)%00%(objectname)%00%(upstream:track)%00%(upstream:remotename)%00%(upstream:remoteref) refs/heads/main refs/remotes/main [2ms]
2023-04-20 10:12:25.160 [info] > git status -z -uall [1ms]
2023-04-20 10:12:25.189 [info] > git -c user.useConfigOnly=true commit --quiet --allow-empty-message --file - --allow-empty-message [9ms]
2023-04-20 10:12:25.211 [info] > git config --get commit.template [2ms]
2023-04-20 10:12:25.252 [info] > git config --get commit.template [16ms]
2023-04-20 10:12:25.254 [info] > git for-each-ref --format=%(refname)%00%(upstream:short)%00%(objectname)%00%(upstream:track)%00%(upstream:remotename)%00%(upstream:remoteref) refs/heads/main refs/remotes/main [3ms]
2023-04-20 10:12:25.270 [info] > git status -z -uall [3ms]
2023-04-20 10:12:26.053 [info] > git config --local branch.main.github-pr-owner-number [60ms]
2023-04-20 10:12:26.071 [info] > git config --get commit.template [19ms]
2023-04-20 10:12:26.092 [info] > git config --get commit.template [21ms]
2023-04-20 10:12:26.122 [info] > git for-each-ref --format=%(refname)%00%(upstream:short)%00%(objectname)%00%(upstream:track)%00%(upstream:remotename)%00%(upstream:remoteref) refs/heads/main refs/remotes/main [17ms]
2023-04-20 10:12:26.138 [info] > git for-each-ref --format=%(refname)%00%(upstream:short)%00%(objectname)%00%(upstream:track)%00%(upstream:remotename)%00%(upstream:remoteref) refs/heads/main refs/remotes/main [48ms]
2023-04-20 10:12:26.160 [info] > git status -z -uall [23ms]
2023-04-20 10:12:27.021 [info] > git push --force origin main [864ms]
2023-04-20 10:12:27.021 [info] remote: Resolving deltas:   0% (0/2)        remote: Resolving deltas:  50% (1/2)        remote: Resolving deltas: 100% (2/2)        remote: Resolving deltas: 100% (2/2), completed with 2 local objects.        
To https://github.com/code50/124855513
   2284474..b4827a8  main -> main
2023-04-20 10:12:27.055 [info] > git config --get commit.template [15ms]
2023-04-20 10:12:27.056 [info] > git for-each-ref --format=%(refname)%00%(upstream:short)%00%(objectname)%00%(upstream:track)%00%(upstream:remotename)%00%(upstream:remoteref) refs/heads/main refs/remotes/main [2ms]
2023-04-20 10:12:27.073 [info] > git status -z -uall [2ms]
2023-04-20 10:12:27.377 [info] > git config --local branch.main.github-pr-owner-number [40ms]
2023-04-20 10:12:27.396 [info] > git config --get commit.template [2ms]
2023-04-20 10:12:27.418 [info] > git for-each-ref --format=%(refname)%00%(upstream:short)%00%(objectname)%00%(upstream:track)%00%(upstream:remotename)%00%(upstream:remoteref) refs/heads/main refs/remotes/main [8ms]
2023-04-20 10:12:27.435 [info] > git status -z -uall [2ms]
2023-04-20 10:12:32.882 [info] > git ls-files --stage -- /workspaces/124855513/breakfast/breakfast.py [3ms]
2023-04-20 10:12:32.897 [info] > git cat-file -s 0847e3b550e8db67141c73a9a6187be974582f28 [1ms]
2023-04-20 10:12:33.036 [info] > git show --textconv :breakfast/breakfast.py [1ms]
2023-04-20 10:13:01.687 [info] > git fetch [656ms]
2023-04-20 10:13:01.723 [info] > git for-each-ref --format=%(refname)%00%(upstream:short)%00%(objectname)%00%(upstream:track)%00%(upstream:remotename)%00%(upstream:remoteref) refs/heads/main refs/remotes/main [2ms]
2023-04-20 10:13:01.723 [info] > git config --get commit.template [18ms]
2023-04-20 10:13:01.738 [info] > git status -z -uall [1ms]
2023-04-20 10:13:02.903 [info] > git config --get commit.template [17ms]
2023-04-20 10:13:02.904 [info] > git for-each-ref --format=%(refname)%00%(upstream:short)%00%(objectname)%00%(upstream:track)%00%(upstream:remotename)%00%(upstream:remoteref) refs/heads/main refs/remotes/main [1ms]
2023-04-20 10:13:02.920 [info] > git status -z -uall [2ms]
2023-04-20 10:13:03.222 [info] > git ls-files --stage -- /workspaces/124855513/breakfast/breakfast.py [1ms]
2023-04-20 10:13:03.243 [info] > git cat-file -s 0847e3b550e8db67141c73a9a6187be974582f28 [3ms]
2023-04-20 10:13:03.373 [info] > git show --textconv :breakfast/breakfast.py [1ms]
2023-04-20 10:16:55.104 [info] > git config --local branch.main.github-pr-owner-number [2ms]
2023-04-20 10:16:55.136 [info] > git for-each-ref --format=%(refname)%00%(upstream:short)%00%(objectname)%00%(upstream:track)%00%(upstream:remotename)%00%(upstream:remoteref) refs/heads/main refs/remotes/main [0ms]
2023-04-20 10:16:55.136 [info] > git config --get commit.template [17ms]
2023-04-20 10:16:55.152 [info] > git status -z -uall [2ms]
