2023-06-01 10:32:56.595 [info] Уровень ведения журнала: Info
2023-06-01 10:32:56.595 [info] Проверка найденного Git в: "git"
2023-06-01 10:32:56.595 [info] Используется Git "2.34.1" из "git"
2023-06-01 10:32:56.595 [info] > git rev-parse --show-toplevel [1994ms]
2023-06-01 10:32:56.695 [info] > git rev-parse --git-dir --git-common-dir [108ms]
2023-06-01 10:32:56.736 [info] Open repository: /workspaces/124855513
2023-06-01 10:32:57.138 [info] > git config --get commit.template [361ms]
2023-06-01 10:32:57.138 [info] > git rev-parse --show-toplevel [380ms]
2023-06-01 10:32:57.211 [info] > git rev-parse --show-toplevel [51ms]
2023-06-01 10:32:57.297 [info] > git for-each-ref --format=%(refname)%00%(upstream:short)%00%(objectname)%00%(upstream:track)%00%(upstream:remotename)%00%(upstream:remoteref) refs/heads/main refs/remotes/main [37ms]
2023-06-01 10:32:57.316 [info] > git rev-parse --show-toplevel [84ms]
2023-06-01 10:32:57.349 [info] > git status -z -uall [34ms]
2023-06-01 10:32:57.573 [info] > git config --get commit.template [184ms]
2023-06-01 10:32:57.620 [info] > git for-each-ref --format=%(refname)%00%(upstream:short)%00%(objectname)%00%(upstream:track)%00%(upstream:remotename)%00%(upstream:remoteref) refs/heads/main refs/remotes/main [16ms]
2023-06-01 10:32:57.718 [info] > git status -z -uall [64ms]
2023-06-01 10:32:57.896 [info] > git check-ignore -v -z --stdin [191ms]
2023-06-01 10:33:01.340 [info] > git config --local branch.main.github-pr-owner-number [2536ms]
2023-06-01 10:33:01.510 [info] > git fetch [4776ms]
2023-06-01 10:33:01.546 [info] > git config --get commit.template [58ms]
2023-06-01 10:33:01.644 [info] > git config --get commit.template [100ms]
2023-06-01 10:33:02.227 [info] > git for-each-ref --format=%(refname)%00%(upstream:short)%00%(objectname)%00%(upstream:track)%00%(upstream:remotename)%00%(upstream:remoteref) refs/heads/main refs/remotes/main [613ms]
2023-06-01 10:33:02.287 [info] > git for-each-ref --format=%(refname)%00%(upstream:short)%00%(objectname)%00%(upstream:track)%00%(upstream:remotename)%00%(upstream:remoteref) refs/heads/main refs/remotes/main [621ms]
2023-06-01 10:33:02.364 [info] > git status -z -uall [55ms]
2023-06-01 10:33:32.415 [info] > git add -A -- /workspaces/124855513/outdated/outdated.py /workspaces/124855513/test_bank/bank.py /workspaces/124855513/test_bank/test_bank.py /workspaces/124855513/shirt/shirt.py [17ms]
2023-06-01 10:33:32.454 [info] > git config --get commit.template [19ms]
2023-06-01 10:33:32.455 [info] > git for-each-ref --format=%(refname)%00%(upstream:short)%00%(objectname)%00%(upstream:track)%00%(upstream:remotename)%00%(upstream:remoteref) refs/heads/main refs/remotes/main [2ms]
2023-06-01 10:33:32.491 [info] > git status -z -uall [19ms]
2023-06-01 10:33:32.588 [info] > git -c user.useConfigOnly=true commit --quiet --allow-empty-message --file - --allow-empty-message [67ms]
2023-06-01 10:33:32.610 [info] > git config --get commit.template [3ms]
2023-06-01 10:33:32.631 [info] > git config --get commit.template [2ms]
2023-06-01 10:33:32.653 [info] > git for-each-ref --format=%(refname)%00%(upstream:short)%00%(objectname)%00%(upstream:track)%00%(upstream:remotename)%00%(upstream:remoteref) refs/heads/main refs/remotes/main [5ms]
2023-06-01 10:33:32.675 [info] > git status -z -uall [2ms]
2023-06-01 10:33:32.876 [info] > git config --local branch.main.github-pr-owner-number [10ms]
2023-06-01 10:33:32.914 [info] > git config --get commit.template [19ms]
2023-06-01 10:33:32.915 [info] > git config --get commit.template [2ms]
2023-06-01 10:33:32.946 [info] > git for-each-ref --format=%(refname)%00%(upstream:short)%00%(objectname)%00%(upstream:track)%00%(upstream:remotename)%00%(upstream:remoteref) refs/heads/main refs/remotes/main [16ms]
2023-06-01 10:33:32.998 [info] > git for-each-ref --format=%(refname)%00%(upstream:short)%00%(objectname)%00%(upstream:track)%00%(upstream:remotename)%00%(upstream:remoteref) refs/heads/main refs/remotes/main [53ms]
2023-06-01 10:33:33.020 [info] > git status -z -uall [3ms]
2023-06-01 10:33:34.689 [info] > git push --force origin main [1692ms]
2023-06-01 10:33:34.689 [info] remote: Resolving deltas:   0% (0/1)        remote: Resolving deltas: 100% (1/1)        remote: Resolving deltas: 100% (1/1), completed with 1 local object.        
To https://github.com/code50/124855513
   469c81d..55bba74  main -> main
2023-06-01 10:33:34.713 [info] > git config --get commit.template [1ms]
2023-06-01 10:33:34.731 [info] > git for-each-ref --format=%(refname)%00%(upstream:short)%00%(objectname)%00%(upstream:track)%00%(upstream:remotename)%00%(upstream:remoteref) refs/heads/main refs/remotes/main [2ms]
2023-06-01 10:33:34.750 [info] > git status -z -uall [3ms]
2023-06-01 10:33:34.927 [info] > git config --local branch.main.github-pr-owner-number [46ms]
2023-06-01 10:33:34.945 [info] > git config --get commit.template [2ms]
2023-06-01 10:33:34.972 [info] > git for-each-ref --format=%(refname)%00%(upstream:short)%00%(objectname)%00%(upstream:track)%00%(upstream:remotename)%00%(upstream:remoteref) refs/heads/main refs/remotes/main [11ms]
2023-06-01 10:33:34.992 [info] > git status -z -uall [3ms]
2023-06-01 10:33:35.874 [info] > git config --get commit.template [2ms]
2023-06-01 10:33:35.892 [info] > git for-each-ref --format=%(refname)%00%(upstream:short)%00%(objectname)%00%(upstream:track)%00%(upstream:remotename)%00%(upstream:remoteref) refs/heads/main refs/remotes/main [2ms]
2023-06-01 10:33:35.910 [info] > git status -z -uall [2ms]
2023-06-01 10:37:58.258 [info] > git config --local branch.main.github-pr-owner-number [2ms]
2023-06-01 10:37:58.285 [info] > git config --get commit.template [13ms]
2023-06-01 10:37:58.286 [info] > git for-each-ref --format=%(refname)%00%(upstream:short)%00%(objectname)%00%(upstream:track)%00%(upstream:remotename)%00%(upstream:remoteref) refs/heads/main refs/remotes/main [1ms]
2023-06-01 10:37:58.298 [info] > git status -z -uall [2ms]
2023-06-01 10:38:01.347 [info] > git fetch [559ms]
2023-06-01 10:38:01.365 [info] > git config --get commit.template [4ms]
2023-06-01 10:38:01.381 [info] > git for-each-ref --format=%(refname)%00%(upstream:short)%00%(objectname)%00%(upstream:track)%00%(upstream:remotename)%00%(upstream:remoteref) refs/heads/main refs/remotes/main [2ms]
2023-06-01 10:38:01.398 [info] > git status -z -uall [2ms]
2023-06-01 10:38:02.566 [info] > git config --get commit.template [16ms]
2023-06-01 10:38:02.567 [info] > git for-each-ref --format=%(refname)%00%(upstream:short)%00%(objectname)%00%(upstream:track)%00%(upstream:remotename)%00%(upstream:remoteref) refs/heads/main refs/remotes/main [2ms]
2023-06-01 10:38:02.584 [info] > git status -z -uall [2ms]
2023-06-01 10:38:04.928 [info] > git check-ignore -v -z --stdin [3ms]
2023-06-01 10:38:07.259 [info] > git show --textconv :shirt/shirt.py [43ms]
2023-06-01 10:38:07.265 [info] > git ls-files --stage -- /workspaces/124855513/shirt/shirt.py [9ms]
2023-06-01 10:38:07.316 [info] > git cat-file -s b8436e48bc4653de86c0d6b25e6b6c715701f99d [9ms]
2023-06-01 10:41:02.003 [info] > git fetch [584ms]
2023-06-01 10:41:02.033 [info] > git config --get commit.template [16ms]
2023-06-01 10:41:02.039 [info] > git for-each-ref --format=%(refname)%00%(upstream:short)%00%(objectname)%00%(upstream:track)%00%(upstream:remotename)%00%(upstream:remoteref) refs/heads/main refs/remotes/main [7ms]
2023-06-01 10:41:02.061 [info] > git status -z -uall [2ms]
2023-06-01 10:41:03.238 [info] > git config --get commit.template [16ms]
2023-06-01 10:41:03.240 [info] > git for-each-ref --format=%(refname)%00%(upstream:short)%00%(objectname)%00%(upstream:track)%00%(upstream:remotename)%00%(upstream:remoteref) refs/heads/main refs/remotes/main [2ms]
2023-06-01 10:41:03.256 [info] > git status -z -uall [3ms]
2023-06-01 10:42:58.318 [info] > git config --local branch.main.github-pr-owner-number [1ms]
2023-06-01 10:42:58.340 [info] > git config --get commit.template [11ms]
2023-06-01 10:42:58.341 [info] > git for-each-ref --format=%(refname)%00%(upstream:short)%00%(objectname)%00%(upstream:track)%00%(upstream:remotename)%00%(upstream:remoteref) refs/heads/main refs/remotes/main [2ms]
2023-06-01 10:42:58.352 [info] > git status -z -uall [1ms]
2023-06-01 10:44:02.671 [info] > git fetch [588ms]
2023-06-01 10:44:02.702 [info] > git config --get commit.template [15ms]
2023-06-01 10:44:02.703 [info] > git for-each-ref --format=%(refname)%00%(upstream:short)%00%(objectname)%00%(upstream:track)%00%(upstream:remotename)%00%(upstream:remoteref) refs/heads/main refs/remotes/main [2ms]
2023-06-01 10:44:02.718 [info] > git status -z -uall [2ms]
2023-06-01 10:44:03.889 [info] > git config --get commit.template [15ms]
2023-06-01 10:44:03.890 [info] > git for-each-ref --format=%(refname)%00%(upstream:short)%00%(objectname)%00%(upstream:track)%00%(upstream:remotename)%00%(upstream:remoteref) refs/heads/main refs/remotes/main [2ms]
2023-06-01 10:44:03.909 [info] > git status -z -uall [3ms]
2023-06-01 10:47:58.374 [info] > git config --local branch.main.github-pr-owner-number [3ms]
2023-06-01 10:47:58.404 [info] > git config --get commit.template [14ms]
2023-06-01 10:47:58.405 [info] > git for-each-ref --format=%(refname)%00%(upstream:short)%00%(objectname)%00%(upstream:track)%00%(upstream:remotename)%00%(upstream:remoteref) refs/heads/main refs/remotes/main [1ms]
2023-06-01 10:47:58.419 [info] > git status -z -uall [2ms]
2023-06-01 10:48:38.093 [info] > git fetch [642ms]
2023-06-01 10:48:38.122 [info] > git config --get commit.template [14ms]
2023-06-01 10:48:38.123 [info] > git for-each-ref --format=%(refname)%00%(upstream:short)%00%(objectname)%00%(upstream:track)%00%(upstream:remotename)%00%(upstream:remoteref) refs/heads/main refs/remotes/main [1ms]
2023-06-01 10:48:38.138 [info] > git status -z -uall [2ms]
2023-06-01 10:48:39.297 [info] > git config --get commit.template [2ms]
2023-06-01 10:48:39.315 [info] > git for-each-ref --format=%(refname)%00%(upstream:short)%00%(objectname)%00%(upstream:track)%00%(upstream:remotename)%00%(upstream:remoteref) refs/heads/main refs/remotes/main [2ms]
2023-06-01 10:48:39.332 [info] > git status -z -uall [2ms]
2023-06-01 10:51:38.698 [info] > git fetch [540ms]
2023-06-01 10:51:38.728 [info] > git config --get commit.template [6ms]
2023-06-01 10:51:38.752 [info] > git for-each-ref --format=%(refname)%00%(upstream:short)%00%(objectname)%00%(upstream:track)%00%(upstream:remotename)%00%(upstream:remoteref) refs/heads/main refs/remotes/main [1ms]
2023-06-01 10:51:38.776 [info] > git status -z -uall [4ms]
2023-06-01 10:51:39.893 [info] > git config --get commit.template [15ms]
2023-06-01 10:51:39.894 [info] > git for-each-ref --format=%(refname)%00%(upstream:short)%00%(objectname)%00%(upstream:track)%00%(upstream:remotename)%00%(upstream:remoteref) refs/heads/main refs/remotes/main [2ms]
2023-06-01 10:51:39.910 [info] > git status -z -uall [2ms]
2023-06-01 10:51:48.861 [info] > git for-each-ref --format=%(refname)%00%(upstream:short)%00%(objectname)%00%(upstream:track)%00%(upstream:remotename)%00%(upstream:remoteref) refs/heads/main refs/remotes/main [3ms]
2023-06-01 10:51:48.862 [info] > git config --get commit.template [18ms]
2023-06-01 10:51:48.883 [info] > git status -z -uall [2ms]
2023-06-01 10:51:49.230 [info] > git check-ignore -v -z --stdin [2ms]
2023-06-01 10:51:56.137 [info] > git show --textconv :tictactoe.zip [16ms]
2023-06-01 10:51:56.139 [info] > git ls-files --stage -- /workspaces/124855513/tictactoe.zip [4ms]
2023-06-01 10:52:18.103 [info] > git config --get commit.template [14ms]
2023-06-01 10:52:18.104 [info] > git for-each-ref --format=%(refname)%00%(upstream:short)%00%(objectname)%00%(upstream:track)%00%(upstream:remotename)%00%(upstream:remoteref) refs/heads/main refs/remotes/main [2ms]
2023-06-01 10:52:18.123 [info] > git status -z -uall [3ms]
2023-06-01 10:52:18.470 [info] > git check-ignore -v -z --stdin [2ms]
2023-06-01 10:52:58.443 [info] > git config --local branch.main.github-pr-owner-number [3ms]
2023-06-01 10:52:58.477 [info] > git config --get commit.template [20ms]
2023-06-01 10:52:58.478 [info] > git for-each-ref --format=%(refname)%00%(upstream:short)%00%(objectname)%00%(upstream:track)%00%(upstream:remotename)%00%(upstream:remoteref) refs/heads/main refs/remotes/main [2ms]
2023-06-01 10:52:58.495 [info] > git status -z -uall [2ms]
2023-06-01 10:53:51.504 [info] > git config --get commit.template [14ms]
2023-06-01 10:53:51.505 [info] > git for-each-ref --format=%(refname)%00%(upstream:short)%00%(objectname)%00%(upstream:track)%00%(upstream:remotename)%00%(upstream:remoteref) refs/heads/main refs/remotes/main [2ms]
2023-06-01 10:53:51.522 [info] > git status -z -uall [4ms]
2023-06-01 10:53:57.910 [info] > git config --get commit.template [14ms]
2023-06-01 10:53:57.911 [info] > git for-each-ref --format=%(refname)%00%(upstream:short)%00%(objectname)%00%(upstream:track)%00%(upstream:remotename)%00%(upstream:remoteref) refs/heads/main refs/remotes/main [2ms]
2023-06-01 10:53:57.926 [info] > git status -z -uall [2ms]
2023-06-01 10:54:07.595 [info] > git config --get commit.template [8ms]
2023-06-01 10:54:07.613 [info] > git for-each-ref --format=%(refname)%00%(upstream:short)%00%(objectname)%00%(upstream:track)%00%(upstream:remotename)%00%(upstream:remoteref) refs/heads/main refs/remotes/main [2ms]
2023-06-01 10:54:07.632 [info] > git status -z -uall [4ms]
2023-06-01 10:54:39.341 [info] > git fetch [536ms]
2023-06-01 10:54:39.366 [info] > git config --get commit.template [1ms]
2023-06-01 10:54:39.399 [info] > git for-each-ref --format=%(refname)%00%(upstream:short)%00%(objectname)%00%(upstream:track)%00%(upstream:remotename)%00%(upstream:remoteref) refs/heads/main refs/remotes/main [5ms]
2023-06-01 10:54:39.426 [info] > git status -z -uall [3ms]
2023-06-01 10:54:40.541 [info] > git config --get commit.template [15ms]
2023-06-01 10:54:40.542 [info] > git for-each-ref --format=%(refname)%00%(upstream:short)%00%(objectname)%00%(upstream:track)%00%(upstream:remotename)%00%(upstream:remoteref) refs/heads/main refs/remotes/main [2ms]
2023-06-01 10:54:40.559 [info] > git status -z -uall [1ms]
2023-06-01 10:54:46.006 [info] > git config --get commit.template [19ms]
2023-06-01 10:54:46.007 [info] > git for-each-ref --format=%(refname)%00%(upstream:short)%00%(objectname)%00%(upstream:track)%00%(upstream:remotename)%00%(upstream:remoteref) refs/heads/main refs/remotes/main [4ms]
2023-06-01 10:54:46.027 [info] > git status -z -uall [2ms]
2023-06-01 10:54:46.367 [info] > git check-ignore -v -z --stdin [2ms]
2023-06-01 10:55:16.060 [info] > git add -A -- /workspaces/124855513/tictactoe/requirements.txt /workspaces/124855513/tictactoe/runner.py /workspaces/124855513/tictactoe/tictactoe.py [4ms]
2023-06-01 10:55:16.089 [info] > git config --get commit.template [13ms]
2023-06-01 10:55:16.090 [info] > git for-each-ref --format=%(refname)%00%(upstream:short)%00%(objectname)%00%(upstream:track)%00%(upstream:remotename)%00%(upstream:remoteref) refs/heads/main refs/remotes/main [2ms]
2023-06-01 10:55:16.107 [info] > git status -z -uall [0ms]
2023-06-01 10:55:16.144 [info] > git -c user.useConfigOnly=true commit --quiet --allow-empty-message --file - --allow-empty-message [9ms]
2023-06-01 10:55:16.187 [info] > git config --get commit.template [3ms]
2023-06-01 10:55:16.220 [info] > git config --get commit.template [11ms]
2023-06-01 10:55:16.221 [info] > git for-each-ref --format=%(refname)%00%(upstream:short)%00%(objectname)%00%(upstream:track)%00%(upstream:remotename)%00%(upstream:remoteref) refs/heads/main refs/remotes/main [2ms]
2023-06-01 10:55:16.235 [info] > git status -z -uall [2ms]
2023-06-01 10:55:16.411 [info] > git config --local branch.main.github-pr-owner-number [5ms]
2023-06-01 10:55:16.436 [info] > git config --get commit.template [12ms]
2023-06-01 10:55:16.436 [info] > git config --get commit.template [2ms]
2023-06-01 10:55:16.457 [info] > git for-each-ref --format=%(refname)%00%(upstream:short)%00%(objectname)%00%(upstream:track)%00%(upstream:remotename)%00%(upstream:remoteref) refs/heads/main refs/remotes/main [11ms]
2023-06-01 10:55:16.477 [info] > git for-each-ref --format=%(refname)%00%(upstream:short)%00%(objectname)%00%(upstream:track)%00%(upstream:remotename)%00%(upstream:remoteref) refs/heads/main refs/remotes/main [21ms]
2023-06-01 10:55:16.492 [info] > git status -z -uall [2ms]
2023-06-01 10:55:17.384 [info] > git push --force origin main [912ms]
2023-06-01 10:55:17.384 [info] remote: Resolving deltas:   0% (0/1)        remote: Resolving deltas: 100% (1/1)        remote: Resolving deltas: 100% (1/1), completed with 1 local object.        
To https://github.com/code50/124855513
   55bba74..44b4d06  main -> main
2023-06-01 10:55:17.410 [info] > git config --get commit.template [13ms]
2023-06-01 10:55:17.411 [info] > git for-each-ref --format=%(refname)%00%(upstream:short)%00%(objectname)%00%(upstream:track)%00%(upstream:remotename)%00%(upstream:remoteref) refs/heads/main refs/remotes/main [2ms]
2023-06-01 10:55:17.423 [info] > git status -z -uall [2ms]
2023-06-01 10:55:20.168 [info] > git config --local branch.main.github-pr-owner-number [44ms]
2023-06-01 10:55:20.183 [info] > git config --get commit.template [2ms]
2023-06-01 10:55:20.202 [info] > git for-each-ref --format=%(refname)%00%(upstream:short)%00%(objectname)%00%(upstream:track)%00%(upstream:remotename)%00%(upstream:remoteref) refs/heads/main refs/remotes/main [7ms]
2023-06-01 10:55:20.219 [info] > git status -z -uall [4ms]
2023-06-01 10:55:23.942 [info] > git config --get commit.template [14ms]
2023-06-01 10:55:23.943 [info] > git for-each-ref --format=%(refname)%00%(upstream:short)%00%(objectname)%00%(upstream:track)%00%(upstream:remotename)%00%(upstream:remoteref) refs/heads/main refs/remotes/main [2ms]
2023-06-01 10:55:23.958 [info] > git status -z -uall [3ms]
2023-06-01 10:55:27.806 [info] > git check-ignore -v -z --stdin [1ms]
2023-06-01 10:55:33.436 [info] > git show --textconv :tictactoe/requirements.txt [18ms]
2023-06-01 10:55:33.437 [info] > git ls-files --stage -- /workspaces/124855513/tictactoe/requirements.txt [2ms]
2023-06-01 10:55:33.454 [info] > git cat-file -s 0cb7ff1d4ce22c0a55bb5cc0b0984298666c73e3 [2ms]
2023-06-01 10:55:35.329 [info] > git show --textconv :tictactoe/runner.py [43ms]
2023-06-01 10:55:35.341 [info] > git ls-files --stage -- /workspaces/124855513/tictactoe/runner.py [17ms]
2023-06-01 10:55:35.399 [info] > git cat-file -s 375c058b79d4eed6e8ffd3d1661a3a5fcaa7bda4 [12ms]
2023-06-01 10:57:13.238 [info] > git config --get commit.template [16ms]
2023-06-01 10:57:13.239 [info] > git for-each-ref --format=%(refname)%00%(upstream:short)%00%(objectname)%00%(upstream:track)%00%(upstream:remotename)%00%(upstream:remoteref) refs/heads/main refs/remotes/main [2ms]
2023-06-01 10:57:13.254 [info] > git status -z -uall [2ms]
2023-06-01 10:57:40.021 [info] > git fetch [573ms]
2023-06-01 10:57:40.049 [info] > git config --get commit.template [12ms]
2023-06-01 10:57:40.049 [info] > git for-each-ref --format=%(refname)%00%(upstream:short)%00%(objectname)%00%(upstream:track)%00%(upstream:remotename)%00%(upstream:remoteref) refs/heads/main refs/remotes/main [1ms]
2023-06-01 10:57:40.062 [info] > git status -z -uall [2ms]
2023-06-01 10:57:41.210 [info] > git config --get commit.template [12ms]
2023-06-01 10:57:41.211 [info] > git for-each-ref --format=%(refname)%00%(upstream:short)%00%(objectname)%00%(upstream:track)%00%(upstream:remotename)%00%(upstream:remoteref) refs/heads/main refs/remotes/main [2ms]
2023-06-01 10:57:41.224 [info] > git status -z -uall [2ms]
2023-06-01 10:57:41.409 [info] > git ls-files --stage -- /workspaces/124855513/tictactoe/requirements.txt [15ms]
2023-06-01 10:57:41.425 [info] > git ls-files --stage -- /workspaces/124855513/tictactoe/runner.py [18ms]
2023-06-01 10:57:41.452 [info] > git cat-file -s 375c058b79d4eed6e8ffd3d1661a3a5fcaa7bda4 [0ms]
2023-06-01 10:57:41.453 [info] > git cat-file -s 0cb7ff1d4ce22c0a55bb5cc0b0984298666c73e3 [29ms]
2023-06-01 10:57:41.577 [info] > git show --textconv :tictactoe/runner.py [15ms]
2023-06-01 10:57:41.579 [info] > git show --textconv :tictactoe/requirements.txt [3ms]
2023-06-01 10:57:58.516 [info] > git config --local branch.main.github-pr-owner-number [2ms]
2023-06-01 10:57:58.547 [info] > git config --get commit.template [17ms]
2023-06-01 10:57:58.548 [info] > git for-each-ref --format=%(refname)%00%(upstream:short)%00%(objectname)%00%(upstream:track)%00%(upstream:remotename)%00%(upstream:remoteref) refs/heads/main refs/remotes/main [2ms]
2023-06-01 10:57:58.565 [info] > git status -z -uall [2ms]
2023-06-01 10:58:18.526 [info] > git config --get commit.template [22ms]
2023-06-01 10:58:18.527 [info] > git for-each-ref --format=%(refname)%00%(upstream:short)%00%(objectname)%00%(upstream:track)%00%(upstream:remotename)%00%(upstream:remoteref) refs/heads/main refs/remotes/main [3ms]
2023-06-01 10:58:18.543 [info] > git status -z -uall [2ms]
2023-06-01 10:58:21.429 [info] > git show --textconv :tictactoe/tictactoe.py [25ms]
2023-06-01 10:58:21.430 [info] > git ls-files --stage -- /workspaces/124855513/tictactoe/tictactoe.py [2ms]
2023-06-01 10:58:21.447 [info] > git cat-file -s 6a1ac02800dc5041b3b5c8a77cabc7962aff32d9 [3ms]
2023-06-01 10:58:33.718 [info] > git config --get commit.template [2ms]
2023-06-01 10:58:33.735 [info] > git for-each-ref --format=%(refname)%00%(upstream:short)%00%(objectname)%00%(upstream:track)%00%(upstream:remotename)%00%(upstream:remoteref) refs/heads/main refs/remotes/main [2ms]
2023-06-01 10:58:33.750 [info] > git status -z -uall [2ms]
2023-06-01 10:58:38.776 [info] > git config --get commit.template [4ms]
2023-06-01 10:58:38.792 [info] > git for-each-ref --format=%(refname)%00%(upstream:short)%00%(objectname)%00%(upstream:track)%00%(upstream:remotename)%00%(upstream:remoteref) refs/heads/main refs/remotes/main [2ms]
2023-06-01 10:58:38.809 [info] > git status -z -uall [2ms]
2023-06-01 10:58:52.734 [info] > git for-each-ref --format=%(refname)%00%(upstream:short)%00%(objectname)%00%(upstream:track)%00%(upstream:remotename)%00%(upstream:remoteref) refs/heads/main refs/remotes/main [3ms]
2023-06-01 10:58:52.734 [info] > git config --get commit.template [18ms]
2023-06-01 10:58:52.752 [info] > git status -z -uall [2ms]
2023-06-01 10:59:20.139 [info] > git config --get commit.template [14ms]
2023-06-01 10:59:20.140 [info] > git for-each-ref --format=%(refname)%00%(upstream:short)%00%(objectname)%00%(upstream:track)%00%(upstream:remotename)%00%(upstream:remoteref) refs/heads/main refs/remotes/main [2ms]
2023-06-01 10:59:20.154 [info] > git status -z -uall [2ms]
2023-06-01 11:00:02.993 [info] > git show --textconv :tictactoe/tictactoe.py [26ms]
2023-06-01 11:00:02.999 [info] > git ls-files --stage -- /workspaces/124855513/tictactoe/tictactoe.py [7ms]
2023-06-01 11:00:03.027 [info] > git cat-file -s 6a1ac02800dc5041b3b5c8a77cabc7962aff32d9 [3ms]
2023-06-01 11:00:10.650 [info] > git config --get commit.template [17ms]
2023-06-01 11:00:10.650 [info] > git for-each-ref --format=%(refname)%00%(upstream:short)%00%(objectname)%00%(upstream:track)%00%(upstream:remotename)%00%(upstream:remoteref) refs/heads/main refs/remotes/main [1ms]
2023-06-01 11:00:10.667 [info] > git status -z -uall [3ms]
2023-06-01 11:00:17.573 [info] > git show --textconv :tictactoe/runner.py [43ms]
2023-06-01 11:00:17.589 [info] > git ls-files --stage -- /workspaces/124855513/tictactoe/runner.py [18ms]
2023-06-01 11:00:17.633 [info] > git cat-file -s 375c058b79d4eed6e8ffd3d1661a3a5fcaa7bda4 [8ms]
2023-06-01 11:00:19.180 [info] > git show --textconv :tictactoe/requirements.txt [17ms]
2023-06-01 11:00:19.181 [info] > git ls-files --stage -- /workspaces/124855513/tictactoe/requirements.txt [3ms]
2023-06-01 11:00:19.195 [info] > git cat-file -s 0cb7ff1d4ce22c0a55bb5cc0b0984298666c73e3 [1ms]
2023-06-01 11:00:27.963 [info] > git config --get commit.template [17ms]
2023-06-01 11:00:27.964 [info] > git for-each-ref --format=%(refname)%00%(upstream:short)%00%(objectname)%00%(upstream:track)%00%(upstream:remotename)%00%(upstream:remoteref) refs/heads/main refs/remotes/main [2ms]
2023-06-01 11:00:27.980 [info] > git status -z -uall [2ms]
2023-06-01 11:00:40.635 [info] > git fetch [554ms]
2023-06-01 11:00:40.668 [info] > git config --get commit.template [15ms]
2023-06-01 11:00:40.670 [info] > git for-each-ref --format=%(refname)%00%(upstream:short)%00%(objectname)%00%(upstream:track)%00%(upstream:remotename)%00%(upstream:remoteref) refs/heads/main refs/remotes/main [3ms]
2023-06-01 11:00:40.686 [info] > git status -z -uall [2ms]
2023-06-01 11:00:41.824 [info] > git config --get commit.template [12ms]
2023-06-01 11:00:41.825 [info] > git for-each-ref --format=%(refname)%00%(upstream:short)%00%(objectname)%00%(upstream:track)%00%(upstream:remotename)%00%(upstream:remoteref) refs/heads/main refs/remotes/main [2ms]
2023-06-01 11:00:41.840 [info] > git status -z -uall [2ms]
2023-06-01 11:00:54.507 [info] > git config --get commit.template [14ms]
2023-06-01 11:00:54.508 [info] > git for-each-ref --format=%(refname)%00%(upstream:short)%00%(objectname)%00%(upstream:track)%00%(upstream:remotename)%00%(upstream:remoteref) refs/heads/main refs/remotes/main [2ms]
2023-06-01 11:00:54.521 [info] > git status -z -uall [1ms]
2023-06-01 11:00:59.551 [info] > git config --get commit.template [1ms]
2023-06-01 11:00:59.568 [info] > git for-each-ref --format=%(refname)%00%(upstream:short)%00%(objectname)%00%(upstream:track)%00%(upstream:remotename)%00%(upstream:remoteref) refs/heads/main refs/remotes/main [2ms]
2023-06-01 11:00:59.589 [info] > git status -z -uall [3ms]
2023-06-01 11:01:29.612 [info] > git add -A -- /workspaces/124855513/tictactoe/requirements.txt /workspaces/124855513/tictactoe/runner.py /workspaces/124855513/tictactoe/tictactoe.py [4ms]
2023-06-01 11:01:29.633 [info] > git config --get commit.template [3ms]
2023-06-01 11:01:29.649 [info] > git for-each-ref --format=%(refname)%00%(upstream:short)%00%(objectname)%00%(upstream:track)%00%(upstream:remotename)%00%(upstream:remoteref) refs/heads/main refs/remotes/main [2ms]
2023-06-01 11:01:29.666 [info] > git status -z -uall [2ms]
2023-06-01 11:01:29.694 [info] > git -c user.useConfigOnly=true commit --quiet --allow-empty-message --file - --allow-empty-message [6ms]
2023-06-01 11:01:29.709 [info] > git config --get commit.template [2ms]
2023-06-01 11:01:29.727 [info] > git config --get commit.template [3ms]
2023-06-01 11:01:29.744 [info] > git for-each-ref --format=%(refname)%00%(upstream:short)%00%(objectname)%00%(upstream:track)%00%(upstream:remotename)%00%(upstream:remoteref) refs/heads/main refs/remotes/main [2ms]
2023-06-01 11:01:29.761 [info] > git status -z -uall [2ms]
2023-06-01 11:01:30.788 [info] > git config --local branch.main.github-pr-owner-number [57ms]
2023-06-01 11:01:30.804 [info] > git config --get commit.template [17ms]
2023-06-01 11:01:30.819 [info] > git config --get commit.template [16ms]
2023-06-01 11:01:30.850 [info] > git for-each-ref --format=%(refname)%00%(upstream:short)%00%(objectname)%00%(upstream:track)%00%(upstream:remotename)%00%(upstream:remoteref) refs/heads/main refs/remotes/main [31ms]
2023-06-01 11:01:30.878 [info] > git for-each-ref --format=%(refname)%00%(upstream:short)%00%(objectname)%00%(upstream:track)%00%(upstream:remotename)%00%(upstream:remoteref) refs/heads/main refs/remotes/main [37ms]
2023-06-01 11:01:30.901 [info] > git status -z -uall [2ms]
2023-06-01 11:01:31.764 [info] > git push --force origin main [895ms]
2023-06-01 11:01:31.764 [info] remote: Resolving deltas:   0% (0/1)        remote: Resolving deltas: 100% (1/1)        remote: Resolving deltas: 100% (1/1), completed with 1 local object.        
To https://github.com/code50/124855513
   44b4d06..3e42ec3  main -> main
2023-06-01 11:01:31.797 [info] > git config --get commit.template [15ms]
2023-06-01 11:01:31.798 [info] > git for-each-ref --format=%(refname)%00%(upstream:short)%00%(objectname)%00%(upstream:track)%00%(upstream:remotename)%00%(upstream:remoteref) refs/heads/main refs/remotes/main [1ms]
2023-06-01 11:01:31.815 [info] > git status -z -uall [2ms]
2023-06-01 11:01:35.905 [info] > git config --local branch.main.github-pr-owner-number [52ms]
2023-06-01 11:01:35.922 [info] > git config --get commit.template [3ms]
2023-06-01 11:01:35.951 [info] > git for-each-ref --format=%(refname)%00%(upstream:short)%00%(objectname)%00%(upstream:track)%00%(upstream:remotename)%00%(upstream:remoteref) refs/heads/main refs/remotes/main [11ms]
2023-06-01 11:01:35.969 [info] > git status -z -uall [3ms]
2023-06-01 11:01:54.311 [info] > git config --get commit.template [13ms]
2023-06-01 11:01:54.312 [info] > git for-each-ref --format=%(refname)%00%(upstream:short)%00%(objectname)%00%(upstream:track)%00%(upstream:remotename)%00%(upstream:remoteref) refs/heads/main refs/remotes/main [2ms]
2023-06-01 11:01:54.326 [info] > git status -z -uall [1ms]
2023-06-01 11:02:05.280 [info] > git config --get commit.template [32ms]
2023-06-01 11:02:05.283 [info] > git for-each-ref --format=%(refname)%00%(upstream:short)%00%(objectname)%00%(upstream:track)%00%(upstream:remotename)%00%(upstream:remoteref) refs/heads/main refs/remotes/main [4ms]
2023-06-01 11:02:05.329 [info] > git status -z -uall [2ms]
2023-06-01 11:02:30.742 [info] > git config --get commit.template [26ms]
2023-06-01 11:02:30.743 [info] > git for-each-ref --format=%(refname)%00%(upstream:short)%00%(objectname)%00%(upstream:track)%00%(upstream:remotename)%00%(upstream:remoteref) refs/heads/main refs/remotes/main [3ms]
2023-06-01 11:02:30.762 [info] > git status -z -uall [2ms]
2023-06-01 11:02:58.594 [info] > git config --local branch.main.github-pr-owner-number [11ms]
2023-06-01 11:02:58.654 [info] > git for-each-ref --format=%(refname)%00%(upstream:short)%00%(objectname)%00%(upstream:track)%00%(upstream:remotename)%00%(upstream:remoteref) refs/heads/main refs/remotes/main [1ms]
2023-06-01 11:02:58.656 [info] > git config --get commit.template [36ms]
2023-06-01 11:02:58.729 [info] > git status -z -uall [3ms]
2023-06-01 11:03:28.798 [info] > git add -A -- /workspaces/124855513/tictactoe/requirements.txt /workspaces/124855513/tictactoe/runner.py /workspaces/124855513/tictactoe/tictactoe.py [30ms]
2023-06-01 11:03:28.854 [info] > git config --get commit.template [29ms]
2023-06-01 11:03:28.857 [info] > git for-each-ref --format=%(refname)%00%(upstream:short)%00%(objectname)%00%(upstream:track)%00%(upstream:remotename)%00%(upstream:remoteref) refs/heads/main refs/remotes/main [5ms]
2023-06-01 11:03:28.971 [info] > git status -z -uall [93ms]
2023-06-01 11:03:28.971 [info] > git show --textconv :tictactoe/tictactoe.py [71ms]
2023-06-01 11:03:29.044 [info] > git ls-files --stage -- /workspaces/124855513/tictactoe/tictactoe.py [91ms]
2023-06-01 11:03:29.126 [info] > git cat-file -s 6a1ac02800dc5041b3b5c8a77cabc7962aff32d9 [30ms]
2023-06-01 11:03:29.127 [info] > git -c user.useConfigOnly=true commit --quiet --allow-empty-message --file - --allow-empty-message [87ms]
2023-06-01 11:03:29.229 [info] > git config --get commit.template [62ms]
2023-06-01 11:03:29.360 [info] > git config --get commit.template [36ms]
2023-06-01 11:03:29.370 [info] > git for-each-ref --format=%(refname)%00%(upstream:short)%00%(objectname)%00%(upstream:track)%00%(upstream:remotename)%00%(upstream:remoteref) refs/heads/main refs/remotes/main [11ms]
2023-06-01 11:03:29.396 [info] > git status -z -uall [4ms]
2023-06-01 11:03:29.619 [info] > git config --local branch.main.github-pr-owner-number [17ms]
2023-06-01 11:03:29.637 [info] > git config --get commit.template [18ms]
2023-06-01 11:03:29.651 [info] > git config --get commit.template [15ms]
2023-06-01 11:03:29.666 [info] > git for-each-ref --format=%(refname)%00%(upstream:short)%00%(objectname)%00%(upstream:track)%00%(upstream:remotename)%00%(upstream:remoteref) refs/heads/main refs/remotes/main [16ms]
2023-06-01 11:03:29.686 [info] > git for-each-ref --format=%(refname)%00%(upstream:short)%00%(objectname)%00%(upstream:track)%00%(upstream:remotename)%00%(upstream:remoteref) refs/heads/main refs/remotes/main [21ms]
2023-06-01 11:03:29.706 [info] > git status -z -uall [2ms]
2023-06-01 11:03:30.540 [info] > git ls-files --stage -- /workspaces/124855513/tictactoe/tictactoe.py [1ms]
2023-06-01 11:03:30.556 [info] > git cat-file -s 6a1ac02800dc5041b3b5c8a77cabc7962aff32d9 [1ms]
2023-06-01 11:03:30.687 [info] > git show --textconv :tictactoe/tictactoe.py [2ms]
2023-06-01 11:03:30.786 [info] > git push --force origin main [1102ms]
2023-06-01 11:03:30.786 [info] remote: Resolving deltas:   0% (0/1)        remote: Resolving deltas: 100% (1/1)        remote: Resolving deltas: 100% (1/1), completed with 1 local object.        
To https://github.com/code50/124855513
   3e42ec3..f026902  main -> main
2023-06-01 11:03:30.802 [info] > git config --get commit.template [2ms]
2023-06-01 11:03:30.820 [info] > git for-each-ref --format=%(refname)%00%(upstream:short)%00%(objectname)%00%(upstream:track)%00%(upstream:remotename)%00%(upstream:remoteref) refs/heads/main refs/remotes/main [1ms]
2023-06-01 11:03:30.836 [info] > git status -z -uall [1ms]
2023-06-01 11:03:31.031 [info] > git config --local branch.main.github-pr-owner-number [60ms]
2023-06-01 11:03:31.054 [info] > git config --get commit.template [3ms]
2023-06-01 11:03:31.078 [info] > git for-each-ref --format=%(refname)%00%(upstream:short)%00%(objectname)%00%(upstream:track)%00%(upstream:remotename)%00%(upstream:remoteref) refs/heads/main refs/remotes/main [10ms]
2023-06-01 11:03:31.094 [info] > git status -z -uall [2ms]
2023-06-01 11:03:32.266 [info] > git ls-files --stage -- /workspaces/124855513/tictactoe/tictactoe.py [2ms]
2023-06-01 11:03:32.282 [info] > git cat-file -s 6a1ac02800dc5041b3b5c8a77cabc7962aff32d9 [2ms]
2023-06-01 11:03:32.416 [info] > git show --textconv :tictactoe/tictactoe.py [5ms]
2023-06-01 11:03:41.272 [info] > git fetch [566ms]
2023-06-01 11:03:41.305 [info] > git config --get commit.template [18ms]
2023-06-01 11:03:41.308 [info] > git for-each-ref --format=%(refname)%00%(upstream:short)%00%(objectname)%00%(upstream:track)%00%(upstream:remotename)%00%(upstream:remoteref) refs/heads/main refs/remotes/main [4ms]
2023-06-01 11:03:41.330 [info] > git status -z -uall [2ms]
2023-06-01 11:03:42.502 [info] > git config --get commit.template [15ms]
2023-06-01 11:03:42.503 [info] > git for-each-ref --format=%(refname)%00%(upstream:short)%00%(objectname)%00%(upstream:track)%00%(upstream:remotename)%00%(upstream:remoteref) refs/heads/main refs/remotes/main [2ms]
2023-06-01 11:03:42.518 [info] > git status -z -uall [2ms]
2023-06-01 11:03:42.677 [info] > git ls-files --stage -- /workspaces/124855513/tictactoe/tictactoe.py [2ms]
2023-06-01 11:03:42.692 [info] > git cat-file -s 6a1ac02800dc5041b3b5c8a77cabc7962aff32d9 [1ms]
2023-06-01 11:03:42.823 [info] > git show --textconv :tictactoe/tictactoe.py [2ms]
2023-06-01 11:04:17.927 [info] > git config --get commit.template [14ms]
2023-06-01 11:04:17.928 [info] > git for-each-ref --format=%(refname)%00%(upstream:short)%00%(objectname)%00%(upstream:track)%00%(upstream:remotename)%00%(upstream:remoteref) refs/heads/main refs/remotes/main [3ms]
2023-06-01 11:04:17.944 [info] > git status -z -uall [1ms]
2023-06-01 11:04:22.978 [info] > git config --get commit.template [15ms]
2023-06-01 11:04:22.979 [info] > git for-each-ref --format=%(refname)%00%(upstream:short)%00%(objectname)%00%(upstream:track)%00%(upstream:remotename)%00%(upstream:remoteref) refs/heads/main refs/remotes/main [2ms]
2023-06-01 11:04:22.995 [info] > git status -z -uall [2ms]
2023-06-01 11:05:45.258 [info] > git config --get commit.template [19ms]
2023-06-01 11:05:45.259 [info] > git for-each-ref --format=%(refname)%00%(upstream:short)%00%(objectname)%00%(upstream:track)%00%(upstream:remotename)%00%(upstream:remoteref) refs/heads/main refs/remotes/main [2ms]
2023-06-01 11:05:45.275 [info] > git status -z -uall [2ms]
2023-06-01 11:06:15.300 [info] > git add -A -- /workspaces/124855513/tictactoe/tictactoe.py [3ms]
2023-06-01 11:06:15.329 [info] > git config --get commit.template [14ms]
2023-06-01 11:06:15.330 [info] > git for-each-ref --format=%(refname)%00%(upstream:short)%00%(objectname)%00%(upstream:track)%00%(upstream:remotename)%00%(upstream:remoteref) refs/heads/main refs/remotes/main [2ms]
2023-06-01 11:06:15.346 [info] > git status -z -uall [2ms]
2023-06-01 11:06:15.375 [info] > git -c user.useConfigOnly=true commit --quiet --allow-empty-message --file - --allow-empty-message [6ms]
2023-06-01 11:06:15.391 [info] > git config --get commit.template [1ms]
2023-06-01 11:06:15.419 [info] > git config --get commit.template [13ms]
2023-06-01 11:06:15.421 [info] > git for-each-ref --format=%(refname)%00%(upstream:short)%00%(objectname)%00%(upstream:track)%00%(upstream:remotename)%00%(upstream:remoteref) refs/heads/main refs/remotes/main [3ms]
2023-06-01 11:06:15.440 [info] > git status -z -uall [4ms]
2023-06-01 11:06:15.659 [info] > git config --local branch.main.github-pr-owner-number [22ms]
2023-06-01 11:06:15.660 [info] > git config --get commit.template [3ms]
2023-06-01 11:06:15.691 [info] > git config --get commit.template [15ms]
2023-06-01 11:06:15.706 [info] > git for-each-ref --format=%(refname)%00%(upstream:short)%00%(objectname)%00%(upstream:track)%00%(upstream:remotename)%00%(upstream:remoteref) refs/heads/main refs/remotes/main [16ms]
2023-06-01 11:06:15.726 [info] > git for-each-ref --format=%(refname)%00%(upstream:short)%00%(objectname)%00%(upstream:track)%00%(upstream:remotename)%00%(upstream:remoteref) refs/heads/main refs/remotes/main [21ms]
2023-06-01 11:06:15.748 [info] > git status -z -uall [2ms]
2023-06-01 11:06:16.613 [info] > git push --force origin main [887ms]
2023-06-01 11:06:16.613 [info] remote: Resolving deltas:   0% (0/3)        remote: Resolving deltas:  33% (1/3)        remote: Resolving deltas:  66% (2/3)        remote: Resolving deltas: 100% (3/3)        remote: Resolving deltas: 100% (3/3), completed with 3 local objects.        
To https://github.com/code50/124855513
   f026902..7f99a1a  main -> main
2023-06-01 11:06:16.642 [info] > git config --get commit.template [14ms]
2023-06-01 11:06:16.643 [info] > git for-each-ref --format=%(refname)%00%(upstream:short)%00%(objectname)%00%(upstream:track)%00%(upstream:remotename)%00%(upstream:remoteref) refs/heads/main refs/remotes/main [2ms]
2023-06-01 11:06:16.659 [info] > git status -z -uall [3ms]
2023-06-01 11:06:16.842 [info] > git config --local branch.main.github-pr-owner-number [57ms]
2023-06-01 11:06:16.858 [info] > git ls-files --stage -- /workspaces/124855513/tictactoe/tictactoe.py [17ms]
2023-06-01 11:06:16.874 [info] > git config --get commit.template [17ms]
2023-06-01 11:06:16.875 [info] > git cat-file -s abf4f88a4edda95bb3eb74495e4c39c89520aa2c [3ms]
2023-06-01 11:06:16.899 [info] > git for-each-ref --format=%(refname)%00%(upstream:short)%00%(objectname)%00%(upstream:track)%00%(upstream:remotename)%00%(upstream:remoteref) refs/heads/main refs/remotes/main [9ms]
2023-06-01 11:06:16.924 [info] > git status -z -uall [14ms]
2023-06-01 11:06:17.000 [info] > git show --textconv :tictactoe/tictactoe.py [3ms]
2023-06-01 11:06:19.093 [info] > git ls-files --stage -- /workspaces/124855513/tictactoe/tictactoe.py [2ms]
2023-06-01 11:06:19.112 [info] > git cat-file -s abf4f88a4edda95bb3eb74495e4c39c89520aa2c [3ms]
2023-06-01 11:06:20.109 [info] > git show --textconv :tictactoe/tictactoe.py [7ms]
2023-06-01 11:06:41.905 [info] > git fetch [556ms]
2023-06-01 11:06:41.951 [info] > git config --get commit.template [24ms]
2023-06-01 11:06:41.954 [info] > git for-each-ref --format=%(refname)%00%(upstream:short)%00%(objectname)%00%(upstream:track)%00%(upstream:remotename)%00%(upstream:remoteref) refs/heads/main refs/remotes/main [4ms]
2023-06-01 11:06:41.982 [info] > git status -z -uall [7ms]
2023-06-01 11:06:43.097 [info] > git config --get commit.template [14ms]
2023-06-01 11:06:43.098 [info] > git for-each-ref --format=%(refname)%00%(upstream:short)%00%(objectname)%00%(upstream:track)%00%(upstream:remotename)%00%(upstream:remoteref) refs/heads/main refs/remotes/main [1ms]
2023-06-01 11:06:43.114 [info] > git status -z -uall [1ms]
2023-06-01 11:06:43.289 [info] > git ls-files --stage -- /workspaces/124855513/tictactoe/tictactoe.py [3ms]
2023-06-01 11:06:43.313 [info] > git cat-file -s abf4f88a4edda95bb3eb74495e4c39c89520aa2c [4ms]
2023-06-01 11:06:43.437 [info] > git show --textconv :tictactoe/tictactoe.py [3ms]
2023-06-01 11:07:58.757 [info] > git config --local branch.main.github-pr-owner-number [0ms]
2023-06-01 11:07:58.791 [info] > git config --get commit.template [18ms]
2023-06-01 11:07:58.792 [info] > git for-each-ref --format=%(refname)%00%(upstream:short)%00%(objectname)%00%(upstream:track)%00%(upstream:remotename)%00%(upstream:remoteref) refs/heads/main refs/remotes/main [2ms]
2023-06-01 11:07:58.809 [info] > git status -z -uall [2ms]
2023-06-01 11:12:58.830 [info] > git config --local branch.main.github-pr-owner-number [1ms]
2023-06-01 11:12:58.859 [info] > git config --get commit.template [14ms]
2023-06-01 11:12:58.859 [info] > git for-each-ref --format=%(refname)%00%(upstream:short)%00%(objectname)%00%(upstream:track)%00%(upstream:remotename)%00%(upstream:remoteref) refs/heads/main refs/remotes/main [2ms]
2023-06-01 11:12:58.875 [info] > git status -z -uall [2ms]
2023-06-01 11:14:53.668 [info] > git fetch [577ms]
2023-06-01 11:14:53.698 [info] > git config --get commit.template [15ms]
2023-06-01 11:14:53.699 [info] > git for-each-ref --format=%(refname)%00%(upstream:short)%00%(objectname)%00%(upstream:track)%00%(upstream:remotename)%00%(upstream:remoteref) refs/heads/main refs/remotes/main [2ms]
2023-06-01 11:14:53.715 [info] > git status -z -uall [2ms]
2023-06-01 11:14:54.900 [info] > git config --get commit.template [16ms]
2023-06-01 11:14:54.901 [info] > git for-each-ref --format=%(refname)%00%(upstream:short)%00%(objectname)%00%(upstream:track)%00%(upstream:remotename)%00%(upstream:remoteref) refs/heads/main refs/remotes/main [2ms]
2023-06-01 11:14:54.918 [info] > git status -z -uall [3ms]
2023-06-01 11:14:55.080 [info] > git ls-files --stage -- /workspaces/124855513/tictactoe/tictactoe.py [2ms]
2023-06-01 11:14:55.096 [info] > git cat-file -s abf4f88a4edda95bb3eb74495e4c39c89520aa2c [2ms]
2023-06-01 11:14:55.243 [info] > git show --textconv :tictactoe/tictactoe.py [4ms]
2023-06-01 11:17:54.262 [info] > git fetch [528ms]
2023-06-01 11:17:54.294 [info] > git config --get commit.template [15ms]
2023-06-01 11:17:54.295 [info] > git for-each-ref --format=%(refname)%00%(upstream:short)%00%(objectname)%00%(upstream:track)%00%(upstream:remotename)%00%(upstream:remoteref) refs/heads/main refs/remotes/main [1ms]
2023-06-01 11:17:54.312 [info] > git status -z -uall [2ms]
2023-06-01 11:17:55.509 [info] > git config --get commit.template [25ms]
2023-06-01 11:17:55.510 [info] > git for-each-ref --format=%(refname)%00%(upstream:short)%00%(objectname)%00%(upstream:track)%00%(upstream:remotename)%00%(upstream:remoteref) refs/heads/main refs/remotes/main [2ms]
2023-06-01 11:17:55.526 [info] > git status -z -uall [2ms]
2023-06-01 11:17:58.894 [info] > git config --local branch.main.github-pr-owner-number [2ms]
2023-06-01 11:17:58.928 [info] > git config --get commit.template [16ms]
2023-06-01 11:17:58.929 [info] > git for-each-ref --format=%(refname)%00%(upstream:short)%00%(objectname)%00%(upstream:track)%00%(upstream:remotename)%00%(upstream:remoteref) refs/heads/main refs/remotes/main [2ms]
2023-06-01 11:17:58.945 [info] > git status -z -uall [3ms]
2023-06-01 11:20:54.864 [info] > git fetch [531ms]
2023-06-01 11:20:54.893 [info] > git config --get commit.template [14ms]
2023-06-01 11:20:54.894 [info] > git for-each-ref --format=%(refname)%00%(upstream:short)%00%(objectname)%00%(upstream:track)%00%(upstream:remotename)%00%(upstream:remoteref) refs/heads/main refs/remotes/main [2ms]
2023-06-01 11:20:54.909 [info] > git status -z -uall [1ms]
2023-06-01 11:20:56.075 [info] > git config --get commit.template [13ms]
2023-06-01 11:20:56.076 [info] > git for-each-ref --format=%(refname)%00%(upstream:short)%00%(objectname)%00%(upstream:track)%00%(upstream:remotename)%00%(upstream:remoteref) refs/heads/main refs/remotes/main [2ms]
2023-06-01 11:20:56.090 [info] > git status -z -uall [2ms]
2023-06-01 11:22:58.968 [info] > git config --local branch.main.github-pr-owner-number [2ms]
2023-06-01 11:22:59.005 [info] > git for-each-ref --format=%(refname)%00%(upstream:short)%00%(objectname)%00%(upstream:track)%00%(upstream:remotename)%00%(upstream:remoteref) refs/heads/main refs/remotes/main [4ms]
2023-06-01 11:22:59.005 [info] > git config --get commit.template [20ms]
2023-06-01 11:22:59.026 [info] > git status -z -uall [2ms]
2023-06-01 11:23:55.480 [info] > git fetch [553ms]
2023-06-01 11:23:55.509 [info] > git config --get commit.template [14ms]
2023-06-01 11:23:55.510 [info] > git for-each-ref --format=%(refname)%00%(upstream:short)%00%(objectname)%00%(upstream:track)%00%(upstream:remotename)%00%(upstream:remoteref) refs/heads/main refs/remotes/main [2ms]
2023-06-01 11:23:55.525 [info] > git status -z -uall [2ms]
2023-06-01 11:23:56.695 [info] > git for-each-ref --format=%(refname)%00%(upstream:short)%00%(objectname)%00%(upstream:track)%00%(upstream:remotename)%00%(upstream:remoteref) refs/heads/main refs/remotes/main [3ms]
2023-06-01 11:23:56.695 [info] > git config --get commit.template [14ms]
2023-06-01 11:23:56.709 [info] > git status -z -uall [2ms]
2023-06-01 11:26:56.080 [info] > git fetch [535ms]
2023-06-01 11:26:56.111 [info] > git config --get commit.template [14ms]
2023-06-01 11:26:56.112 [info] > git for-each-ref --format=%(refname)%00%(upstream:short)%00%(objectname)%00%(upstream:track)%00%(upstream:remotename)%00%(upstream:remoteref) refs/heads/main refs/remotes/main [2ms]
2023-06-01 11:26:56.128 [info] > git status -z -uall [2ms]
2023-06-01 11:26:57.275 [info] > git config --get commit.template [16ms]
2023-06-01 11:26:57.276 [info] > git for-each-ref --format=%(refname)%00%(upstream:short)%00%(objectname)%00%(upstream:track)%00%(upstream:remotename)%00%(upstream:remoteref) refs/heads/main refs/remotes/main [2ms]
2023-06-01 11:26:57.291 [info] > git status -z -uall [2ms]
2023-06-01 11:27:59.047 [info] > git config --local branch.main.github-pr-owner-number [2ms]
2023-06-01 11:27:59.079 [info] > git config --get commit.template [16ms]
2023-06-01 11:27:59.080 [info] > git for-each-ref --format=%(refname)%00%(upstream:short)%00%(objectname)%00%(upstream:track)%00%(upstream:remotename)%00%(upstream:remoteref) refs/heads/main refs/remotes/main [2ms]
2023-06-01 11:27:59.096 [info] > git status -z -uall [2ms]
2023-06-01 11:29:56.679 [info] > git fetch [532ms]
2023-06-01 11:29:56.713 [info] > git config --get commit.template [18ms]
2023-06-01 11:29:56.714 [info] > git for-each-ref --format=%(refname)%00%(upstream:short)%00%(objectname)%00%(upstream:track)%00%(upstream:remotename)%00%(upstream:remoteref) refs/heads/main refs/remotes/main [2ms]
2023-06-01 11:29:56.732 [info] > git status -z -uall [2ms]
2023-06-01 11:29:58.266 [info] > git config --get commit.template [1ms]
2023-06-01 11:29:58.312 [info] > git for-each-ref --format=%(refname)%00%(upstream:short)%00%(objectname)%00%(upstream:track)%00%(upstream:remotename)%00%(upstream:remoteref) refs/heads/main refs/remotes/main [20ms]
2023-06-01 11:29:58.338 [info] > git status -z -uall [4ms]
2023-06-01 11:32:57.316 [info] > git fetch [556ms]
2023-06-01 11:32:57.349 [info] > git config --get commit.template [16ms]
2023-06-01 11:32:57.350 [info] > git for-each-ref --format=%(refname)%00%(upstream:short)%00%(objectname)%00%(upstream:track)%00%(upstream:remotename)%00%(upstream:remoteref) refs/heads/main refs/remotes/main [1ms]
2023-06-01 11:32:57.368 [info] > git status -z -uall [2ms]
2023-06-01 11:32:58.510 [info] > git config --get commit.template [16ms]
2023-06-01 11:32:58.511 [info] > git for-each-ref --format=%(refname)%00%(upstream:short)%00%(objectname)%00%(upstream:track)%00%(upstream:remotename)%00%(upstream:remoteref) refs/heads/main refs/remotes/main [2ms]
2023-06-01 11:32:58.542 [info] > git status -z -uall [17ms]
2023-06-01 11:32:59.124 [info] > git config --local branch.main.github-pr-owner-number [3ms]
2023-06-01 11:32:59.149 [info] > git config --get commit.template [2ms]
2023-06-01 11:32:59.166 [info] > git for-each-ref --format=%(refname)%00%(upstream:short)%00%(objectname)%00%(upstream:track)%00%(upstream:remotename)%00%(upstream:remoteref) refs/heads/main refs/remotes/main [2ms]
2023-06-01 11:32:59.181 [info] > git status -z -uall [2ms]
2023-06-01 11:35:57.948 [info] > git fetch [564ms]
2023-06-01 11:35:57.977 [info] > git config --get commit.template [14ms]
2023-06-01 11:35:57.978 [info] > git for-each-ref --format=%(refname)%00%(upstream:short)%00%(objectname)%00%(upstream:track)%00%(upstream:remotename)%00%(upstream:remoteref) refs/heads/main refs/remotes/main [2ms]
2023-06-01 11:35:57.993 [info] > git status -z -uall [2ms]
2023-06-01 11:35:59.177 [info] > git config --get commit.template [17ms]
2023-06-01 11:35:59.179 [info] > git for-each-ref --format=%(refname)%00%(upstream:short)%00%(objectname)%00%(upstream:track)%00%(upstream:remotename)%00%(upstream:remoteref) refs/heads/main refs/remotes/main [3ms]
2023-06-01 11:35:59.199 [info] > git status -z -uall [2ms]
2023-06-01 11:37:59.204 [info] > git config --local branch.main.github-pr-owner-number [3ms]
2023-06-01 11:37:59.236 [info] > git config --get commit.template [17ms]
2023-06-01 11:37:59.237 [info] > git for-each-ref --format=%(refname)%00%(upstream:short)%00%(objectname)%00%(upstream:track)%00%(upstream:remotename)%00%(upstream:remoteref) refs/heads/main refs/remotes/main [2ms]
2023-06-01 11:37:59.254 [info] > git status -z -uall [2ms]
2023-06-01 11:38:58.560 [info] > git fetch [547ms]
2023-06-01 11:38:58.618 [info] > git config --get commit.template [24ms]
2023-06-01 11:38:58.619 [info] > git for-each-ref --format=%(refname)%00%(upstream:short)%00%(objectname)%00%(upstream:track)%00%(upstream:remotename)%00%(upstream:remoteref) refs/heads/main refs/remotes/main [2ms]
2023-06-01 11:38:58.637 [info] > git status -z -uall [2ms]
2023-06-01 11:38:59.756 [info] > git config --get commit.template [18ms]
2023-06-01 11:38:59.757 [info] > git for-each-ref --format=%(refname)%00%(upstream:short)%00%(objectname)%00%(upstream:track)%00%(upstream:remotename)%00%(upstream:remoteref) refs/heads/main refs/remotes/main [2ms]
2023-06-01 11:38:59.774 [info] > git status -z -uall [2ms]
2023-06-01 11:41:59.227 [info] > git fetch [568ms]
2023-06-01 11:41:59.261 [info] > git config --get commit.template [17ms]
2023-06-01 11:41:59.262 [info] > git for-each-ref --format=%(refname)%00%(upstream:short)%00%(objectname)%00%(upstream:track)%00%(upstream:remotename)%00%(upstream:remoteref) refs/heads/main refs/remotes/main [2ms]
2023-06-01 11:41:59.281 [info] > git status -z -uall [2ms]
2023-06-01 11:42:00.459 [info] > git config --get commit.template [20ms]
2023-06-01 11:42:00.460 [info] > git for-each-ref --format=%(refname)%00%(upstream:short)%00%(objectname)%00%(upstream:track)%00%(upstream:remotename)%00%(upstream:remoteref) refs/heads/main refs/remotes/main [3ms]
2023-06-01 11:42:00.477 [info] > git status -z -uall [2ms]
2023-06-01 11:42:59.277 [info] > git config --local branch.main.github-pr-owner-number [2ms]
2023-06-01 11:42:59.309 [info] > git config --get commit.template [16ms]
2023-06-01 11:42:59.310 [info] > git for-each-ref --format=%(refname)%00%(upstream:short)%00%(objectname)%00%(upstream:track)%00%(upstream:remotename)%00%(upstream:remoteref) refs/heads/main refs/remotes/main [2ms]
2023-06-01 11:42:59.330 [info] > git status -z -uall [1ms]
