2023-05-04 08:55:08.550 [warning] /home/ubuntu/.ssh/config: ENOENT: no such file or directory, open '/home/ubuntu/.ssh/config'
2023-05-04 08:55:08.804 [info] Looking for git repository
2023-05-04 08:55:08.804 [info] Found 0 repositories during activation
2023-05-04 08:55:08.804 [info] Git repository found, initializing review manager and pr tree view.
2023-05-04 08:55:08.861 [info] Registering git provider
2023-05-04 08:55:08.862 [info] Review> Validate state in progress
2023-05-04 08:55:08.862 [info] Review> Validating state...
2023-05-04 08:55:08.887 [info] Repo state for file:///workspaces/124855513 changed.
2023-05-04 08:55:08.887 [info] Repo file:///workspaces/124855513 has already been setup.
2023-05-04 08:55:09.145 [info] Found GitHub remote for folder /workspaces/124855513
2023-05-04 08:55:10.112 [info] Review> no matching pull request metadata found for current branch main
2023-05-04 08:55:10.457 [info] Review> No matching pull request metadata found on GitHub for current branch main
2023-05-04 08:56:05.449 [info] Review> Validate state in progress
2023-05-04 08:56:05.449 [info] Review> Validating state...
2023-05-04 08:56:05.594 [info] Found GitHub remote for folder /workspaces/124855513
2023-05-04 08:56:05.774 [info] Review> no matching pull request metadata found for current branch main
2023-05-04 08:56:06.112 [info] Review> No matching pull request metadata found on GitHub for current branch main
2023-05-04 08:56:06.892 [info] Review> Validate state in progress
2023-05-04 08:56:06.892 [info] Review> Validating state...
2023-05-04 08:56:06.990 [info] Found GitHub remote for folder /workspaces/124855513
2023-05-04 08:56:07.139 [info] Review> no matching pull request metadata found for current branch main
2023-05-04 08:56:07.437 [info] Review> No matching pull request metadata found on GitHub for current branch main
2023-05-04 08:58:47.091 [info] Review> Validate state in progress
2023-05-04 08:58:47.092 [info] Review> Validating state...
2023-05-04 08:58:47.238 [info] Found GitHub remote for folder /workspaces/124855513
2023-05-04 08:58:47.364 [info] Review> no matching pull request metadata found for current branch main
2023-05-04 08:58:47.686 [info] Review> No matching pull request metadata found on GitHub for current branch main
2023-05-04 08:58:48.430 [info] Review> Validate state in progress
2023-05-04 08:58:48.430 [info] Review> Validating state...
2023-05-04 08:58:48.526 [info] Found GitHub remote for folder /workspaces/124855513
2023-05-04 08:58:48.657 [info] Review> no matching pull request metadata found for current branch main
2023-05-04 08:58:48.958 [info] Review> No matching pull request metadata found on GitHub for current branch main
2023-05-04 09:03:12.533 [info] Review> Validate state in progress
2023-05-04 09:03:12.533 [info] Review> Validating state...
2023-05-04 09:03:12.687 [info] Found GitHub remote for folder /workspaces/124855513
2023-05-04 09:03:12.822 [info] Review> no matching pull request metadata found for current branch main
2023-05-04 09:03:13.150 [info] Review> No matching pull request metadata found on GitHub for current branch main
2023-05-04 09:03:13.741 [info] Review> Validate state in progress
2023-05-04 09:03:13.741 [info] Review> Validating state...
2023-05-04 09:03:13.856 [info] Found GitHub remote for folder /workspaces/124855513
2023-05-04 09:03:13.985 [info] Review> no matching pull request metadata found for current branch main
2023-05-04 09:03:14.290 [info] Review> No matching pull request metadata found on GitHub for current branch main
2023-05-04 09:03:50.404 [info] Review> Validate state in progress
2023-05-04 09:03:50.404 [info] Review> Validating state...
2023-05-04 09:03:50.571 [info] Found GitHub remote for folder /workspaces/124855513
2023-05-04 09:03:50.701 [info] Review> no matching pull request metadata found for current branch main
2023-05-04 09:03:51.013 [info] Review> No matching pull request metadata found on GitHub for current branch main
2023-05-04 09:03:51.696 [info] Review> Validate state in progress
2023-05-04 09:03:51.696 [info] Review> Validating state...
2023-05-04 09:03:51.792 [info] Found GitHub remote for folder /workspaces/124855513
2023-05-04 09:03:51.923 [info] Review> no matching pull request metadata found for current branch main
2023-05-04 09:03:52.223 [info] Review> No matching pull request metadata found on GitHub for current branch main
2023-05-04 09:04:39.987 [info] Review> Validate state in progress
2023-05-04 09:04:39.987 [info] Review> Validating state...
2023-05-04 09:04:40.135 [info] Found GitHub remote for folder /workspaces/124855513
2023-05-04 09:04:40.273 [info] Review> no matching pull request metadata found for current branch main
2023-05-04 09:04:40.580 [info] Review> No matching pull request metadata found on GitHub for current branch main
2023-05-04 09:04:41.297 [info] Review> Validate state in progress
2023-05-04 09:04:41.297 [info] Review> Validating state...
2023-05-04 09:04:41.393 [info] Found GitHub remote for folder /workspaces/124855513
2023-05-04 09:04:41.539 [info] Review> no matching pull request metadata found for current branch main
2023-05-04 09:04:41.833 [info] Review> No matching pull request metadata found on GitHub for current branch main
2023-05-04 09:07:22.914 [info] Review> Validate state in progress
2023-05-04 09:07:22.914 [info] Review> Validating state...
2023-05-04 09:07:23.058 [info] Found GitHub remote for folder /workspaces/124855513
2023-05-04 09:07:23.207 [info] Review> no matching pull request metadata found for current branch main
2023-05-04 09:07:23.533 [info] Review> No matching pull request metadata found on GitHub for current branch main
2023-05-04 09:07:24.299 [info] Review> Validate state in progress
2023-05-04 09:07:24.299 [info] Review> Validating state...
2023-05-04 09:07:24.393 [info] Found GitHub remote for folder /workspaces/124855513
2023-05-04 09:07:24.589 [info] Review> no matching pull request metadata found for current branch main
2023-05-04 09:07:24.931 [info] Review> No matching pull request metadata found on GitHub for current branch main
2023-05-04 09:08:46.218 [info] Review> Validate state in progress
2023-05-04 09:08:46.218 [info] Review> Validating state...
2023-05-04 09:08:46.368 [info] Found GitHub remote for folder /workspaces/124855513
2023-05-04 09:08:46.500 [info] Review> no matching pull request metadata found for current branch main
2023-05-04 09:08:46.823 [info] Review> No matching pull request metadata found on GitHub for current branch main
2023-05-04 09:08:47.437 [info] Review> Validate state in progress
2023-05-04 09:08:47.437 [info] Review> Validating state...
2023-05-04 09:08:47.534 [info] Found GitHub remote for folder /workspaces/124855513
2023-05-04 09:08:47.727 [info] Review> no matching pull request metadata found for current branch main
2023-05-04 09:08:48.037 [info] Review> No matching pull request metadata found on GitHub for current branch main
2023-05-04 09:13:45.934 [info] Review> Validate state in progress
2023-05-04 09:13:45.934 [info] Review> Validating state...
2023-05-04 09:13:46.081 [info] Found GitHub remote for folder /workspaces/124855513
2023-05-04 09:13:46.226 [info] Review> no matching pull request metadata found for current branch main
2023-05-04 09:13:46.560 [info] Review> No matching pull request metadata found on GitHub for current branch main
2023-05-04 09:13:47.152 [info] Review> Validate state in progress
2023-05-04 09:13:47.152 [info] Review> Validating state...
2023-05-04 09:13:47.251 [info] Found GitHub remote for folder /workspaces/124855513
2023-05-04 09:13:47.439 [info] Review> no matching pull request metadata found for current branch main
2023-05-04 09:13:47.769 [info] Review> No matching pull request metadata found on GitHub for current branch main
2023-05-04 09:20:47.988 [info] Review> Validate state in progress
2023-05-04 09:20:47.988 [info] Review> Validating state...
2023-05-04 09:20:48.134 [info] Found GitHub remote for folder /workspaces/124855513
2023-05-04 09:20:48.296 [info] Review> no matching pull request metadata found for current branch main
2023-05-04 09:20:48.628 [info] Review> No matching pull request metadata found on GitHub for current branch main
2023-05-04 09:20:49.283 [info] Review> Validate state in progress
2023-05-04 09:20:49.283 [info] Review> Validating state...
2023-05-04 09:20:49.397 [info] Found GitHub remote for folder /workspaces/124855513
2023-05-04 09:20:49.555 [info] Review> no matching pull request metadata found for current branch main
2023-05-04 09:20:49.895 [info] Review> No matching pull request metadata found on GitHub for current branch main
2023-05-04 09:22:53.616 [info] Review> Validate state in progress
2023-05-04 09:22:53.616 [info] Review> Validating state...
2023-05-04 09:22:53.759 [info] Found GitHub remote for folder /workspaces/124855513
2023-05-04 09:22:53.886 [info] Review> no matching pull request metadata found for current branch main
2023-05-04 09:22:54.212 [info] Review> No matching pull request metadata found on GitHub for current branch main
2023-05-04 09:22:54.839 [info] Review> Validate state in progress
2023-05-04 09:22:54.839 [info] Review> Validating state...
2023-05-04 09:22:54.936 [info] Found GitHub remote for folder /workspaces/124855513
2023-05-04 09:22:55.158 [info] Review> no matching pull request metadata found for current branch main
2023-05-04 09:22:55.464 [info] Review> No matching pull request metadata found on GitHub for current branch main
2023-05-04 09:24:07.170 [info] Review> Validate state in progress
2023-05-04 09:24:07.170 [info] Review> Validating state...
2023-05-04 09:24:07.313 [info] Found GitHub remote for folder /workspaces/124855513
2023-05-04 09:24:07.432 [info] Review> no matching pull request metadata found for current branch main
2023-05-04 09:24:07.743 [info] Review> No matching pull request metadata found on GitHub for current branch main
2023-05-04 09:24:08.405 [info] Review> Validate state in progress
2023-05-04 09:24:08.405 [info] Review> Validating state...
2023-05-04 09:24:08.552 [info] Found GitHub remote for folder /workspaces/124855513
2023-05-04 09:24:08.732 [info] Review> no matching pull request metadata found for current branch main
2023-05-04 09:24:09.054 [info] Review> No matching pull request metadata found on GitHub for current branch main
2023-05-04 09:25:02.650 [info] Review> Validate state in progress
2023-05-04 09:25:02.650 [info] Review> Validating state...
2023-05-04 09:25:02.798 [info] Found GitHub remote for folder /workspaces/124855513
2023-05-04 09:25:02.924 [info] Review> no matching pull request metadata found for current branch main
2023-05-04 09:25:03.237 [info] Review> No matching pull request metadata found on GitHub for current branch main
2023-05-04 09:25:03.866 [info] Review> Validate state in progress
2023-05-04 09:25:03.866 [info] Review> Validating state...
2023-05-04 09:25:03.965 [info] Found GitHub remote for folder /workspaces/124855513
2023-05-04 09:25:04.172 [info] Review> no matching pull request metadata found for current branch main
2023-05-04 09:25:04.501 [info] Review> No matching pull request metadata found on GitHub for current branch main
2023-05-04 09:26:53.529 [info] Review> Validate state in progress
2023-05-04 09:26:53.530 [info] Review> Validating state...
2023-05-04 09:26:53.679 [info] Found GitHub remote for folder /workspaces/124855513
2023-05-04 09:26:53.804 [info] Review> no matching pull request metadata found for current branch main
2023-05-04 09:26:54.131 [info] Review> No matching pull request metadata found on GitHub for current branch main
2023-05-04 09:26:54.754 [info] Review> Validate state in progress
2023-05-04 09:26:54.754 [info] Review> Validating state...
2023-05-04 09:26:54.851 [info] Found GitHub remote for folder /workspaces/124855513
2023-05-04 09:26:55.035 [info] Review> no matching pull request metadata found for current branch main
2023-05-04 09:26:55.328 [info] Review> No matching pull request metadata found on GitHub for current branch main
2023-05-04 09:28:08.027 [info] Review> Validate state in progress
2023-05-04 09:28:08.027 [info] Review> Validating state...
2023-05-04 09:28:08.178 [info] Found GitHub remote for folder /workspaces/124855513
2023-05-04 09:28:08.309 [info] Review> no matching pull request metadata found for current branch main
2023-05-04 09:28:08.638 [info] Review> No matching pull request metadata found on GitHub for current branch main
2023-05-04 09:28:09.206 [info] Review> Validate state in progress
2023-05-04 09:28:09.206 [info] Review> Validating state...
2023-05-04 09:28:09.303 [info] Found GitHub remote for folder /workspaces/124855513
2023-05-04 09:28:09.496 [info] Review> no matching pull request metadata found for current branch main
2023-05-04 09:28:09.801 [info] Review> No matching pull request metadata found on GitHub for current branch main
2023-05-04 09:32:24.952 [info] Review> Validate state in progress
2023-05-04 09:32:24.952 [info] Review> Validating state...
2023-05-04 09:32:25.097 [info] Found GitHub remote for folder /workspaces/124855513
2023-05-04 09:32:25.243 [info] Review> no matching pull request metadata found for current branch main
2023-05-04 09:32:25.572 [info] Review> No matching pull request metadata found on GitHub for current branch main
2023-05-04 09:32:26.293 [info] Review> Validate state in progress
2023-05-04 09:32:26.293 [info] Review> Validating state...
2023-05-04 09:32:26.425 [info] Found GitHub remote for folder /workspaces/124855513
2023-05-04 09:32:26.672 [info] Review> no matching pull request metadata found for current branch main
2023-05-04 09:32:26.975 [info] Review> No matching pull request metadata found on GitHub for current branch main
2023-05-04 09:37:02.142 [info] Review> Validate state in progress
2023-05-04 09:37:02.142 [info] Review> Validating state...
2023-05-04 09:37:02.288 [info] Found GitHub remote for folder /workspaces/124855513
2023-05-04 09:37:02.474 [info] Review> no matching pull request metadata found for current branch main
2023-05-04 09:37:02.859 [info] Review> No matching pull request metadata found on GitHub for current branch main
2023-05-04 09:37:03.424 [info] Review> Validate state in progress
2023-05-04 09:37:03.424 [info] Review> Validating state...
2023-05-04 09:37:03.528 [info] Found GitHub remote for folder /workspaces/124855513
2023-05-04 09:37:03.702 [info] Review> no matching pull request metadata found for current branch main
2023-05-04 09:37:04.041 [info] Review> No matching pull request metadata found on GitHub for current branch main
2023-05-04 09:37:46.583 [info] Review> Validate state in progress
2023-05-04 09:37:46.583 [info] Review> Validating state...
2023-05-04 09:37:46.730 [info] Found GitHub remote for folder /workspaces/124855513
2023-05-04 09:37:46.890 [info] Review> no matching pull request metadata found for current branch main
2023-05-04 09:37:47.255 [info] Review> No matching pull request metadata found on GitHub for current branch main
2023-05-04 09:37:47.849 [info] Review> Validate state in progress
2023-05-04 09:37:47.849 [info] Review> Validating state...
2023-05-04 09:37:47.952 [info] Found GitHub remote for folder /workspaces/124855513
2023-05-04 09:37:48.128 [info] Review> no matching pull request metadata found for current branch main
2023-05-04 09:37:48.426 [info] Review> No matching pull request metadata found on GitHub for current branch main
2023-05-04 09:43:28.579 [info] Review> Validate state in progress
2023-05-04 09:43:28.579 [info] Review> Validating state...
2023-05-04 09:43:28.727 [info] Found GitHub remote for folder /workspaces/124855513
2023-05-04 09:43:28.892 [info] Review> no matching pull request metadata found for current branch main
2023-05-04 09:43:29.980 [info] Review> Queuing additional validate state
2023-05-04 09:43:30.251 [info] Review> No matching pull request metadata found on GitHub for current branch main
2023-05-04 09:43:30.612 [info] Review> Validating state...
2023-05-04 09:43:30.702 [info] Found GitHub remote for folder /workspaces/124855513
2023-05-04 09:43:30.831 [info] Review> no matching pull request metadata found for current branch main
2023-05-04 09:43:31.169 [info] Review> No matching pull request metadata found on GitHub for current branch main
2023-05-04 09:46:32.130 [info] Review> Validate state in progress
2023-05-04 09:46:32.130 [info] Review> Validating state...
2023-05-04 09:46:32.275 [info] Found GitHub remote for folder /workspaces/124855513
2023-05-04 09:46:32.425 [info] Review> no matching pull request metadata found for current branch main
2023-05-04 09:46:32.748 [info] Review> No matching pull request metadata found on GitHub for current branch main
2023-05-04 09:46:33.397 [info] Review> Validate state in progress
2023-05-04 09:46:33.397 [info] Review> Validating state...
2023-05-04 09:46:33.514 [info] Found GitHub remote for folder /workspaces/124855513
2023-05-04 09:46:33.690 [info] Review> no matching pull request metadata found for current branch main
2023-05-04 09:46:34.018 [info] Review> No matching pull request metadata found on GitHub for current branch main
2023-05-04 09:49:29.923 [info] Review> Validate state in progress
2023-05-04 09:49:29.923 [info] Review> Validating state...
2023-05-04 09:49:30.458 [info] Found GitHub remote for folder /workspaces/124855513
2023-05-04 09:49:30.730 [info] Review> no matching pull request metadata found for current branch main
2023-05-04 09:49:31.057 [info] Review> No matching pull request metadata found on GitHub for current branch main
2023-05-04 09:49:31.667 [info] Review> Validate state in progress
2023-05-04 09:49:31.667 [info] Review> Validating state...
2023-05-04 09:49:31.761 [info] Found GitHub remote for folder /workspaces/124855513
2023-05-04 09:49:31.916 [info] Review> no matching pull request metadata found for current branch main
2023-05-04 09:49:32.210 [info] Review> No matching pull request metadata found on GitHub for current branch main
2023-05-04 09:51:37.907 [info] Review> Validate state in progress
2023-05-04 09:51:37.907 [info] Review> Validating state...
2023-05-04 09:51:38.054 [info] Found GitHub remote for folder /workspaces/124855513
2023-05-04 09:51:38.191 [info] Review> no matching pull request metadata found for current branch main
2023-05-04 09:51:38.527 [info] Review> No matching pull request metadata found on GitHub for current branch main
2023-05-04 09:51:39.129 [info] Review> Validate state in progress
2023-05-04 09:51:39.129 [info] Review> Validating state...
2023-05-04 09:51:39.228 [info] Found GitHub remote for folder /workspaces/124855513
2023-05-04 09:51:39.353 [info] Review> no matching pull request metadata found for current branch main
2023-05-04 09:51:39.671 [info] Review> No matching pull request metadata found on GitHub for current branch main
2023-05-04 09:53:07.075 [info] Review> Validate state in progress
2023-05-04 09:53:07.075 [info] Review> Validating state...
2023-05-04 09:53:07.224 [info] Found GitHub remote for folder /workspaces/124855513
2023-05-04 09:53:07.335 [info] Review> no matching pull request metadata found for current branch main
2023-05-04 09:53:07.820 [info] Review> No matching pull request metadata found on GitHub for current branch main
2023-05-04 09:53:08.430 [info] Review> Validate state in progress
2023-05-04 09:53:08.430 [info] Review> Validating state...
2023-05-04 09:53:08.528 [info] Found GitHub remote for folder /workspaces/124855513
2023-05-04 09:53:08.690 [info] Review> no matching pull request metadata found for current branch main
2023-05-04 09:53:08.980 [info] Review> No matching pull request metadata found on GitHub for current branch main
2023-05-04 10:03:14.727 [info] Review> Validate state in progress
2023-05-04 10:03:14.727 [info] Review> Validating state...
2023-05-04 10:03:15.457 [info] Found GitHub remote for folder /workspaces/124855513
2023-05-04 10:03:15.629 [info] Review> no matching pull request metadata found for current branch main
2023-05-04 10:03:15.961 [info] Review> No matching pull request metadata found on GitHub for current branch main
2023-05-04 10:03:16.552 [info] Review> Validate state in progress
2023-05-04 10:03:16.552 [info] Review> Validating state...
2023-05-04 10:03:16.647 [info] Found GitHub remote for folder /workspaces/124855513
2023-05-04 10:03:16.770 [info] Review> no matching pull request metadata found for current branch main
2023-05-04 10:03:17.082 [info] Review> No matching pull request metadata found on GitHub for current branch main
2023-05-04 10:04:57.230 [info] Review> Validate state in progress
2023-05-04 10:04:57.230 [info] Review> Validating state...
2023-05-04 10:04:57.376 [info] Found GitHub remote for folder /workspaces/124855513
2023-05-04 10:04:57.509 [info] Review> no matching pull request metadata found for current branch main
2023-05-04 10:04:57.825 [info] Review> No matching pull request metadata found on GitHub for current branch main
2023-05-04 10:04:58.473 [info] Review> Validate state in progress
2023-05-04 10:04:58.473 [info] Review> Validating state...
2023-05-04 10:04:58.568 [info] Found GitHub remote for folder /workspaces/124855513
2023-05-04 10:04:58.686 [info] Review> no matching pull request metadata found for current branch main
2023-05-04 10:04:59.009 [info] Review> No matching pull request metadata found on GitHub for current branch main
2023-05-04 10:26:47.275 [info] Review> Validate state in progress
2023-05-04 10:26:47.275 [info] Review> Validating state...
2023-05-04 10:26:47.422 [info] Found GitHub remote for folder /workspaces/124855513
2023-05-04 10:26:47.547 [info] Review> no matching pull request metadata found for current branch main
2023-05-04 10:26:47.848 [info] Review> No matching pull request metadata found on GitHub for current branch main
2023-05-04 10:26:48.486 [info] Review> Validate state in progress
2023-05-04 10:26:48.486 [info] Review> Validating state...
2023-05-04 10:26:48.582 [info] Found GitHub remote for folder /workspaces/124855513
2023-05-04 10:26:48.721 [info] Review> no matching pull request metadata found for current branch main
2023-05-04 10:26:49.043 [info] Review> No matching pull request metadata found on GitHub for current branch main
2023-05-04 10:38:21.932 [info] Review> Validate state in progress
2023-05-04 10:38:21.932 [info] Review> Validating state...
2023-05-04 10:38:22.098 [info] Found GitHub remote for folder /workspaces/124855513
2023-05-04 10:38:22.234 [info] Review> no matching pull request metadata found for current branch main
2023-05-04 10:38:22.574 [info] Review> No matching pull request metadata found on GitHub for current branch main
2023-05-04 10:38:23.135 [info] Review> Validate state in progress
2023-05-04 10:38:23.135 [info] Review> Validating state...
2023-05-04 10:38:23.233 [info] Found GitHub remote for folder /workspaces/124855513
2023-05-04 10:38:23.389 [info] Review> no matching pull request metadata found for current branch main
2023-05-04 10:38:23.683 [info] Review> No matching pull request metadata found on GitHub for current branch main
2023-05-04 10:41:42.159 [info] Review> Validate state in progress
2023-05-04 10:41:42.159 [info] Review> Validating state...
2023-05-04 10:41:42.306 [info] Found GitHub remote for folder /workspaces/124855513
2023-05-04 10:41:42.470 [info] Review> no matching pull request metadata found for current branch main
2023-05-04 10:41:42.806 [info] Review> No matching pull request metadata found on GitHub for current branch main
2023-05-04 10:41:43.569 [info] Review> Validate state in progress
2023-05-04 10:41:43.569 [info] Review> Validating state...
2023-05-04 10:41:43.671 [info] Found GitHub remote for folder /workspaces/124855513
2023-05-04 10:41:43.790 [info] Review> no matching pull request metadata found for current branch main
2023-05-04 10:41:44.116 [info] Review> No matching pull request metadata found on GitHub for current branch main
2023-05-04 10:43:35.855 [info] Review> Validate state in progress
2023-05-04 10:43:35.856 [info] Review> Validating state...
2023-05-04 10:43:36.005 [info] Found GitHub remote for folder /workspaces/124855513
2023-05-04 10:43:36.141 [info] Review> no matching pull request metadata found for current branch main
2023-05-04 10:43:36.558 [info] Review> No matching pull request metadata found on GitHub for current branch main
2023-05-04 10:43:37.054 [info] Review> Validate state in progress
2023-05-04 10:43:37.054 [info] Review> Validating state...
2023-05-04 10:43:37.149 [info] Found GitHub remote for folder /workspaces/124855513
2023-05-04 10:43:37.332 [info] Review> no matching pull request metadata found for current branch main
2023-05-04 10:43:37.642 [info] Review> No matching pull request metadata found on GitHub for current branch main
2023-05-04 10:44:19.844 [info] Review> Validate state in progress
2023-05-04 10:44:19.844 [info] Review> Validating state...
2023-05-04 10:44:19.987 [info] Found GitHub remote for folder /workspaces/124855513
2023-05-04 10:44:20.130 [info] Review> no matching pull request metadata found for current branch main
2023-05-04 10:44:20.427 [info] Review> No matching pull request metadata found on GitHub for current branch main
2023-05-04 10:44:21.072 [info] Review> Validate state in progress
2023-05-04 10:44:21.072 [info] Review> Validating state...
2023-05-04 10:44:21.173 [info] Found GitHub remote for folder /workspaces/124855513
2023-05-04 10:44:21.342 [info] Review> no matching pull request metadata found for current branch main
2023-05-04 10:44:21.655 [info] Review> No matching pull request metadata found on GitHub for current branch main
2023-05-04 10:47:21.713 [info] Review> Validate state in progress
2023-05-04 10:47:21.713 [info] Review> Validating state...
2023-05-04 10:47:21.865 [info] Found GitHub remote for folder /workspaces/124855513
2023-05-04 10:47:21.984 [info] Review> no matching pull request metadata found for current branch main
2023-05-04 10:47:22.329 [info] Review> No matching pull request metadata found on GitHub for current branch main
2023-05-04 10:47:22.941 [info] Review> Validate state in progress
2023-05-04 10:47:22.941 [info] Review> Validating state...
2023-05-04 10:47:23.040 [info] Found GitHub remote for folder /workspaces/124855513
2023-05-04 10:47:23.207 [info] Review> no matching pull request metadata found for current branch main
2023-05-04 10:47:23.505 [info] Review> No matching pull request metadata found on GitHub for current branch main
2023-05-04 10:56:35.706 [info] Review> Validate state in progress
2023-05-04 10:56:35.706 [info] Review> Validating state...
2023-05-04 10:56:35.854 [info] Found GitHub remote for folder /workspaces/124855513
2023-05-04 10:56:35.983 [info] Review> no matching pull request metadata found for current branch main
2023-05-04 10:56:36.288 [info] Review> No matching pull request metadata found on GitHub for current branch main
2023-05-04 10:56:36.931 [info] Review> Validate state in progress
2023-05-04 10:56:36.931 [info] Review> Validating state...
2023-05-04 10:56:37.026 [info] Found GitHub remote for folder /workspaces/124855513
2023-05-04 10:56:37.189 [info] Review> no matching pull request metadata found for current branch main
2023-05-04 10:56:37.476 [info] Review> No matching pull request metadata found on GitHub for current branch main
2023-05-04 10:58:31.561 [info] Review> Validate state in progress
2023-05-04 10:58:31.561 [info] Review> Validating state...
2023-05-04 10:58:31.732 [info] Found GitHub remote for folder /workspaces/124855513
2023-05-04 10:58:31.852 [info] Review> no matching pull request metadata found for current branch main
2023-05-04 10:58:32.203 [info] Review> No matching pull request metadata found on GitHub for current branch main
2023-05-04 10:58:32.740 [info] Review> Validate state in progress
2023-05-04 10:58:32.740 [info] Review> Validating state...
2023-05-04 10:58:32.932 [info] Found GitHub remote for folder /workspaces/124855513
2023-05-04 10:58:33.112 [info] Review> no matching pull request metadata found for current branch main
2023-05-04 10:58:33.432 [info] Review> No matching pull request metadata found on GitHub for current branch main
2023-05-04 11:05:41.307 [info] Review> Validate state in progress
2023-05-04 11:05:41.307 [info] Review> Validating state...
2023-05-04 11:05:41.451 [info] Found GitHub remote for folder /workspaces/124855513
2023-05-04 11:05:41.563 [info] Review> no matching pull request metadata found for current branch main
2023-05-04 11:05:41.896 [info] Review> No matching pull request metadata found on GitHub for current branch main
2023-05-04 11:05:42.487 [info] Review> Validate state in progress
2023-05-04 11:05:42.487 [info] Review> Validating state...
2023-05-04 11:05:42.581 [info] Found GitHub remote for folder /workspaces/124855513
2023-05-04 11:05:42.724 [info] Review> no matching pull request metadata found for current branch main
2023-05-04 11:05:43.042 [info] Review> No matching pull request metadata found on GitHub for current branch main
2023-05-04 11:07:25.401 [info] Review> Validate state in progress
2023-05-04 11:07:25.401 [info] Review> Validating state...
2023-05-04 11:07:25.547 [info] Found GitHub remote for folder /workspaces/124855513
2023-05-04 11:07:25.672 [info] Review> no matching pull request metadata found for current branch main
2023-05-04 11:07:26.022 [info] Review> No matching pull request metadata found on GitHub for current branch main
2023-05-04 11:07:26.552 [info] Review> Validate state in progress
2023-05-04 11:07:26.552 [info] Review> Validating state...
2023-05-04 11:07:26.648 [info] Found GitHub remote for folder /workspaces/124855513
2023-05-04 11:07:26.796 [info] Review> no matching pull request metadata found for current branch main
2023-05-04 11:07:27.123 [info] Review> No matching pull request metadata found on GitHub for current branch main
2023-05-04 11:08:55.911 [info] Review> Validate state in progress
2023-05-04 11:08:55.911 [info] Review> Validating state...
2023-05-04 11:08:56.060 [info] Found GitHub remote for folder /workspaces/124855513
2023-05-04 11:08:56.178 [info] Review> no matching pull request metadata found for current branch main
2023-05-04 11:08:56.534 [info] Review> No matching pull request metadata found on GitHub for current branch main
2023-05-04 11:08:57.162 [info] Review> Validate state in progress
2023-05-04 11:08:57.162 [info] Review> Validating state...
2023-05-04 11:08:57.264 [info] Found GitHub remote for folder /workspaces/124855513
2023-05-04 11:08:57.417 [info] Review> no matching pull request metadata found for current branch main
2023-05-04 11:08:57.750 [info] Review> No matching pull request metadata found on GitHub for current branch main
2023-05-04 11:09:52.551 [info] Review> Validate state in progress
2023-05-04 11:09:52.551 [info] Review> Validating state...
2023-05-04 11:09:52.690 [info] Found GitHub remote for folder /workspaces/124855513
2023-05-04 11:09:52.811 [info] Review> no matching pull request metadata found for current branch main
2023-05-04 11:09:53.126 [info] Review> No matching pull request metadata found on GitHub for current branch main
2023-05-04 11:09:53.731 [info] Review> Validate state in progress
2023-05-04 11:09:53.731 [info] Review> Validating state...
2023-05-04 11:09:53.827 [info] Found GitHub remote for folder /workspaces/124855513
2023-05-04 11:09:53.991 [info] Review> no matching pull request metadata found for current branch main
2023-05-04 11:09:54.298 [info] Review> No matching pull request metadata found on GitHub for current branch main
2023-05-04 11:11:51.761 [info] Review> Validate state in progress
2023-05-04 11:11:51.761 [info] Review> Validating state...
2023-05-04 11:11:51.903 [info] Found GitHub remote for folder /workspaces/124855513
2023-05-04 11:11:52.141 [info] Review> no matching pull request metadata found for current branch main
2023-05-04 11:11:52.423 [info] Review> No matching pull request metadata found on GitHub for current branch main
2023-05-04 11:11:53.062 [info] Review> Validate state in progress
2023-05-04 11:11:53.062 [info] Review> Validating state...
2023-05-04 11:11:53.160 [info] Found GitHub remote for folder /workspaces/124855513
2023-05-04 11:11:53.294 [info] Review> no matching pull request metadata found for current branch main
2023-05-04 11:11:53.611 [info] Review> No matching pull request metadata found on GitHub for current branch main
2023-05-04 11:14:47.634 [info] Review> Validate state in progress
2023-05-04 11:14:47.634 [info] Review> Validating state...
2023-05-04 11:14:47.775 [info] Found GitHub remote for folder /workspaces/124855513
2023-05-04 11:14:47.879 [info] Review> no matching pull request metadata found for current branch main
2023-05-04 11:14:48.179 [info] Review> No matching pull request metadata found on GitHub for current branch main
2023-05-04 11:14:48.831 [info] Review> Validate state in progress
2023-05-04 11:14:48.831 [info] Review> Validating state...
2023-05-04 11:14:48.934 [info] Found GitHub remote for folder /workspaces/124855513
2023-05-04 11:14:49.073 [info] Review> no matching pull request metadata found for current branch main
2023-05-04 11:14:49.372 [info] Review> No matching pull request metadata found on GitHub for current branch main
2023-05-04 11:16:27.225 [info] Review> Validate state in progress
2023-05-04 11:16:27.225 [info] Review> Validating state...
2023-05-04 11:16:27.374 [info] Found GitHub remote for folder /workspaces/124855513
2023-05-04 11:16:27.479 [info] Review> no matching pull request metadata found for current branch main
2023-05-04 11:16:27.776 [info] Review> No matching pull request metadata found on GitHub for current branch main
2023-05-04 11:16:28.408 [info] Review> Validate state in progress
2023-05-04 11:16:28.408 [info] Review> Validating state...
2023-05-04 11:16:28.504 [info] Found GitHub remote for folder /workspaces/124855513
2023-05-04 11:16:28.640 [info] Review> no matching pull request metadata found for current branch main
2023-05-04 11:16:28.927 [info] Review> No matching pull request metadata found on GitHub for current branch main
2023-05-04 11:17:26.531 [info] Review> Validate state in progress
2023-05-04 11:17:26.532 [info] Review> Validating state...
2023-05-04 11:17:26.671 [info] Found GitHub remote for folder /workspaces/124855513
2023-05-04 11:17:26.775 [info] Review> no matching pull request metadata found for current branch main
2023-05-04 11:17:27.121 [info] Review> No matching pull request metadata found on GitHub for current branch main
2023-05-04 11:17:27.702 [info] Review> Validate state in progress
2023-05-04 11:17:27.703 [info] Review> Validating state...
2023-05-04 11:17:27.799 [info] Found GitHub remote for folder /workspaces/124855513
2023-05-04 11:17:27.944 [info] Review> no matching pull request metadata found for current branch main
2023-05-04 11:17:28.230 [info] Review> No matching pull request metadata found on GitHub for current branch main
2023-05-04 11:19:27.799 [info] Review> Validate state in progress
2023-05-04 11:19:27.799 [info] Review> Validating state...
2023-05-04 11:19:27.943 [info] Found GitHub remote for folder /workspaces/124855513
2023-05-04 11:19:28.053 [info] Review> no matching pull request metadata found for current branch main
2023-05-04 11:19:28.337 [info] Review> No matching pull request metadata found on GitHub for current branch main
2023-05-04 11:19:28.976 [info] Review> Validate state in progress
2023-05-04 11:19:28.976 [info] Review> Validating state...
2023-05-04 11:19:29.076 [info] Found GitHub remote for folder /workspaces/124855513
2023-05-04 11:19:29.233 [info] Review> no matching pull request metadata found for current branch main
2023-05-04 11:19:29.527 [info] Review> No matching pull request metadata found on GitHub for current branch main
2023-05-04 11:22:38.546 [info] Review> Validate state in progress
2023-05-04 11:22:38.546 [info] Review> Validating state...
2023-05-04 11:22:38.690 [info] Found GitHub remote for folder /workspaces/124855513
2023-05-04 11:22:38.804 [info] Review> no matching pull request metadata found for current branch main
2023-05-04 11:22:39.112 [info] Review> No matching pull request metadata found on GitHub for current branch main
2023-05-04 11:22:39.732 [info] Review> Validate state in progress
2023-05-04 11:22:39.733 [info] Review> Validating state...
2023-05-04 11:22:39.833 [info] Found GitHub remote for folder /workspaces/124855513
2023-05-04 11:22:39.991 [info] Review> no matching pull request metadata found for current branch main
2023-05-04 11:22:40.305 [info] Review> No matching pull request metadata found on GitHub for current branch main
2023-05-04 11:26:13.259 [info] Review> Validate state in progress
2023-05-04 11:26:13.259 [info] Review> Validating state...
2023-05-04 11:26:13.409 [info] Found GitHub remote for folder /workspaces/124855513
2023-05-04 11:26:13.506 [info] Review> no matching pull request metadata found for current branch main
2023-05-04 11:26:13.812 [info] Review> No matching pull request metadata found on GitHub for current branch main
2023-05-04 11:26:14.423 [info] Review> Validate state in progress
2023-05-04 11:26:14.423 [info] Review> Validating state...
2023-05-04 11:26:15.422 [info] Found GitHub remote for folder /workspaces/124855513
2023-05-04 11:26:15.561 [info] Review> no matching pull request metadata found for current branch main
2023-05-04 11:26:15.872 [info] Review> No matching pull request metadata found on GitHub for current branch main
2023-05-04 11:33:59.031 [info] Review> Validate state in progress
2023-05-04 11:33:59.031 [info] Review> Validating state...
2023-05-04 11:33:59.176 [info] Found GitHub remote for folder /workspaces/124855513
2023-05-04 11:33:59.288 [info] Review> no matching pull request metadata found for current branch main
2023-05-04 11:33:59.614 [info] Review> No matching pull request metadata found on GitHub for current branch main
2023-05-04 11:34:00.460 [info] Review> Validate state in progress
2023-05-04 11:34:00.460 [info] Review> Validating state...
2023-05-04 11:34:00.554 [info] Found GitHub remote for folder /workspaces/124855513
2023-05-04 11:34:00.661 [info] Review> no matching pull request metadata found for current branch main
2023-05-04 11:34:00.990 [info] Review> No matching pull request metadata found on GitHub for current branch main
2023-05-04 11:34:56.612 [info] Review> Validate state in progress
2023-05-04 11:34:56.612 [info] Review> Validating state...
2023-05-04 11:34:56.752 [info] Found GitHub remote for folder /workspaces/124855513
2023-05-04 11:34:56.850 [info] Review> no matching pull request metadata found for current branch main
2023-05-04 11:34:57.160 [info] Review> No matching pull request metadata found on GitHub for current branch main
2023-05-04 11:34:57.761 [info] Review> Validate state in progress
2023-05-04 11:34:57.761 [info] Review> Validating state...
2023-05-04 11:34:57.857 [info] Found GitHub remote for folder /workspaces/124855513
2023-05-04 11:34:57.976 [info] Review> no matching pull request metadata found for current branch main
2023-05-04 11:34:58.275 [info] Review> No matching pull request metadata found on GitHub for current branch main
2023-05-04 11:38:09.271 [info] Review> Validate state in progress
2023-05-04 11:38:09.271 [info] Review> Validating state...
2023-05-04 11:38:09.414 [info] Found GitHub remote for folder /workspaces/124855513
2023-05-04 11:38:09.553 [info] Review> no matching pull request metadata found for current branch main
2023-05-04 11:38:09.860 [info] Review> No matching pull request metadata found on GitHub for current branch main
2023-05-04 11:38:10.468 [info] Review> Validate state in progress
2023-05-04 11:38:10.468 [info] Review> Validating state...
2023-05-04 11:38:10.562 [info] Found GitHub remote for folder /workspaces/124855513
2023-05-04 11:38:10.715 [info] Review> no matching pull request metadata found for current branch main
2023-05-04 11:38:11.022 [info] Review> No matching pull request metadata found on GitHub for current branch main
2023-05-04 11:42:29.748 [info] Review> Validate state in progress
2023-05-04 11:42:29.748 [info] Review> Validating state...
2023-05-04 11:42:29.889 [info] Found GitHub remote for folder /workspaces/124855513
2023-05-04 11:42:30.010 [info] Review> no matching pull request metadata found for current branch main
2023-05-04 11:42:30.314 [info] Review> No matching pull request metadata found on GitHub for current branch main
2023-05-04 11:42:30.909 [info] Review> Queuing additional validate state
2023-05-04 11:42:31.022 [info] Review> Validating state...
2023-05-04 11:42:31.127 [info] Found GitHub remote for folder /workspaces/124855513
2023-05-04 11:42:31.254 [info] Review> no matching pull request metadata found for current branch main
2023-05-04 11:42:31.570 [info] Review> No matching pull request metadata found on GitHub for current branch main
2023-05-04 11:45:49.407 [info] Review> Validate state in progress
2023-05-04 11:45:49.407 [info] Review> Validating state...
2023-05-04 11:45:49.550 [info] Found GitHub remote for folder /workspaces/124855513
2023-05-04 11:45:49.675 [info] Review> no matching pull request metadata found for current branch main
2023-05-04 11:45:50.035 [info] Review> No matching pull request metadata found on GitHub for current branch main
2023-05-04 11:45:50.577 [info] Review> Validate state in progress
2023-05-04 11:45:50.577 [info] Review> Validating state...
2023-05-04 11:45:50.674 [info] Found GitHub remote for folder /workspaces/124855513
2023-05-04 11:45:50.800 [info] Review> no matching pull request metadata found for current branch main
2023-05-04 11:45:51.134 [info] Review> No matching pull request metadata found on GitHub for current branch main
2023-05-04 11:47:04.136 [info] Review> Validate state in progress
2023-05-04 11:47:04.136 [info] Review> Validating state...
2023-05-04 11:47:04.276 [info] Found GitHub remote for folder /workspaces/124855513
2023-05-04 11:47:04.381 [info] Review> no matching pull request metadata found for current branch main
2023-05-04 11:47:04.708 [info] Review> No matching pull request metadata found on GitHub for current branch main
2023-05-04 11:47:05.308 [info] Review> Validate state in progress
2023-05-04 11:47:05.308 [info] Review> Validating state...
2023-05-04 11:47:05.407 [info] Found GitHub remote for folder /workspaces/124855513
2023-05-04 11:47:05.558 [info] Review> no matching pull request metadata found for current branch main
2023-05-04 11:47:05.848 [info] Review> No matching pull request metadata found on GitHub for current branch main
