2023-06-01 10:32:57.951 [warning] /home/ubuntu/.ssh/config: ENOENT: no such file or directory, open '/home/ubuntu/.ssh/config'
2023-06-01 10:32:58.226 [info] Looking for git repository
2023-06-01 10:32:58.226 [info] Found 0 repositories during activation
2023-06-01 10:32:58.226 [info] Git repository found, initializing review manager and pr tree view.
2023-06-01 10:32:58.241 [info] Registering git provider
2023-06-01 10:32:58.241 [info] Review> Validate state in progress
2023-06-01 10:32:58.241 [info] Review> Validating state...
2023-06-01 10:32:58.345 [info] Found GitHub remote for folder /workspaces/124855513
2023-06-01 10:33:02.230 [info] Review> no matching pull request metadata found for current branch main
2023-06-01 10:33:02.376 [info] Repo state for file:///workspaces/124855513 changed.
2023-06-01 10:33:02.376 [info] Repo file:///workspaces/124855513 has already been setup.
2023-06-01 10:33:03.690 [info] Review> No matching pull request metadata found on GitHub for current branch main
2023-06-01 10:33:32.686 [info] Review> Validate state in progress
2023-06-01 10:33:32.686 [info] Review> Validating state...
2023-06-01 10:33:32.845 [info] Found GitHub remote for folder /workspaces/124855513
2023-06-01 10:33:33.028 [info] Review> no matching pull request metadata found for current branch main
2023-06-01 10:33:33.368 [info] Review> No matching pull request metadata found on GitHub for current branch main
2023-06-01 10:33:34.756 [info] Review> Validate state in progress
2023-06-01 10:33:34.756 [info] Review> Validating state...
2023-06-01 10:33:34.856 [info] Found GitHub remote for folder /workspaces/124855513
2023-06-01 10:33:34.995 [info] Review> no matching pull request metadata found for current branch main
2023-06-01 10:33:35.289 [info] Review> No matching pull request metadata found on GitHub for current branch main
2023-06-01 10:55:16.239 [info] Review> Validate state in progress
2023-06-01 10:55:16.239 [info] Review> Validating state...
2023-06-01 10:55:16.388 [info] Found GitHub remote for folder /workspaces/124855513
2023-06-01 10:55:16.499 [info] Review> no matching pull request metadata found for current branch main
2023-06-01 10:55:16.804 [info] Review> No matching pull request metadata found on GitHub for current branch main
2023-06-01 10:55:17.429 [info] Review> Queuing additional validate state
2023-06-01 10:55:19.098 [info] Review> Validating state...
2023-06-01 10:55:20.100 [info] Found GitHub remote for folder /workspaces/124855513
2023-06-01 10:55:20.221 [info] Review> no matching pull request metadata found for current branch main
2023-06-01 10:55:20.510 [info] Review> No matching pull request metadata found on GitHub for current branch main
2023-06-01 11:01:29.765 [info] Review> Validate state in progress
2023-06-01 11:01:29.765 [info] Review> Validating state...
2023-06-01 11:01:30.712 [info] Found GitHub remote for folder /workspaces/124855513
2023-06-01 11:01:30.905 [info] Review> no matching pull request metadata found for current branch main
2023-06-01 11:01:31.233 [info] Review> No matching pull request metadata found on GitHub for current branch main
2023-06-01 11:01:31.820 [info] Review> Queuing additional validate state
2023-06-01 11:01:34.731 [info] Review> Validating state...
2023-06-01 11:01:35.831 [info] Found GitHub remote for folder /workspaces/124855513
2023-06-01 11:01:35.972 [info] Review> no matching pull request metadata found for current branch main
2023-06-01 11:01:36.266 [info] Review> No matching pull request metadata found on GitHub for current branch main
2023-06-01 11:03:29.401 [info] Review> Validate state in progress
2023-06-01 11:03:29.401 [info] Review> Validating state...
2023-06-01 11:03:29.582 [info] Found GitHub remote for folder /workspaces/124855513
2023-06-01 11:03:29.714 [info] Review> no matching pull request metadata found for current branch main
2023-06-01 11:03:30.024 [info] Review> No matching pull request metadata found on GitHub for current branch main
2023-06-01 11:03:30.842 [info] Review> Validate state in progress
2023-06-01 11:03:30.842 [info] Review> Validating state...
2023-06-01 11:03:30.943 [info] Found GitHub remote for folder /workspaces/124855513
2023-06-01 11:03:31.096 [info] Review> no matching pull request metadata found for current branch main
2023-06-01 11:03:31.382 [info] Review> No matching pull request metadata found on GitHub for current branch main
2023-06-01 11:06:15.447 [info] Review> Validate state in progress
2023-06-01 11:06:15.447 [info] Review> Validating state...
2023-06-01 11:06:15.618 [info] Found GitHub remote for folder /workspaces/124855513
2023-06-01 11:06:15.752 [info] Review> no matching pull request metadata found for current branch main
2023-06-01 11:06:16.175 [info] Review> No matching pull request metadata found on GitHub for current branch main
2023-06-01 11:06:16.662 [info] Review> Validate state in progress
2023-06-01 11:06:16.662 [info] Review> Validating state...
2023-06-01 11:06:16.768 [info] Found GitHub remote for folder /workspaces/124855513
2023-06-01 11:06:16.927 [info] Review> no matching pull request metadata found for current branch main
2023-06-01 11:06:17.243 [info] Review> No matching pull request metadata found on GitHub for current branch main
