[Client I] GitHub Codespaces version 1.14.8
[Client I] isRunningInWeb: "true"
[Client V] Initializing authentication
[API I] Successfully signed in
[Client:extension:486e I] initializing
[Client:extension:486e I] creating LiveShare ConnectionHub, with type: "main thread"
[Client:extension:486e I] 1 connections used: > object #0: [object Object]
[Client:extension:486e:resolver I] created with protocol "codespaces"
[RemoteExplorer I] Updating codespace performance info
[Client I] Connecting to current codespace: eltsova244-humble-giggle-r9qgq47x5xq35v97
[Command:Connect I] Decorator starting: ErrorNotification
[Command:Connect I] Decorator starting: Telemetry
[API:retries-left-2 I] making GET request for "https://api.github.com/user/codespaces/eltsova244-humble-giggle-r9qgq47x5xq35v97"
[Client I] Jupyter API registered? true
[RemoteExplorer I] Updating codespace performance info
[Client:extension:486e:resolver:resolve:1 I] resolve retry #3
[Command:Connect I] Command [Connect to Codespace]: Connect to Codespace Success (2210ms)
[Command:Connect I] Decorator finishing: Telemetry. Duration: 2ms (0 + 2)
[Client:extension:486e:resolver:resolve:1 I] resolving "codespaces+eltsova244-humble-giggle-r9qgq47x5xq35v97"
[Client:extension:486e:resolver:resolve:1 I] codespace: "eltsova244-humble-giggle-r9qgq47x5xq35v97", fetching details
[Command:Connect I] Decorator finishing: ErrorNotification. Duration: 2ms (0 + 2)
[Client:extension:486e:resolver:resolve:1:fetch-codespace-info I] fetching codespace details for "eltsova244-humble-giggle-r9qgq47x5xq35v97"
[Client:extension:486e:resolver:resolve:1:fetch-codespace-info I] signed in, getting the details
[Client:extension:486e:resolver:resolve:1:fetch-codespace-info I] fetching codespace "eltsova244-humble-giggle-r9qgq47x5xq35v97" (retries left: 2)
[API:retries-left-2 I] making GET request for "https://api.github.com/user/codespaces/eltsova244-humble-giggle-r9qgq47x5xq35v97"
[RemoteExplorer I] Updating codespace performance info
[Client:extension:486e:resolver I] successfully fetched codespace details> object #0: {
  "id": 5953975,
  "name": "<41:<redacte>",
  "environment_id": "7ce0bac2-17dc-4e40-93ed-b927e5281b5e",
  "owner": "<undefined:<redacte>",
  "billable_owner": {
    "login": "code50",
    "id": 89367332,
    "node_id": "MDEyOk9yZ2FuaXphdGlvbjg5MzY3MzMy",
    "avatar_url": "https://avatars.githubusercontent.com/u/89367332?v=4",
    "gravatar_id": "",
    "url": "https://api.github.com/users/code50",
    "html_url": "https://github.com/code50",
    "followers_url": "https://api.github.com/users/code50/followers",
    "following_url": "https://api.github.com/users/code50/following{/other_user}",
    "gists_url": "https://api.github.com/users/code50/gists{/gist_id}",
    "starred_url": "https://api.github.com/users/code50/starred{/owner}{/repo}",
    "subscriptions_url": "https://api.github.com/users/code50/subscriptions",
    "organizations_url": "https://api.github.com/users/code50/orgs",
    "repos_url": "https://api.github.com/users/code50/repos",
    "events_url": "https://api.github.com/users/code50/events{/privacy}",
    "received_events_url": "https://api.github.com/users/code50/received_events",
    "type": "Organization",
    "site_admin": false
  },
  "repository": {
    "id": 601930715,
    "node_id": "R_kgDOI-C72w",
    "name": "<9:<redacte>",
    "full_name": "code50/124855513",
    "private": true,
    "owner": "<undefined:<redacte>",
    "html_url": "https://github.com/code50/124855513",
    "description": null,
    "fork": false,
    "url": "https://api.github.com/repos/code50/124855513",
    "forks_url": "https://api.github.com/repos/code50/124855513/forks",
    "keys_url": "https://api.github.com/repos/code50/124855513/keys{/key_id}",
    "collaborators_url": "https://api.github.com/repos/code50/124855513/collaborators{/collaborator}",
    "teams_url": "https://api.github.com/repos/code50/124855513/teams",
    "hooks_url": "https://api.github.com/repos/code50/124855513/hooks",
    "issue_events_url": "https://api.github.com/repos/code50/124855513/issues/events{/number}",
    "events_url": "https://api.github.com/repos/code50/124855513/events",
    "assignees_url": "https://api.github.com/repos/code50/124855513/assignees{/user}",
    "branches_url": "https://api.github.com/repos/code50/124855513/branches{/branch}",
    "tags_url": "https://api.github.com/repos/code50/124855513/tags",
    "blobs_url": "https://api.github.com/repos/code50/124855513/git/blobs{/sha}",
    "git_tags_url": "https://api.github.com/repos/code50/124855513/git/tags{/sha}",
    "git_refs_url": "https://api.github.com/repos/code50/124855513/git/refs{/sha}",
    "trees_url": "https://api.github.com/repos/code50/124855513/git/trees{/sha}",
    "statuses_url": "https://api.github.com/repos/code50/124855513/statuses/{sha}",
    "languages_url": "https://api.github.com/repos/code50/124855513/languages",
    "stargazers_url": "https://api.github.com/repos/code50/124855513/stargazers",
    "contributors_url": "https://api.github.com/repos/code50/124855513/contributors",
    "subscribers_url": "https://api.github.com/repos/code50/124855513/subscribers",
    "subscription_url": "https://api.github.com/repos/code50/124855513/subscription",
    "commits_url": "https://api.github.com/repos/code50/124855513/commits{/sha}",
    "git_commits_url": "https://api.github.com/repos/code50/124855513/git/commits{/sha}",
    "comments_url": "https://api.github.com/repos/code50/124855513/comments{/number}",
    "issue_comment_url": "https://api.github.com/repos/code50/124855513/issues/comments{/number}",
    "contents_url": "https://api.github.com/repos/code50/124855513/contents/{+path}",
    "compare_url": "https://api.github.com/repos/code50/124855513/compare/{base}...{head}",
    "merges_url": "https://api.github.com/repos/code50/124855513/merges",
    "archive_url": "https://api.github.com/repos/code50/124855513/{archive_format}{/ref}",
    "downloads_url": "https://api.github.com/repos/code50/124855513/downloads",
    "issues_url": "https://api.github.com/repos/code50/124855513/issues{/number}",
    "pulls_url": "https://api.github.com/repos/code50/124855513/pulls{/number}",
    "milestones_url": "https://api.github.com/repos/code50/124855513/milestones{/number}",
    "notifications_url": "https://api.github.com/repos/code50/124855513/notifications{?since,all,participating}",
    "labels_url": "https://api.github.com/repos/code50/124855513/labels{/name}",
    "releases_url": "https://api.github.com/repos/code50/124855513/releases{/id}",
    "deployments_url": "https://api.github.com/repos/code50/124855513/deployments"
  },
  "machine": {
    "name": "<14:<redacte>",
    "display_name": "2 cores, 4 GB RAM, 32 GB storage",
    "operating_system": "linux",
    "storage_in_bytes": 34359738368,
    "memory_in_bytes": 4294967296,
    "cpus": 2,
    "prebuild_availability": null
  },
  "prebuild": null,
  "created_at": "2023-02-15T13:05:29+07:00",
  "updated_at": "2023-06-14T16:38:12+07:00",
  "last_used_at": "2023-06-14T16:36:52+07:00",
  "state": "Available",
  "url": "https://api.github.com/user/codespaces/eltsova244-humble-giggle-r9qgq47x5xq35v97",
  "git_status": {
    "ahead": 0,
    "behind": 0,
    "has_unpushed_changes": false,
    "has_uncommitted_changes": false,
    "ref": "main"
  },
  "location": "WestEurope",
  "idle_timeout_minutes": 30,
  "web_url": "https://eltsova244-humble-giggle-r9qgq47x5xq35v97.github.dev",
  "machines_url": "https://api.github.com/user/codespaces/eltsova244-humble-giggle-r9qgq47x5xq35v97/machines",
  "start_url": "https://api.github.com/user/codespaces/eltsova244-humble-giggle-r9qgq47x5xq35v97/start",
  "stop_url": "https://api.github.com/user/codespaces/eltsova244-humble-giggle-r9qgq47x5xq35v97/stop",
  "pulls_url": null,
  "recent_folders": [
    "/home/ubuntu",
    "/workspaces/124855513"
  ],
  "runtime_constraints": {
    "allowed_port_privacy_settings": [
      "private",
      "org",
      "public"
    ]
  },
  "connection": {
    "sessionId": "D45DC5513E253270520F9F72FDAD96A8C1B2",
    "sessionPath": "/workspaces/124855513",
    "serviceUri": "https://prod.liveshare.vsengsaas.visualstudio.com/api/v1.2/",
    "relayEndpoint": "sb://vsls-prod-ins-euw-private-relay.servicebus.windows.net/fe85416619f3e1a0b0d73409c5c289437701--f436c5e0-6a1c-4875-903a-5bc77036bd37",
    "relaySas": "<256:<redacte>",
    "sessionToken": "<1134:<redacte>",
    "hostPublicKeys": [
      "AAAAB3NzaC1yc2EAAAADAQABAAABAQCd6CsnrzrXl2mr+lqYqjWpOL5NB3Cxq6e/xOKH2U4jHjYkF3w9l6u+kp/huKXFH6taLpD6sCGQ7E0gSmLhYPxYxG65WNlyLYCQyJUltqkh9QmfEc5fKfnfS44OyPT0YcSpqCdAbdp0lelWWKGx6bhAS/tvH1/qi1ov6WENsDV/nMU3els7rBTd0+FgyK6UCaT+3Q/UT18THV8akI5S76YAlLUuVce4/pwyhophkHhW3Y5IAjmW47MnpHjF94Swp/Yirc98Gssg0fodkw8jcnzTwLWx5t+Q7sepzITRQn5n7cY7FwpnwV99zW6q3TXofIhJtm+1aY7hLhf+QJcuhvAL"
    ],
    "tunnelProperties": {
      "tunnelId": "f7f6mt24",
      "clusterId": "euw",
      "domain": "app.github.dev",
      "connectAccessToken": "<373:<redacte>",
      "managePortsAccessToken": "<380:<redacte>",
      "serviceUri": "https://global.rel.tunnels.api.visualstudio.com/"
    }
  },
  "container_id": "14a113cb5f64c0e49367e40ed7234c514411fc45266cd5030365cab9b9ecbb4b",
  "display_name": "humble giggle",
  "devcontainer_path": ".devcontainer.json",
  "pending_operation": false,
  "feature_flags": {
    "developer": false,
    "portForwardingServiceEnabled": true,
    "useStorageV2": false,
    "enableRemoteKernel": true,
    "useFastlyCdn": true,
    "useNewPfsDomain": true,
    "grpcWeb": false,
    "runPostAttachCommands": false,
    "useBasisPortForwarding": false,
    "removeExtraPfTunneling": true,
    "useBasisPortForwardingWebUrl": false,
    "useBasisPortForwardingWebUrlFallback": false,
    "detailedActivityMonitor": false,
    "settingsSync": true,
    "vscodeAccountSwitching": false,
    "settingsSyncTestServer": false,
    "disableLiveShareRpc": false,
    "useBasisPortForwardingWebClient": false,
    "connectionCleanUp": false,
    "Basis": false,
    "Skuheapscaling": true,
    "CacheIde": true,
    "Developer": false,
    "Eap": false
  },
  "retention_period_minutes": 43200,
  "retention_expires_at": null,
  "template": null,
  "publish_url": null
}
[RemoteExplorer I] Updating codespace performance info
[Client:extension:486e:resolver:resolve:1:check-codespace-state I] codespace eltsova244-humble-giggle-r9qgq47x5xq35v97 (id: 7ce0bac2-17dc-4e40-93ed-b927e5281b5e) is in the "Default" state
[Client:extension:486e:resolver:resolve:1:check-codespace-state I] noop
[Client:extension:486e:resolver I] Initializing RPC client
[Client:extension:486e:resolver I] Running in web, using unix socket for communication
[Client:extension:486e:resolver I] Initializing Node-based codespace host service client
[Client:extension:486e:resolver I] Initializing Node-based Jupyter server host service client
[Client:extension:486e:resolver I] Initializing Node-based VS Code server host service client
[Client:extension:486e:resolver:resolve:1:check-codespace-state I] vscode connection options: > object #0: {
  "token": "<1134:<redacte>",
  "environmentId": "7ce0bac2-17dc-4e40-93ed-b927e5281b5e",
  "workspaceId": "D45DC5513E253270520F9F72FDAD96A8C1B2",
  "vsCodeCommit": "4cb974a7aed77a74c7813bdccd99ee0d04901215",
  "vsCodeQuality": "stable",
  "extensions": [
    "GitHub.codespaces",
    "GitHub.vscode-pull-request-github"
  ],
  "telemetry": true,
  "liveShareEndpoint": "https://prod.liveshare.vsengsaas.visualstudio.com/api/v1.2/",
  "connectionInfo": {
    "id": "D45DC5513E253270520F9F72FDAD96A8C1B2",
    "relaySas": "<256:<redacte>",
    "relayLink": "sb://vsls-prod-ins-euw-private-relay.servicebus.windows.net/fe85416619f3e1a0b0d73409c5c289437701--f436c5e0-6a1c-4875-903a-5bc77036bd37",
    "sessionToken": "<1134:<redacte>",
    "hostPublicKeys": [
      "AAAAB3NzaC1yc2EAAAADAQABAAABAQCd6CsnrzrXl2mr+lqYqjWpOL5NB3Cxq6e/xOKH2U4jHjYkF3w9l6u+kp/huKXFH6taLpD6sCGQ7E0gSmLhYPxYxG65WNlyLYCQyJUltqkh9QmfEc5fKfnfS44OyPT0YcSpqCdAbdp0lelWWKGx6bhAS/tvH1/qi1ov6WENsDV/nMU3els7rBTd0+FgyK6UCaT+3Q/UT18THV8akI5S76YAlLUuVce4/pwyhophkHhW3Y5IAjmW47MnpHjF94Swp/Yirc98Gssg0fodkw8jcnzTwLWx5t+Q7sepzITRQn5n7cY7FwpnwV99zW6q3TXofIhJtm+1aY7hLhf+QJcuhvAL"
    ],
    "tunnelProperties": {
      "tunnelId": "f7f6mt24",
      "clusterId": "euw",
      "domain": "app.github.dev",
      "connectAccessToken": "<373:<redacte>",
      "managePortsAccessToken": "<380:<redacte>",
      "serviceUri": "https://global.rel.tunnels.api.visualstudio.com/"
    }
  }
}
[RemoteExplorer I] Updating codespace details
[Client:extension:486e:resolver:resolve:1 I] requested to connect> object #0: {
  "token": "<1134:<redacte>",
  "environmentId": "7ce0bac2-17dc-4e40-93ed-b927e5281b5e",
  "workspaceId": "D45DC5513E253270520F9F72FDAD96A8C1B2",
  "vsCodeCommit": "4cb974a7aed77a74c7813bdccd99ee0d04901215",
  "vsCodeQuality": "stable",
  "extensions": [
    "GitHub.codespaces",
    "GitHub.vscode-pull-request-github"
  ],
  "telemetry": true,
  "liveShareEndpoint": "https://prod.liveshare.vsengsaas.visualstudio.com/api/v1.2/",
  "connectionInfo": {
    "id": "D45DC5513E253270520F9F72FDAD96A8C1B2",
    "relaySas": "<256:<redacte>",
    "relayLink": "sb://vsls-prod-ins-euw-private-relay.servicebus.windows.net/fe85416619f3e1a0b0d73409c5c289437701--f436c5e0-6a1c-4875-903a-5bc77036bd37",
    "sessionToken": "<1134:<redacte>",
    "hostPublicKeys": [
      "AAAAB3NzaC1yc2EAAAADAQABAAABAQCd6CsnrzrXl2mr+lqYqjWpOL5NB3Cxq6e/xOKH2U4jHjYkF3w9l6u+kp/huKXFH6taLpD6sCGQ7E0gSmLhYPxYxG65WNlyLYCQyJUltqkh9QmfEc5fKfnfS44OyPT0YcSpqCdAbdp0lelWWKGx6bhAS/tvH1/qi1ov6WENsDV/nMU3els7rBTd0+FgyK6UCaT+3Q/UT18THV8akI5S76YAlLUuVce4/pwyhophkHhW3Y5IAjmW47MnpHjF94Swp/Yirc98Gssg0fodkw8jcnzTwLWx5t+Q7sepzITRQn5n7cY7FwpnwV99zW6q3TXofIhJtm+1aY7hLhf+QJcuhvAL"
    ],
    "tunnelProperties": {
      "tunnelId": "f7f6mt24",
      "clusterId": "euw",
      "domain": "app.github.dev",
      "connectAccessToken": "<373:<redacte>",
      "managePortsAccessToken": "<380:<redacte>",
      "serviceUri": "https://global.rel.tunnels.api.visualstudio.com/"
    }
  },
  "clientId": "6401edd606dcc80b"
}
> object #1: [object Object]
[Client:extension:486e:resolver:resolve:1:D45DC5513E253270520F9F72FDAD96A8C1B2_7ce0bac2-17dc-4e40-93ed-b927e5281b5e_stable_4cb974a7aed77a74c7813bdccd99ee0d04901215 I] connection record: false
[Client:extension:486e:resolver:resolve:1:D45DC5513E253270520F9F72FDAD96A8C1B2_7ce0bac2-17dc-4e40-93ed-b927e5281b5e_stable_4cb974a7aed77a74c7813bdccd99ee0d04901215 I] creating new connection
[Client:extension:486e:vscode V] creating connection without a timeout
[Client:extension:486e:vscode I] creating connection> object #0: [object Object]
[Client:extension:486e:resolver:resolve:1:connection:D45DC5513E253270520F9F72FDAD96A8C1B2_7ce0bac2-17dc-4e40-93ed-b927e5281b5e_stable_4cb974a7aed77a74c7813bdccd99ee0d04901215:vscode V] subscribing to onDispose event
[Client:extension:486e:resolver:resolve:1:connection:D45DC5513E253270520F9F72FDAD96A8C1B2_7ce0bac2-17dc-4e40-93ed-b927e5281b5e_stable_4cb974a7aed77a74c7813bdccd99ee0d04901215:vscode I] asked to connect
[Client:extension:486e:resolver:resolve:1:connection:D45DC5513E253270520F9F72FDAD96A8C1B2_7ce0bac2-17dc-4e40-93ed-b927e5281b5e_stable_4cb974a7aed77a74c7813bdccd99ee0d04901215:vscode I] creating new connection
[Client:extension:486e:resolver:resolve:1:connection:D45DC5513E253270520F9F72FDAD96A8C1B2_7ce0bac2-17dc-4e40-93ed-b927e5281b5e_stable_4cb974a7aed77a74c7813bdccd99ee0d04901215:vscode I] creating connection
[Client:extension:486e:resolver:resolve:1:connection:D45DC5513E253270520F9F72FDAD96A8C1B2_7ce0bac2-17dc-4e40-93ed-b927e5281b5e_stable_4cb974a7aed77a74c7813bdccd99ee0d04901215:vscode I] connection status changed: none -> connecting, error:> object #0: undefined
[Client:extension:486e:resolver:resolve:1:connection:D45DC5513E253270520F9F72FDAD96A8C1B2_7ce0bac2-17dc-4e40-93ed-b927e5281b5e_stable_4cb974a7aed77a74c7813bdccd99ee0d04901215:vscode I] firing change event: > object #0: {
  "status": "connecting",
  "previousStatus": "none"
}
[Client:extension:486e:vscode:onConnectionChanged:D45DC5513E253270520F9F72FDAD96A8C1B2_7ce0bac2-17dc-4e40-93ed-b927e5281b5e_stable_4cb974a7aed77a74c7813bdccd99ee0d04901215 I] none -> connecting
[Client:extension:486e:resolver:resolve:1:connection:D45DC5513E253270520F9F72FDAD96A8C1B2_7ce0bac2-17dc-4e40-93ed-b927e5281b5e_stable_4cb974a7aed77a74c7813bdccd99ee0d04901215:vscode I] get LS connection
[Client:extension:486e:liveshare-joint I] requested to connect once> object #0: {
  "token": "<1134:<redacte>",
  "environmentId": "7ce0bac2-17dc-4e40-93ed-b927e5281b5e",
  "workspaceId": "D45DC5513E253270520F9F72FDAD96A8C1B2",
  "vsCodeCommit": "4cb974a7aed77a74c7813bdccd99ee0d04901215",
  "vsCodeQuality": "stable",
  "extensions": [
    "GitHub.codespaces",
    "GitHub.vscode-pull-request-github"
  ],
  "telemetry": true,
  "liveShareEndpoint": "https://prod.liveshare.vsengsaas.visualstudio.com/api/v1.2/",
  "connectionInfo": {
    "id": "D45DC5513E253270520F9F72FDAD96A8C1B2",
    "relaySas": "<256:<redacte>",
    "relayLink": "sb://vsls-prod-ins-euw-private-relay.servicebus.windows.net/fe85416619f3e1a0b0d73409c5c289437701--f436c5e0-6a1c-4875-903a-5bc77036bd37",
    "sessionToken": "<1134:<redacte>",
    "hostPublicKeys": [
      "AAAAB3NzaC1yc2EAAAADAQABAAABAQCd6CsnrzrXl2mr+lqYqjWpOL5NB3Cxq6e/xOKH2U4jHjYkF3w9l6u+kp/huKXFH6taLpD6sCGQ7E0gSmLhYPxYxG65WNlyLYCQyJUltqkh9QmfEc5fKfnfS44OyPT0YcSpqCdAbdp0lelWWKGx6bhAS/tvH1/qi1ov6WENsDV/nMU3els7rBTd0+FgyK6UCaT+3Q/UT18THV8akI5S76YAlLUuVce4/pwyhophkHhW3Y5IAjmW47MnpHjF94Swp/Yirc98Gssg0fodkw8jcnzTwLWx5t+Q7sepzITRQn5n7cY7FwpnwV99zW6q3TXofIhJtm+1aY7hLhf+QJcuhvAL"
    ],
    "tunnelProperties": {
      "tunnelId": "f7f6mt24",
      "clusterId": "euw",
      "domain": "app.github.dev",
      "connectAccessToken": "<373:<redacte>",
      "managePortsAccessToken": "<380:<redacte>",
      "serviceUri": "https://global.rel.tunnels.api.visualstudio.com/"
    }
  },
  "clientId": "6401edd606dcc80b"
}
> object #1: [object Object]
[Client:extension:486e:liveshare-joint I] requested to connect> object #0: {
  "token": "<1134:<redacte>",
  "environmentId": "7ce0bac2-17dc-4e40-93ed-b927e5281b5e",
  "workspaceId": "D45DC5513E253270520F9F72FDAD96A8C1B2",
  "vsCodeCommit": "4cb974a7aed77a74c7813bdccd99ee0d04901215",
  "vsCodeQuality": "stable",
  "extensions": [
    "GitHub.codespaces",
    "GitHub.vscode-pull-request-github"
  ],
  "telemetry": true,
  "liveShareEndpoint": "https://prod.liveshare.vsengsaas.visualstudio.com/api/v1.2/",
  "connectionInfo": {
    "id": "D45DC5513E253270520F9F72FDAD96A8C1B2",
    "relaySas": "<256:<redacte>",
    "relayLink": "sb://vsls-prod-ins-euw-private-relay.servicebus.windows.net/fe85416619f3e1a0b0d73409c5c289437701--f436c5e0-6a1c-4875-903a-5bc77036bd37",
    "sessionToken": "<1134:<redacte>",
    "hostPublicKeys": [
      "AAAAB3NzaC1yc2EAAAADAQABAAABAQCd6CsnrzrXl2mr+lqYqjWpOL5NB3Cxq6e/xOKH2U4jHjYkF3w9l6u+kp/huKXFH6taLpD6sCGQ7E0gSmLhYPxYxG65WNlyLYCQyJUltqkh9QmfEc5fKfnfS44OyPT0YcSpqCdAbdp0lelWWKGx6bhAS/tvH1/qi1ov6WENsDV/nMU3els7rBTd0+FgyK6UCaT+3Q/UT18THV8akI5S76YAlLUuVce4/pwyhophkHhW3Y5IAjmW47MnpHjF94Swp/Yirc98Gssg0fodkw8jcnzTwLWx5t+Q7sepzITRQn5n7cY7FwpnwV99zW6q3TXofIhJtm+1aY7hLhf+QJcuhvAL"
    ],
    "tunnelProperties": {
      "tunnelId": "f7f6mt24",
      "clusterId": "euw",
      "domain": "app.github.dev",
      "connectAccessToken": "<373:<redacte>",
      "managePortsAccessToken": "<380:<redacte>",
      "serviceUri": "https://global.rel.tunnels.api.visualstudio.com/"
    }
  },
  "clientId": "6401edd606dcc80b"
}
> object #1: [object Object]
[Client:extension:486e:liveshare-joint:D45DC5513E253270520F9F72FDAD96A8C1B2 I] connection record: false
[Client:extension:486e:liveshare-joint:D45DC5513E253270520F9F72FDAD96A8C1B2 I] creating new connection
[Client:extension:486e:liveshare-joint V] creating connection without a timeout
[Client:extension:486e:liveshare-joint I] creating connection> object #0: [object Object]
[Client:extension:486e:liveshare-joint:connection:D45DC5513E253270520F9F72FDAD96A8C1B2:liveshare-joint:liveshare V] subscribing to onDispose event
[Client:extension:486e:liveshare-joint:connection:D45DC5513E253270520F9F72FDAD96A8C1B2:liveshare-joint:liveshare I] asked to connect
[Client:extension:486e:liveshare-joint:connection:D45DC5513E253270520F9F72FDAD96A8C1B2:liveshare-joint:liveshare I] creating new connection
[Client:extension:486e:liveshare-joint:connection:D45DC5513E253270520F9F72FDAD96A8C1B2:liveshare-joint:liveshare I] creating connection
[Client:extension:486e:liveshare-joint:connection:D45DC5513E253270520F9F72FDAD96A8C1B2:liveshare-joint:liveshare I] connection status changed: none -> connecting, error:> object #0: undefined
[Client:extension:486e:liveshare-joint:connection:D45DC5513E253270520F9F72FDAD96A8C1B2:liveshare-joint:liveshare I] firing change event: > object #0: {
  "status": "connecting",
  "previousStatus": "none"
}
[Client:extension:486e:liveshare-joint:onConnectionChanged:D45DC5513E253270520F9F72FDAD96A8C1B2 I] none -> connecting
[Client:extension:486e:liveshare I] requested to connect once> object #0: {
  "token": "<1134:<redacte>",
  "environmentId": "7ce0bac2-17dc-4e40-93ed-b927e5281b5e",
  "workspaceId": "D45DC5513E253270520F9F72FDAD96A8C1B2",
  "vsCodeCommit": "4cb974a7aed77a74c7813bdccd99ee0d04901215",
  "vsCodeQuality": "stable",
  "extensions": [
    "GitHub.codespaces",
    "GitHub.vscode-pull-request-github"
  ],
  "telemetry": true,
  "liveShareEndpoint": "https://prod.liveshare.vsengsaas.visualstudio.com/api/v1.2/",
  "connectionInfo": {
    "id": "D45DC5513E253270520F9F72FDAD96A8C1B2",
    "relaySas": "<256:<redacte>",
    "relayLink": "sb://vsls-prod-ins-euw-private-relay.servicebus.windows.net/fe85416619f3e1a0b0d73409c5c289437701--f436c5e0-6a1c-4875-903a-5bc77036bd37",
    "sessionToken": "<1134:<redacte>",
    "hostPublicKeys": [
      "AAAAB3NzaC1yc2EAAAADAQABAAABAQCd6CsnrzrXl2mr+lqYqjWpOL5NB3Cxq6e/xOKH2U4jHjYkF3w9l6u+kp/huKXFH6taLpD6sCGQ7E0gSmLhYPxYxG65WNlyLYCQyJUltqkh9QmfEc5fKfnfS44OyPT0YcSpqCdAbdp0lelWWKGx6bhAS/tvH1/qi1ov6WENsDV/nMU3els7rBTd0+FgyK6UCaT+3Q/UT18THV8akI5S76YAlLUuVce4/pwyhophkHhW3Y5IAjmW47MnpHjF94Swp/Yirc98Gssg0fodkw8jcnzTwLWx5t+Q7sepzITRQn5n7cY7FwpnwV99zW6q3TXofIhJtm+1aY7hLhf+QJcuhvAL"
    ],
    "tunnelProperties": {
      "tunnelId": "f7f6mt24",
      "clusterId": "euw",
      "domain": "app.github.dev",
      "connectAccessToken": "<373:<redacte>",
      "managePortsAccessToken": "<380:<redacte>",
      "serviceUri": "https://global.rel.tunnels.api.visualstudio.com/"
    }
  },
  "clientId": "6401edd606dcc80b"
}
> object #1: [object Object]
[Client:extension:486e:liveshare I] requested to connect> object #0: {
  "token": "<1134:<redacte>",
  "environmentId": "7ce0bac2-17dc-4e40-93ed-b927e5281b5e",
  "workspaceId": "D45DC5513E253270520F9F72FDAD96A8C1B2",
  "vsCodeCommit": "4cb974a7aed77a74c7813bdccd99ee0d04901215",
  "vsCodeQuality": "stable",
  "extensions": [
    "GitHub.codespaces",
    "GitHub.vscode-pull-request-github"
  ],
  "telemetry": true,
  "liveShareEndpoint": "https://prod.liveshare.vsengsaas.visualstudio.com/api/v1.2/",
  "connectionInfo": {
    "id": "D45DC5513E253270520F9F72FDAD96A8C1B2",
    "relaySas": "<256:<redacte>",
    "relayLink": "sb://vsls-prod-ins-euw-private-relay.servicebus.windows.net/fe85416619f3e1a0b0d73409c5c289437701--f436c5e0-6a1c-4875-903a-5bc77036bd37",
    "sessionToken": "<1134:<redacte>",
    "hostPublicKeys": [
      "AAAAB3NzaC1yc2EAAAADAQABAAABAQCd6CsnrzrXl2mr+lqYqjWpOL5NB3Cxq6e/xOKH2U4jHjYkF3w9l6u+kp/huKXFH6taLpD6sCGQ7E0gSmLhYPxYxG65WNlyLYCQyJUltqkh9QmfEc5fKfnfS44OyPT0YcSpqCdAbdp0lelWWKGx6bhAS/tvH1/qi1ov6WENsDV/nMU3els7rBTd0+FgyK6UCaT+3Q/UT18THV8akI5S76YAlLUuVce4/pwyhophkHhW3Y5IAjmW47MnpHjF94Swp/Yirc98Gssg0fodkw8jcnzTwLWx5t+Q7sepzITRQn5n7cY7FwpnwV99zW6q3TXofIhJtm+1aY7hLhf+QJcuhvAL"
    ],
    "tunnelProperties": {
      "tunnelId": "f7f6mt24",
      "clusterId": "euw",
      "domain": "app.github.dev",
      "connectAccessToken": "<373:<redacte>",
      "managePortsAccessToken": "<380:<redacte>",
      "serviceUri": "https://global.rel.tunnels.api.visualstudio.com/"
    }
  },
  "clientId": "6401edd606dcc80b"
}
> object #1: [object Object]
[Client:extension:486e:liveshare:D45DC5513E253270520F9F72FDAD96A8C1B2 I] connection record: false
[Client:extension:486e:liveshare:D45DC5513E253270520F9F72FDAD96A8C1B2 I] creating new connection
[Client:extension:486e:liveshare V] creating connection without a timeout
[Client:extension:486e:liveshare I] creating connection> object #0: [object Object]
[Client:extension:486e:liveshare:connection:D45DC5513E253270520F9F72FDAD96A8C1B2:liveshare V] subscribing to onDispose event
[Client:extension:486e:liveshare:connection:D45DC5513E253270520F9F72FDAD96A8C1B2:liveshare I] asked to connect
[Client:extension:486e:liveshare:connection:D45DC5513E253270520F9F72FDAD96A8C1B2:liveshare I] creating new connection
[Client:extension:486e:liveshare:connection:D45DC5513E253270520F9F72FDAD96A8C1B2:liveshare I] creating connection
[Client:extension:486e:liveshare:connection:D45DC5513E253270520F9F72FDAD96A8C1B2:liveshare I] connection status changed: none -> connecting, error:> object #0: undefined
[Client:extension:486e:liveshare:connection:D45DC5513E253270520F9F72FDAD96A8C1B2:liveshare I] firing change event: > object #0: {
  "status": "connecting",
  "previousStatus": "none"
}
[Client:extension:486e:liveshare:onConnectionChanged:D45DC5513E253270520F9F72FDAD96A8C1B2 I] none -> connecting
[Client:extension:486e:liveshare:connection:D45DC5513E253270520F9F72FDAD96A8C1B2:liveshare I] creating workspace client> object #0: {
  "token": "<1134:<redacte>",
  "environmentId": "7ce0bac2-17dc-4e40-93ed-b927e5281b5e",
  "workspaceId": "D45DC5513E253270520F9F72FDAD96A8C1B2",
  "vsCodeCommit": "4cb974a7aed77a74c7813bdccd99ee0d04901215",
  "vsCodeQuality": "stable",
  "extensions": [
    "GitHub.codespaces",
    "GitHub.vscode-pull-request-github"
  ],
  "telemetry": true,
  "liveShareEndpoint": "https://prod.liveshare.vsengsaas.visualstudio.com/api/v1.2/",
  "connectionInfo": {
    "id": "D45DC5513E253270520F9F72FDAD96A8C1B2",
    "relaySas": "<256:<redacte>",
    "relayLink": "sb://vsls-prod-ins-euw-private-relay.servicebus.windows.net/fe85416619f3e1a0b0d73409c5c289437701--f436c5e0-6a1c-4875-903a-5bc77036bd37",
    "sessionToken": "<1134:<redacte>",
    "hostPublicKeys": [
      "AAAAB3NzaC1yc2EAAAADAQABAAABAQCd6CsnrzrXl2mr+lqYqjWpOL5NB3Cxq6e/xOKH2U4jHjYkF3w9l6u+kp/huKXFH6taLpD6sCGQ7E0gSmLhYPxYxG65WNlyLYCQyJUltqkh9QmfEc5fKfnfS44OyPT0YcSpqCdAbdp0lelWWKGx6bhAS/tvH1/qi1ov6WENsDV/nMU3els7rBTd0+FgyK6UCaT+3Q/UT18THV8akI5S76YAlLUuVce4/pwyhophkHhW3Y5IAjmW47MnpHjF94Swp/Yirc98Gssg0fodkw8jcnzTwLWx5t+Q7sepzITRQn5n7cY7FwpnwV99zW6q3TXofIhJtm+1aY7hLhf+QJcuhvAL"
    ],
    "tunnelProperties": {
      "tunnelId": "f7f6mt24",
      "clusterId": "euw",
      "domain": "app.github.dev",
      "connectAccessToken": "<373:<redacte>",
      "managePortsAccessToken": "<380:<redacte>",
      "serviceUri": "https://global.rel.tunnels.api.visualstudio.com/"
    }
  },
  "clientId": "6401edd606dcc80b"
}
[Client:extension:486e:liveshare:connection:D45DC5513E253270520F9F72FDAD96A8C1B2:liveshare:WorkspaceClient V] connecting to relay link:sb://vsls-prod-ins-euw-private-relay.servicebus.windows.net/fe85416619f3e1a0b0d73409c5c289437701--f436c5e0-6a1c-4875-903a-5bc77036bd37
[Client:extension:486e:liveshare:connection:D45DC5513E253270520F9F72FDAD96A8C1B2:liveshare:WorkspaceClient V] creating node SSH...
[Client:extension:486e:liveshare:connection:D45DC5513E253270520F9F72FDAD96A8C1B2:liveshare:WorkspaceClient V] authenticating...
[Client:extension:486e:liveshare:connection:D45DC5513E253270520F9F72FDAD96A8C1B2:liveshare:WorkspaceClient I] SshClientSession connecting...
[Client:extension:486e:liveshare:connection:D45DC5513E253270520F9F72FDAD96A8C1B2:liveshare:WorkspaceClient V] Sending #0 KeyExchangeInitMessage
[Client:extension:486e:liveshare:connection:D45DC5513E253270520F9F72FDAD96A8C1B2:liveshare:WorkspaceClient I] Local version: SSH-2.0-dev-tunnels-ssh_3.11.8, remote version: SSH-2.0-Microsoft.VisualStudio.Ssh_3.4
[Client:extension:486e:liveshare:connection:D45DC5513E253270520F9F72FDAD96A8C1B2:liveshare:WorkspaceClient V] Receiving #0 KeyExchangeInitMessage
[Client:extension:486e:liveshare:connection:D45DC5513E253270520F9F72FDAD96A8C1B2:liveshare:WorkspaceClient I] KeyExchange negotiation: Server (ecdh-sha2-nistp384, ecdh-sha2-nistp256, diffie-hellman-group16-sha512, diffie-hellman-group14-sha256, ext-info-s) Client (ecdh-sha2-nistp384, ecdh-sha2-nistp256, diffie-hellman-group14-sha256) => ecdh-sha2-nistp384
[Client:extension:486e:liveshare:connection:D45DC5513E253270520F9F72FDAD96A8C1B2:liveshare:WorkspaceClient I] PublicKey negotiation: Server (rsa-sha2-512, rsa-sha2-256) Client (rsa-sha2-512, rsa-sha2-256, ecdsa-sha2-nistp384, ecdsa-sha2-nistp256) => rsa-sha2-512
[Client:extension:486e:liveshare:connection:D45DC5513E253270520F9F72FDAD96A8C1B2:liveshare:WorkspaceClient I] ClientEncryption negotiation: Server (aes256-gcm@openssh.com, aes256-cbc, aes256-ctr) Client (aes256-gcm@openssh.com, aes256-ctr) => aes256-gcm@openssh.com
[Client:extension:486e:liveshare:connection:D45DC5513E253270520F9F72FDAD96A8C1B2:liveshare:WorkspaceClient I] ServerEncryption negotiation: Server (aes256-gcm@openssh.com, aes256-cbc, aes256-ctr) Client (aes256-gcm@openssh.com, aes256-ctr) => aes256-gcm@openssh.com
[Client:extension:486e:liveshare:connection:D45DC5513E253270520F9F72FDAD96A8C1B2:liveshare:WorkspaceClient I] ClientHmac negotiation: Server (hmac-sha2-512-etm@openssh.com, hmac-sha2-256-etm@openssh.com, hmac-sha2-512, hmac-sha2-256) Client (hmac-sha2-512-etm@openssh.com, hmac-sha2-256-etm@openssh.com, hmac-sha2-512, hmac-sha2-256) => hmac-sha2-512-etm@openssh.com
[Client:extension:486e:liveshare:connection:D45DC5513E253270520F9F72FDAD96A8C1B2:liveshare:WorkspaceClient I] ServerHmac negotiation: Server (hmac-sha2-512-etm@openssh.com, hmac-sha2-256-etm@openssh.com, hmac-sha2-512, hmac-sha2-256) Client (hmac-sha2-512-etm@openssh.com, hmac-sha2-256-etm@openssh.com, hmac-sha2-512, hmac-sha2-256) => hmac-sha2-512-etm@openssh.com
[Client:extension:486e:liveshare:connection:D45DC5513E253270520F9F72FDAD96A8C1B2:liveshare:WorkspaceClient I] ClientCompression negotiation: Server (none) Client (none) => none
[Client:extension:486e:liveshare:connection:D45DC5513E253270520F9F72FDAD96A8C1B2:liveshare:WorkspaceClient I] ServerCompression negotiation: Server (none) Client (none) => none
[Client:extension:486e:liveshare:connection:D45DC5513E253270520F9F72FDAD96A8C1B2:liveshare:WorkspaceClient V] Sending #1 KeyExchangeDhInitMessage
[Client:extension:486e:liveshare:connection:D45DC5513E253270520F9F72FDAD96A8C1B2:liveshare:WorkspaceClient V] Receiving #1 KeyExchangeDhReplyMessage
[Client:extension:486e:liveshare:connection:D45DC5513E253270520F9F72FDAD96A8C1B2:liveshare:WorkspaceClient V] Server public key verification succeeded.
[Client:extension:486e:liveshare:connection:D45DC5513E253270520F9F72FDAD96A8C1B2:liveshare:WorkspaceClient V] Sending #2 NewKeysMessage
[Client:extension:486e:liveshare:connection:D45DC5513E253270520F9F72FDAD96A8C1B2:liveshare:WorkspaceClient V] Receiving #2 NewKeysMessage
[Client:extension:486e:liveshare:connection:D45DC5513E253270520F9F72FDAD96A8C1B2:liveshare:WorkspaceClient V] Sending #3 ExtensionInfoMessage (server-sig-algs=rsa-sha2-512,rsa-sha2-256,ecdsa-sha2-nistp384,ecdsa-sha2-nistp256; open-channel-request@microsoft.com; session-reconnect@microsoft.com; session-latency@microsoft.com)
[Client:extension:486e:liveshare:connection:D45DC5513E253270520F9F72FDAD96A8C1B2:liveshare:WorkspaceClient I] SshClientSession encrypted.
[Client:extension:486e:liveshare:connection:D45DC5513E253270520F9F72FDAD96A8C1B2:liveshare:WorkspaceClient I] SshClientSession Authenticating([ssh-rsa])
[Client:extension:486e:liveshare:connection:D45DC5513E253270520F9F72FDAD96A8C1B2:liveshare:WorkspaceClient I] SshClientSession server authenticated.
[Client:extension:486e:liveshare:connection:D45DC5513E253270520F9F72FDAD96A8C1B2:liveshare:WorkspaceClient V] Sending #4 ServiceRequestMessage
[Client:extension:486e:liveshare:connection:D45DC5513E253270520F9F72FDAD96A8C1B2:liveshare:WorkspaceClient V] Sending #5 PasswordRequestMessage
[perf V] name:Creating the ssh workspace session duration:353.3233000000473
[Client:extension:486e:liveshare:connection:D45DC5513E253270520F9F72FDAD96A8C1B2:liveshare:WorkspaceClient:SshWorkspaceSession V] subscribing to onDispose event
[Client:extension:486e:liveshare:connection:D45DC5513E253270520F9F72FDAD96A8C1B2:liveshare:WorkspaceClient I] join started
[Client:extension:486e:liveshare:connection:D45DC5513E253270520F9F72FDAD96A8C1B2:liveshare:WorkspaceClient V] Sending #6 ChannelOpenMessage(channelType=session, senderChannel=1)
[Client:extension:486e:liveshare:connection:D45DC5513E253270520F9F72FDAD96A8C1B2:liveshare:WorkspaceClient V] Sending #7 SessionChannelRequestMessage (requestType=initial-channel-request@microsoft.com)
[Client:extension:486e:liveshare:connection:D45DC5513E253270520F9F72FDAD96A8C1B2:liveshare:WorkspaceClient V] Receiving #3 ExtensionInfoMessage (open-channel-request@microsoft.com; server-sig-algs=rsa-sha2-512,rsa-sha2-256,ecdsa-sha2-nistp384,ecdsa-sha2-nistp256; session-latency@microsoft.com; session-reconnect@microsoft.com)
[Client:extension:486e:liveshare:connection:D45DC5513E253270520F9F72FDAD96A8C1B2:liveshare:WorkspaceClient V] Sending #8 SessionRequestMessage (requestType=enable-session-reconnect@microsoft.com)
[Client:extension:486e:liveshare:connection:D45DC5513E253270520F9F72FDAD96A8C1B2:liveshare:WorkspaceClient V] Receiving #4 SessionRequestMessage (requestType=enable-session-reconnect@microsoft.com)
[Client:extension:486e:liveshare:connection:D45DC5513E253270520F9F72FDAD96A8C1B2:liveshare:WorkspaceClient V] Receiving #5 ServiceAcceptMessage
[Client:extension:486e:liveshare:connection:D45DC5513E253270520F9F72FDAD96A8C1B2:liveshare:WorkspaceClient V] Receiving #6 AuthenticationSuccessMessage
[Client:extension:486e:liveshare:connection:D45DC5513E253270520F9F72FDAD96A8C1B2:liveshare:WorkspaceClient I] SshClientSession client authenticated.
[perf V] name:Ssh auth completion duration:263.82889999996405
[Client:extension:486e:liveshare:connection:D45DC5513E253270520F9F72FDAD96A8C1B2:liveshare:WorkspaceClient V] Receiving #7 ChannelOpenConfirmationMessage (recipientChannel=1)(senderChannel=0)
[Client:extension:486e:liveshare:connection:D45DC5513E253270520F9F72FDAD96A8C1B2:liveshare:WorkspaceClient V] Receiving #8 SessionRequestSuccessMessage
[Client:extension:486e:liveshare:connection:D45DC5513E253270520F9F72FDAD96A8C1B2:liveshare:WorkspaceClient V] < version.exchangeVersions()
[Client:extension:486e:liveshare:connection:D45DC5513E253270520F9F72FDAD96A8C1B2:liveshare:WorkspaceClient V] > version.exchangeVersions() succeeded t:6.0
[Client:extension:486e:liveshare:connection:D45DC5513E253270520F9F72FDAD96A8C1B2:liveshare:WorkspaceClient I] Host version: {"version":"1.0.5571.49914","protocolVersion":"2.2","platformName":"Linux 5.15.0","platformVersion":"5.15.0.1039"}
[Client:extension:486e:liveshare:connection:D45DC5513E253270520F9F72FDAD96A8C1B2:liveshare:WorkspaceClient V] < workspace.joinWorkspace()
[Client:extension:486e:liveshare:connection:D45DC5513E253270520F9F72FDAD96A8C1B2:liveshare:WorkspaceClient V] > workspace.joinWorkspace() succeeded t:9.0
[Client:extension:486e:liveshare:connection:D45DC5513E253270520F9F72FDAD96A8C1B2:liveshare:WorkspaceClient I] joinWorkspace -> session:6 conversation:f436c5e0-6a1c-4875-903a-5bc77036bd37 join messages count:2
[perf V] name:Joining the workspace duration:289.3638000000501
[Client:extension:486e:liveshare:connection:D45DC5513E253270520F9F72FDAD96A8C1B2:liveshare:WorkspaceClient I] join completed
[Client:extension:486e:liveshare:connection:D45DC5513E253270520F9F72FDAD96A8C1B2:liveshare:WorkspaceClient:1 I] Start checking connection timeout:5000
[Client:extension:486e:liveshare:connection:D45DC5513E253270520F9F72FDAD96A8C1B2:liveshare:WorkspaceClient V] subscribing to onDispose event
[perf V] name:join LiveShare session duration:647.0993999999482
[Client:extension:486e:liveshare:connection:D45DC5513E253270520F9F72FDAD96A8C1B2:liveshare V] setWorkspaceSessionInfo> object #0: {
  "sessionNumber": 6,
  "conversationId": "f436c5e0-6a1c-4875-903a-5bc77036bd37",
  "connectionMode": "local",
  "sessions": {
    "1": {
      "id": "vm_b7ee1240-7a5e-4d50-a072-f146b287be0a",
      "email": "<null>",
      "userName": "<null>",
      "provider": "vscs",
      "avatarUri": "",
      "isOwner": true,
      "isHost": true,
      "clientCapabilities": {
        "extensionReadOnlySupport": true,
        "clientReadOnlySupport": true,
        "emptyWorkspaceOpenFolderSupport": true,
        "persistentRootSupport": true
      }
    },
    "2": {
      "id": "398a6654-997b-47e9-b12b-9515b896b4de_124855513",
      "name": "<10:<redacte>",
      "email": "<<red@acte>",
      "userName": "<10:<redacte>",
      "provider": "github",
      "avatarUri": "",
      "isOwner": true,
      "clientCapabilities": {}
    },
    "4": {
      "id": "398a6654-997b-47e9-b12b-9515b896b4de_124855513",
      "name": "<10:<redacte>",
      "email": "<<red@acte>",
      "userName": "<10:<redacte>",
      "provider": "github",
      "avatarUri": "",
      "isOwner": true,
      "clientCapabilities": {}
    },
    "5": {
      "id": "398a6654-997b-47e9-b12b-9515b896b4de_124855513",
      "name": "<10:<redacte>",
      "email": "<<red@acte>",
      "userName": "<10:<redacte>",
      "provider": "github",
      "avatarUri": "",
      "isOwner": true,
      "clientCapabilities": {}
    },
    "6": {
      "id": "398a6654-997b-47e9-b12b-9515b896b4de_124855513",
      "name": "<10:<redacte>",
      "email": "<<red@acte>",
      "userName": "<10:<redacte>",
      "provider": "github",
      "avatarUri": "",
      "isOwner": true,
      "clientCapabilities": {}
    }
  },
  "accessControl": {
    "defaultAccessControl": {},
    "userAccessControl": {}
  },
  "isPresentation": false,
  "allowPortForwardingExternalConnections": false,
  "rootFullPaths": [
    "/~0"
  ],
  "serviceNames": null,
  "id": "FE85416619F3E1A0B0D73409C5C289437701",
  "name": "<9:<redacte>",
  "joinUri": "https://prod.liveshare.vsengsaas.visualstudio.com/join?FE85416619F3E1A0B0D73409C5C289437701",
  "ownerId": "398a6654-997b-47e9-b12b-9515b896b4de_124855513",
  "expiresAt": "2023-07-14T09:34:39.3393457Z"
}
[Client:extension:486e:liveshare:connection:D45DC5513E253270520F9F72FDAD96A8C1B2:liveshare I] ownerId: "398a6654-997b-47e9-b12b-9515b896b4de_124855513"
[Client:extension:486e:liveshare:connection:D45DC5513E253270520F9F72FDAD96A8C1B2:liveshare I] LS session joined and authenticated
[Client:extension:486e:liveshare:connection:D45DC5513E253270520F9F72FDAD96A8C1B2:liveshare:WorkspaceClient I] Creating proxy for workspace service
[Client:extension:486e:liveshare:connection:D45DC5513E253270520F9F72FDAD96A8C1B2:liveshare I] connection status changed: connecting -> connected, error:> object #0: undefined
[Client:extension:486e:liveshare:connection:D45DC5513E253270520F9F72FDAD96A8C1B2:liveshare I] firing change event: > object #0: {
  "status": "connected",
  "previousStatus": "connecting"
}
[Client:extension:486e:liveshare:onConnectionChanged:D45DC5513E253270520F9F72FDAD96A8C1B2 I] connecting -> connected
[Client:extension:486e:liveshare:connection:D45DC5513E253270520F9F72FDAD96A8C1B2:liveshare I] 🔌 connected
[Client:extension:486e:liveshare:connection-record V] subscribing to onDispose event
[Client:extension:486e:liveshare-joint:connection:D45DC5513E253270520F9F72FDAD96A8C1B2:liveshare-joint:liveshare V] subscribing to onDispose event
[Client:extension:486e:liveshare:connection:D45DC5513E253270520F9F72FDAD96A8C1B2:liveshare V] subscribing to onDispose event
[Client:extension:486e:liveshare-joint:connection:D45DC5513E253270520F9F72FDAD96A8C1B2:liveshare-joint:liveshare I] connection status changed: connecting -> connected, error:> object #0: undefined
[Client:extension:486e:liveshare-joint:connection:D45DC5513E253270520F9F72FDAD96A8C1B2:liveshare-joint:liveshare I] firing change event: > object #0: {
  "status": "connected",
  "previousStatus": "connecting"
}
[Client:extension:486e:liveshare-joint:onConnectionChanged:D45DC5513E253270520F9F72FDAD96A8C1B2 I] connecting -> connected
[Client:extension:486e:liveshare-joint:connection:D45DC5513E253270520F9F72FDAD96A8C1B2:liveshare-joint:liveshare I] 🔌 connected
[Client:extension:486e:liveshare-joint:connection-record V] subscribing to onDispose event
[Client:extension:486e:resolver:resolve:1:connection:D45DC5513E253270520F9F72FDAD96A8C1B2_7ce0bac2-17dc-4e40-93ed-b927e5281b5e_stable_4cb974a7aed77a74c7813bdccd99ee0d04901215:vscode V] subscribing to onDispose event
[Client:extension:486e:liveshare-joint:connection:D45DC5513E253270520F9F72FDAD96A8C1B2:liveshare-joint:liveshare V] subscribing to onDispose event
[Client:extension:486e:liveshare:connection:D45DC5513E253270520F9F72FDAD96A8C1B2:liveshare:WorkspaceClient I] Creating proxy for serverSharing service
[Client:extension:486e:liveshare:connection:D45DC5513E253270520F9F72FDAD96A8C1B2:liveshare:WorkspaceClient I] Creating proxy for IVSCodeServerHostService service
[Client:extension:486e:liveshare:connection:D45DC5513E253270520F9F72FDAD96A8C1B2:liveshare:WorkspaceClient I] Creating proxy for ICodespaceHostService service
[Client:extension:486e:resolver:resolve:1:connection:D45DC5513E253270520F9F72FDAD96A8C1B2_7ce0bac2-17dc-4e40-93ed-b927e5281b5e_stable_4cb974a7aed77a74c7813bdccd99ee0d04901215:vscode I] starting vscode server..> object #0: {
  "token": "<1134:<redacte>",
  "environmentId": "7ce0bac2-17dc-4e40-93ed-b927e5281b5e",
  "workspaceId": "D45DC5513E253270520F9F72FDAD96A8C1B2",
  "vsCodeCommit": "4cb974a7aed77a74c7813bdccd99ee0d04901215",
  "vsCodeQuality": "stable",
  "extensions": [
    "GitHub.codespaces",
    "GitHub.vscode-pull-request-github"
  ],
  "telemetry": true,
  "liveShareEndpoint": "https://prod.liveshare.vsengsaas.visualstudio.com/api/v1.2/",
  "connectionInfo": {
    "id": "D45DC5513E253270520F9F72FDAD96A8C1B2",
    "relaySas": "<256:<redacte>",
    "relayLink": "sb://vsls-prod-ins-euw-private-relay.servicebus.windows.net/fe85416619f3e1a0b0d73409c5c289437701--f436c5e0-6a1c-4875-903a-5bc77036bd37",
    "sessionToken": "<1134:<redacte>",
    "hostPublicKeys": [
      "AAAAB3NzaC1yc2EAAAADAQABAAABAQCd6CsnrzrXl2mr+lqYqjWpOL5NB3Cxq6e/xOKH2U4jHjYkF3w9l6u+kp/huKXFH6taLpD6sCGQ7E0gSmLhYPxYxG65WNlyLYCQyJUltqkh9QmfEc5fKfnfS44OyPT0YcSpqCdAbdp0lelWWKGx6bhAS/tvH1/qi1ov6WENsDV/nMU3els7rBTd0+FgyK6UCaT+3Q/UT18THV8akI5S76YAlLUuVce4/pwyhophkHhW3Y5IAjmW47MnpHjF94Swp/Yirc98Gssg0fodkw8jcnzTwLWx5t+Q7sepzITRQn5n7cY7FwpnwV99zW6q3TXofIhJtm+1aY7hLhf+QJcuhvAL"
    ],
    "tunnelProperties": {
      "tunnelId": "f7f6mt24",
      "clusterId": "euw",
      "domain": "app.github.dev",
      "connectAccessToken": "<373:<redacte>",
      "managePortsAccessToken": "<380:<redacte>",
      "serviceUri": "https://global.rel.tunnels.api.visualstudio.com/"
    }
  },
  "clientId": "6401edd606dcc80b"
}
[Client:extension:486e:liveshare:connection:D45DC5513E253270520F9F72FDAD96A8C1B2:liveshare:WorkspaceClient V] > workspace.servicesChanged: 
[Client:extension:486e:liveshare:connection:D45DC5513E253270520F9F72FDAD96A8C1B2:liveshare:WorkspaceClient V] > workspace.progressUpdated: 
[Client:extension:486e:resolver:resolve:1:connection:D45DC5513E253270520F9F72FDAD96A8C1B2_7ce0bac2-17dc-4e40-93ed-b927e5281b5e_stable_4cb974a7aed77a74c7813bdccd99ee0d04901215:vscode I] Executed start-remote-server using gRPC
[Client:extension:486e:resolver:resolve:1:connection:D45DC5513E253270520F9F72FDAD96A8C1B2_7ce0bac2-17dc-4e40-93ed-b927e5281b5e_stable_4cb974a7aed77a74c7813bdccd99ee0d04901215:vscode I] vscode started, forwarding the server port
[Client:extension:486e:resolver:resolve:1:connection:D45DC5513E253270520F9F72FDAD96A8C1B2_7ce0bac2-17dc-4e40-93ed-b927e5281b5e_stable_4cb974a7aed77a74c7813bdccd99ee0d04901215:vscode I] the server port forwarded, port number is 34083
[Client:extension:486e:resolver:resolve:1:connection:D45DC5513E253270520F9F72FDAD96A8C1B2_7ce0bac2-17dc-4e40-93ed-b927e5281b5e_stable_4cb974a7aed77a74c7813bdccd99ee0d04901215:vscode I] vscode server startup complete
[perf V] name:start vscode server duration:1096.2092000000412
[Client:extension:486e:resolver:resolve:1:connection:D45DC5513E253270520F9F72FDAD96A8C1B2_7ce0bac2-17dc-4e40-93ed-b927e5281b5e_stable_4cb974a7aed77a74c7813bdccd99ee0d04901215:vscode I] forwarding the VSCode Server port "34083".
[Client:extension:486e:liveshare:connection:D45DC5513E253270520F9F72FDAD96A8C1B2:liveshare:WorkspaceClient V] < serverSharing.startSharing()
[Client:extension:486e:liveshare:connection:D45DC5513E253270520F9F72FDAD96A8C1B2:liveshare:WorkspaceClient V] > serverSharing.sharingSucceeded: 
[Client:extension:486e:liveshare:connection:D45DC5513E253270520F9F72FDAD96A8C1B2:liveshare:WorkspaceClient V] > serverSharing.startSharing() succeeded t:39.0
[perf V] name:share vscode server TCP port duration:45.572099999990314
[Client:extension:486e:resolver:resolve:1:connection:D45DC5513E253270520F9F72FDAD96A8C1B2_7ce0bac2-17dc-4e40-93ed-b927e5281b5e_stable_4cb974a7aed77a74c7813bdccd99ee0d04901215:vscode I] VSCode Server port "34083" forwarded.
[Client:extension:486e:liveshare:connection:D45DC5513E253270520F9F72FDAD96A8C1B2:liveshare:WorkspaceClient I] Creating proxy for streamManager service
[Client:extension:486e:resolver:resolve:1:connection:D45DC5513E253270520F9F72FDAD96A8C1B2_7ce0bac2-17dc-4e40-93ed-b927e5281b5e_stable_4cb974a7aed77a74c7813bdccd99ee0d04901215:vscode I] connection status changed: connecting -> connected, error:> object #0: undefined
[Client:extension:486e:resolver:resolve:1:connection:D45DC5513E253270520F9F72FDAD96A8C1B2_7ce0bac2-17dc-4e40-93ed-b927e5281b5e_stable_4cb974a7aed77a74c7813bdccd99ee0d04901215:vscode I] firing change event: > object #0: {
  "status": "connected",
  "previousStatus": "connecting"
}
[Client:extension:486e:vscode:onConnectionChanged:D45DC5513E253270520F9F72FDAD96A8C1B2_7ce0bac2-17dc-4e40-93ed-b927e5281b5e_stable_4cb974a7aed77a74c7813bdccd99ee0d04901215 I] connecting -> connected
[Client:extension:486e:resolver:resolve:1:connection:D45DC5513E253270520F9F72FDAD96A8C1B2_7ce0bac2-17dc-4e40-93ed-b927e5281b5e_stable_4cb974a7aed77a74c7813bdccd99ee0d04901215:vscode I] 🔌 connected
[Client:extension:486e:vscode:connection-record V] subscribing to onDispose event
[Client:extension:486e:liveshare:connection:D45DC5513E253270520F9F72FDAD96A8C1B2:liveshare:WorkspaceClient V] < streamManager.getStream()
[Client:extension:486e:liveshare:connection:D45DC5513E253270520F9F72FDAD96A8C1B2:liveshare:WorkspaceClient V] < streamManager.getStream()
[Client:extension:486e:resolver:resolve:1:connection:D45DC5513E253270520F9F72FDAD96A8C1B2_7ce0bac2-17dc-4e40-93ed-b927e5281b5e_stable_4cb974a7aed77a74c7813bdccd99ee0d04901215:vscode V] subscribing to onDispose event
[Client:extension:486e:resolver V] tunneling the connection> object #0: [object Object]
[Client:extension:486e:resolver V] Tunneling vscode server port> object #0: false
[Client:extension:486e:resolver:resolve:1:connection:D45DC5513E253270520F9F72FDAD96A8C1B2_7ce0bac2-17dc-4e40-93ed-b927e5281b5e_stable_4cb974a7aed77a74c7813bdccd99ee0d04901215:vscode V] subscribing to onDispose event
[Client:extension:486e:resolver V] reviving tunnels
[Client:extension:486e:resolver V] reviving tunnels
[Client:extension:486e:liveshare:connection:D45DC5513E253270520F9F72FDAD96A8C1B2:liveshare:WorkspaceClient V] < serverSharing.getSharedServers()
[Client:extension:486e:liveshare:connection:D45DC5513E253270520F9F72FDAD96A8C1B2:liveshare:WorkspaceClient V] > streamManager.getStream() succeeded t:57.0
[perf V] name:get stream Id duration:60.160600000061095
[Client:extension:486e:liveshare:connection:D45DC5513E253270520F9F72FDAD96A8C1B2:liveshare:WorkspaceClient I] openStreamingChannel -> streamId:ServerSharing_8
[Client:extension:486e:liveshare:connection:D45DC5513E253270520F9F72FDAD96A8C1B2:liveshare:WorkspaceClient V] Sending #15 ChannelOpenMessage(channelType=session, senderChannel=2)
[Client:extension:486e:liveshare:connection:D45DC5513E253270520F9F72FDAD96A8C1B2:liveshare:WorkspaceClient V] > serverSharing.getSharedServers() succeeded t:47.0
[Client:extension:486e:resolver:resolve:1:connection:D45DC5513E253270520F9F72FDAD96A8C1B2_7ce0bac2-17dc-4e40-93ed-b927e5281b5e_stable_4cb974a7aed77a74c7813bdccd99ee0d04901215:vscode V] got shared servers list> object #0: [
  "CodespacesInternal:16634:private:true:false",
  "CodespacesInternal_web:16635:private:true:false",
  "Port: 5000:5000:private:false:false",
  "Port: 5900:5900:private:false:false",
  "Port: 6081:6081:private:false:false",
  "Port: 8080:8080:private:false:false",
  "Port: 8082:8082:private:false:false",
  "VSCodeServerInternal:34083:private:true:false"
]
[Client:extension:486e:resolver I] skipping Codespaces internal tunnel> object #0: #16634
[Client:extension:486e:resolver I] skipping Codespaces internal tunnel> object #0: #16635
[Client:extension:486e:resolver I] skipping vscode server tunnel> object #0: #34083
[Client:extension:486e:resolver V] tunnels revived
[Client:extension:486e:resolver V] init server sharing event listeners
[Client:extension:486e:resolver:resolve:1 I] vscode server port: "34083"
[Client V] connect duration: 6774 ms
[BrowserConnectorService V] Initializing BrowserConnectorService using connection> object #0: [object Object]
[Client:extension:486e:liveshare:connection:D45DC5513E253270520F9F72FDAD96A8C1B2:liveshare:WorkspaceClient I] Creating proxy for sourceEvent service
[BrowserConnectorService V] BrowserConnectorService.sendMessage: {"initialized":true,"message":"codespaces:browser-connector-service-initialized","payload":"<probably pii>"}
[Client:extension:486e:resolver:resolve:1 I] Progress: Done
[Client:extension:486e:resolver I] Subscribed to event stream
[Client:extension:486e:resolver:resolve:1:background-tasks I] launching background configuration tasks
[Client:extension:486e:resolver:resolve:1:background-tasks:post-attach-command-manager I] PostAttachCommandManager: addEnvironmentConfiguredEventCallback()
[Client:extension:486e:resolver:resolve:1:background-tasks:post-attach-command-manager V] subscribing to onDispose event
[Client:extension:486e:resolver:resolve:1:background-tasks I] no max idle timeout notice
[Client:extension:486e:resolver:resolve:1:background-tasks V] checking correctness of the codespace session path> object #0: [
  {
    "uri": {
      "$mid": 1,
      "fsPath": "/home/ubuntu",
      "external": "file:///home/ubuntu",
      "path": "/home/ubuntu",
      "scheme": "file"
    },
    "name": "<6:<redacte>",
    "index": 0
  }
]
[Client:extension:486e:resolver:resolve:1:background-tasks I] session path correction - progressType: "0"
[Client:extension:486e:resolver:resolve:1:background-tasks I] starting activity monitor, isRunningInWeb: "true"
[Client:extension:486e:resolver:resolve:1:background-tasks:activity-monitor:vscode-activity-provider I] isRunningInWeb: true
[Client:extension:486e:resolver:resolve:1:background-tasks:activity-monitor:vscode-activity-provider I] starting activity monitor
[Client:extension:486e:resolver:resolve:1:background-tasks:activity-monitor:vscode-activity-provider V] sending activity heartbeat
[Client:extension:486e:liveshare:connection:D45DC5513E253270520F9F72FDAD96A8C1B2:liveshare:WorkspaceClient I] Creating proxy for IEnvironmentConfigurationService service
[Client:extension:486e:liveshare:connection:D45DC5513E253270520F9F72FDAD96A8C1B2:liveshare:WorkspaceClient V] < sourceEvent.fireEvent()
[Client:extension:486e:resolver I] asking vscode to open the tunnel> object #0: #5000
> object #1: "127.0.0.1"
[Client:extension:486e:resolver I] asking vscode to open the tunnel> object #0: #5900
> object #1: "127.0.0.1"
[Client:extension:486e:resolver I] asking vscode to open the tunnel> object #0: #6081
> object #1: "127.0.0.1"
[Client:extension:486e:resolver I] asking vscode to open the tunnel> object #0: #8080
> object #1: "127.0.0.1"
[Client:extension:486e:resolver I] asking vscode to open the tunnel> object #0: #8082
> object #1: "127.0.0.1"
[Client:extension:486e:liveshare:connection:D45DC5513E253270520F9F72FDAD96A8C1B2:liveshare:WorkspaceClient V] Receiving #16 ChannelOpenConfirmationMessage (recipientChannel=2)(senderChannel=1)
[Client:extension:486e:liveshare:connection:D45DC5513E253270520F9F72FDAD96A8C1B2:liveshare:WorkspaceClient V] Sending #17 ChannelRequestMessage (recipientChannel=1)
[Client:extension:486e:liveshare:connection:D45DC5513E253270520F9F72FDAD96A8C1B2:liveshare:WorkspaceClient V] > streamManager.getStream() succeeded t:119.0
[perf V] name:get stream Id duration:121.0964999999851
[Client:extension:486e:liveshare:connection:D45DC5513E253270520F9F72FDAD96A8C1B2:liveshare:WorkspaceClient I] openStreamingChannel -> streamId:ServerSharing_9
[Client:extension:486e:liveshare:connection:D45DC5513E253270520F9F72FDAD96A8C1B2:liveshare:WorkspaceClient V] Sending #18 ChannelOpenMessage(channelType=session, senderChannel=3)
[Client:extension:486e:liveshare:connection:D45DC5513E253270520F9F72FDAD96A8C1B2:liveshare:WorkspaceClient V] > sourceEvent.event: 
[Client:extension:486e:liveshare:connection:D45DC5513E253270520F9F72FDAD96A8C1B2:liveshare:WorkspaceClient V] > sourceEvent.fireEvent() succeeded t:17.0
[Client:extension:486e:liveshare:connection:D45DC5513E253270520F9F72FDAD96A8C1B2:liveshare:WorkspaceClient V] Receiving #18 ChannelOpenConfirmationMessage (recipientChannel=3)(senderChannel=2)
[Client:extension:486e:liveshare:connection:D45DC5513E253270520F9F72FDAD96A8C1B2:liveshare:WorkspaceClient V] Sending #19 ChannelRequestMessage (recipientChannel=2)
[Client:extension:486e:resolver:resolve:1:background-tasks I] Executed is-recovery-container using gRPC
[Client:extension:486e:resolver:resolve:1:background-tasks V] not in recovery container
[Performance I] Executed get-container-persisted-folder using gRPC
[ResourceUsage I] Executed get-container-persisted-folder using gRPC
[ResourceUsage V] container folder path: "/workspaces/.codespaces/.persistedshare"
[ResourceUsage V] shared folder path: "/workspaces/.codespaces/shared/resource-usage.json"
[ResourceUsage V] shared file path: "/workspaces/.codespaces/shared/resource-usage.json"
[ResourceUsage I] Starting monitor
[ResourceUsage I] Checking if the codespace connection exists
[Client:extension:486e:resolver:resolve:1:background-tasks I] Executed get-container-persisted-folder using gRPC
[Client:extension:486e:resolver:resolve:1:background-tasks V] container folder path: "/workspaces/.codespaces/.persistedshare"
[Client:extension:486e:resolver:resolve:1:background-tasks V] shared folder path: "/workspaces/.codespaces/shared/postCreateOutput.json"
[Client:extension:486e:resolver:resolve:1:background-tasks V] shared file path: "/workspaces/.codespaces/shared/postCreateOutput.json"
[Client:extension:486e:resolver:resolve:1:background-tasks:activity-monitor:vscode-activity-provider I] Executed notify-codespace-of-client-activity using gRPC
[Client:extension:486e:resolver:resolve:1:background-tasks:activity-monitor:vscode-activity-provider I] Activity signal sent with result true
[Client:extension:486e:resolver I] Received event: Subscribed
[Client:extension:486e:resolver I] Client a9fecf0c-d924-4701-b248-c59e74d4a56c subscribed to event stream
[Client:extension:486e:resolver I] Received event: EnvironmentConfigured
[Client:extension:486e:resolver:resolve:1:background-tasks:post-attach-command-manager I] PostAttachCommandManager: handleEnvironmentConfiguredEvent()
[Client:extension:486e:resolver:resolve:1:background-tasks I] Executed configure-environment using gRPC
[Client:extension:486e:liveshare:connection:D45DC5513E253270520F9F72FDAD96A8C1B2:liveshare:WorkspaceClient V] > sourceEvent.event: 
[Client:extension:486e:liveshare:connection:D45DC5513E253270520F9F72FDAD96A8C1B2:liveshare:WorkspaceClient:1 V] checkConnectionWithTimeout -> 'started'
[Client:extension:486e:liveshare:connection:D45DC5513E253270520F9F72FDAD96A8C1B2:liveshare:WorkspaceClient V] checking ssh connection
[Client:extension:486e:liveshare:connection:D45DC5513E253270520F9F72FDAD96A8C1B2:liveshare:WorkspaceClient V] Sending #20 SessionRequestMessage (requestType=ping-check-connection)
[Client:extension:486e:liveshare:connection:D45DC5513E253270520F9F72FDAD96A8C1B2:liveshare:WorkspaceClient V] Receiving #20 SessionRequestFailureMessage
[Client:extension:486e:liveshare:connection:D45DC5513E253270520F9F72FDAD96A8C1B2:liveshare:WorkspaceClient:1 V] checkConnectionWithTimeout -> 'succeeded' t:6.0
[Client:extension:486e:resolver:resolve:1:background-tasks:openDefaultFiles I] Skipping openFiles in the web because it is handled by the embedder
[Performance I] Starting monitor
[Performance I] Checking if the codespace connection exists
[Client:extension:486e:liveshare:connection:D45DC5513E253270520F9F72FDAD96A8C1B2:liveshare:WorkspaceClient:1 V] checkConnectionWithTimeout -> 'started'
[Client:extension:486e:liveshare:connection:D45DC5513E253270520F9F72FDAD96A8C1B2:liveshare:WorkspaceClient V] checking ssh connection
[Client:extension:486e:liveshare:connection:D45DC5513E253270520F9F72FDAD96A8C1B2:liveshare:WorkspaceClient V] Sending #21 SessionRequestMessage (requestType=ping-check-connection)
[Client:extension:486e:liveshare:connection:D45DC5513E253270520F9F72FDAD96A8C1B2:liveshare:WorkspaceClient V] Receiving #21 SessionRequestFailureMessage
[Client:extension:486e:liveshare:connection:D45DC5513E253270520F9F72FDAD96A8C1B2:liveshare:WorkspaceClient:1 V] checkConnectionWithTimeout -> 'succeeded' t:5.0
[Client:extension:486e:liveshare:connection:D45DC5513E253270520F9F72FDAD96A8C1B2:liveshare:WorkspaceClient V] > serverSharing.sharingSucceeded: 
[Client:extension:486e:liveshare:connection:D45DC5513E253270520F9F72FDAD96A8C1B2:liveshare:WorkspaceClient:1 V] checkConnectionWithTimeout -> 'started'
[Client:extension:486e:liveshare:connection:D45DC5513E253270520F9F72FDAD96A8C1B2:liveshare:WorkspaceClient V] checking ssh connection
[Client:extension:486e:liveshare:connection:D45DC5513E253270520F9F72FDAD96A8C1B2:liveshare:WorkspaceClient V] Sending #22 SessionRequestMessage (requestType=ping-check-connection)
[Client:extension:486e:liveshare:connection:D45DC5513E253270520F9F72FDAD96A8C1B2:liveshare:WorkspaceClient V] Receiving #24 SessionRequestFailureMessage
[Client:extension:486e:liveshare:connection:D45DC5513E253270520F9F72FDAD96A8C1B2:liveshare:WorkspaceClient:1 V] checkConnectionWithTimeout -> 'succeeded' t:6.0
[Client:extension:486e:liveshare:connection:D45DC5513E253270520F9F72FDAD96A8C1B2:liveshare:WorkspaceClient:1 V] checkConnectionWithTimeout -> 'started'
[Client:extension:486e:liveshare:connection:D45DC5513E253270520F9F72FDAD96A8C1B2:liveshare:WorkspaceClient V] checking ssh connection
[Client:extension:486e:liveshare:connection:D45DC5513E253270520F9F72FDAD96A8C1B2:liveshare:WorkspaceClient V] Sending #23 SessionRequestMessage (requestType=ping-check-connection)
[Client:extension:486e:liveshare:connection:D45DC5513E253270520F9F72FDAD96A8C1B2:liveshare:WorkspaceClient V] Receiving #25 SessionRequestFailureMessage
[Client:extension:486e:liveshare:connection:D45DC5513E253270520F9F72FDAD96A8C1B2:liveshare:WorkspaceClient:1 V] checkConnectionWithTimeout -> 'succeeded' t:5.0
[Performance I] Executed get-performance-data using gRPC
[Client:extension:486e:liveshare:connection:D45DC5513E253270520F9F72FDAD96A8C1B2:liveshare:WorkspaceClient:1 V] checkConnectionWithTimeout -> 'started'
[Client:extension:486e:liveshare:connection:D45DC5513E253270520F9F72FDAD96A8C1B2:liveshare:WorkspaceClient V] checking ssh connection
[Client:extension:486e:liveshare:connection:D45DC5513E253270520F9F72FDAD96A8C1B2:liveshare:WorkspaceClient V] Sending #24 SessionRequestMessage (requestType=ping-check-connection)
[Client:extension:486e:liveshare:connection:D45DC5513E253270520F9F72FDAD96A8C1B2:liveshare:WorkspaceClient V] Receiving #26 SessionRequestFailureMessage
[Client:extension:486e:liveshare:connection:D45DC5513E253270520F9F72FDAD96A8C1B2:liveshare:WorkspaceClient:1 V] checkConnectionWithTimeout -> 'succeeded' t:6.0
[Performance I] Executed get-performance-data using gRPC
[Client:extension:486e:liveshare:connection:D45DC5513E253270520F9F72FDAD96A8C1B2:liveshare:WorkspaceClient V] > serverSharing.sharingStarted: 
[Client:extension:486e:liveshare:connection:D45DC5513E253270520F9F72FDAD96A8C1B2:liveshare:WorkspaceClient V] > serverSharing.browseSharingStarted: 
[Client:extension:486e:liveshare:connection:D45DC5513E253270520F9F72FDAD96A8C1B2:liveshare:WorkspaceClient V] > serverSharing.sharingSucceeded: 
[Client:extension:486e:liveshare:connection:D45DC5513E253270520F9F72FDAD96A8C1B2:liveshare:WorkspaceClient:1 V] checkConnectionWithTimeout -> 'started'
[Client:extension:486e:liveshare:connection:D45DC5513E253270520F9F72FDAD96A8C1B2:liveshare:WorkspaceClient V] checking ssh connection
[Client:extension:486e:liveshare:connection:D45DC5513E253270520F9F72FDAD96A8C1B2:liveshare:WorkspaceClient V] Sending #25 SessionRequestMessage (requestType=ping-check-connection)
[Client:extension:486e:liveshare:connection:D45DC5513E253270520F9F72FDAD96A8C1B2:liveshare:WorkspaceClient V] Receiving #30 SessionRequestFailureMessage
[Client:extension:486e:liveshare:connection:D45DC5513E253270520F9F72FDAD96A8C1B2:liveshare:WorkspaceClient:1 V] checkConnectionWithTimeout -> 'succeeded' t:5.0
[Client:extension:486e:liveshare:connection:D45DC5513E253270520F9F72FDAD96A8C1B2:liveshare:WorkspaceClient:1 V] checkConnectionWithTimeout -> 'started'
[Client:extension:486e:liveshare:connection:D45DC5513E253270520F9F72FDAD96A8C1B2:liveshare:WorkspaceClient V] checking ssh connection
[Client:extension:486e:liveshare:connection:D45DC5513E253270520F9F72FDAD96A8C1B2:liveshare:WorkspaceClient V] Sending #26 SessionRequestMessage (requestType=ping-check-connection)
[Client:extension:486e:liveshare:connection:D45DC5513E253270520F9F72FDAD96A8C1B2:liveshare:WorkspaceClient V] Receiving #31 SessionRequestFailureMessage
[Client:extension:486e:liveshare:connection:D45DC5513E253270520F9F72FDAD96A8C1B2:liveshare:WorkspaceClient:1 V] checkConnectionWithTimeout -> 'succeeded' t:6.0
[Client:extension:486e:liveshare:connection:D45DC5513E253270520F9F72FDAD96A8C1B2:liveshare:WorkspaceClient:1 V] checkConnectionWithTimeout -> 'started'
[Client:extension:486e:liveshare:connection:D45DC5513E253270520F9F72FDAD96A8C1B2:liveshare:WorkspaceClient V] checking ssh connection
[Client:extension:486e:liveshare:connection:D45DC5513E253270520F9F72FDAD96A8C1B2:liveshare:WorkspaceClient V] Sending #27 SessionRequestMessage (requestType=ping-check-connection)
[Client:extension:486e:liveshare:connection:D45DC5513E253270520F9F72FDAD96A8C1B2:liveshare:WorkspaceClient V] Receiving #32 SessionRequestFailureMessage
[Client:extension:486e:liveshare:connection:D45DC5513E253270520F9F72FDAD96A8C1B2:liveshare:WorkspaceClient:1 V] checkConnectionWithTimeout -> 'succeeded' t:6.0
[Client:extension:486e:liveshare:connection:D45DC5513E253270520F9F72FDAD96A8C1B2:liveshare:WorkspaceClient V] > serverSharing.sharingSucceeded: 
[Client:extension:486e:liveshare:connection:D45DC5513E253270520F9F72FDAD96A8C1B2:liveshare:WorkspaceClient V] > serverSharing.sharingStarted: 
[Client:extension:486e:liveshare:connection:D45DC5513E253270520F9F72FDAD96A8C1B2:liveshare:WorkspaceClient V] > serverSharing.browseSharingStarted: 
[Client:extension:486e:liveshare:connection:D45DC5513E253270520F9F72FDAD96A8C1B2:liveshare:WorkspaceClient V] > serverSharing.sharingSucceeded: 
[Client:extension:486e:liveshare:connection:D45DC5513E253270520F9F72FDAD96A8C1B2:liveshare:WorkspaceClient:1 V] checkConnectionWithTimeout -> 'started'
[Client:extension:486e:liveshare:connection:D45DC5513E253270520F9F72FDAD96A8C1B2:liveshare:WorkspaceClient V] checking ssh connection
[Client:extension:486e:liveshare:connection:D45DC5513E253270520F9F72FDAD96A8C1B2:liveshare:WorkspaceClient V] Sending #28 SessionRequestMessage (requestType=ping-check-connection)
[Client:extension:486e:liveshare:connection:D45DC5513E253270520F9F72FDAD96A8C1B2:liveshare:WorkspaceClient V] Receiving #37 SessionRequestFailureMessage
[Client:extension:486e:liveshare:connection:D45DC5513E253270520F9F72FDAD96A8C1B2:liveshare:WorkspaceClient:1 V] checkConnectionWithTimeout -> 'succeeded' t:733.0
[Client:extension:486e:liveshare:connection:D45DC5513E253270520F9F72FDAD96A8C1B2:liveshare:WorkspaceClient V] > serverSharing.sharingSucceeded: 
[Performance I] Executed get-performance-data using gRPC
[Client:extension:486e:liveshare:connection:D45DC5513E253270520F9F72FDAD96A8C1B2:liveshare:WorkspaceClient:1 V] checkConnectionWithTimeout -> 'started'
[Client:extension:486e:liveshare:connection:D45DC5513E253270520F9F72FDAD96A8C1B2:liveshare:WorkspaceClient V] checking ssh connection
[Client:extension:486e:liveshare:connection:D45DC5513E253270520F9F72FDAD96A8C1B2:liveshare:WorkspaceClient V] Sending #29 SessionRequestMessage (requestType=ping-check-connection)
[Client:extension:486e:liveshare:connection:D45DC5513E253270520F9F72FDAD96A8C1B2:liveshare:WorkspaceClient V] Receiving #41 SessionRequestFailureMessage
[Client:extension:486e:liveshare:connection:D45DC5513E253270520F9F72FDAD96A8C1B2:liveshare:WorkspaceClient:1 V] checkConnectionWithTimeout -> 'succeeded' t:5.0
[Client:extension:486e:liveshare:connection:D45DC5513E253270520F9F72FDAD96A8C1B2:liveshare:WorkspaceClient:1 V] checkConnectionWithTimeout -> 'started'
[Client:extension:486e:liveshare:connection:D45DC5513E253270520F9F72FDAD96A8C1B2:liveshare:WorkspaceClient V] checking ssh connection
[Client:extension:486e:liveshare:connection:D45DC5513E253270520F9F72FDAD96A8C1B2:liveshare:WorkspaceClient V] Sending #30 SessionRequestMessage (requestType=ping-check-connection)
[Client:extension:486e:liveshare:connection:D45DC5513E253270520F9F72FDAD96A8C1B2:liveshare:WorkspaceClient V] Receiving #42 SessionRequestFailureMessage
[Client:extension:486e:liveshare:connection:D45DC5513E253270520F9F72FDAD96A8C1B2:liveshare:WorkspaceClient:1 V] checkConnectionWithTimeout -> 'succeeded' t:6.0
[Client:extension:486e:liveshare:connection:D45DC5513E253270520F9F72FDAD96A8C1B2:liveshare:WorkspaceClient:1 V] checkConnectionWithTimeout -> 'started'
[Client:extension:486e:liveshare:connection:D45DC5513E253270520F9F72FDAD96A8C1B2:liveshare:WorkspaceClient V] checking ssh connection
[Client:extension:486e:liveshare:connection:D45DC5513E253270520F9F72FDAD96A8C1B2:liveshare:WorkspaceClient V] Sending #31 SessionRequestMessage (requestType=ping-check-connection)
[Client:extension:486e:liveshare:connection:D45DC5513E253270520F9F72FDAD96A8C1B2:liveshare:WorkspaceClient V] Receiving #44 SessionRequestFailureMessage
[Client:extension:486e:liveshare:connection:D45DC5513E253270520F9F72FDAD96A8C1B2:liveshare:WorkspaceClient:1 V] checkConnectionWithTimeout -> 'succeeded' t:14.0
[Client:extension:486e:liveshare:connection:D45DC5513E253270520F9F72FDAD96A8C1B2:liveshare:WorkspaceClient:1 V] checkConnectionWithTimeout -> 'started'
[Client:extension:486e:liveshare:connection:D45DC5513E253270520F9F72FDAD96A8C1B2:liveshare:WorkspaceClient V] checking ssh connection
[Client:extension:486e:liveshare:connection:D45DC5513E253270520F9F72FDAD96A8C1B2:liveshare:WorkspaceClient V] Sending #32 SessionRequestMessage (requestType=ping-check-connection)
[Client:extension:486e:liveshare:connection:D45DC5513E253270520F9F72FDAD96A8C1B2:liveshare:WorkspaceClient V] Receiving #45 SessionRequestFailureMessage
[Client:extension:486e:liveshare:connection:D45DC5513E253270520F9F72FDAD96A8C1B2:liveshare:WorkspaceClient:1 V] checkConnectionWithTimeout -> 'succeeded' t:5.0
[Client:extension:486e:liveshare:connection:D45DC5513E253270520F9F72FDAD96A8C1B2:liveshare:WorkspaceClient:1 V] checkConnectionWithTimeout -> 'started'
[Client:extension:486e:liveshare:connection:D45DC5513E253270520F9F72FDAD96A8C1B2:liveshare:WorkspaceClient V] checking ssh connection
[Client:extension:486e:liveshare:connection:D45DC5513E253270520F9F72FDAD96A8C1B2:liveshare:WorkspaceClient V] Sending #33 SessionRequestMessage (requestType=ping-check-connection)
[Client:extension:486e:liveshare:connection:D45DC5513E253270520F9F72FDAD96A8C1B2:liveshare:WorkspaceClient V] Receiving #46 SessionRequestFailureMessage
[Client:extension:486e:liveshare:connection:D45DC5513E253270520F9F72FDAD96A8C1B2:liveshare:WorkspaceClient:1 V] checkConnectionWithTimeout -> 'succeeded' t:6.0
