2023-06-08 10:53:36.427 [info] Уровень ведения журнала: Info
2023-06-08 10:53:36.427 [info] Проверка найденного Git в: "git"
2023-06-08 10:53:36.427 [info] Используется Git "2.34.1" из "git"
2023-06-08 10:53:36.427 [info] > git rev-parse --show-toplevel [1702ms]
2023-06-08 10:53:36.427 [info] > git rev-parse --git-dir --git-common-dir [151ms]
2023-06-08 10:53:36.427 [info] Open repository: /workspaces/124855513
2023-06-08 10:53:36.443 [info] > git rev-parse --show-toplevel [19ms]
2023-06-08 10:53:36.523 [info] > git config --get commit.template [84ms]
2023-06-08 10:53:36.696 [info] > git rev-parse --show-toplevel [238ms]
2023-06-08 10:53:36.729 [info] > git for-each-ref --format=%(refname)%00%(upstream:short)%00%(objectname)%00%(upstream:track)%00%(upstream:remotename)%00%(upstream:remoteref) refs/heads/main refs/remotes/main [8ms]
2023-06-08 10:53:36.742 [info] > git rev-parse --show-toplevel [33ms]
2023-06-08 10:53:36.760 [info] > git status -z -uall [19ms]
2023-06-08 10:53:36.781 [info] > git rev-parse --show-toplevel [30ms]
2023-06-08 10:53:36.786 [info] > git config --get commit.template [9ms]
2023-06-08 10:53:36.810 [info] > git for-each-ref --format=%(refname)%00%(upstream:short)%00%(objectname)%00%(upstream:track)%00%(upstream:remotename)%00%(upstream:remoteref) refs/heads/main refs/remotes/main [11ms]
2023-06-08 10:53:36.844 [info] > git status -z -uall [11ms]
2023-06-08 10:53:37.092 [info] > git fetch [683ms]
2023-06-08 10:53:37.266 [info] > git config --get commit.template [106ms]
2023-06-08 10:53:37.327 [info] > git check-ignore -v -z --stdin [36ms]
2023-06-08 10:53:37.328 [info] > git for-each-ref --format=%(refname)%00%(upstream:short)%00%(objectname)%00%(upstream:track)%00%(upstream:remotename)%00%(upstream:remoteref) refs/heads/main refs/remotes/main [15ms]
2023-06-08 10:53:37.402 [info] > git status -z -uall [42ms]
2023-06-08 10:53:39.218 [info] > git config --local branch.main.github-pr-owner-number [510ms]
2023-06-08 10:53:39.243 [info] > git config --get commit.template [7ms]
2023-06-08 10:53:39.274 [info] > git for-each-ref --format=%(refname)%00%(upstream:short)%00%(objectname)%00%(upstream:track)%00%(upstream:remotename)%00%(upstream:remoteref) refs/heads/main refs/remotes/main [15ms]
2023-06-08 10:53:39.290 [info] > git status -z -uall [3ms]
2023-06-08 10:56:06.182 [info] > git config --get commit.template [2ms]
2023-06-08 10:56:06.201 [info] > git for-each-ref --format=%(refname)%00%(upstream:short)%00%(objectname)%00%(upstream:track)%00%(upstream:remotename)%00%(upstream:remoteref) refs/heads/main refs/remotes/main [2ms]
2023-06-08 10:56:06.216 [info] > git status -z -uall [2ms]
2023-06-08 10:56:38.017 [info] > git fetch [596ms]
2023-06-08 10:56:38.046 [info] > git config --get commit.template [13ms]
2023-06-08 10:56:38.047 [info] > git for-each-ref --format=%(refname)%00%(upstream:short)%00%(objectname)%00%(upstream:track)%00%(upstream:remotename)%00%(upstream:remoteref) refs/heads/main refs/remotes/main [1ms]
2023-06-08 10:56:38.062 [info] > git status -z -uall [1ms]
2023-06-08 10:56:39.239 [info] > git config --get commit.template [13ms]
2023-06-08 10:56:39.240 [info] > git for-each-ref --format=%(refname)%00%(upstream:short)%00%(objectname)%00%(upstream:track)%00%(upstream:remotename)%00%(upstream:remoteref) refs/heads/main refs/remotes/main [1ms]
2023-06-08 10:56:39.253 [info] > git status -z -uall [1ms]
2023-06-08 10:58:37.551 [info] > git config --local branch.main.github-pr-owner-number [2ms]
2023-06-08 10:58:37.571 [info] > git config --get commit.template [3ms]
2023-06-08 10:58:37.585 [info] > git for-each-ref --format=%(refname)%00%(upstream:short)%00%(objectname)%00%(upstream:track)%00%(upstream:remotename)%00%(upstream:remoteref) refs/heads/main refs/remotes/main [2ms]
2023-06-08 10:58:37.600 [info] > git status -z -uall [2ms]
2023-06-08 10:59:38.662 [info] > git fetch [582ms]
2023-06-08 10:59:38.693 [info] > git config --get commit.template [14ms]
2023-06-08 10:59:38.693 [info] > git for-each-ref --format=%(refname)%00%(upstream:short)%00%(objectname)%00%(upstream:track)%00%(upstream:remotename)%00%(upstream:remoteref) refs/heads/main refs/remotes/main [2ms]
2023-06-08 10:59:38.707 [info] > git status -z -uall [2ms]
2023-06-08 10:59:39.881 [info] > git config --get commit.template [14ms]
2023-06-08 10:59:39.882 [info] > git for-each-ref --format=%(refname)%00%(upstream:short)%00%(objectname)%00%(upstream:track)%00%(upstream:remotename)%00%(upstream:remoteref) refs/heads/main refs/remotes/main [2ms]
2023-06-08 10:59:39.895 [info] > git status -z -uall [2ms]
2023-06-08 11:02:39.300 [info] > git fetch [573ms]
2023-06-08 11:02:39.331 [info] > git config --get commit.template [14ms]
2023-06-08 11:02:39.332 [info] > git for-each-ref --format=%(refname)%00%(upstream:short)%00%(objectname)%00%(upstream:track)%00%(upstream:remotename)%00%(upstream:remoteref) refs/heads/main refs/remotes/main [2ms]
2023-06-08 11:02:39.346 [info] > git status -z -uall [2ms]
2023-06-08 11:02:40.538 [info] > git config --get commit.template [22ms]
2023-06-08 11:02:40.541 [info] > git for-each-ref --format=%(refname)%00%(upstream:short)%00%(objectname)%00%(upstream:track)%00%(upstream:remotename)%00%(upstream:remoteref) refs/heads/main refs/remotes/main [5ms]
2023-06-08 11:02:40.560 [info] > git status -z -uall [4ms]
2023-06-08 11:03:37.626 [info] > git config --local branch.main.github-pr-owner-number [1ms]
2023-06-08 11:03:37.655 [info] > git config --get commit.template [14ms]
2023-06-08 11:03:37.656 [info] > git for-each-ref --format=%(refname)%00%(upstream:short)%00%(objectname)%00%(upstream:track)%00%(upstream:remotename)%00%(upstream:remoteref) refs/heads/main refs/remotes/main [3ms]
2023-06-08 11:03:37.671 [info] > git status -z -uall [2ms]
2023-06-08 11:05:39.936 [info] > git fetch [565ms]
2023-06-08 11:05:39.967 [info] > git config --get commit.template [15ms]
2023-06-08 11:05:39.968 [info] > git for-each-ref --format=%(refname)%00%(upstream:short)%00%(objectname)%00%(upstream:track)%00%(upstream:remotename)%00%(upstream:remoteref) refs/heads/main refs/remotes/main [2ms]
2023-06-08 11:05:39.982 [info] > git status -z -uall [3ms]
2023-06-08 11:05:41.176 [info] > git config --get commit.template [15ms]
2023-06-08 11:05:41.176 [info] > git for-each-ref --format=%(refname)%00%(upstream:short)%00%(objectname)%00%(upstream:track)%00%(upstream:remotename)%00%(upstream:remoteref) refs/heads/main refs/remotes/main [2ms]
2023-06-08 11:05:41.189 [info] > git status -z -uall [2ms]
2023-06-08 11:08:37.694 [info] > git config --local branch.main.github-pr-owner-number [2ms]
2023-06-08 11:08:37.726 [info] > git for-each-ref --format=%(refname)%00%(upstream:short)%00%(objectname)%00%(upstream:track)%00%(upstream:remotename)%00%(upstream:remoteref) refs/heads/main refs/remotes/main [1ms]
2023-06-08 11:08:37.726 [info] > git config --get commit.template [19ms]
2023-06-08 11:08:37.740 [info] > git status -z -uall [2ms]
2023-06-08 11:08:40.554 [info] > git fetch [552ms]
2023-06-08 11:08:40.587 [info] > git config --get commit.template [16ms]
2023-06-08 11:08:40.588 [info] > git for-each-ref --format=%(refname)%00%(upstream:short)%00%(objectname)%00%(upstream:track)%00%(upstream:remotename)%00%(upstream:remoteref) refs/heads/main refs/remotes/main [2ms]
2023-06-08 11:08:40.603 [info] > git status -z -uall [2ms]
2023-06-08 11:08:41.793 [info] > git config --get commit.template [14ms]
2023-06-08 11:08:41.794 [info] > git for-each-ref --format=%(refname)%00%(upstream:short)%00%(objectname)%00%(upstream:track)%00%(upstream:remotename)%00%(upstream:remoteref) refs/heads/main refs/remotes/main [2ms]
2023-06-08 11:08:41.809 [info] > git status -z -uall [1ms]
2023-06-08 11:11:41.188 [info] > git fetch [564ms]
2023-06-08 11:11:41.221 [info] > git config --get commit.template [16ms]
2023-06-08 11:11:41.222 [info] > git for-each-ref --format=%(refname)%00%(upstream:short)%00%(objectname)%00%(upstream:track)%00%(upstream:remotename)%00%(upstream:remoteref) refs/heads/main refs/remotes/main [2ms]
2023-06-08 11:11:41.239 [info] > git status -z -uall [3ms]
2023-06-08 11:11:42.420 [info] > git config --get commit.template [16ms]
2023-06-08 11:11:42.420 [info] > git for-each-ref --format=%(refname)%00%(upstream:short)%00%(objectname)%00%(upstream:track)%00%(upstream:remotename)%00%(upstream:remoteref) refs/heads/main refs/remotes/main [2ms]
2023-06-08 11:11:42.435 [info] > git status -z -uall [2ms]
2023-06-08 11:13:37.764 [info] > git config --local branch.main.github-pr-owner-number [2ms]
2023-06-08 11:13:37.791 [info] > git config --get commit.template [13ms]
2023-06-08 11:13:37.792 [info] > git for-each-ref --format=%(refname)%00%(upstream:short)%00%(objectname)%00%(upstream:track)%00%(upstream:remotename)%00%(upstream:remoteref) refs/heads/main refs/remotes/main [2ms]
2023-06-08 11:13:37.814 [info] > git status -z -uall [4ms]
2023-06-08 11:14:41.829 [info] > git fetch [567ms]
2023-06-08 11:14:41.862 [info] > git config --get commit.template [15ms]
2023-06-08 11:14:41.862 [info] > git for-each-ref --format=%(refname)%00%(upstream:short)%00%(objectname)%00%(upstream:track)%00%(upstream:remotename)%00%(upstream:remoteref) refs/heads/main refs/remotes/main [3ms]
2023-06-08 11:14:41.879 [info] > git status -z -uall [3ms]
2023-06-08 11:14:43.061 [info] > git config --get commit.template [16ms]
2023-06-08 11:14:43.062 [info] > git for-each-ref --format=%(refname)%00%(upstream:short)%00%(objectname)%00%(upstream:track)%00%(upstream:remotename)%00%(upstream:remoteref) refs/heads/main refs/remotes/main [2ms]
2023-06-08 11:14:43.076 [info] > git status -z -uall [2ms]
2023-06-08 11:16:42.940 [info] > git check-ignore -v -z --stdin [2ms]
