2023-06-14 16:38:09.017 [warning] /home/ubuntu/.ssh/config: ENOENT: no such file or directory, open '/home/ubuntu/.ssh/config'
2023-06-14 16:38:11.149 [info] Looking for git repository
2023-06-14 16:38:11.149 [info] Found 0 repositories during activation
2023-06-14 16:38:11.149 [info] Git repository found, initializing review manager and pr tree view.
2023-06-14 16:38:11.154 [info] Registering git provider
2023-06-14 16:38:11.154 [info] Review> Validate state in progress
2023-06-14 16:38:11.154 [info] Review> Validating state...
2023-06-14 16:38:11.154 [info] Review> Validate state in progress
2023-06-14 16:38:11.154 [info] Review> Validating state...
2023-06-14 16:38:12.229 [info] Found GitHub remote for folder /home/ubuntu/home
2023-06-14 16:38:12.230 [info] Found GitHub remote for folder /home/ubuntu
2023-06-14 16:38:12.643 [info] Repo state for file:///home/ubuntu changed.
2023-06-14 16:38:12.643 [info] Repo file:///home/ubuntu has already been setup.
2023-06-14 16:38:14.341 [info] Repo state for file:///home/ubuntu/home changed.
2023-06-14 16:38:14.342 [info] Repo file:///home/ubuntu/home has already been setup.
2023-06-14 16:38:14.344 [info] Review> No matching pull request metadata found locally for current branch main
2023-06-14 16:38:14.344 [info] Review> no matching pull request metadata found for current branch main
2023-06-14 16:38:14.345 [info] Review> No matching pull request metadata found on GitHub for current branch main
2023-06-14 16:38:14.642 [info] Review> No matching pull request metadata found locally for current branch main
2023-06-14 16:38:14.642 [info] Review> no matching pull request metadata found for current branch main
2023-06-14 16:38:14.642 [info] Review> No matching pull request metadata found on GitHub for current branch main
2023-06-14 16:39:20.515 [info] Review> Queuing additional validate state
2023-06-14 16:39:51.200 [info] Review> Queuing additional validate state
2023-06-14 16:39:59.652 [info] Review> Validating state...
2023-06-14 16:39:59.807 [info] Found GitHub remote for folder /home/ubuntu
2023-06-14 16:40:00.443 [info] Review> No matching pull request metadata found locally for current branch main
2023-06-14 16:40:00.443 [info] Review> no matching pull request metadata found for current branch main
2023-06-14 16:40:00.444 [info] Review> No matching pull request metadata found on GitHub for current branch main
2023-06-14 16:40:00.870 [info] Review> Validating state...
2023-06-14 16:40:00.959 [info] Found GitHub remote for folder /home/ubuntu
2023-06-14 16:40:02.100 [info] Review> No matching pull request metadata found locally for current branch main
2023-06-14 16:40:02.100 [info] Review> no matching pull request metadata found for current branch main
2023-06-14 16:40:02.100 [info] Review> No matching pull request metadata found on GitHub for current branch main
2023-06-14 16:41:23.412 [info] Review> Validate state in progress
2023-06-14 16:41:23.412 [info] Review> Validating state...
2023-06-14 16:41:23.565 [info] Found GitHub remote for folder /home/ubuntu
2023-06-14 16:41:23.929 [info] Review> No matching pull request metadata found locally for current branch main
2023-06-14 16:41:23.929 [info] Review> no matching pull request metadata found for current branch main
2023-06-14 16:41:23.929 [info] Review> No matching pull request metadata found on GitHub for current branch main
2023-06-14 16:41:56.312 [info] Review> Validate state in progress
2023-06-14 16:41:56.312 [info] Review> Validating state...
2023-06-14 16:41:56.472 [info] Found GitHub remote for folder /home/ubuntu
2023-06-14 16:41:56.823 [info] Review> No matching pull request metadata found locally for current branch main
2023-06-14 16:41:56.823 [info] Review> no matching pull request metadata found for current branch main
2023-06-14 16:41:56.823 [info] Review> No matching pull request metadata found on GitHub for current branch main
2023-06-14 16:42:29.084 [info] Review> Validate state in progress
2023-06-14 16:42:29.084 [info] Review> Validating state...
2023-06-14 16:42:29.240 [info] Found GitHub remote for folder /home/ubuntu
2023-06-14 16:42:29.600 [info] Review> No matching pull request metadata found locally for current branch main
2023-06-14 16:42:29.600 [info] Review> no matching pull request metadata found for current branch main
2023-06-14 16:42:29.600 [info] Review> No matching pull request metadata found on GitHub for current branch main
2023-06-14 16:43:01.765 [info] Review> Validate state in progress
2023-06-14 16:43:01.765 [info] Review> Validating state...
2023-06-14 16:43:01.923 [info] Found GitHub remote for folder /home/ubuntu
2023-06-14 16:43:02.268 [info] Review> No matching pull request metadata found locally for current branch main
2023-06-14 16:43:02.268 [info] Review> no matching pull request metadata found for current branch main
2023-06-14 16:43:02.268 [info] Review> No matching pull request metadata found on GitHub for current branch main
2023-06-14 16:43:42.038 [info] Review> Validate state in progress
2023-06-14 16:43:42.038 [info] Review> Validating state...
2023-06-14 16:43:42.187 [info] Found GitHub remote for folder /home/ubuntu
2023-06-14 16:43:42.536 [info] Review> No matching pull request metadata found locally for current branch main
2023-06-14 16:43:42.536 [info] Review> no matching pull request metadata found for current branch main
2023-06-14 16:43:42.536 [info] Review> No matching pull request metadata found on GitHub for current branch main
2023-06-14 16:44:14.857 [info] Review> Validate state in progress
2023-06-14 16:44:14.857 [info] Review> Validating state...
2023-06-14 16:44:15.010 [info] Found GitHub remote for folder /home/ubuntu
2023-06-14 16:44:15.375 [info] Review> No matching pull request metadata found locally for current branch main
2023-06-14 16:44:15.375 [info] Review> no matching pull request metadata found for current branch main
2023-06-14 16:44:15.376 [info] Review> No matching pull request metadata found on GitHub for current branch main
2023-06-14 16:44:47.726 [info] Review> Validate state in progress
2023-06-14 16:44:47.726 [info] Review> Validating state...
2023-06-14 16:44:47.872 [info] Found GitHub remote for folder /home/ubuntu
2023-06-14 16:44:48.206 [info] Review> No matching pull request metadata found locally for current branch main
2023-06-14 16:44:48.206 [info] Review> no matching pull request metadata found for current branch main
2023-06-14 16:44:48.206 [info] Review> No matching pull request metadata found on GitHub for current branch main
2023-06-14 16:46:07.046 [info] Review> Validate state in progress
2023-06-14 16:46:07.046 [info] Review> Validating state...
2023-06-14 16:46:07.187 [info] Found GitHub remote for folder /home/ubuntu
2023-06-14 16:46:07.531 [info] Review> No matching pull request metadata found locally for current branch main
2023-06-14 16:46:07.531 [info] Review> no matching pull request metadata found for current branch main
2023-06-14 16:46:07.531 [info] Review> No matching pull request metadata found on GitHub for current branch main
2023-06-14 16:46:40.109 [info] Review> Validate state in progress
2023-06-14 16:46:40.109 [info] Review> Validating state...
2023-06-14 16:46:40.253 [info] Found GitHub remote for folder /home/ubuntu
2023-06-14 16:46:40.701 [info] Review> No matching pull request metadata found locally for current branch main
2023-06-14 16:46:40.701 [info] Review> no matching pull request metadata found for current branch main
2023-06-14 16:46:40.702 [info] Review> No matching pull request metadata found on GitHub for current branch main
2023-06-14 16:47:12.678 [info] Review> Validate state in progress
2023-06-14 16:47:12.678 [info] Review> Validating state...
2023-06-14 16:47:43.395 [info] Review> Queuing additional validate state
2023-06-14 16:47:58.507 [info] Found GitHub remote for folder /home/ubuntu
2023-06-14 16:47:58.911 [info] Review> No matching pull request metadata found locally for current branch main
2023-06-14 16:47:58.911 [info] Review> no matching pull request metadata found for current branch main
2023-06-14 16:47:58.911 [info] Review> No matching pull request metadata found on GitHub for current branch main
2023-06-14 16:48:04.144 [info] Review> Validating state...
2023-06-14 16:48:04.229 [info] Found GitHub remote for folder /home/ubuntu
2023-06-14 16:48:04.552 [info] Review> No matching pull request metadata found locally for current branch main
2023-06-14 16:48:04.552 [info] Review> no matching pull request metadata found for current branch main
2023-06-14 16:48:04.552 [info] Review> No matching pull request metadata found on GitHub for current branch main
2023-06-14 16:48:49.706 [info] Review> Validate state in progress
2023-06-14 16:48:49.706 [info] Review> Validating state...
2023-06-14 16:48:50.199 [info] Found GitHub remote for folder /home/ubuntu
2023-06-14 16:48:50.608 [info] Review> No matching pull request metadata found locally for current branch main
2023-06-14 16:48:50.608 [info] Review> no matching pull request metadata found for current branch main
2023-06-14 16:48:50.609 [info] Review> No matching pull request metadata found on GitHub for current branch main
2023-06-14 16:49:22.977 [info] Review> Validate state in progress
2023-06-14 16:49:22.977 [info] Review> Validating state...
2023-06-14 16:49:23.117 [info] Found GitHub remote for folder /home/ubuntu
2023-06-14 16:49:23.466 [info] Review> No matching pull request metadata found locally for current branch main
2023-06-14 16:49:23.466 [info] Review> no matching pull request metadata found for current branch main
2023-06-14 16:49:23.466 [info] Review> No matching pull request metadata found on GitHub for current branch main
2023-06-14 16:50:24.662 [info] Review> Validate state in progress
2023-06-14 16:50:24.662 [info] Review> Validating state...
2023-06-14 16:50:25.197 [info] Found GitHub remote for folder /home/ubuntu
2023-06-14 16:50:25.608 [info] Review> No matching pull request metadata found locally for current branch main
2023-06-14 16:50:25.608 [info] Review> no matching pull request metadata found for current branch main
2023-06-14 16:50:25.608 [info] Review> No matching pull request metadata found on GitHub for current branch main
2023-06-14 16:50:57.910 [info] Review> Validate state in progress
2023-06-14 16:50:57.910 [info] Review> Validating state...
2023-06-14 16:50:58.051 [info] Found GitHub remote for folder /home/ubuntu
2023-06-14 16:50:58.392 [info] Review> No matching pull request metadata found locally for current branch main
2023-06-14 16:50:58.392 [info] Review> no matching pull request metadata found for current branch main
2023-06-14 16:50:58.392 [info] Review> No matching pull request metadata found on GitHub for current branch main
2023-06-14 16:51:30.572 [info] Review> Validate state in progress
2023-06-14 16:51:30.572 [info] Review> Validating state...
2023-06-14 16:51:30.715 [info] Found GitHub remote for folder /home/ubuntu
2023-06-14 16:51:31.132 [info] Review> No matching pull request metadata found locally for current branch main
2023-06-14 16:51:31.132 [info] Review> no matching pull request metadata found for current branch main
2023-06-14 16:51:31.132 [info] Review> No matching pull request metadata found on GitHub for current branch main
2023-06-14 16:52:08.673 [info] Review> Validate state in progress
2023-06-14 16:52:08.673 [info] Review> Validating state...
2023-06-14 16:52:08.813 [info] Found GitHub remote for folder /home/ubuntu
2023-06-14 16:52:09.138 [info] Review> No matching pull request metadata found locally for current branch main
2023-06-14 16:52:09.138 [info] Review> no matching pull request metadata found for current branch main
2023-06-14 16:52:09.138 [info] Review> No matching pull request metadata found on GitHub for current branch main
2023-06-14 16:52:41.278 [info] Review> Validate state in progress
2023-06-14 16:52:41.278 [info] Review> Validating state...
2023-06-14 16:52:58.204 [info] Found GitHub remote for folder /home/ubuntu
2023-06-14 16:52:58.608 [info] Review> No matching pull request metadata found locally for current branch main
2023-06-14 16:52:58.608 [info] Review> no matching pull request metadata found for current branch main
2023-06-14 16:52:58.608 [info] Review> No matching pull request metadata found on GitHub for current branch main
2023-06-14 16:53:30.959 [info] Review> Queuing additional validate state
2023-06-14 16:54:20.976 [info] Review> Validating state...
2023-06-14 16:54:21.062 [info] Found GitHub remote for folder /home/ubuntu
2023-06-14 16:54:21.399 [info] Review> No matching pull request metadata found locally for current branch main
2023-06-14 16:54:21.399 [info] Review> no matching pull request metadata found for current branch main
2023-06-14 16:54:21.399 [info] Review> No matching pull request metadata found on GitHub for current branch main
2023-06-14 16:56:15.130 [info] Review> Validate state in progress
2023-06-14 16:56:15.130 [info] Review> Validating state...
2023-06-14 16:56:15.270 [info] Found GitHub remote for folder /home/ubuntu
2023-06-14 16:56:15.666 [info] Review> No matching pull request metadata found locally for current branch main
2023-06-14 16:56:15.666 [info] Review> no matching pull request metadata found for current branch main
2023-06-14 16:56:15.666 [info] Review> No matching pull request metadata found on GitHub for current branch main
2023-06-14 16:56:48.022 [info] Review> Validate state in progress
2023-06-14 16:56:48.022 [info] Review> Validating state...
2023-06-14 16:56:58.210 [info] Found GitHub remote for folder /home/ubuntu
2023-06-14 16:56:58.574 [info] Review> No matching pull request metadata found locally for current branch main
2023-06-14 16:56:58.574 [info] Review> no matching pull request metadata found for current branch main
2023-06-14 16:56:58.575 [info] Review> No matching pull request metadata found on GitHub for current branch main
2023-06-14 16:57:30.839 [info] Review> Queuing additional validate state
2023-06-14 16:58:30.909 [info] Review> Queuing additional validate state
2023-06-14 16:59:30.743 [info] Review> Queuing additional validate state
2023-06-14 17:00:30.774 [info] Review> Validate state in progress
2023-06-14 17:00:30.774 [info] Review> Validating state...
2023-06-14 17:00:58.281 [info] Found GitHub remote for folder /home/ubuntu
2023-06-14 17:00:58.282 [info] Review> Validating state...
2023-06-14 17:00:58.682 [info] Review> No matching pull request metadata found locally for current branch main
2023-06-14 17:00:58.682 [info] Review> no matching pull request metadata found for current branch main
2023-06-14 17:00:58.682 [info] Review> No matching pull request metadata found on GitHub for current branch main
2023-06-14 17:01:31.059 [info] Review> Queuing additional validate state
2023-06-14 17:01:58.244 [info] Found GitHub remote for folder /home/ubuntu
2023-06-14 17:01:58.675 [info] Review> No matching pull request metadata found locally for current branch main
2023-06-14 17:01:58.675 [info] Review> no matching pull request metadata found for current branch main
2023-06-14 17:01:58.675 [info] Review> No matching pull request metadata found on GitHub for current branch main
2023-06-14 17:02:30.937 [info] Review> Queuing additional validate state
2023-06-14 17:02:42.733 [info] Review> Validating state...
2023-06-14 17:02:42.956 [info] Found GitHub remote for folder /home/ubuntu
2023-06-14 17:02:42.959 [info] Review> Validating state...
2023-06-14 17:02:43.210 [info] Found GitHub remote for folder /home/ubuntu
2023-06-14 17:02:43.284 [info] Review> No matching pull request metadata found locally for current branch main
2023-06-14 17:02:43.284 [info] Review> no matching pull request metadata found for current branch main
2023-06-14 17:02:43.284 [info] Review> No matching pull request metadata found on GitHub for current branch main
2023-06-14 17:02:43.543 [info] Review> No matching pull request metadata found locally for current branch main
2023-06-14 17:02:43.543 [info] Review> no matching pull request metadata found for current branch main
2023-06-14 17:02:43.543 [info] Review> No matching pull request metadata found on GitHub for current branch main
2023-06-14 17:02:43.774 [info] Review> Validating state...
2023-06-14 17:02:43.862 [info] Found GitHub remote for folder /home/ubuntu
2023-06-14 17:02:43.979 [info] Review> Validating state...
2023-06-14 17:02:44.055 [info] Review> No matching pull request metadata found locally for current branch main
2023-06-14 17:02:44.055 [info] Review> no matching pull request metadata found for current branch main
2023-06-14 17:02:44.055 [info] Review> No matching pull request metadata found on GitHub for current branch main
2023-06-14 17:02:44.072 [info] Found GitHub remote for folder /home/ubuntu
2023-06-14 17:02:44.327 [info] Review> No matching pull request metadata found locally for current branch main
2023-06-14 17:02:44.327 [info] Review> no matching pull request metadata found for current branch main
2023-06-14 17:02:44.327 [info] Review> No matching pull request metadata found on GitHub for current branch main
2023-06-14 17:03:43.213 [info] Review> Validate state in progress
2023-06-14 17:03:43.213 [info] Review> Validating state...
2023-06-14 17:03:43.356 [info] Found GitHub remote for folder /home/ubuntu
2023-06-14 17:03:43.696 [info] Review> No matching pull request metadata found locally for current branch main
2023-06-14 17:03:43.696 [info] Review> no matching pull request metadata found for current branch main
2023-06-14 17:03:43.696 [info] Review> No matching pull request metadata found on GitHub for current branch main
2023-06-14 17:04:16.010 [info] Review> Validate state in progress
2023-06-14 17:04:16.010 [info] Review> Validating state...
2023-06-14 17:04:46.665 [info] Review> Queuing additional validate state
2023-06-14 17:04:58.214 [info] Found GitHub remote for folder /home/ubuntu
2023-06-14 17:04:58.743 [info] Review> No matching pull request metadata found locally for current branch main
2023-06-14 17:04:58.743 [info] Review> no matching pull request metadata found for current branch main
2023-06-14 17:04:58.744 [info] Review> No matching pull request metadata found on GitHub for current branch main
2023-06-14 17:05:30.899 [info] Review> Queuing additional validate state
2023-06-14 17:06:30.849 [info] Review> Queuing additional validate state
2023-06-14 17:07:31.001 [info] Review> Queuing additional validate state
2023-06-14 17:08:42.729 [info] Review> Validate state in progress
2023-06-14 17:08:42.729 [info] Review> Validating state...
2023-06-14 17:08:58.188 [info] Found GitHub remote for folder /home/ubuntu
2023-06-14 17:08:58.188 [info] Review> Validating state...
2023-06-14 17:08:58.561 [info] Review> No matching pull request metadata found locally for current branch main
2023-06-14 17:08:58.561 [info] Review> no matching pull request metadata found for current branch main
2023-06-14 17:08:58.562 [info] Review> No matching pull request metadata found on GitHub for current branch main
2023-06-14 17:09:30.831 [info] Review> Queuing additional validate state
2023-06-14 17:09:58.238 [info] Found GitHub remote for folder /home/ubuntu
2023-06-14 17:09:58.630 [info] Review> No matching pull request metadata found locally for current branch main
2023-06-14 17:09:58.630 [info] Review> no matching pull request metadata found for current branch main
2023-06-14 17:09:58.630 [info] Review> No matching pull request metadata found on GitHub for current branch main
2023-06-14 17:10:30.983 [info] Review> Queuing additional validate state
2023-06-14 17:11:30.690 [info] Review> Queuing additional validate state
2023-06-14 17:12:30.702 [info] Review> Validate state in progress
2023-06-14 17:12:30.702 [info] Review> Validating state...
2023-06-14 17:12:58.270 [info] Found GitHub remote for folder /home/ubuntu
2023-06-14 17:12:58.271 [info] Review> Validating state...
2023-06-14 17:12:58.670 [info] Review> No matching pull request metadata found locally for current branch main
2023-06-14 17:12:58.670 [info] Review> no matching pull request metadata found for current branch main
2023-06-14 17:12:58.670 [info] Review> No matching pull request metadata found on GitHub for current branch main
2023-06-14 17:13:43.079 [info] Review> Validate state in progress
2023-06-14 17:13:43.079 [info] Review> Validating state...
2023-06-14 17:13:58.218 [info] Found GitHub remote for folder /home/ubuntu
2023-06-14 17:13:58.219 [info] Review> Validating state...
2023-06-14 17:13:58.680 [info] Review> No matching pull request metadata found locally for current branch main
2023-06-14 17:13:58.680 [info] Review> no matching pull request metadata found for current branch main
2023-06-14 17:13:58.680 [info] Review> No matching pull request metadata found on GitHub for current branch main
2023-06-14 17:14:30.918 [info] Review> Queuing additional validate state
2023-06-14 17:14:58.249 [info] Found GitHub remote for folder /home/ubuntu
2023-06-14 17:14:58.250 [info] Found GitHub remote for folder /home/ubuntu
2023-06-14 17:14:58.520 [info] Review> No matching pull request metadata found locally for current branch main
2023-06-14 17:14:58.520 [info] Review> no matching pull request metadata found for current branch main
2023-06-14 17:14:58.520 [info] Review> No matching pull request metadata found on GitHub for current branch main
2023-06-14 17:14:58.689 [info] Review> No matching pull request metadata found locally for current branch main
2023-06-14 17:14:58.689 [info] Review> no matching pull request metadata found for current branch main
2023-06-14 17:14:58.689 [info] Review> No matching pull request metadata found on GitHub for current branch main
2023-06-14 17:15:30.995 [info] Review> Queuing additional validate state
2023-06-14 17:16:30.927 [info] Review> Validate state in progress
2023-06-14 17:16:30.927 [info] Review> Validating state...
2023-06-14 17:16:36.360 [info] Found GitHub remote for folder /home/ubuntu
2023-06-14 17:16:36.812 [info] Review> Validating state...
2023-06-14 17:16:36.886 [info] Review> No matching pull request metadata found locally for current branch main
2023-06-14 17:16:36.887 [info] Review> no matching pull request metadata found for current branch main
2023-06-14 17:16:36.887 [info] Review> No matching pull request metadata found on GitHub for current branch main
2023-06-14 17:16:36.922 [info] Found GitHub remote for folder /home/ubuntu
2023-06-14 17:16:36.923 [info] Review> Validating state...
2023-06-14 17:16:36.923 [info] Review> Validating state...
2023-06-14 17:16:37.113 [info] Found GitHub remote for folder /home/ubuntu
2023-06-14 17:16:37.114 [info] Found GitHub remote for folder /home/ubuntu
2023-06-14 17:16:37.229 [info] Review> No matching pull request metadata found locally for current branch main
2023-06-14 17:16:37.229 [info] Review> no matching pull request metadata found for current branch main
2023-06-14 17:16:37.229 [info] Review> No matching pull request metadata found on GitHub for current branch main
2023-06-14 17:16:37.260 [info] Review> No matching pull request metadata found locally for current branch main
2023-06-14 17:16:37.260 [info] Review> no matching pull request metadata found for current branch main
2023-06-14 17:16:37.261 [info] Review> No matching pull request metadata found on GitHub for current branch main
2023-06-14 17:16:37.448 [info] Review> No matching pull request metadata found locally for current branch main
2023-06-14 17:16:37.448 [info] Review> no matching pull request metadata found for current branch main
2023-06-14 17:16:37.448 [info] Review> No matching pull request metadata found on GitHub for current branch main
2023-06-14 17:16:37.587 [info] Review> Validating state...
2023-06-14 17:16:37.640 [info] Review> Validating state...
2023-06-14 17:16:37.673 [info] Found GitHub remote for folder /home/ubuntu
2023-06-14 17:16:37.935 [info] Found GitHub remote for folder /home/ubuntu
2023-06-14 17:16:37.962 [info] Review> Validating state...
2023-06-14 17:16:38.012 [info] Review> No matching pull request metadata found locally for current branch main
2023-06-14 17:16:38.012 [info] Review> no matching pull request metadata found for current branch main
2023-06-14 17:16:38.012 [info] Review> No matching pull request metadata found on GitHub for current branch main
2023-06-14 17:16:38.235 [info] Found GitHub remote for folder /home/ubuntu
2023-06-14 17:16:38.265 [info] Review> No matching pull request metadata found locally for current branch main
2023-06-14 17:16:38.265 [info] Review> no matching pull request metadata found for current branch main
2023-06-14 17:16:38.265 [info] Review> No matching pull request metadata found on GitHub for current branch main
2023-06-14 17:16:38.383 [info] Review> No matching pull request metadata found locally for current branch main
2023-06-14 17:16:38.383 [info] Review> no matching pull request metadata found for current branch main
2023-06-14 17:16:38.383 [info] Review> No matching pull request metadata found on GitHub for current branch main
2023-06-14 17:17:09.228 [info] Review> Validate state in progress
2023-06-14 17:17:09.228 [info] Review> Validating state...
2023-06-14 17:17:10.172 [info] Found GitHub remote for folder /home/ubuntu
2023-06-14 17:17:10.539 [info] Review> No matching pull request metadata found locally for current branch main
2023-06-14 17:17:10.539 [info] Review> no matching pull request metadata found for current branch main
2023-06-14 17:17:10.539 [info] Review> No matching pull request metadata found on GitHub for current branch main
2023-06-14 17:17:42.695 [info] Review> Validate state in progress
2023-06-14 17:17:42.695 [info] Review> Validating state...
2023-06-14 17:17:42.836 [info] Found GitHub remote for folder /home/ubuntu
2023-06-14 17:17:43.179 [info] Review> No matching pull request metadata found locally for current branch main
2023-06-14 17:17:43.179 [info] Review> no matching pull request metadata found for current branch main
2023-06-14 17:17:43.179 [info] Review> No matching pull request metadata found on GitHub for current branch main
2023-06-14 17:18:43.245 [info] Review> Validate state in progress
2023-06-14 17:18:43.245 [info] Review> Validating state...
2023-06-14 17:18:58.239 [info] Found GitHub remote for folder /home/ubuntu
2023-06-14 17:18:58.614 [info] Review> No matching pull request metadata found locally for current branch main
2023-06-14 17:18:58.614 [info] Review> no matching pull request metadata found for current branch main
2023-06-14 17:18:58.614 [info] Review> No matching pull request metadata found on GitHub for current branch main
