2023-06-10 13:49:27.850 [warning] /home/ubuntu/.ssh/config: ENOENT: no such file or directory, open '/home/ubuntu/.ssh/config'
2023-06-10 13:49:42.397 [info] Looking for git repository
2023-06-10 13:49:42.397 [info] Found 0 repositories during activation
2023-06-10 13:49:42.397 [info] Git repository found, initializing review manager and pr tree view.
2023-06-10 13:49:42.428 [info] Registering git provider
2023-06-10 13:49:42.428 [info] Review> Validate state in progress
2023-06-10 13:49:42.428 [info] Review> Validating state...
2023-06-10 13:49:42.567 [info] Repo state for file:///home/ubuntu changed.
2023-06-10 13:49:42.567 [info] Repo file:///home/ubuntu has already been setup.
2023-06-10 13:49:42.641 [info] Found GitHub remote for folder /home/ubuntu
2023-06-10 13:49:44.522 [info] Review> No matching pull request metadata found locally for current branch main
2023-06-10 13:49:44.522 [info] Review> no matching pull request metadata found for current branch main
2023-06-10 13:49:44.522 [info] Review> No matching pull request metadata found on GitHub for current branch main
2023-06-10 13:50:48.996 [info] Review> Validate state in progress
2023-06-10 13:50:48.996 [info] Review> Validating state...
2023-06-10 13:50:52.690 [info] Found GitHub remote for folder /home/ubuntu
2023-06-10 13:50:53.024 [info] Review> No matching pull request metadata found locally for current branch main
2023-06-10 13:50:53.024 [info] Review> no matching pull request metadata found for current branch main
2023-06-10 13:50:53.024 [info] Review> No matching pull request metadata found on GitHub for current branch main
2023-06-10 13:51:37.612 [info] Review> Validate state in progress
2023-06-10 13:51:37.612 [info] Review> Validating state...
2023-06-10 13:51:38.311 [info] Found GitHub remote for folder /home/ubuntu
2023-06-10 13:51:38.588 [info] Review> No matching pull request metadata found locally for current branch main
2023-06-10 13:51:38.588 [info] Review> no matching pull request metadata found for current branch main
2023-06-10 13:51:38.588 [info] Review> No matching pull request metadata found on GitHub for current branch main
2023-06-10 13:52:10.802 [info] Review> Validate state in progress
2023-06-10 13:52:10.802 [info] Review> Validating state...
2023-06-10 13:52:11.070 [info] Found GitHub remote for folder /home/ubuntu
2023-06-10 13:52:11.340 [info] Review> No matching pull request metadata found locally for current branch main
2023-06-10 13:52:11.340 [info] Review> no matching pull request metadata found for current branch main
2023-06-10 13:52:11.340 [info] Review> No matching pull request metadata found on GitHub for current branch main
2023-06-10 13:53:33.165 [info] Review> Validate state in progress
2023-06-10 13:53:33.165 [info] Review> Validating state...
2023-06-10 13:53:33.414 [info] Found GitHub remote for folder /home/ubuntu
2023-06-10 13:53:33.731 [info] Review> No matching pull request metadata found locally for current branch main
2023-06-10 13:53:33.731 [info] Review> no matching pull request metadata found for current branch main
2023-06-10 13:53:33.732 [info] Review> No matching pull request metadata found on GitHub for current branch main
2023-06-10 13:56:23.718 [info] Review> Validate state in progress
2023-06-10 13:56:23.718 [info] Review> Validating state...
2023-06-10 13:56:23.971 [info] Found GitHub remote for folder /home/ubuntu
2023-06-10 13:56:24.245 [info] Review> No matching pull request metadata found locally for current branch main
2023-06-10 13:56:24.246 [info] Review> no matching pull request metadata found for current branch main
2023-06-10 13:56:24.246 [info] Review> No matching pull request metadata found on GitHub for current branch main
